01/28/15::16:05:28: scuff-cas3D running on barley03.stanford.edu 
01/28/15::16:05:28: Setting material properties of exterior region to VACUUM. 
01/28/15::16:05:28: Flipped 514 panel normals to comport with region definitions. 
01/28/15::16:05:28: Computing full zero-temperature Casimir quantities. 
01/28/15::16:05:28: Read 1 geometrical transformations from file Bead_L-0.199526.trans. 
01/28/15::16:05:29: Minimum distance between surface points=2.995260e-01 
01/28/15::16:05:29: Computing Casimir integrand at Xi=0.001
 
01/28/15::16:05:29: Assembling T1 at Xi=1.000000e-03... 
01/28/15::16:05:29: Assembling BEM matrix block (0,0) 
01/28/15::16:06:17: Assembling T2 at Xi=1.000000e-03... 
01/28/15::16:06:17: Assembling BEM matrix block (1,1) 
01/28/15::16:58:08: LU-factorizing T1 at Xi=0.001... 
01/28/15::16:58:08: LU-factorizing T2 at Xi=0.001... 
01/28/15::16:58:38: Applying transform 0.199526... 
01/28/15::16:58:38:  Assembling U(0,1) 
01/28/15::16:58:38: Assembling BEM matrix block (0,1) 
01/28/15::17:06:44:   Computing ZForce... 
01/28/15::17:06:55: Computing Casimir integrand at Xi=0.293128
 
01/28/15::17:06:55: Assembling T1 at Xi=2.931282e-01... 
01/28/15::17:06:55: Assembling BEM matrix block (0,0) 
01/28/15::17:07:05: Assembling T2 at Xi=2.931282e-01... 
01/28/15::17:07:05: Assembling BEM matrix block (1,1) 
01/28/15::17:53:22: LU-factorizing T1 at Xi=0.293128... 
01/28/15::17:53:22: LU-factorizing T2 at Xi=0.293128... 
01/28/15::17:53:52: Applying transform 0.199526... 
01/28/15::17:53:52:  Assembling U(0,1) 
01/28/15::17:53:52: Assembling BEM matrix block (0,1) 
01/28/15::18:01:28:   Computing ZForce... 
01/28/15::18:01:39: Computing Casimir integrand at Xi=0.585256
 
01/28/15::18:01:39: Assembling T1 at Xi=5.852565e-01... 
01/28/15::18:01:39: Assembling BEM matrix block (0,0) 
01/28/15::18:01:50: Assembling T2 at Xi=5.852565e-01... 
01/28/15::18:01:50: Assembling BEM matrix block (1,1) 
01/28/15::18:48:53: LU-factorizing T1 at Xi=0.585256... 
01/28/15::18:48:53: LU-factorizing T2 at Xi=0.585256... 
01/28/15::18:49:23: Applying transform 0.199526... 
01/28/15::18:49:23:  Assembling U(0,1) 
01/28/15::18:49:23: Assembling BEM matrix block (0,1) 
01/28/15::18:57:01:   Computing ZForce... 
01/28/15::18:57:12: Computing Casimir integrand at Xi=1.16951
 
01/28/15::18:57:12: Assembling T1 at Xi=1.169513e+00... 
01/28/15::18:57:12: Assembling BEM matrix block (0,0) 
01/28/15::18:57:43: Assembling T2 at Xi=1.169513e+00... 
01/28/15::18:57:43: Assembling BEM matrix block (1,1) 
01/28/15::20:20:41: LU-factorizing T1 at Xi=1.16951... 
01/28/15::20:20:41: LU-factorizing T2 at Xi=1.16951... 
01/28/15::20:21:10: Applying transform 0.199526... 
01/28/15::20:21:10:  Assembling U(0,1) 
01/28/15::20:21:10: Assembling BEM matrix block (0,1) 
01/28/15::20:28:40:   Computing ZForce... 
01/28/15::20:28:51: Computing Casimir integrand at Xi=1.75377
 
01/28/15::20:28:51: Assembling T1 at Xi=1.753769e+00... 
01/28/15::20:28:51: Assembling BEM matrix block (0,0) 
01/28/15::20:32:38: Assembling T2 at Xi=1.753769e+00... 
01/28/15::20:32:38: Assembling BEM matrix block (1,1) 
01/28/15::21:59:42: LU-factorizing T1 at Xi=1.75377... 
01/28/15::21:59:42: LU-factorizing T2 at Xi=1.75377... 
01/28/15::22:00:11: Applying transform 0.199526... 
01/28/15::22:00:11:  Assembling U(0,1) 
01/28/15::22:00:11: Assembling BEM matrix block (0,1) 
01/28/15::22:07:37:   Computing ZForce... 
01/28/15::22:07:48: Computing Casimir integrand at Xi=0.877385
 
01/28/15::22:07:48: Assembling T1 at Xi=8.773847e-01... 
01/28/15::22:07:48: Assembling BEM matrix block (0,0) 
01/28/15::22:08:00: Assembling T2 at Xi=8.773847e-01... 
01/28/15::22:08:00: Assembling BEM matrix block (1,1) 
01/28/15::22:55:09: LU-factorizing T1 at Xi=0.877385... 
01/28/15::22:55:09: LU-factorizing T2 at Xi=0.877385... 
01/28/15::22:55:38: Applying transform 0.199526... 
01/28/15::22:55:38:  Assembling U(0,1) 
01/28/15::22:55:38: Assembling BEM matrix block (0,1) 
01/28/15::23:03:16:   Computing ZForce... 
01/28/15::23:03:27: Computing Casimir integrand at Xi=1.46164
 
01/28/15::23:03:27: Assembling T1 at Xi=1.461641e+00... 
01/28/15::23:03:27: Assembling BEM matrix block (0,0) 
01/28/15::23:05:56: Assembling T2 at Xi=1.461641e+00... 
01/28/15::23:05:56: Assembling BEM matrix block (1,1) 
01/29/15::00:29:42: LU-factorizing T1 at Xi=1.46164... 
01/29/15::00:29:42: LU-factorizing T2 at Xi=1.46164... 
01/29/15::00:30:12: Applying transform 0.199526... 
01/29/15::00:30:12:  Assembling U(0,1) 
01/29/15::00:30:12: Assembling BEM matrix block (0,1) 
01/29/15::00:37:41:   Computing ZForce... 
01/29/15::00:37:52: Computing Casimir integrand at Xi=1.75377
 
01/29/15::00:37:52: Assembling T1 at Xi=1.753769e+00... 
01/29/15::00:37:52: Assembling BEM matrix block (0,0) 
01/29/15::00:41:40: Assembling T2 at Xi=1.753769e+00... 
01/29/15::00:41:40: Assembling BEM matrix block (1,1) 
01/29/15::02:08:15: LU-factorizing T1 at Xi=1.75377... 
01/29/15::02:08:15: LU-factorizing T2 at Xi=1.75377... 
01/29/15::02:08:43: Applying transform 0.199526... 
01/29/15::02:08:43:  Assembling U(0,1) 
01/29/15::02:08:43: Assembling BEM matrix block (0,1) 
01/29/15::02:16:10:   Computing ZForce... 
01/29/15::02:16:21: Computing Casimir integrand at Xi=1.31558
 
01/29/15::02:16:21: Assembling T1 at Xi=1.315577e+00... 
01/29/15::02:16:21: Assembling BEM matrix block (0,0) 
01/29/15::02:17:40: Assembling T2 at Xi=1.315577e+00... 
01/29/15::02:17:40: Assembling BEM matrix block (1,1) 
01/29/15::03:41:00: LU-factorizing T1 at Xi=1.31558... 
01/29/15::03:41:00: LU-factorizing T2 at Xi=1.31558... 
01/29/15::03:41:29: Applying transform 0.199526... 
01/29/15::03:41:29:  Assembling U(0,1) 
01/29/15::03:41:29: Assembling BEM matrix block (0,1) 
01/29/15::03:48:59:   Computing ZForce... 
01/29/15::03:49:09: Computing Casimir integrand at Xi=1.60771
 
01/29/15::03:49:09: Assembling T1 at Xi=1.607705e+00... 
01/29/15::03:49:09: Assembling BEM matrix block (0,0) 
01/29/15::03:52:26: Assembling T2 at Xi=1.607705e+00... 
01/29/15::03:52:26: Assembling BEM matrix block (1,1) 
01/29/15::05:17:39: LU-factorizing T1 at Xi=1.60771... 
01/29/15::05:17:39: LU-factorizing T2 at Xi=1.60771... 
01/29/15::05:18:08: Applying transform 0.199526... 
01/29/15::05:18:08:  Assembling U(0,1) 
01/29/15::05:18:08: Assembling BEM matrix block (0,1) 
01/29/15::05:25:37:   Computing ZForce... 
01/29/15::05:25:48: Computing Casimir integrand at Xi=1.75377
 
01/29/15::05:25:48: Assembling T1 at Xi=1.753769e+00... 
01/29/15::05:25:48: Assembling BEM matrix block (0,0) 
01/29/15::05:29:35: Assembling T2 at Xi=1.753769e+00... 
01/29/15::05:29:35: Assembling BEM matrix block (1,1) 
01/29/15::06:56:08: LU-factorizing T1 at Xi=1.75377... 
01/29/15::06:56:08: LU-factorizing T2 at Xi=1.75377... 
01/29/15::06:56:37: Applying transform 0.199526... 
01/29/15::06:56:38:  Assembling U(0,1) 
01/29/15::06:56:38: Assembling BEM matrix block (0,1) 
01/29/15::07:04:05:   Computing ZForce... 
01/29/15::07:04:16: Computing Casimir integrand at Xi=1.53467
 
01/29/15::07:04:16: Assembling T1 at Xi=1.534673e+00... 
01/29/15::07:04:16: Assembling BEM matrix block (0,0) 
01/29/15::07:07:10: Assembling T2 at Xi=1.534673e+00... 
01/29/15::07:07:10: Assembling BEM matrix block (1,1) 
01/29/15::08:31:56: LU-factorizing T1 at Xi=1.53467... 
01/29/15::08:31:56: LU-factorizing T2 at Xi=1.53467... 
01/29/15::08:32:25: Applying transform 0.199526... 
01/29/15::08:32:25:  Assembling U(0,1) 
01/29/15::08:32:25: Assembling BEM matrix block (0,1) 
01/29/15::08:39:54:   Computing ZForce... 
01/29/15::08:40:05: Computing Casimir integrand at Xi=1.75377
 
01/29/15::08:40:05: Assembling T1 at Xi=1.753769e+00... 
01/29/15::08:40:05: Assembling BEM matrix block (0,0) 
01/29/15::08:43:53: Assembling T2 at Xi=1.753769e+00... 
01/29/15::08:43:53: Assembling BEM matrix block (1,1) 
01/29/15::10:10:57: LU-factorizing T1 at Xi=1.75377... 
01/29/15::10:10:57: LU-factorizing T2 at Xi=1.75377... 
01/29/15::10:11:26: Applying transform 0.199526... 
01/29/15::10:11:26:  Assembling U(0,1) 
01/29/15::10:11:26: Assembling BEM matrix block (0,1) 
01/29/15::10:18:52:   Computing ZForce... 
01/29/15::10:19:03: Computing Casimir integrand at Xi=1.89983
 
01/29/15::10:19:03: Assembling T1 at Xi=1.899833e+00... 
01/29/15::10:19:03: Assembling BEM matrix block (0,0) 
01/29/15::10:22:58: Assembling T2 at Xi=1.899833e+00... 
01/29/15::10:22:58: Assembling BEM matrix block (1,1) 
01/29/15::11:49:55: LU-factorizing T1 at Xi=1.89983... 
01/29/15::11:49:55: LU-factorizing T2 at Xi=1.89983... 
01/29/15::11:50:24: Applying transform 0.199526... 
01/29/15::11:50:24:  Assembling U(0,1) 
01/29/15::11:50:24: Assembling BEM matrix block (0,1) 
01/29/15::11:57:50:   Computing ZForce... 
01/29/15::11:58:01: Computing Casimir integrand at Xi=1.68074
 
01/29/15::11:58:01: Assembling T1 at Xi=1.680737e+00... 
01/29/15::11:58:01: Assembling BEM matrix block (0,0) 
01/29/15::12:01:37: Assembling T2 at Xi=1.680737e+00... 
01/29/15::12:01:37: Assembling BEM matrix block (1,1) 
01/29/15::13:27:40: LU-factorizing T1 at Xi=1.68074... 
01/29/15::13:27:40: LU-factorizing T2 at Xi=1.68074... 
01/29/15::13:28:09: Applying transform 0.199526... 
01/29/15::13:28:09:  Assembling U(0,1) 
01/29/15::13:28:09: Assembling BEM matrix block (0,1) 
01/29/15::13:35:35:   Computing ZForce... 
01/29/15::13:35:46: Computing Casimir integrand at Xi=1.64422
 
01/29/15::13:35:46: Assembling T1 at Xi=1.644221e+00... 
01/29/15::13:35:46: Assembling BEM matrix block (0,0) 
01/29/15::13:39:12: Assembling T2 at Xi=1.644221e+00... 
01/29/15::13:39:12: Assembling BEM matrix block (1,1) 
01/29/15::15:05:01: LU-factorizing T1 at Xi=1.64422... 
01/29/15::15:05:01: LU-factorizing T2 at Xi=1.64422... 
01/29/15::15:05:30: Applying transform 0.199526... 
01/29/15::15:05:30:  Assembling U(0,1) 
01/29/15::15:05:30: Assembling BEM matrix block (0,1) 
01/29/15::15:12:57:   Computing ZForce... 
01/29/15::15:13:08: Computing Casimir integrand at Xi=1.75377
 
01/29/15::15:13:08: Assembling T1 at Xi=1.753769e+00... 
01/29/15::15:13:08: Assembling BEM matrix block (0,0) 
01/29/15::15:16:56: Assembling T2 at Xi=1.753769e+00... 
01/29/15::15:16:56: Assembling BEM matrix block (1,1) 
01/29/15::16:44:14: LU-factorizing T1 at Xi=1.75377... 
01/29/15::16:44:14: LU-factorizing T2 at Xi=1.75377... 
01/29/15::16:44:43: Applying transform 0.199526... 
01/29/15::16:44:43:  Assembling U(0,1) 
01/29/15::16:44:43: Assembling BEM matrix block (0,1) 
01/29/15::16:52:08:   Computing ZForce... 
01/29/15::16:52:19: Computing Casimir integrand at Xi=1.8268
 
01/29/15::16:52:19: Assembling T1 at Xi=1.826801e+00... 
01/29/15::16:52:19: Assembling BEM matrix block (0,0) 
01/29/15::16:56:12: Assembling T2 at Xi=1.826801e+00... 
01/29/15::16:56:12: Assembling BEM matrix block (1,1) 
01/29/15::18:23:02: LU-factorizing T1 at Xi=1.8268... 
01/29/15::18:23:02: LU-factorizing T2 at Xi=1.8268... 
01/29/15::18:23:30: Applying transform 0.199526... 
01/29/15::18:23:30:  Assembling U(0,1) 
01/29/15::18:23:30: Assembling BEM matrix block (0,1) 
01/29/15::18:30:56:   Computing ZForce... 
01/29/15::18:31:06: Computing Casimir integrand at Xi=1.71725
 
01/29/15::18:31:06: Assembling T1 at Xi=1.717253e+00... 
01/29/15::18:31:06: Assembling BEM matrix block (0,0) 
01/29/15::18:34:52: Assembling T2 at Xi=1.717253e+00... 
01/29/15::18:34:52: Assembling BEM matrix block (1,1) 
01/29/15::20:01:24: LU-factorizing T1 at Xi=1.71725... 
01/29/15::20:01:24: LU-factorizing T2 at Xi=1.71725... 
01/29/15::20:01:52: Applying transform 0.199526... 
01/29/15::20:01:52:  Assembling U(0,1) 
01/29/15::20:01:52: Assembling BEM matrix block (0,1) 
01/29/15::20:09:15:   Computing ZForce... 
01/29/15::20:09:25: Computing Casimir integrand at Xi=1.699
 
01/29/15::20:09:25: Assembling T1 at Xi=1.698995e+00... 
01/29/15::20:09:25: Assembling BEM matrix block (0,0) 
01/29/15::20:13:09: Assembling T2 at Xi=1.698995e+00... 
01/29/15::20:13:09: Assembling BEM matrix block (1,1) 
01/29/15::21:39:35: LU-factorizing T1 at Xi=1.699... 
01/29/15::21:39:35: LU-factorizing T2 at Xi=1.699... 
01/29/15::21:40:03: Applying transform 0.199526... 
01/29/15::21:40:03:  Assembling U(0,1) 
01/29/15::21:40:03: Assembling BEM matrix block (0,1) 
01/29/15::21:47:26:   Computing ZForce... 
01/29/15::21:47:37: Computing Casimir integrand at Xi=1.68987
 
01/29/15::21:47:37: Assembling T1 at Xi=1.689866e+00... 
01/29/15::21:47:37: Assembling BEM matrix block (0,0) 
01/29/15::21:51:19: Assembling T2 at Xi=1.689866e+00... 
01/29/15::21:51:19: Assembling BEM matrix block (1,1) 
01/29/15::23:17:52: LU-factorizing T1 at Xi=1.68987... 
01/29/15::23:17:52: LU-factorizing T2 at Xi=1.68987... 
01/29/15::23:18:20: Applying transform 0.199526... 
01/29/15::23:18:20:  Assembling U(0,1) 
01/29/15::23:18:20: Assembling BEM matrix block (0,1) 
01/29/15::23:25:44:   Computing ZForce... 
01/29/15::23:25:54: Computing Casimir integrand at Xi=1.71725
 
01/29/15::23:25:54: Assembling T1 at Xi=1.717253e+00... 
01/29/15::23:25:54: Assembling BEM matrix block (0,0) 
01/29/15::23:29:41: Assembling T2 at Xi=1.717253e+00... 
01/29/15::23:29:41: Assembling BEM matrix block (1,1) 
01/30/15::00:56:20: LU-factorizing T1 at Xi=1.71725... 
01/30/15::00:56:20: LU-factorizing T2 at Xi=1.71725... 
01/30/15::00:56:48: Applying transform 0.199526... 
01/30/15::00:56:48:  Assembling U(0,1) 
01/30/15::00:56:48: Assembling BEM matrix block (0,1) 
01/30/15::01:04:11:   Computing ZForce... 
01/30/15::01:04:21: Computing Casimir integrand at Xi=1.73551
 
01/30/15::01:04:21: Assembling T1 at Xi=1.735511e+00... 
01/30/15::01:04:21: Assembling BEM matrix block (0,0) 
01/30/15::01:08:10: Assembling T2 at Xi=1.735511e+00... 
01/30/15::01:08:10: Assembling BEM matrix block (1,1) 
01/30/15::02:35:02: LU-factorizing T1 at Xi=1.73551... 
01/30/15::02:35:02: LU-factorizing T2 at Xi=1.73551... 
01/30/15::02:35:30: Applying transform 0.199526... 
01/30/15::02:35:30:  Assembling U(0,1) 
01/30/15::02:35:30: Assembling BEM matrix block (0,1) 
01/30/15::02:42:52:   Computing ZForce... 
01/30/15::02:43:02: Computing Casimir integrand at Xi=1.70812
 
01/30/15::02:43:02: Assembling T1 at Xi=1.708124e+00... 
01/30/15::02:43:02: Assembling BEM matrix block (0,0) 
01/30/15::02:46:47: Assembling T2 at Xi=1.708124e+00... 
01/30/15::02:46:47: Assembling BEM matrix block (1,1) 
01/30/15::04:13:27: LU-factorizing T1 at Xi=1.70812... 
01/30/15::04:13:27: LU-factorizing T2 at Xi=1.70812... 
01/30/15::04:13:55: Applying transform 0.199526... 
01/30/15::04:13:55:  Assembling U(0,1) 
01/30/15::04:13:55: Assembling BEM matrix block (0,1) 
01/30/15::04:21:18:   Computing ZForce... 
01/30/15::04:21:28: Computing Casimir integrand at Xi=1.70356
 
01/30/15::04:21:28: Assembling T1 at Xi=1.703560e+00... 
01/30/15::04:21:28: Assembling BEM matrix block (0,0) 
01/30/15::04:25:14: Assembling T2 at Xi=1.703560e+00... 
01/30/15::04:25:14: Assembling BEM matrix block (1,1) 
01/30/15::05:52:02: LU-factorizing T1 at Xi=1.70356... 
01/30/15::05:52:03: LU-factorizing T2 at Xi=1.70356... 
01/30/15::05:52:31: Applying transform 0.199526... 
01/30/15::05:52:31:  Assembling U(0,1) 
01/30/15::05:52:31: Assembling BEM matrix block (0,1) 
01/30/15::05:59:53:   Computing ZForce... 
01/30/15::06:00:04: Computing Casimir integrand at Xi=1.70128
 
01/30/15::06:00:04: Assembling T1 at Xi=1.701278e+00... 
01/30/15::06:00:04: Assembling BEM matrix block (0,0) 
01/30/15::06:03:48: Assembling T2 at Xi=1.701278e+00... 
01/30/15::06:03:48: Assembling BEM matrix block (1,1) 
01/30/15::07:30:17: LU-factorizing T1 at Xi=1.70128... 
01/30/15::07:30:17: LU-factorizing T2 at Xi=1.70128... 
01/30/15::07:30:46: Applying transform 0.199526... 
01/30/15::07:30:46:  Assembling U(0,1) 
01/30/15::07:30:46: Assembling BEM matrix block (0,1) 
01/30/15::07:38:09:   Computing ZForce... 
01/30/15::07:38:19: Computing Casimir integrand at Xi=1.70812
 
01/30/15::07:38:19: Assembling T1 at Xi=1.708124e+00... 
01/30/15::07:38:19: Assembling BEM matrix block (0,0) 
01/30/15::07:42:05: Assembling T2 at Xi=1.708124e+00... 
01/30/15::07:42:05: Assembling BEM matrix block (1,1) 
01/30/15::09:08:41: LU-factorizing T1 at Xi=1.70812... 
01/30/15::09:08:41: LU-factorizing T2 at Xi=1.70812... 
01/30/15::09:09:09: Applying transform 0.199526... 
01/30/15::09:09:09:  Assembling U(0,1) 
01/30/15::09:09:09: Assembling BEM matrix block (0,1) 
01/30/15::09:16:32:   Computing ZForce... 
01/30/15::09:16:43: Computing Casimir integrand at Xi=1.71269
 
01/30/15::09:16:43: Assembling T1 at Xi=1.712689e+00... 
01/30/15::09:16:43: Assembling BEM matrix block (0,0) 
01/30/15::09:20:29: Assembling T2 at Xi=1.712689e+00... 
01/30/15::09:20:29: Assembling BEM matrix block (1,1) 
01/30/15::10:47:01: LU-factorizing T1 at Xi=1.71269... 
01/30/15::10:47:01: LU-factorizing T2 at Xi=1.71269... 
01/30/15::10:47:29: Applying transform 0.199526... 
01/30/15::10:47:29:  Assembling U(0,1) 
01/30/15::10:47:29: Assembling BEM matrix block (0,1) 
01/30/15::10:54:51:   Computing ZForce... 
01/30/15::10:55:02: Computing Casimir integrand at Xi=1.70584
 
01/30/15::10:55:02: Assembling T1 at Xi=1.705842e+00... 
01/30/15::10:55:02: Assembling BEM matrix block (0,0) 
01/30/15::10:58:47: Assembling T2 at Xi=1.705842e+00... 
01/30/15::10:58:47: Assembling BEM matrix block (1,1) 
01/30/15::12:25:33: LU-factorizing T1 at Xi=1.70584... 
01/30/15::12:25:33: LU-factorizing T2 at Xi=1.70584... 
01/30/15::12:26:01: Applying transform 0.199526... 
01/30/15::12:26:01:  Assembling U(0,1) 
01/30/15::12:26:01: Assembling BEM matrix block (0,1) 
01/30/15::12:33:24:   Computing ZForce... 
01/30/15::12:33:35: Computing Casimir integrand at Xi=1.7047
 
01/30/15::12:33:35: Assembling T1 at Xi=1.704701e+00... 
01/30/15::12:33:35: Assembling BEM matrix block (0,0) 
01/30/15::12:37:20: Assembling T2 at Xi=1.704701e+00... 
01/30/15::12:37:20: Assembling BEM matrix block (1,1) 
01/30/15::14:04:03: LU-factorizing T1 at Xi=1.7047... 
01/30/15::14:04:03: LU-factorizing T2 at Xi=1.7047... 
01/30/15::14:04:32: Applying transform 0.199526... 
01/30/15::14:04:32:  Assembling U(0,1) 
01/30/15::14:04:32: Assembling BEM matrix block (0,1) 
01/30/15::14:11:57:   Computing ZForce... 
01/30/15::14:12:07: Computing Casimir integrand at Xi=1.70812
 
01/30/15::14:12:07: Assembling T1 at Xi=1.708124e+00... 
01/30/15::14:12:07: Assembling BEM matrix block (0,0) 
01/30/15::14:15:53: Assembling T2 at Xi=1.708124e+00... 
01/30/15::14:15:53: Assembling BEM matrix block (1,1) 
01/30/15::15:42:37: LU-factorizing T1 at Xi=1.70812... 
01/30/15::15:42:37: LU-factorizing T2 at Xi=1.70812... 
01/30/15::15:43:05: Applying transform 0.199526... 
01/30/15::15:43:05:  Assembling U(0,1) 
01/30/15::15:43:05: Assembling BEM matrix block (0,1) 
01/30/15::15:50:28:   Computing ZForce... 
01/30/15::15:50:39: Computing Casimir integrand at Xi=1.71041
 
01/30/15::15:50:39: Assembling T1 at Xi=1.710407e+00... 
01/30/15::15:50:39: Assembling BEM matrix block (0,0) 
01/30/15::15:54:24: Assembling T2 at Xi=1.710407e+00... 
01/30/15::15:54:24: Assembling BEM matrix block (1,1) 
