03/23/15::08:10:48: scuff-cas3D running on hequ0007 
03/23/15::08:10:48: Setting material properties of exterior region to VACUUM. 
03/23/15::08:10:48: Flipped 1740 panel normals to comport with region definitions. 
03/23/15::08:10:48: Computing full Matsubara-summed Casimir quantities at T=3.000000e+02 Kelvin. 
03/23/15::08:10:48: Read 1 geometrical transformations from file RatioBeadCubePEC_L-30.0_grid-0.5_T-300.trans. 
03/23/15::08:10:48: Beginning Matsubara sum at T=300 kelvin... 
03/23/15::08:10:48: Computing Casimir integrand at Xi=0.001
 
03/23/15::08:10:48: Assembling T1 at Xi=1.000000e-03... 
03/23/15::08:10:48: Assembling BEM matrix block (0,0) 
03/23/15::08:11:37: Assembling T2 at Xi=1.000000e-03... 
03/23/15::08:11:37: Assembling BEM matrix block (1,1) 
03/23/15::08:22:39: LU-factorizing T1 at Xi=0.001... 
03/23/15::08:22:39: LU-factorizing T2 at Xi=0.001... 
03/23/15::08:22:56: Applying transform 0... 
03/23/15::08:22:56:  Assembling U(0,1) 
03/23/15::08:22:56: Assembling BEM matrix block (0,1) 
03/23/15::08:24:36:   Computing ZForce... 
03/23/15::08:24:43: Computing Casimir integrand at Xi=0.823279
 
03/23/15::08:24:43: Assembling T1 at Xi=8.232789e-01... 
03/23/15::08:24:43: Assembling BEM matrix block (0,0) 
03/23/15::08:24:50: Assembling T2 at Xi=8.232789e-01... 
03/23/15::08:24:50: Assembling BEM matrix block (1,1) 
03/23/15::08:34:39: LU-factorizing T1 at Xi=0.823279... 
03/23/15::08:34:39: LU-factorizing T2 at Xi=0.823279... 
03/23/15::08:34:56: Applying transform 0... 
03/23/15::08:34:56:  Assembling U(0,1) 
03/23/15::08:34:56: Assembling BEM matrix block (0,1) 
03/23/15::08:36:35:   Computing ZForce... 
03/23/15::08:36:43: Computing Casimir integrand at Xi=1.64656
 
03/23/15::08:36:43: Assembling T1 at Xi=1.646558e+00... 
03/23/15::08:36:43: Assembling BEM matrix block (0,0) 
03/23/15::08:36:50: Assembling T2 at Xi=1.646558e+00... 
03/23/15::08:36:50: Assembling BEM matrix block (1,1) 
03/23/15::08:49:53: LU-factorizing T1 at Xi=1.64656... 
03/23/15::08:49:53: LU-factorizing T2 at Xi=1.64656... 
03/23/15::08:50:10: Applying transform 0... 
03/23/15::08:50:10:  Assembling U(0,1) 
03/23/15::08:50:10: Assembling BEM matrix block (0,1) 
03/23/15::08:51:49:   Computing ZForce... 
03/23/15::08:51:56: Matsubara sum converged after summing n=2 frequency points. 
