01/28/15::16:05:26: scuff-cas3D running on barley07.stanford.edu 
01/28/15::16:05:26: Setting material properties of exterior region to VACUUM. 
01/28/15::16:05:26: Flipped 514 panel normals to comport with region definitions. 
01/28/15::16:05:26: Computing full zero-temperature Casimir quantities. 
01/28/15::16:05:26: Read 1 geometrical transformations from file Bead_L-3.16228.trans. 
01/28/15::16:05:26: Minimum distance between surface points=3.262280e+00 
01/28/15::16:05:26: Computing Casimir integrand at Xi=0.001
 
01/28/15::16:05:26: Assembling T1 at Xi=1.000000e-03... 
01/28/15::16:05:26: Assembling BEM matrix block (0,0) 
01/28/15::16:06:15: Assembling T2 at Xi=1.000000e-03... 
01/28/15::16:06:15: Assembling BEM matrix block (1,1) 
01/28/15::16:59:24: LU-factorizing T1 at Xi=0.001... 
01/28/15::16:59:24: LU-factorizing T2 at Xi=0.001... 
01/28/15::16:59:55: Applying transform 3.16228... 
01/28/15::16:59:55:  Assembling U(0,1) 
01/28/15::16:59:55: Assembling BEM matrix block (0,1) 
01/28/15::17:05:24:   Computing ZForce... 
01/28/15::17:05:35: Computing Casimir integrand at Xi=0.0278217
 
01/28/15::17:05:35: Assembling T1 at Xi=2.782173e-02... 
01/28/15::17:05:35: Assembling BEM matrix block (0,0) 
01/28/15::17:05:49: Assembling T2 at Xi=2.782173e-02... 
01/28/15::17:05:49: Assembling BEM matrix block (1,1) 
01/28/15::17:52:52: LU-factorizing T1 at Xi=0.0278217... 
01/28/15::17:52:52: LU-factorizing T2 at Xi=0.0278217... 
01/28/15::17:53:22: Applying transform 3.16228... 
01/28/15::17:53:22:  Assembling U(0,1) 
01/28/15::17:53:22: Assembling BEM matrix block (0,1) 
01/28/15::17:58:34:   Computing ZForce... 
01/28/15::17:58:45: Computing Casimir integrand at Xi=0.0546435
 
01/28/15::17:58:45: Assembling T1 at Xi=5.464346e-02... 
01/28/15::17:58:45: Assembling BEM matrix block (0,0) 
01/28/15::17:58:57: Assembling T2 at Xi=5.464346e-02... 
01/28/15::17:58:57: Assembling BEM matrix block (1,1) 
01/28/15::18:46:02: LU-factorizing T1 at Xi=0.0546435... 
01/28/15::18:46:02: LU-factorizing T2 at Xi=0.0546435... 
01/28/15::18:46:32: Applying transform 3.16228... 
01/28/15::18:46:32:  Assembling U(0,1) 
01/28/15::18:46:32: Assembling BEM matrix block (0,1) 
01/28/15::18:51:44:   Computing ZForce... 
01/28/15::18:51:55: Computing Casimir integrand at Xi=0.108287
 
01/28/15::18:51:55: Assembling T1 at Xi=1.082869e-01... 
01/28/15::18:51:55: Assembling BEM matrix block (0,0) 
01/28/15::18:52:05: Assembling T2 at Xi=1.082869e-01... 
01/28/15::18:52:05: Assembling BEM matrix block (1,1) 
01/28/15::19:39:08: LU-factorizing T1 at Xi=0.108287... 
01/28/15::19:39:08: LU-factorizing T2 at Xi=0.108287... 
01/28/15::19:39:38: Applying transform 3.16228... 
01/28/15::19:39:38:  Assembling U(0,1) 
01/28/15::19:39:38: Assembling BEM matrix block (0,1) 
01/28/15::19:44:51:   Computing ZForce... 
01/28/15::19:45:02: Computing Casimir integrand at Xi=0.16193
 
01/28/15::19:45:02: Assembling T1 at Xi=1.619304e-01... 
01/28/15::19:45:02: Assembling BEM matrix block (0,0) 
01/28/15::19:45:12: Assembling T2 at Xi=1.619304e-01... 
01/28/15::19:45:12: Assembling BEM matrix block (1,1) 
01/28/15::20:32:16: LU-factorizing T1 at Xi=0.16193... 
01/28/15::20:32:16: LU-factorizing T2 at Xi=0.16193... 
01/28/15::20:32:46: Applying transform 3.16228... 
01/28/15::20:32:46:  Assembling U(0,1) 
01/28/15::20:32:46: Assembling BEM matrix block (0,1) 
01/28/15::20:37:58:   Computing ZForce... 
01/28/15::20:38:09: Computing Casimir integrand at Xi=0.269217
 
01/28/15::20:38:09: Assembling T1 at Xi=2.692173e-01... 
01/28/15::20:38:09: Assembling BEM matrix block (0,0) 
01/28/15::20:38:18: Assembling T2 at Xi=2.692173e-01... 
01/28/15::20:38:18: Assembling BEM matrix block (1,1) 
01/28/15::21:24:41: LU-factorizing T1 at Xi=0.269217... 
01/28/15::21:24:41: LU-factorizing T2 at Xi=0.269217... 
01/28/15::21:25:10: Applying transform 3.16228... 
01/28/15::21:25:10:  Assembling U(0,1) 
01/28/15::21:25:10: Assembling BEM matrix block (0,1) 
01/28/15::21:30:19:   Computing ZForce... 
01/28/15::21:30:30: Computing Casimir integrand at Xi=0.376504
 
01/28/15::21:30:30: Assembling T1 at Xi=3.765042e-01... 
01/28/15::21:30:30: Assembling BEM matrix block (0,0) 
01/28/15::21:30:40: Assembling T2 at Xi=3.765042e-01... 
01/28/15::21:30:40: Assembling BEM matrix block (1,1) 
01/28/15::22:17:09: LU-factorizing T1 at Xi=0.376504... 
01/28/15::22:17:09: LU-factorizing T2 at Xi=0.376504... 
01/28/15::22:17:39: Applying transform 3.16228... 
01/28/15::22:17:39:  Assembling U(0,1) 
01/28/15::22:17:39: Assembling BEM matrix block (0,1) 
01/28/15::22:22:50:   Computing ZForce... 
01/28/15::22:23:01: Computing Casimir integrand at Xi=0.215574
 
01/28/15::22:23:01: Assembling T1 at Xi=2.155739e-01... 
01/28/15::22:23:01: Assembling BEM matrix block (0,0) 
01/28/15::22:23:10: Assembling T2 at Xi=2.155739e-01... 
01/28/15::22:23:10: Assembling BEM matrix block (1,1) 
01/28/15::23:09:36: LU-factorizing T1 at Xi=0.215574... 
01/28/15::23:09:36: LU-factorizing T2 at Xi=0.215574... 
01/28/15::23:10:06: Applying transform 3.16228... 
01/28/15::23:10:06:  Assembling U(0,1) 
01/28/15::23:10:06: Assembling BEM matrix block (0,1) 
01/28/15::23:15:15:   Computing ZForce... 
01/28/15::23:15:26: Computing Casimir integrand at Xi=0.376504
 
01/28/15::23:15:26: Assembling T1 at Xi=3.765042e-01... 
01/28/15::23:15:26: Assembling BEM matrix block (0,0) 
01/28/15::23:15:36: Assembling T2 at Xi=3.765042e-01... 
01/28/15::23:15:36: Assembling BEM matrix block (1,1) 
01/29/15::00:02:06: LU-factorizing T1 at Xi=0.376504... 
01/29/15::00:02:06: LU-factorizing T2 at Xi=0.376504... 
01/29/15::00:02:36: Applying transform 3.16228... 
01/29/15::00:02:37:  Assembling U(0,1) 
01/29/15::00:02:37: Assembling BEM matrix block (0,1) 
01/29/15::00:07:46:   Computing ZForce... 
01/29/15::00:07:57: Computing Casimir integrand at Xi=0.483791
 
01/29/15::00:07:57: Assembling T1 at Xi=4.837912e-01... 
01/29/15::00:07:57: Assembling BEM matrix block (0,0) 
01/29/15::00:08:08: Assembling T2 at Xi=4.837912e-01... 
01/29/15::00:08:08: Assembling BEM matrix block (1,1) 
01/29/15::00:54:47: LU-factorizing T1 at Xi=0.483791... 
01/29/15::00:54:47: LU-factorizing T2 at Xi=0.483791... 
01/29/15::00:55:16: Applying transform 3.16228... 
01/29/15::00:55:16:  Assembling U(0,1) 
01/29/15::00:55:16: Assembling BEM matrix block (0,1) 
01/29/15::01:00:26:   Computing ZForce... 
01/29/15::01:00:37: Computing Casimir integrand at Xi=0.322861
 
01/29/15::01:00:37: Assembling T1 at Xi=3.228608e-01... 
01/29/15::01:00:37: Assembling BEM matrix block (0,0) 
01/29/15::01:00:47: Assembling T2 at Xi=3.228608e-01... 
01/29/15::01:00:47: Assembling BEM matrix block (1,1) 
01/29/15::01:47:06: LU-factorizing T1 at Xi=0.322861... 
01/29/15::01:47:06: LU-factorizing T2 at Xi=0.322861... 
01/29/15::01:47:35: Applying transform 3.16228... 
01/29/15::01:47:35:  Assembling U(0,1) 
01/29/15::01:47:35: Assembling BEM matrix block (0,1) 
01/29/15::01:52:44:   Computing ZForce... 
01/29/15::01:52:55: Computing Casimir integrand at Xi=0.483791
 
01/29/15::01:52:55: Assembling T1 at Xi=4.837912e-01... 
01/29/15::01:52:55: Assembling BEM matrix block (0,0) 
01/29/15::01:53:06: Assembling T2 at Xi=4.837912e-01... 
01/29/15::01:53:06: Assembling BEM matrix block (1,1) 
01/29/15::02:39:47: LU-factorizing T1 at Xi=0.483791... 
01/29/15::02:39:47: LU-factorizing T2 at Xi=0.483791... 
01/29/15::02:40:17: Applying transform 3.16228... 
01/29/15::02:40:17:  Assembling U(0,1) 
01/29/15::02:40:17: Assembling BEM matrix block (0,1) 
01/29/15::02:45:28:   Computing ZForce... 
01/29/15::02:45:39: Computing Casimir integrand at Xi=0.591078
 
01/29/15::02:45:39: Assembling T1 at Xi=5.910781e-01... 
01/29/15::02:45:39: Assembling BEM matrix block (0,0) 
01/29/15::02:45:50: Assembling T2 at Xi=5.910781e-01... 
01/29/15::02:45:50: Assembling BEM matrix block (1,1) 
01/29/15::03:32:53: LU-factorizing T1 at Xi=0.591078... 
01/29/15::03:32:53: LU-factorizing T2 at Xi=0.591078... 
01/29/15::03:33:23: Applying transform 3.16228... 
01/29/15::03:33:23:  Assembling U(0,1) 
01/29/15::03:33:23: Assembling BEM matrix block (0,1) 
01/29/15::03:38:35:   Computing ZForce... 
01/29/15::03:38:47: Computing Casimir integrand at Xi=0.430148
 
01/29/15::03:38:47: Assembling T1 at Xi=4.301477e-01... 
01/29/15::03:38:47: Assembling BEM matrix block (0,0) 
01/29/15::03:38:57: Assembling T2 at Xi=4.301477e-01... 
01/29/15::03:38:57: Assembling BEM matrix block (1,1) 
01/29/15::04:25:35: LU-factorizing T1 at Xi=0.430148... 
01/29/15::04:25:35: LU-factorizing T2 at Xi=0.430148... 
01/29/15::04:26:05: Applying transform 3.16228... 
01/29/15::04:26:05:  Assembling U(0,1) 
01/29/15::04:26:05: Assembling BEM matrix block (0,1) 
01/29/15::04:31:20:   Computing ZForce... 
01/29/15::04:31:31: Computing Casimir integrand at Xi=0.591078
 
01/29/15::04:31:31: Assembling T1 at Xi=5.910781e-01... 
01/29/15::04:31:31: Assembling BEM matrix block (0,0) 
01/29/15::04:31:42: Assembling T2 at Xi=5.910781e-01... 
01/29/15::04:31:42: Assembling BEM matrix block (1,1) 
01/29/15::05:18:42: LU-factorizing T1 at Xi=0.591078... 
01/29/15::05:18:42: LU-factorizing T2 at Xi=0.591078... 
01/29/15::05:19:11: Applying transform 3.16228... 
01/29/15::05:19:11:  Assembling U(0,1) 
01/29/15::05:19:11: Assembling BEM matrix block (0,1) 
01/29/15::05:24:23:   Computing ZForce... 
01/29/15::05:24:34: Computing Casimir integrand at Xi=0.698365
 
01/29/15::05:24:34: Assembling T1 at Xi=6.983650e-01... 
01/29/15::05:24:34: Assembling BEM matrix block (0,0) 
01/29/15::05:24:45: Assembling T2 at Xi=6.983650e-01... 
01/29/15::05:24:45: Assembling BEM matrix block (1,1) 
01/29/15::06:11:56: LU-factorizing T1 at Xi=0.698365... 
01/29/15::06:11:56: LU-factorizing T2 at Xi=0.698365... 
01/29/15::06:12:26: Applying transform 3.16228... 
01/29/15::06:12:26:  Assembling U(0,1) 
01/29/15::06:12:26: Assembling BEM matrix block (0,1) 
01/29/15::06:17:38:   Computing ZForce... 
01/29/15::06:17:49: Computing Casimir integrand at Xi=0.537435
 
01/29/15::06:17:49: Assembling T1 at Xi=5.374346e-01... 
01/29/15::06:17:49: Assembling BEM matrix block (0,0) 
01/29/15::06:18:00: Assembling T2 at Xi=5.374346e-01... 
01/29/15::06:18:00: Assembling BEM matrix block (1,1) 
01/29/15::07:04:55: LU-factorizing T1 at Xi=0.537435... 
01/29/15::07:04:55: LU-factorizing T2 at Xi=0.537435... 
01/29/15::07:05:25: Applying transform 3.16228... 
01/29/15::07:05:25:  Assembling U(0,1) 
01/29/15::07:05:25: Assembling BEM matrix block (0,1) 
01/29/15::07:10:36:   Computing ZForce... 
01/29/15::07:10:48: Computing Casimir integrand at Xi=0.698365
 
01/29/15::07:10:48: Assembling T1 at Xi=6.983650e-01... 
01/29/15::07:10:48: Assembling BEM matrix block (0,0) 
01/29/15::07:10:59: Assembling T2 at Xi=6.983650e-01... 
01/29/15::07:10:59: Assembling BEM matrix block (1,1) 
01/29/15::07:58:20: LU-factorizing T1 at Xi=0.698365... 
01/29/15::07:58:20: LU-factorizing T2 at Xi=0.698365... 
01/29/15::07:58:49: Applying transform 3.16228... 
01/29/15::07:58:49:  Assembling U(0,1) 
01/29/15::07:58:49: Assembling BEM matrix block (0,1) 
01/29/15::08:04:04:   Computing ZForce... 
01/29/15::08:04:15: Computing Casimir integrand at Xi=0.805652
 
01/29/15::08:04:15: Assembling T1 at Xi=8.056520e-01... 
01/29/15::08:04:15: Assembling BEM matrix block (0,0) 
01/29/15::08:04:27: Assembling T2 at Xi=8.056520e-01... 
01/29/15::08:04:27: Assembling BEM matrix block (1,1) 
01/29/15::08:51:44: LU-factorizing T1 at Xi=0.805652... 
01/29/15::08:51:44: LU-factorizing T2 at Xi=0.805652... 
01/29/15::08:52:13: Applying transform 3.16228... 
01/29/15::08:52:13:  Assembling U(0,1) 
01/29/15::08:52:13: Assembling BEM matrix block (0,1) 
01/29/15::08:57:27:   Computing ZForce... 
01/29/15::08:57:38: Computing Casimir integrand at Xi=0.644722
 
01/29/15::08:57:38: Assembling T1 at Xi=6.447216e-01... 
01/29/15::08:57:38: Assembling BEM matrix block (0,0) 
01/29/15::08:57:49: Assembling T2 at Xi=6.447216e-01... 
01/29/15::08:57:49: Assembling BEM matrix block (1,1) 
01/29/15::09:44:47: LU-factorizing T1 at Xi=0.644722... 
01/29/15::09:44:47: LU-factorizing T2 at Xi=0.644722... 
01/29/15::09:45:16: Applying transform 3.16228... 
01/29/15::09:45:16:  Assembling U(0,1) 
01/29/15::09:45:16: Assembling BEM matrix block (0,1) 
01/29/15::09:50:27:   Computing ZForce... 
01/29/15::09:50:37: Computing Casimir integrand at Xi=0.752008
 
01/29/15::09:50:37: Assembling T1 at Xi=7.520085e-01... 
01/29/15::09:50:37: Assembling BEM matrix block (0,0) 
01/29/15::09:50:49: Assembling T2 at Xi=7.520085e-01... 
01/29/15::09:50:49: Assembling BEM matrix block (1,1) 
01/29/15::10:38:03: LU-factorizing T1 at Xi=0.752008... 
01/29/15::10:38:03: LU-factorizing T2 at Xi=0.752008... 
01/29/15::10:38:33: Applying transform 3.16228... 
01/29/15::10:38:33:  Assembling U(0,1) 
01/29/15::10:38:33: Assembling BEM matrix block (0,1) 
01/29/15::10:43:45:   Computing ZForce... 
01/29/15::10:43:56: Computing Casimir integrand at Xi=0.805652
 
01/29/15::10:43:56: Assembling T1 at Xi=8.056520e-01... 
01/29/15::10:43:56: Assembling BEM matrix block (0,0) 
01/29/15::10:44:08: Assembling T2 at Xi=8.056520e-01... 
01/29/15::10:44:08: Assembling BEM matrix block (1,1) 
01/29/15::11:31:27: LU-factorizing T1 at Xi=0.805652... 
01/29/15::11:31:27: LU-factorizing T2 at Xi=0.805652... 
01/29/15::11:31:56: Applying transform 3.16228... 
01/29/15::11:31:57:  Assembling U(0,1) 
01/29/15::11:31:57: Assembling BEM matrix block (0,1) 
01/29/15::11:37:09:   Computing ZForce... 
01/29/15::11:37:20: Computing Casimir integrand at Xi=0.859295
 
01/29/15::11:37:20: Assembling T1 at Xi=8.592954e-01... 
01/29/15::11:37:20: Assembling BEM matrix block (0,0) 
01/29/15::11:37:32: Assembling T2 at Xi=8.592954e-01... 
01/29/15::11:37:32: Assembling BEM matrix block (1,1) 
01/29/15::12:24:57: LU-factorizing T1 at Xi=0.859295... 
01/29/15::12:24:57: LU-factorizing T2 at Xi=0.859295... 
01/29/15::12:25:26: Applying transform 3.16228... 
01/29/15::12:25:26:  Assembling U(0,1) 
01/29/15::12:25:26: Assembling BEM matrix block (0,1) 
01/29/15::12:30:41:   Computing ZForce... 
01/29/15::12:30:53: Computing Casimir integrand at Xi=0.912939
 
01/29/15::12:30:53: Assembling T1 at Xi=9.129389e-01... 
01/29/15::12:30:53: Assembling BEM matrix block (0,0) 
01/29/15::12:31:05: Assembling T2 at Xi=9.129389e-01... 
01/29/15::12:31:05: Assembling BEM matrix block (1,1) 
01/29/15::13:52:19: LU-factorizing T1 at Xi=0.912939... 
01/29/15::13:52:19: LU-factorizing T2 at Xi=0.912939... 
01/29/15::13:52:48: Applying transform 3.16228... 
01/29/15::13:52:48:  Assembling U(0,1) 
01/29/15::13:52:48: Assembling BEM matrix block (0,1) 
01/29/15::13:57:54:   Computing ZForce... 
01/29/15::13:58:05: Computing Casimir integrand at Xi=0.966582
 
01/29/15::13:58:05: Assembling T1 at Xi=9.665824e-01... 
01/29/15::13:58:05: Assembling BEM matrix block (0,0) 
01/29/15::13:58:18: Assembling T2 at Xi=9.665824e-01... 
01/29/15::13:58:18: Assembling BEM matrix block (1,1) 
01/29/15::15:21:18: LU-factorizing T1 at Xi=0.966582... 
01/29/15::15:21:18: LU-factorizing T2 at Xi=0.966582... 
01/29/15::15:21:46: Applying transform 3.16228... 
01/29/15::15:21:46:  Assembling U(0,1) 
01/29/15::15:21:46: Assembling BEM matrix block (0,1) 
01/29/15::15:26:53:   Computing ZForce... 
01/29/15::15:27:03: Computing Casimir integrand at Xi=1.02023
 
01/29/15::15:27:03: Assembling T1 at Xi=1.020226e+00... 
01/29/15::15:27:03: Assembling BEM matrix block (0,0) 
01/29/15::15:27:17: Assembling T2 at Xi=1.020226e+00... 
01/29/15::15:27:17: Assembling BEM matrix block (1,1) 
01/29/15::16:50:19: LU-factorizing T1 at Xi=1.02023... 
01/29/15::16:50:19: LU-factorizing T2 at Xi=1.02023... 
01/29/15::16:50:47: Applying transform 3.16228... 
01/29/15::16:50:47:  Assembling U(0,1) 
01/29/15::16:50:47: Assembling BEM matrix block (0,1) 
01/29/15::16:55:54:   Computing ZForce... 
01/29/15::16:56:05: Computing Casimir integrand at Xi=1.07387
 
01/29/15::16:56:05: Assembling T1 at Xi=1.073869e+00... 
01/29/15::16:56:05: Assembling BEM matrix block (0,0) 
01/29/15::16:56:21: Assembling T2 at Xi=1.073869e+00... 
01/29/15::16:56:21: Assembling BEM matrix block (1,1) 
01/29/15::18:19:28: LU-factorizing T1 at Xi=1.07387... 
01/29/15::18:19:28: LU-factorizing T2 at Xi=1.07387... 
01/29/15::18:19:57: Applying transform 3.16228... 
01/29/15::18:19:57:  Assembling U(0,1) 
01/29/15::18:19:57: Assembling BEM matrix block (0,1) 
01/29/15::18:25:04:   Computing ZForce... 
01/29/15::18:25:15: Computing Casimir integrand at Xi=1.12751
 
01/29/15::18:25:15: Assembling T1 at Xi=1.127513e+00... 
01/29/15::18:25:15: Assembling BEM matrix block (0,0) 
01/29/15::18:25:39: Assembling T2 at Xi=1.127513e+00... 
01/29/15::18:25:39: Assembling BEM matrix block (1,1) 
01/29/15::19:48:52: LU-factorizing T1 at Xi=1.12751... 
01/29/15::19:48:52: LU-factorizing T2 at Xi=1.12751... 
01/29/15::19:49:21: Applying transform 3.16228... 
01/29/15::19:49:21:  Assembling U(0,1) 
01/29/15::19:49:21: Assembling BEM matrix block (0,1) 
01/29/15::19:54:27:   Computing ZForce... 
01/29/15::19:54:38: Computing Casimir integrand at Xi=1.18116
 
01/29/15::19:54:38: Assembling T1 at Xi=1.181156e+00... 
01/29/15::19:54:38: Assembling BEM matrix block (0,0) 
01/29/15::19:55:14: Assembling T2 at Xi=1.181156e+00... 
01/29/15::19:55:14: Assembling BEM matrix block (1,1) 
01/29/15::21:18:34: LU-factorizing T1 at Xi=1.18116... 
01/29/15::21:18:34: LU-factorizing T2 at Xi=1.18116... 
01/29/15::21:19:02: Applying transform 3.16228... 
01/29/15::21:19:02:  Assembling U(0,1) 
01/29/15::21:19:02: Assembling BEM matrix block (0,1) 
01/29/15::21:24:08:   Computing ZForce... 
01/29/15::21:24:18: Computing Casimir integrand at Xi=1.2348
 
01/29/15::21:24:18: Assembling T1 at Xi=1.234800e+00... 
01/29/15::21:24:18: Assembling BEM matrix block (0,0) 
01/29/15::21:25:12: Assembling T2 at Xi=1.234800e+00... 
01/29/15::21:25:12: Assembling BEM matrix block (1,1) 
01/29/15::22:48:32: LU-factorizing T1 at Xi=1.2348... 
01/29/15::22:48:32: LU-factorizing T2 at Xi=1.2348... 
01/29/15::22:49:00: Applying transform 3.16228... 
01/29/15::22:49:00:  Assembling U(0,1) 
01/29/15::22:49:00: Assembling BEM matrix block (0,1) 
01/29/15::22:54:06:   Computing ZForce... 
01/29/15::22:54:16: Computing Casimir integrand at Xi=1.28844
 
01/29/15::22:54:16: Assembling T1 at Xi=1.288443e+00... 
01/29/15::22:54:16: Assembling BEM matrix block (0,0) 
01/29/15::22:55:34: Assembling T2 at Xi=1.288443e+00... 
01/29/15::22:55:34: Assembling BEM matrix block (1,1) 
01/30/15::00:19:03: LU-factorizing T1 at Xi=1.28844... 
01/30/15::00:19:03: LU-factorizing T2 at Xi=1.28844... 
01/30/15::00:19:31: Applying transform 3.16228... 
01/30/15::00:19:31:  Assembling U(0,1) 
01/30/15::00:19:31: Assembling BEM matrix block (0,1) 
01/30/15::00:24:37:   Computing ZForce... 
01/30/15::00:24:47: Computing Casimir integrand at Xi=1.34209
 
01/30/15::00:24:47: Assembling T1 at Xi=1.342087e+00... 
01/30/15::00:24:47: Assembling BEM matrix block (0,0) 
01/30/15::00:26:28: Assembling T2 at Xi=1.342087e+00... 
01/30/15::00:26:28: Assembling BEM matrix block (1,1) 
01/30/15::01:50:06: LU-factorizing T1 at Xi=1.34209... 
01/30/15::01:50:06: LU-factorizing T2 at Xi=1.34209... 
01/30/15::01:50:34: Applying transform 3.16228... 
01/30/15::01:50:34:  Assembling U(0,1) 
01/30/15::01:50:34: Assembling BEM matrix block (0,1) 
01/30/15::01:55:39:   Computing ZForce... 
01/30/15::01:55:50: Computing Casimir integrand at Xi=1.44937
 
01/30/15::01:55:50: Assembling T1 at Xi=1.449374e+00... 
01/30/15::01:55:50: Assembling BEM matrix block (0,0) 
01/30/15::01:58:12: Assembling T2 at Xi=1.449374e+00... 
01/30/15::01:58:12: Assembling BEM matrix block (1,1) 
01/30/15::03:22:14: LU-factorizing T1 at Xi=1.44937... 
01/30/15::03:22:14: LU-factorizing T2 at Xi=1.44937... 
01/30/15::03:22:42: Applying transform 3.16228... 
01/30/15::03:22:42:  Assembling U(0,1) 
01/30/15::03:22:42: Assembling BEM matrix block (0,1) 
01/30/15::03:27:47:   Computing ZForce... 
01/30/15::03:27:58: Computing Casimir integrand at Xi=1.55666
 
01/30/15::03:27:58: Assembling T1 at Xi=1.556660e+00... 
01/30/15::03:27:58: Assembling BEM matrix block (0,0) 
01/30/15::03:31:01: Assembling T2 at Xi=1.556660e+00... 
01/30/15::03:31:01: Assembling BEM matrix block (1,1) 
01/30/15::04:56:16: LU-factorizing T1 at Xi=1.55666... 
01/30/15::04:56:16: LU-factorizing T2 at Xi=1.55666... 
01/30/15::04:56:44: Applying transform 3.16228... 
01/30/15::04:56:44:  Assembling U(0,1) 
01/30/15::04:56:44: Assembling BEM matrix block (0,1) 
01/30/15::05:01:49:   Computing ZForce... 
