01/28/15::16:05:26: scuff-cas3D running on barley07.stanford.edu 
01/28/15::16:05:26: Setting material properties of exterior region to VACUUM. 
01/28/15::16:05:26: Flipped 514 panel normals to comport with region definitions. 
01/28/15::16:05:26: Computing full zero-temperature Casimir quantities. 
01/28/15::16:05:26: Read 1 geometrical transformations from file Bead_L-3.98107.trans. 
01/28/15::16:05:26: Minimum distance between surface points=4.081070e+00 
01/28/15::16:05:26: Computing Casimir integrand at Xi=0.001
 
01/28/15::16:05:26: Assembling T1 at Xi=1.000000e-03... 
01/28/15::16:05:26: Assembling BEM matrix block (0,0) 
01/28/15::16:06:15: Assembling T2 at Xi=1.000000e-03... 
01/28/15::16:06:15: Assembling BEM matrix block (1,1) 
01/28/15::16:58:55: LU-factorizing T1 at Xi=0.001... 
01/28/15::16:58:55: LU-factorizing T2 at Xi=0.001... 
01/28/15::16:59:25: Applying transform 3.98107... 
01/28/15::16:59:25:  Assembling U(0,1) 
01/28/15::16:59:25: Assembling BEM matrix block (0,1) 
01/28/15::17:04:07:   Computing ZForce... 
01/28/15::17:04:18: Computing Casimir integrand at Xi=0.0224405
 
01/28/15::17:04:18: Assembling T1 at Xi=2.244046e-02... 
01/28/15::17:04:18: Assembling BEM matrix block (0,0) 
01/28/15::17:04:30: Assembling T2 at Xi=2.244046e-02... 
01/28/15::17:04:30: Assembling BEM matrix block (1,1) 
01/28/15::17:50:57: LU-factorizing T1 at Xi=0.0224405... 
01/28/15::17:50:57: LU-factorizing T2 at Xi=0.0224405... 
01/28/15::17:51:27: Applying transform 3.98107... 
01/28/15::17:51:27:  Assembling U(0,1) 
01/28/15::17:51:27: Assembling BEM matrix block (0,1) 
01/28/15::17:55:55:   Computing ZForce... 
01/28/15::17:56:06: Computing Casimir integrand at Xi=0.0438809
 
01/28/15::17:56:06: Assembling T1 at Xi=4.388091e-02... 
01/28/15::17:56:06: Assembling BEM matrix block (0,0) 
01/28/15::17:56:21: Assembling T2 at Xi=4.388091e-02... 
01/28/15::17:56:21: Assembling BEM matrix block (1,1) 
01/28/15::18:42:55: LU-factorizing T1 at Xi=0.0438809... 
01/28/15::18:42:55: LU-factorizing T2 at Xi=0.0438809... 
01/28/15::18:43:25: Applying transform 3.98107... 
01/28/15::18:43:25:  Assembling U(0,1) 
01/28/15::18:43:25: Assembling BEM matrix block (0,1) 
01/28/15::18:47:53:   Computing ZForce... 
01/28/15::18:48:04: Computing Casimir integrand at Xi=0.0867618
 
01/28/15::18:48:04: Assembling T1 at Xi=8.676182e-02... 
01/28/15::18:48:04: Assembling BEM matrix block (0,0) 
01/28/15::18:48:14: Assembling T2 at Xi=8.676182e-02... 
01/28/15::18:48:14: Assembling BEM matrix block (1,1) 
01/28/15::19:34:45: LU-factorizing T1 at Xi=0.0867618... 
01/28/15::19:34:45: LU-factorizing T2 at Xi=0.0867618... 
01/28/15::19:35:15: Applying transform 3.98107... 
01/28/15::19:35:15:  Assembling U(0,1) 
01/28/15::19:35:15: Assembling BEM matrix block (0,1) 
01/28/15::19:39:44:   Computing ZForce... 
01/28/15::19:39:55: Computing Casimir integrand at Xi=0.129643
 
01/28/15::19:39:55: Assembling T1 at Xi=1.296427e-01... 
01/28/15::19:39:55: Assembling BEM matrix block (0,0) 
01/28/15::19:40:04: Assembling T2 at Xi=1.296427e-01... 
01/28/15::19:40:04: Assembling BEM matrix block (1,1) 
01/28/15::20:27:00: LU-factorizing T1 at Xi=0.129643... 
01/28/15::20:27:00: LU-factorizing T2 at Xi=0.129643... 
01/28/15::20:27:30: Applying transform 3.98107... 
01/28/15::20:27:30:  Assembling U(0,1) 
01/28/15::20:27:30: Assembling BEM matrix block (0,1) 
01/28/15::20:31:58:   Computing ZForce... 
01/28/15::20:32:09: Computing Casimir integrand at Xi=0.215405
 
01/28/15::20:32:09: Assembling T1 at Xi=2.154046e-01... 
01/28/15::20:32:09: Assembling BEM matrix block (0,0) 
01/28/15::20:32:19: Assembling T2 at Xi=2.154046e-01... 
01/28/15::20:32:19: Assembling BEM matrix block (1,1) 
01/28/15::21:18:17: LU-factorizing T1 at Xi=0.215405... 
01/28/15::21:18:17: LU-factorizing T2 at Xi=0.215405... 
01/28/15::21:18:47: Applying transform 3.98107... 
01/28/15::21:18:47:  Assembling U(0,1) 
01/28/15::21:18:47: Assembling BEM matrix block (0,1) 
01/28/15::21:23:13:   Computing ZForce... 
01/28/15::21:23:24: Computing Casimir integrand at Xi=0.301166
 
01/28/15::21:23:24: Assembling T1 at Xi=3.011664e-01... 
01/28/15::21:23:24: Assembling BEM matrix block (0,0) 
01/28/15::21:23:33: Assembling T2 at Xi=3.011664e-01... 
01/28/15::21:23:33: Assembling BEM matrix block (1,1) 
01/28/15::22:09:25: LU-factorizing T1 at Xi=0.301166... 
01/28/15::22:09:25: LU-factorizing T2 at Xi=0.301166... 
01/28/15::22:09:55: Applying transform 3.98107... 
01/28/15::22:09:55:  Assembling U(0,1) 
01/28/15::22:09:55: Assembling BEM matrix block (0,1) 
01/28/15::22:14:23:   Computing ZForce... 
01/28/15::22:14:34: Computing Casimir integrand at Xi=0.386928
 
01/28/15::22:14:34: Assembling T1 at Xi=3.869282e-01... 
01/28/15::22:14:34: Assembling BEM matrix block (0,0) 
01/28/15::22:14:44: Assembling T2 at Xi=3.869282e-01... 
01/28/15::22:14:44: Assembling BEM matrix block (1,1) 
01/28/15::23:00:51: LU-factorizing T1 at Xi=0.386928... 
01/28/15::23:00:51: LU-factorizing T2 at Xi=0.386928... 
01/28/15::23:01:22: Applying transform 3.98107... 
01/28/15::23:01:22:  Assembling U(0,1) 
01/28/15::23:01:22: Assembling BEM matrix block (0,1) 
01/28/15::23:05:50:   Computing ZForce... 
01/28/15::23:06:01: Computing Casimir integrand at Xi=0.47269
 
01/28/15::23:06:01: Assembling T1 at Xi=4.726900e-01... 
01/28/15::23:06:01: Assembling BEM matrix block (0,0) 
01/28/15::23:06:12: Assembling T2 at Xi=4.726900e-01... 
01/28/15::23:06:12: Assembling BEM matrix block (1,1) 
01/28/15::23:52:28: LU-factorizing T1 at Xi=0.47269... 
01/28/15::23:52:29: LU-factorizing T2 at Xi=0.47269... 
01/28/15::23:52:58: Applying transform 3.98107... 
01/28/15::23:52:58:  Assembling U(0,1) 
01/28/15::23:52:58: Assembling BEM matrix block (0,1) 
01/28/15::23:57:36:   Computing ZForce... 
01/28/15::23:57:47: Computing Casimir integrand at Xi=0.344047
 
01/28/15::23:57:47: Assembling T1 at Xi=3.440473e-01... 
01/28/15::23:57:47: Assembling BEM matrix block (0,0) 
01/28/15::23:57:57: Assembling T2 at Xi=3.440473e-01... 
01/28/15::23:57:57: Assembling BEM matrix block (1,1) 
01/29/15::00:43:55: LU-factorizing T1 at Xi=0.344047... 
01/29/15::00:43:55: LU-factorizing T2 at Xi=0.344047... 
01/29/15::00:44:25: Applying transform 3.98107... 
01/29/15::00:44:25:  Assembling U(0,1) 
01/29/15::00:44:25: Assembling BEM matrix block (0,1) 
01/29/15::00:48:53:   Computing ZForce... 
01/29/15::00:49:04: Computing Casimir integrand at Xi=0.47269
 
01/29/15::00:49:04: Assembling T1 at Xi=4.726900e-01... 
01/29/15::00:49:04: Assembling BEM matrix block (0,0) 
01/29/15::00:49:14: Assembling T2 at Xi=4.726900e-01... 
01/29/15::00:49:14: Assembling BEM matrix block (1,1) 
01/29/15::01:35:22: LU-factorizing T1 at Xi=0.47269... 
01/29/15::01:35:22: LU-factorizing T2 at Xi=0.47269... 
01/29/15::01:35:51: Applying transform 3.98107... 
01/29/15::01:35:51:  Assembling U(0,1) 
01/29/15::01:35:51: Assembling BEM matrix block (0,1) 
01/29/15::01:40:18:   Computing ZForce... 
01/29/15::01:40:29: Computing Casimir integrand at Xi=0.558452
 
01/29/15::01:40:29: Assembling T1 at Xi=5.584518e-01... 
01/29/15::01:40:29: Assembling BEM matrix block (0,0) 
01/29/15::01:40:40: Assembling T2 at Xi=5.584518e-01... 
01/29/15::01:40:40: Assembling BEM matrix block (1,1) 
01/29/15::02:26:55: LU-factorizing T1 at Xi=0.558452... 
01/29/15::02:26:55: LU-factorizing T2 at Xi=0.558452... 
01/29/15::02:27:25: Applying transform 3.98107... 
01/29/15::02:27:25:  Assembling U(0,1) 
01/29/15::02:27:25: Assembling BEM matrix block (0,1) 
01/29/15::02:31:54:   Computing ZForce... 
01/29/15::02:32:05: Computing Casimir integrand at Xi=0.429809
 
01/29/15::02:32:05: Assembling T1 at Xi=4.298091e-01... 
01/29/15::02:32:05: Assembling BEM matrix block (0,0) 
01/29/15::02:32:15: Assembling T2 at Xi=4.298091e-01... 
01/29/15::02:32:15: Assembling BEM matrix block (1,1) 
01/29/15::03:18:20: LU-factorizing T1 at Xi=0.429809... 
01/29/15::03:18:20: LU-factorizing T2 at Xi=0.429809... 
01/29/15::03:18:50: Applying transform 3.98107... 
01/29/15::03:18:50:  Assembling U(0,1) 
01/29/15::03:18:50: Assembling BEM matrix block (0,1) 
01/29/15::03:23:18:   Computing ZForce... 
01/29/15::03:23:29: Computing Casimir integrand at Xi=0.558452
 
01/29/15::03:23:29: Assembling T1 at Xi=5.584518e-01... 
01/29/15::03:23:29: Assembling BEM matrix block (0,0) 
01/29/15::03:23:40: Assembling T2 at Xi=5.584518e-01... 
01/29/15::03:23:40: Assembling BEM matrix block (1,1) 
01/29/15::04:10:06: LU-factorizing T1 at Xi=0.558452... 
01/29/15::04:10:06: LU-factorizing T2 at Xi=0.558452... 
01/29/15::04:10:36: Applying transform 3.98107... 
01/29/15::04:10:36:  Assembling U(0,1) 
01/29/15::04:10:36: Assembling BEM matrix block (0,1) 
01/29/15::04:15:04:   Computing ZForce... 
01/29/15::04:15:15: Computing Casimir integrand at Xi=0.644214
 
01/29/15::04:15:15: Assembling T1 at Xi=6.442137e-01... 
01/29/15::04:15:15: Assembling BEM matrix block (0,0) 
01/29/15::04:15:26: Assembling T2 at Xi=6.442137e-01... 
01/29/15::04:15:26: Assembling BEM matrix block (1,1) 
01/29/15::05:01:58: LU-factorizing T1 at Xi=0.644214... 
01/29/15::05:01:59: LU-factorizing T2 at Xi=0.644214... 
01/29/15::05:02:28: Applying transform 3.98107... 
01/29/15::05:02:28:  Assembling U(0,1) 
01/29/15::05:02:28: Assembling BEM matrix block (0,1) 
01/29/15::05:06:57:   Computing ZForce... 
01/29/15::05:07:08: Computing Casimir integrand at Xi=0.515571
 
01/29/15::05:07:08: Assembling T1 at Xi=5.155709e-01... 
01/29/15::05:07:08: Assembling BEM matrix block (0,0) 
01/29/15::05:07:19: Assembling T2 at Xi=5.155709e-01... 
01/29/15::05:07:19: Assembling BEM matrix block (1,1) 
01/29/15::05:53:35: LU-factorizing T1 at Xi=0.515571... 
01/29/15::05:53:35: LU-factorizing T2 at Xi=0.515571... 
01/29/15::05:54:05: Applying transform 3.98107... 
01/29/15::05:54:05:  Assembling U(0,1) 
01/29/15::05:54:05: Assembling BEM matrix block (0,1) 
01/29/15::05:58:33:   Computing ZForce... 
01/29/15::05:58:44: Computing Casimir integrand at Xi=0.644214
 
01/29/15::05:58:44: Assembling T1 at Xi=6.442137e-01... 
01/29/15::05:58:44: Assembling BEM matrix block (0,0) 
01/29/15::05:58:55: Assembling T2 at Xi=6.442137e-01... 
01/29/15::05:58:55: Assembling BEM matrix block (1,1) 
01/29/15::06:45:24: LU-factorizing T1 at Xi=0.644214... 
01/29/15::06:45:25: LU-factorizing T2 at Xi=0.644214... 
01/29/15::06:45:54: Applying transform 3.98107... 
01/29/15::06:45:54:  Assembling U(0,1) 
01/29/15::06:45:54: Assembling BEM matrix block (0,1) 
01/29/15::06:50:23:   Computing ZForce... 
01/29/15::06:50:34: Computing Casimir integrand at Xi=0.729975
 
01/29/15::06:50:34: Assembling T1 at Xi=7.299755e-01... 
01/29/15::06:50:34: Assembling BEM matrix block (0,0) 
01/29/15::06:50:46: Assembling T2 at Xi=7.299755e-01... 
01/29/15::06:50:46: Assembling BEM matrix block (1,1) 
01/29/15::07:37:37: LU-factorizing T1 at Xi=0.729975... 
01/29/15::07:37:37: LU-factorizing T2 at Xi=0.729975... 
01/29/15::07:38:08: Applying transform 3.98107... 
01/29/15::07:38:08:  Assembling U(0,1) 
01/29/15::07:38:08: Assembling BEM matrix block (0,1) 
01/29/15::07:42:48:   Computing ZForce... 
01/29/15::07:42:59: Computing Casimir integrand at Xi=0.601333
 
01/29/15::07:42:59: Assembling T1 at Xi=6.013328e-01... 
01/29/15::07:42:59: Assembling BEM matrix block (0,0) 
01/29/15::07:43:10: Assembling T2 at Xi=6.013328e-01... 
01/29/15::07:43:10: Assembling BEM matrix block (1,1) 
01/29/15::08:29:36: LU-factorizing T1 at Xi=0.601333... 
01/29/15::08:29:36: LU-factorizing T2 at Xi=0.601333... 
01/29/15::08:30:07: Applying transform 3.98107... 
01/29/15::08:30:07:  Assembling U(0,1) 
01/29/15::08:30:07: Assembling BEM matrix block (0,1) 
01/29/15::08:34:38:   Computing ZForce... 
01/29/15::08:34:49: Computing Casimir integrand at Xi=0.687095
 
01/29/15::08:34:49: Assembling T1 at Xi=6.870946e-01... 
01/29/15::08:34:49: Assembling BEM matrix block (0,0) 
01/29/15::08:35:00: Assembling T2 at Xi=6.870946e-01... 
01/29/15::08:35:00: Assembling BEM matrix block (1,1) 
01/29/15::09:21:36: LU-factorizing T1 at Xi=0.687095... 
01/29/15::09:21:36: LU-factorizing T2 at Xi=0.687095... 
01/29/15::09:22:06: Applying transform 3.98107... 
01/29/15::09:22:06:  Assembling U(0,1) 
01/29/15::09:22:06: Assembling BEM matrix block (0,1) 
01/29/15::09:26:34:   Computing ZForce... 
01/29/15::09:26:45: Computing Casimir integrand at Xi=0.729975
 
01/29/15::09:26:45: Assembling T1 at Xi=7.299755e-01... 
01/29/15::09:26:45: Assembling BEM matrix block (0,0) 
01/29/15::09:26:56: Assembling T2 at Xi=7.299755e-01... 
01/29/15::09:26:56: Assembling BEM matrix block (1,1) 
01/29/15::10:13:35: LU-factorizing T1 at Xi=0.729975... 
01/29/15::10:13:35: LU-factorizing T2 at Xi=0.729975... 
01/29/15::10:14:05: Applying transform 3.98107... 
01/29/15::10:14:05:  Assembling U(0,1) 
01/29/15::10:14:05: Assembling BEM matrix block (0,1) 
01/29/15::10:18:34:   Computing ZForce... 
01/29/15::10:18:45: Computing Casimir integrand at Xi=0.772856
 
01/29/15::10:18:45: Assembling T1 at Xi=7.728564e-01... 
01/29/15::10:18:45: Assembling BEM matrix block (0,0) 
01/29/15::10:18:57: Assembling T2 at Xi=7.728564e-01... 
01/29/15::10:18:57: Assembling BEM matrix block (1,1) 
01/29/15::11:05:47: LU-factorizing T1 at Xi=0.772856... 
01/29/15::11:05:47: LU-factorizing T2 at Xi=0.772856... 
01/29/15::11:06:17: Applying transform 3.98107... 
01/29/15::11:06:17:  Assembling U(0,1) 
01/29/15::11:06:17: Assembling BEM matrix block (0,1) 
01/29/15::11:10:47:   Computing ZForce... 
01/29/15::11:10:58: Computing Casimir integrand at Xi=0.815737
 
01/29/15::11:10:58: Assembling T1 at Xi=8.157373e-01... 
01/29/15::11:10:58: Assembling BEM matrix block (0,0) 
01/29/15::11:11:10: Assembling T2 at Xi=8.157373e-01... 
01/29/15::11:11:10: Assembling BEM matrix block (1,1) 
01/29/15::11:57:57: LU-factorizing T1 at Xi=0.815737... 
01/29/15::11:57:57: LU-factorizing T2 at Xi=0.815737... 
01/29/15::11:58:26: Applying transform 3.98107... 
01/29/15::11:58:27:  Assembling U(0,1) 
01/29/15::11:58:27: Assembling BEM matrix block (0,1) 
01/29/15::12:03:03:   Computing ZForce... 
01/29/15::12:03:14: Computing Casimir integrand at Xi=0.858618
 
01/29/15::12:03:14: Assembling T1 at Xi=8.586182e-01... 
01/29/15::12:03:14: Assembling BEM matrix block (0,0) 
01/29/15::12:03:26: Assembling T2 at Xi=8.586182e-01... 
01/29/15::12:03:26: Assembling BEM matrix block (1,1) 
01/29/15::12:50:19: LU-factorizing T1 at Xi=0.858618... 
01/29/15::12:50:19: LU-factorizing T2 at Xi=0.858618... 
01/29/15::12:50:48: Applying transform 3.98107... 
01/29/15::12:50:48:  Assembling U(0,1) 
01/29/15::12:50:48: Assembling BEM matrix block (0,1) 
01/29/15::12:55:17:   Computing ZForce... 
01/29/15::12:55:28: Computing Casimir integrand at Xi=0.901499
 
01/29/15::12:55:28: Assembling T1 at Xi=9.014991e-01... 
01/29/15::12:55:28: Assembling BEM matrix block (0,0) 
01/29/15::12:55:40: Assembling T2 at Xi=9.014991e-01... 
01/29/15::12:55:40: Assembling BEM matrix block (1,1) 
01/29/15::13:42:34: LU-factorizing T1 at Xi=0.901499... 
01/29/15::13:42:34: LU-factorizing T2 at Xi=0.901499... 
01/29/15::13:43:03: Applying transform 3.98107... 
01/29/15::13:43:03:  Assembling U(0,1) 
01/29/15::13:43:03: Assembling BEM matrix block (0,1) 
01/29/15::13:47:32:   Computing ZForce... 
01/29/15::13:47:43: Computing Casimir integrand at Xi=0.94438
 
01/29/15::13:47:43: Assembling T1 at Xi=9.443800e-01... 
01/29/15::13:47:43: Assembling BEM matrix block (0,0) 
01/29/15::13:47:55: Assembling T2 at Xi=9.443800e-01... 
01/29/15::13:47:55: Assembling BEM matrix block (1,1) 
01/29/15::15:10:25: LU-factorizing T1 at Xi=0.94438... 
01/29/15::15:10:25: LU-factorizing T2 at Xi=0.94438... 
01/29/15::15:10:54: Applying transform 3.98107... 
01/29/15::15:10:54:  Assembling U(0,1) 
01/29/15::15:10:54: Assembling BEM matrix block (0,1) 
01/29/15::15:15:17:   Computing ZForce... 
01/29/15::15:15:27: Computing Casimir integrand at Xi=0.987261
 
01/29/15::15:15:27: Assembling T1 at Xi=9.872610e-01... 
01/29/15::15:15:27: Assembling BEM matrix block (0,0) 
01/29/15::15:15:40: Assembling T2 at Xi=9.872610e-01... 
01/29/15::15:15:40: Assembling BEM matrix block (1,1) 
01/29/15::16:38:23: LU-factorizing T1 at Xi=0.987261... 
01/29/15::16:38:23: LU-factorizing T2 at Xi=0.987261... 
01/29/15::16:38:52: Applying transform 3.98107... 
01/29/15::16:38:52:  Assembling U(0,1) 
01/29/15::16:38:52: Assembling BEM matrix block (0,1) 
01/29/15::16:43:15:   Computing ZForce... 
01/29/15::16:43:26: Computing Casimir integrand at Xi=1.03014
 
01/29/15::16:43:26: Assembling T1 at Xi=1.030142e+00... 
01/29/15::16:43:26: Assembling BEM matrix block (0,0) 
01/29/15::16:43:42: Assembling T2 at Xi=1.030142e+00... 
01/29/15::16:43:42: Assembling BEM matrix block (1,1) 
01/29/15::18:06:36: LU-factorizing T1 at Xi=1.03014... 
01/29/15::18:06:36: LU-factorizing T2 at Xi=1.03014... 
01/29/15::18:07:05: Applying transform 3.98107... 
01/29/15::18:07:05:  Assembling U(0,1) 
01/29/15::18:07:05: Assembling BEM matrix block (0,1) 
01/29/15::18:11:29:   Computing ZForce... 
01/29/15::18:11:40: Computing Casimir integrand at Xi=1.07302
 
01/29/15::18:11:40: Assembling T1 at Xi=1.073023e+00... 
01/29/15::18:11:40: Assembling BEM matrix block (0,0) 
01/29/15::18:11:56: Assembling T2 at Xi=1.073023e+00... 
01/29/15::18:11:56: Assembling BEM matrix block (1,1) 
01/29/15::19:34:48: LU-factorizing T1 at Xi=1.07302... 
01/29/15::19:34:48: LU-factorizing T2 at Xi=1.07302... 
01/29/15::19:35:17: Applying transform 3.98107... 
01/29/15::19:35:17:  Assembling U(0,1) 
01/29/15::19:35:17: Assembling BEM matrix block (0,1) 
01/29/15::19:39:40:   Computing ZForce... 
01/29/15::19:39:51: Computing Casimir integrand at Xi=1.1159
 
01/29/15::19:39:51: Assembling T1 at Xi=1.115904e+00... 
01/29/15::19:39:51: Assembling BEM matrix block (0,0) 
01/29/15::19:40:13: Assembling T2 at Xi=1.115904e+00... 
01/29/15::19:40:13: Assembling BEM matrix block (1,1) 
01/29/15::21:03:18: LU-factorizing T1 at Xi=1.1159... 
01/29/15::21:03:18: LU-factorizing T2 at Xi=1.1159... 
01/29/15::21:03:46: Applying transform 3.98107... 
01/29/15::21:03:46:  Assembling U(0,1) 
01/29/15::21:03:46: Assembling BEM matrix block (0,1) 
01/29/15::21:08:08:   Computing ZForce... 
01/29/15::21:08:19: Computing Casimir integrand at Xi=1.15878
 
01/29/15::21:08:19: Assembling T1 at Xi=1.158785e+00... 
01/29/15::21:08:19: Assembling BEM matrix block (0,0) 
01/29/15::21:08:45: Assembling T2 at Xi=1.158785e+00... 
01/29/15::21:08:45: Assembling BEM matrix block (1,1) 
01/29/15::22:32:07: LU-factorizing T1 at Xi=1.15878... 
01/29/15::22:32:07: LU-factorizing T2 at Xi=1.15878... 
01/29/15::22:32:35: Applying transform 3.98107... 
01/29/15::22:32:35:  Assembling U(0,1) 
01/29/15::22:32:35: Assembling BEM matrix block (0,1) 
01/29/15::22:36:57:   Computing ZForce... 
