01/28/15::16:05:26: scuff-cas3D running on barley07.stanford.edu 
01/28/15::16:05:26: Setting material properties of exterior region to VACUUM. 
01/28/15::16:05:26: Flipped 514 panel normals to comport with region definitions. 
01/28/15::16:05:26: Computing full zero-temperature Casimir quantities. 
01/28/15::16:05:26: Read 1 geometrical transformations from file Bead_L-0.251189.trans. 
01/28/15::16:05:27: Minimum distance between surface points=3.511890e-01 
01/28/15::16:05:27: Computing Casimir integrand at Xi=0.001
 
01/28/15::16:05:27: Assembling T1 at Xi=1.000000e-03... 
01/28/15::16:05:27: Assembling BEM matrix block (0,0) 
01/28/15::16:06:15: Assembling T2 at Xi=1.000000e-03... 
01/28/15::16:06:15: Assembling BEM matrix block (1,1) 
01/28/15::16:58:55: LU-factorizing T1 at Xi=0.001... 
01/28/15::16:58:55: LU-factorizing T2 at Xi=0.001... 
01/28/15::16:59:25: Applying transform 0.251189... 
01/28/15::16:59:25:  Assembling U(0,1) 
01/28/15::16:59:25: Assembling BEM matrix block (0,1) 
01/28/15::17:07:32:   Computing ZForce... 
01/28/15::17:07:42: Computing Casimir integrand at Xi=0.250154
 
01/28/15::17:07:42: Assembling T1 at Xi=2.501536e-01... 
01/28/15::17:07:42: Assembling BEM matrix block (0,0) 
01/28/15::17:07:52: Assembling T2 at Xi=2.501536e-01... 
01/28/15::17:07:52: Assembling BEM matrix block (1,1) 
01/28/15::17:54:31: LU-factorizing T1 at Xi=0.250154... 
01/28/15::17:54:31: LU-factorizing T2 at Xi=0.250154... 
01/28/15::17:55:00: Applying transform 0.251189... 
01/28/15::17:55:00:  Assembling U(0,1) 
01/28/15::17:55:00: Assembling BEM matrix block (0,1) 
01/28/15::18:02:40:   Computing ZForce... 
01/28/15::18:02:51: Computing Casimir integrand at Xi=0.499307
 
01/28/15::18:02:51: Assembling T1 at Xi=4.993072e-01... 
01/28/15::18:02:51: Assembling BEM matrix block (0,0) 
01/28/15::18:03:01: Assembling T2 at Xi=4.993072e-01... 
01/28/15::18:03:01: Assembling BEM matrix block (1,1) 
01/28/15::18:49:59: LU-factorizing T1 at Xi=0.499307... 
01/28/15::18:49:59: LU-factorizing T2 at Xi=0.499307... 
01/28/15::18:50:28: Applying transform 0.251189... 
01/28/15::18:50:28:  Assembling U(0,1) 
01/28/15::18:50:28: Assembling BEM matrix block (0,1) 
01/28/15::18:58:08:   Computing ZForce... 
01/28/15::18:58:19: Computing Casimir integrand at Xi=0.997614
 
01/28/15::18:58:19: Assembling T1 at Xi=9.976144e-01... 
01/28/15::18:58:19: Assembling BEM matrix block (0,0) 
01/28/15::18:58:32: Assembling T2 at Xi=9.976144e-01... 
01/28/15::18:58:32: Assembling BEM matrix block (1,1) 
01/28/15::20:21:55: LU-factorizing T1 at Xi=0.997614... 
01/28/15::20:21:55: LU-factorizing T2 at Xi=0.997614... 
01/28/15::20:22:23: Applying transform 0.251189... 
01/28/15::20:22:23:  Assembling U(0,1) 
01/28/15::20:22:23: Assembling BEM matrix block (0,1) 
01/28/15::20:30:00:   Computing ZForce... 
01/28/15::20:30:12: Computing Casimir integrand at Xi=1.49592
 
01/28/15::20:30:12: Assembling T1 at Xi=1.495922e+00... 
01/28/15::20:30:12: Assembling BEM matrix block (0,0) 
01/28/15::20:32:54: Assembling T2 at Xi=1.495922e+00... 
01/28/15::20:32:54: Assembling BEM matrix block (1,1) 
01/28/15::21:57:31: LU-factorizing T1 at Xi=1.49592... 
01/28/15::21:57:31: LU-factorizing T2 at Xi=1.49592... 
01/28/15::21:58:00: Applying transform 0.251189... 
01/28/15::21:58:00:  Assembling U(0,1) 
01/28/15::21:58:00: Assembling BEM matrix block (0,1) 
01/28/15::22:05:26:   Computing ZForce... 
01/28/15::22:05:36: Computing Casimir integrand at Xi=0.748461
 
01/28/15::22:05:36: Assembling T1 at Xi=7.484608e-01... 
01/28/15::22:05:36: Assembling BEM matrix block (0,0) 
01/28/15::22:05:48: Assembling T2 at Xi=7.484608e-01... 
01/28/15::22:05:48: Assembling BEM matrix block (1,1) 
01/28/15::22:52:28: LU-factorizing T1 at Xi=0.748461... 
01/28/15::22:52:28: LU-factorizing T2 at Xi=0.748461... 
01/28/15::22:52:57: Applying transform 0.251189... 
01/28/15::22:52:57:  Assembling U(0,1) 
01/28/15::22:52:57: Assembling BEM matrix block (0,1) 
01/28/15::23:00:32:   Computing ZForce... 
01/28/15::23:00:42: Computing Casimir integrand at Xi=1.24677
 
01/28/15::23:00:42: Assembling T1 at Xi=1.246768e+00... 
01/28/15::23:00:42: Assembling BEM matrix block (0,0) 
01/28/15::23:01:41: Assembling T2 at Xi=1.246768e+00... 
01/28/15::23:01:41: Assembling BEM matrix block (1,1) 
01/29/15::00:25:07: LU-factorizing T1 at Xi=1.24677... 
01/29/15::00:25:07: LU-factorizing T2 at Xi=1.24677... 
01/29/15::00:25:35: Applying transform 0.251189... 
01/29/15::00:25:35:  Assembling U(0,1) 
01/29/15::00:25:35: Assembling BEM matrix block (0,1) 
01/29/15::00:33:01:   Computing ZForce... 
01/29/15::00:33:12: Computing Casimir integrand at Xi=1.49592
 
01/29/15::00:33:12: Assembling T1 at Xi=1.495922e+00... 
01/29/15::00:33:12: Assembling BEM matrix block (0,0) 
01/29/15::00:35:52: Assembling T2 at Xi=1.495922e+00... 
01/29/15::00:35:52: Assembling BEM matrix block (1,1) 
01/29/15::02:00:23: LU-factorizing T1 at Xi=1.49592... 
01/29/15::02:00:23: LU-factorizing T2 at Xi=1.49592... 
01/29/15::02:00:51: Applying transform 0.251189... 
01/29/15::02:00:51:  Assembling U(0,1) 
01/29/15::02:00:51: Assembling BEM matrix block (0,1) 
01/29/15::02:08:18:   Computing ZForce... 
01/29/15::02:08:28: Computing Casimir integrand at Xi=1.12219
 
01/29/15::02:08:28: Assembling T1 at Xi=1.122191e+00... 
01/29/15::02:08:28: Assembling BEM matrix block (0,0) 
01/29/15::02:08:52: Assembling T2 at Xi=1.122191e+00... 
01/29/15::02:08:52: Assembling BEM matrix block (1,1) 
01/29/15::03:32:32: LU-factorizing T1 at Xi=1.12219... 
01/29/15::03:32:32: LU-factorizing T2 at Xi=1.12219... 
01/29/15::03:33:00: Applying transform 0.251189... 
01/29/15::03:33:00:  Assembling U(0,1) 
01/29/15::03:33:00: Assembling BEM matrix block (0,1) 
01/29/15::03:40:27:   Computing ZForce... 
01/29/15::03:40:37: Computing Casimir integrand at Xi=1.49592
 
01/29/15::03:40:37: Assembling T1 at Xi=1.495922e+00... 
01/29/15::03:40:37: Assembling BEM matrix block (0,0) 
01/29/15::03:43:18: Assembling T2 at Xi=1.495922e+00... 
01/29/15::03:43:18: Assembling BEM matrix block (1,1) 
01/29/15::05:07:52: LU-factorizing T1 at Xi=1.49592... 
01/29/15::05:07:52: LU-factorizing T2 at Xi=1.49592... 
01/29/15::05:08:21: Applying transform 0.251189... 
01/29/15::05:08:21:  Assembling U(0,1) 
01/29/15::05:08:21: Assembling BEM matrix block (0,1) 
01/29/15::05:15:47:   Computing ZForce... 
01/29/15::05:15:58: Computing Casimir integrand at Xi=1.74508
 
01/29/15::05:15:58: Assembling T1 at Xi=1.745075e+00... 
01/29/15::05:15:58: Assembling BEM matrix block (0,0) 
01/29/15::05:19:45: Assembling T2 at Xi=1.745075e+00... 
01/29/15::05:19:45: Assembling BEM matrix block (1,1) 
01/29/15::06:46:43: LU-factorizing T1 at Xi=1.74508... 
01/29/15::06:46:43: LU-factorizing T2 at Xi=1.74508... 
01/29/15::06:47:11: Applying transform 0.251189... 
01/29/15::06:47:11:  Assembling U(0,1) 
01/29/15::06:47:11: Assembling BEM matrix block (0,1) 
01/29/15::06:54:34:   Computing ZForce... 
01/29/15::06:54:45: Computing Casimir integrand at Xi=1.37134
 
01/29/15::06:54:45: Assembling T1 at Xi=1.371345e+00... 
01/29/15::06:54:45: Assembling BEM matrix block (0,0) 
01/29/15::06:56:33: Assembling T2 at Xi=1.371345e+00... 
01/29/15::06:56:33: Assembling BEM matrix block (1,1) 
01/29/15::08:20:25: LU-factorizing T1 at Xi=1.37134... 
01/29/15::08:20:25: LU-factorizing T2 at Xi=1.37134... 
01/29/15::08:20:53: Applying transform 0.251189... 
01/29/15::08:20:53:  Assembling U(0,1) 
01/29/15::08:20:53: Assembling BEM matrix block (0,1) 
01/29/15::08:28:19:   Computing ZForce... 
01/29/15::08:28:30: Computing Casimir integrand at Xi=1.6205
 
01/29/15::08:28:30: Assembling T1 at Xi=1.620498e+00... 
01/29/15::08:28:30: Assembling BEM matrix block (0,0) 
01/29/15::08:31:54: Assembling T2 at Xi=1.620498e+00... 
01/29/15::08:31:54: Assembling BEM matrix block (1,1) 
01/29/15::09:57:43: LU-factorizing T1 at Xi=1.6205... 
01/29/15::09:57:43: LU-factorizing T2 at Xi=1.6205... 
01/29/15::09:58:11: Applying transform 0.251189... 
01/29/15::09:58:11:  Assembling U(0,1) 
01/29/15::09:58:11: Assembling BEM matrix block (0,1) 
01/29/15::10:05:36:   Computing ZForce... 
01/29/15::10:05:47: Computing Casimir integrand at Xi=1.74508
 
01/29/15::10:05:47: Assembling T1 at Xi=1.745075e+00... 
01/29/15::10:05:47: Assembling BEM matrix block (0,0) 
01/29/15::10:09:34: Assembling T2 at Xi=1.745075e+00... 
01/29/15::10:09:34: Assembling BEM matrix block (1,1) 
01/29/15::11:36:30: LU-factorizing T1 at Xi=1.74508... 
01/29/15::11:36:30: LU-factorizing T2 at Xi=1.74508... 
01/29/15::11:36:58: Applying transform 0.251189... 
01/29/15::11:36:58:  Assembling U(0,1) 
01/29/15::11:36:58: Assembling BEM matrix block (0,1) 
01/29/15::11:44:19:   Computing ZForce... 
01/29/15::11:44:30: Computing Casimir integrand at Xi=1.55821
 
01/29/15::11:44:30: Assembling T1 at Xi=1.558210e+00... 
01/29/15::11:44:30: Assembling BEM matrix block (0,0) 
01/29/15::11:47:32: Assembling T2 at Xi=1.558210e+00... 
01/29/15::11:47:32: Assembling BEM matrix block (1,1) 
01/29/15::13:12:55: LU-factorizing T1 at Xi=1.55821... 
01/29/15::13:12:55: LU-factorizing T2 at Xi=1.55821... 
01/29/15::13:13:23: Applying transform 0.251189... 
01/29/15::13:13:23:  Assembling U(0,1) 
01/29/15::13:13:23: Assembling BEM matrix block (0,1) 
01/29/15::13:20:48:   Computing ZForce... 
01/29/15::13:20:58: Computing Casimir integrand at Xi=1.74508
 
01/29/15::13:20:58: Assembling T1 at Xi=1.745075e+00... 
01/29/15::13:20:58: Assembling BEM matrix block (0,0) 
01/29/15::13:24:46: Assembling T2 at Xi=1.745075e+00... 
01/29/15::13:24:46: Assembling BEM matrix block (1,1) 
01/29/15::14:51:41: LU-factorizing T1 at Xi=1.74508... 
01/29/15::14:51:41: LU-factorizing T2 at Xi=1.74508... 
01/29/15::14:52:09: Applying transform 0.251189... 
01/29/15::14:52:09:  Assembling U(0,1) 
01/29/15::14:52:09: Assembling BEM matrix block (0,1) 
01/29/15::14:59:30:   Computing ZForce... 
01/29/15::14:59:41: Computing Casimir integrand at Xi=1.86965
 
01/29/15::14:59:41: Assembling T1 at Xi=1.869652e+00... 
01/29/15::14:59:41: Assembling BEM matrix block (0,0) 
01/29/15::15:03:36: Assembling T2 at Xi=1.869652e+00... 
01/29/15::15:03:36: Assembling BEM matrix block (1,1) 
01/29/15::16:31:11: LU-factorizing T1 at Xi=1.86965... 
01/29/15::16:31:11: LU-factorizing T2 at Xi=1.86965... 
01/29/15::16:31:39: Applying transform 0.251189... 
01/29/15::16:31:39:  Assembling U(0,1) 
01/29/15::16:31:39: Assembling BEM matrix block (0,1) 
01/29/15::16:39:02:   Computing ZForce... 
01/29/15::16:39:13: Computing Casimir integrand at Xi=1.68279
 
01/29/15::16:39:13: Assembling T1 at Xi=1.682787e+00... 
01/29/15::16:39:13: Assembling BEM matrix block (0,0) 
01/29/15::16:42:49: Assembling T2 at Xi=1.682787e+00... 
01/29/15::16:42:49: Assembling BEM matrix block (1,1) 
01/29/15::18:09:16: LU-factorizing T1 at Xi=1.68279... 
01/29/15::18:09:16: LU-factorizing T2 at Xi=1.68279... 
01/29/15::18:09:45: Applying transform 0.251189... 
01/29/15::18:09:45:  Assembling U(0,1) 
01/29/15::18:09:45: Assembling BEM matrix block (0,1) 
01/29/15::18:17:07:   Computing ZForce... 
01/29/15::18:17:17: Computing Casimir integrand at Xi=1.65164
 
01/29/15::18:17:17: Assembling T1 at Xi=1.651643e+00... 
01/29/15::18:17:17: Assembling BEM matrix block (0,0) 
01/29/15::18:20:47: Assembling T2 at Xi=1.651643e+00... 
01/29/15::18:20:47: Assembling BEM matrix block (1,1) 
01/29/15::19:46:59: LU-factorizing T1 at Xi=1.65164... 
01/29/15::19:46:59: LU-factorizing T2 at Xi=1.65164... 
01/29/15::19:47:27: Applying transform 0.251189... 
01/29/15::19:47:27:  Assembling U(0,1) 
01/29/15::19:47:27: Assembling BEM matrix block (0,1) 
01/29/15::19:54:50:   Computing ZForce... 
01/29/15::19:55:00: Computing Casimir integrand at Xi=1.74508
 
01/29/15::19:55:00: Assembling T1 at Xi=1.745075e+00... 
01/29/15::19:55:00: Assembling BEM matrix block (0,0) 
01/29/15::19:58:47: Assembling T2 at Xi=1.745075e+00... 
01/29/15::19:58:47: Assembling BEM matrix block (1,1) 
01/29/15::21:25:47: LU-factorizing T1 at Xi=1.74508... 
01/29/15::21:25:47: LU-factorizing T2 at Xi=1.74508... 
01/29/15::21:26:16: Applying transform 0.251189... 
01/29/15::21:26:16:  Assembling U(0,1) 
01/29/15::21:26:16: Assembling BEM matrix block (0,1) 
01/29/15::21:33:37:   Computing ZForce... 
01/29/15::21:33:48: Computing Casimir integrand at Xi=1.80736
 
01/29/15::21:33:48: Assembling T1 at Xi=1.807364e+00... 
01/29/15::21:33:48: Assembling BEM matrix block (0,0) 
01/29/15::21:37:40: Assembling T2 at Xi=1.807364e+00... 
01/29/15::21:37:40: Assembling BEM matrix block (1,1) 
01/29/15::23:05:03: LU-factorizing T1 at Xi=1.80736... 
01/29/15::23:05:03: LU-factorizing T2 at Xi=1.80736... 
01/29/15::23:05:31: Applying transform 0.251189... 
01/29/15::23:05:31:  Assembling U(0,1) 
01/29/15::23:05:31: Assembling BEM matrix block (0,1) 
01/29/15::23:12:55:   Computing ZForce... 
01/29/15::23:13:06: Computing Casimir integrand at Xi=1.71393
 
01/29/15::23:13:06: Assembling T1 at Xi=1.713931e+00... 
01/29/15::23:13:06: Assembling BEM matrix block (0,0) 
01/29/15::23:16:50: Assembling T2 at Xi=1.713931e+00... 
01/29/15::23:16:50: Assembling BEM matrix block (1,1) 
01/30/15::00:43:43: LU-factorizing T1 at Xi=1.71393... 
01/30/15::00:43:43: LU-factorizing T2 at Xi=1.71393... 
01/30/15::00:44:11: Applying transform 0.251189... 
01/30/15::00:44:11:  Assembling U(0,1) 
01/30/15::00:44:11: Assembling BEM matrix block (0,1) 
01/30/15::00:51:33:   Computing ZForce... 
01/30/15::00:51:44: Computing Casimir integrand at Xi=1.69836
 
01/30/15::00:51:44: Assembling T1 at Xi=1.698359e+00... 
01/30/15::00:51:44: Assembling BEM matrix block (0,0) 
01/30/15::00:55:26: Assembling T2 at Xi=1.698359e+00... 
01/30/15::00:55:26: Assembling BEM matrix block (1,1) 
01/30/15::02:22:05: LU-factorizing T1 at Xi=1.69836... 
01/30/15::02:22:05: LU-factorizing T2 at Xi=1.69836... 
01/30/15::02:22:33: Applying transform 0.251189... 
01/30/15::02:22:33:  Assembling U(0,1) 
01/30/15::02:22:33: Assembling BEM matrix block (0,1) 
01/30/15::02:29:56:   Computing ZForce... 
01/30/15::02:30:07: Computing Casimir integrand at Xi=1.69057
 
01/30/15::02:30:07: Assembling T1 at Xi=1.690573e+00... 
01/30/15::02:30:07: Assembling BEM matrix block (0,0) 
01/30/15::02:33:48: Assembling T2 at Xi=1.690573e+00... 
01/30/15::02:33:48: Assembling BEM matrix block (1,1) 
01/30/15::04:00:25: LU-factorizing T1 at Xi=1.69057... 
01/30/15::04:00:25: LU-factorizing T2 at Xi=1.69057... 
01/30/15::04:00:53: Applying transform 0.251189... 
01/30/15::04:00:53:  Assembling U(0,1) 
01/30/15::04:00:53: Assembling BEM matrix block (0,1) 
01/30/15::04:08:15:   Computing ZForce... 
01/30/15::04:08:26: Computing Casimir integrand at Xi=1.71393
 
01/30/15::04:08:26: Assembling T1 at Xi=1.713931e+00... 
01/30/15::04:08:26: Assembling BEM matrix block (0,0) 
01/30/15::04:12:11: Assembling T2 at Xi=1.713931e+00... 
01/30/15::04:12:11: Assembling BEM matrix block (1,1) 
01/30/15::05:39:01: LU-factorizing T1 at Xi=1.71393... 
01/30/15::05:39:01: LU-factorizing T2 at Xi=1.71393... 
01/30/15::05:39:30: Applying transform 0.251189... 
01/30/15::05:39:30:  Assembling U(0,1) 
01/30/15::05:39:30: Assembling BEM matrix block (0,1) 
01/30/15::05:46:52:   Computing ZForce... 
01/30/15::05:47:03: Computing Casimir integrand at Xi=1.7295
 
01/30/15::05:47:03: Assembling T1 at Xi=1.729503e+00... 
01/30/15::05:47:03: Assembling BEM matrix block (0,0) 
01/30/15::05:50:49: Assembling T2 at Xi=1.729503e+00... 
01/30/15::05:50:49: Assembling BEM matrix block (1,1) 
01/30/15::07:17:47: LU-factorizing T1 at Xi=1.7295... 
01/30/15::07:17:47: LU-factorizing T2 at Xi=1.7295... 
01/30/15::07:18:15: Applying transform 0.251189... 
01/30/15::07:18:15:  Assembling U(0,1) 
01/30/15::07:18:15: Assembling BEM matrix block (0,1) 
01/30/15::07:25:37:   Computing ZForce... 
01/30/15::07:25:48: Computing Casimir integrand at Xi=1.70614
 
01/30/15::07:25:48: Assembling T1 at Xi=1.706145e+00... 
01/30/15::07:25:48: Assembling BEM matrix block (0,0) 
01/30/15::07:29:32: Assembling T2 at Xi=1.706145e+00... 
01/30/15::07:29:32: Assembling BEM matrix block (1,1) 
01/30/15::08:56:23: LU-factorizing T1 at Xi=1.70614... 
01/30/15::08:56:23: LU-factorizing T2 at Xi=1.70614... 
01/30/15::08:56:51: Applying transform 0.251189... 
01/30/15::08:56:51:  Assembling U(0,1) 
01/30/15::08:56:51: Assembling BEM matrix block (0,1) 
01/30/15::09:04:13:   Computing ZForce... 
01/30/15::09:04:24: Computing Casimir integrand at Xi=1.70225
 
01/30/15::09:04:24: Assembling T1 at Xi=1.702252e+00... 
01/30/15::09:04:24: Assembling BEM matrix block (0,0) 
01/30/15::09:08:07: Assembling T2 at Xi=1.702252e+00... 
01/30/15::09:08:07: Assembling BEM matrix block (1,1) 
01/30/15::10:34:49: LU-factorizing T1 at Xi=1.70225... 
01/30/15::10:34:49: LU-factorizing T2 at Xi=1.70225... 
01/30/15::10:35:17: Applying transform 0.251189... 
01/30/15::10:35:17:  Assembling U(0,1) 
01/30/15::10:35:17: Assembling BEM matrix block (0,1) 
01/30/15::10:42:42:   Computing ZForce... 
01/30/15::10:42:53: Computing Casimir integrand at Xi=1.71393
 
01/30/15::10:42:53: Assembling T1 at Xi=1.713931e+00... 
01/30/15::10:42:53: Assembling BEM matrix block (0,0) 
01/30/15::10:46:38: Assembling T2 at Xi=1.713931e+00... 
01/30/15::10:46:38: Assembling BEM matrix block (1,1) 
01/30/15::12:13:30: LU-factorizing T1 at Xi=1.71393... 
01/30/15::12:13:30: LU-factorizing T2 at Xi=1.71393... 
01/30/15::12:13:58: Applying transform 0.251189... 
01/30/15::12:13:58:  Assembling U(0,1) 
01/30/15::12:13:58: Assembling BEM matrix block (0,1) 
01/30/15::12:21:21:   Computing ZForce... 
01/30/15::12:21:32: Computing Casimir integrand at Xi=1.72172
 
01/30/15::12:21:32: Assembling T1 at Xi=1.721717e+00... 
01/30/15::12:21:32: Assembling BEM matrix block (0,0) 
01/30/15::12:25:18: Assembling T2 at Xi=1.721717e+00... 
01/30/15::12:25:18: Assembling BEM matrix block (1,1) 
01/30/15::13:52:12: LU-factorizing T1 at Xi=1.72172... 
01/30/15::13:52:12: LU-factorizing T2 at Xi=1.72172... 
01/30/15::13:52:41: Applying transform 0.251189... 
01/30/15::13:52:41:  Assembling U(0,1) 
01/30/15::13:52:41: Assembling BEM matrix block (0,1) 
01/30/15::14:00:04:   Computing ZForce... 
01/30/15::14:00:14: Computing Casimir integrand at Xi=1.71004
 
01/30/15::14:00:14: Assembling T1 at Xi=1.710038e+00... 
01/30/15::14:00:14: Assembling BEM matrix block (0,0) 
01/30/15::14:03:58: Assembling T2 at Xi=1.710038e+00... 
01/30/15::14:03:58: Assembling BEM matrix block (1,1) 
01/30/15::15:30:48: LU-factorizing T1 at Xi=1.71004... 
01/30/15::15:30:48: LU-factorizing T2 at Xi=1.71004... 
01/30/15::15:31:17: Applying transform 0.251189... 
01/30/15::15:31:17:  Assembling U(0,1) 
01/30/15::15:31:17: Assembling BEM matrix block (0,1) 
01/30/15::15:38:40:   Computing ZForce... 
01/30/15::15:38:50: Computing Casimir integrand at Xi=1.70809
 
01/30/15::15:38:50: Assembling T1 at Xi=1.708091e+00... 
01/30/15::15:38:50: Assembling BEM matrix block (0,0) 
01/30/15::15:42:35: Assembling T2 at Xi=1.708091e+00... 
01/30/15::15:42:35: Assembling BEM matrix block (1,1) 
