01/28/15::16:05:26: scuff-cas3D running on barley07.stanford.edu 
01/28/15::16:05:26: Setting material properties of exterior region to VACUUM. 
01/28/15::16:05:26: Flipped 514 panel normals to comport with region definitions. 
01/28/15::16:05:26: Computing full zero-temperature Casimir quantities. 
01/28/15::16:05:26: Read 1 geometrical transformations from file Bead_L-0.158489.trans. 
01/28/15::16:05:27: Minimum distance between surface points=2.584890e-01 
01/28/15::16:05:27: Computing Casimir integrand at Xi=0.001
 
01/28/15::16:05:27: Assembling T1 at Xi=1.000000e-03... 
01/28/15::16:05:27: Assembling BEM matrix block (0,0) 
01/28/15::16:06:15: Assembling T2 at Xi=1.000000e-03... 
01/28/15::16:06:15: Assembling BEM matrix block (1,1) 
01/28/15::16:58:26: LU-factorizing T1 at Xi=0.001... 
01/28/15::16:58:27: LU-factorizing T2 at Xi=0.001... 
01/28/15::16:58:55: Applying transform 0.158489... 
01/28/15::16:58:55:  Assembling U(0,1) 
01/28/15::16:58:55: Assembling BEM matrix block (0,1) 
01/28/15::17:07:00:   Computing ZForce... 
01/28/15::17:07:11: Computing Casimir integrand at Xi=0.339506
 
01/28/15::17:07:11: Assembling T1 at Xi=3.395057e-01... 
01/28/15::17:07:11: Assembling BEM matrix block (0,0) 
01/28/15::17:07:21: Assembling T2 at Xi=3.395057e-01... 
01/28/15::17:07:21: Assembling BEM matrix block (1,1) 
01/28/15::17:53:57: LU-factorizing T1 at Xi=0.339506... 
01/28/15::17:53:57: LU-factorizing T2 at Xi=0.339506... 
01/28/15::17:54:26: Applying transform 0.158489... 
01/28/15::17:54:26:  Assembling U(0,1) 
01/28/15::17:54:26: Assembling BEM matrix block (0,1) 
01/28/15::18:02:03:   Computing ZForce... 
01/28/15::18:02:14: Computing Casimir integrand at Xi=0.678011
 
01/28/15::18:02:14: Assembling T1 at Xi=6.780114e-01... 
01/28/15::18:02:14: Assembling BEM matrix block (0,0) 
01/28/15::18:02:25: Assembling T2 at Xi=6.780114e-01... 
01/28/15::18:02:25: Assembling BEM matrix block (1,1) 
01/28/15::18:49:06: LU-factorizing T1 at Xi=0.678011... 
01/28/15::18:49:06: LU-factorizing T2 at Xi=0.678011... 
01/28/15::18:49:35: Applying transform 0.158489... 
01/28/15::18:49:35:  Assembling U(0,1) 
01/28/15::18:49:35: Assembling BEM matrix block (0,1) 
01/28/15::18:57:13:   Computing ZForce... 
01/28/15::18:57:24: Computing Casimir integrand at Xi=1.35502
 
01/28/15::18:57:24: Assembling T1 at Xi=1.355023e+00... 
01/28/15::18:57:24: Assembling BEM matrix block (0,0) 
01/28/15::18:59:06: Assembling T2 at Xi=1.355023e+00... 
01/28/15::18:59:06: Assembling BEM matrix block (1,1) 
01/28/15::20:22:06: LU-factorizing T1 at Xi=1.35502... 
01/28/15::20:22:06: LU-factorizing T2 at Xi=1.35502... 
01/28/15::20:22:34: Applying transform 0.158489... 
01/28/15::20:22:34:  Assembling U(0,1) 
01/28/15::20:22:34: Assembling BEM matrix block (0,1) 
01/28/15::20:30:08:   Computing ZForce... 
01/28/15::20:30:19: Computing Casimir integrand at Xi=2.03203
 
01/28/15::20:30:19: Assembling T1 at Xi=2.032034e+00... 
01/28/15::20:30:19: Assembling BEM matrix block (0,0) 
01/28/15::20:34:18: Assembling T2 at Xi=2.032034e+00... 
01/28/15::20:34:18: Assembling BEM matrix block (1,1) 
01/28/15::22:01:11: LU-factorizing T1 at Xi=2.03203... 
01/28/15::22:01:11: LU-factorizing T2 at Xi=2.03203... 
01/28/15::22:01:39: Applying transform 0.158489... 
01/28/15::22:01:39:  Assembling U(0,1) 
01/28/15::22:01:39: Assembling BEM matrix block (0,1) 
01/28/15::22:09:06:   Computing ZForce... 
01/28/15::22:09:16: Computing Casimir integrand at Xi=1.01652
 
01/28/15::22:09:16: Assembling T1 at Xi=1.016517e+00... 
01/28/15::22:09:16: Assembling BEM matrix block (0,0) 
01/28/15::22:09:30: Assembling T2 at Xi=1.016517e+00... 
01/28/15::22:09:30: Assembling BEM matrix block (1,1) 
01/28/15::23:32:05: LU-factorizing T1 at Xi=1.01652... 
01/28/15::23:32:05: LU-factorizing T2 at Xi=1.01652... 
01/28/15::23:32:33: Applying transform 0.158489... 
01/28/15::23:32:33:  Assembling U(0,1) 
01/28/15::23:32:33: Assembling BEM matrix block (0,1) 
01/28/15::23:40:03:   Computing ZForce... 
01/28/15::23:40:14: Computing Casimir integrand at Xi=0.847264
 
01/28/15::23:40:14: Assembling T1 at Xi=8.472643e-01... 
01/28/15::23:40:14: Assembling BEM matrix block (0,0) 
01/28/15::23:40:26: Assembling T2 at Xi=8.472643e-01... 
01/28/15::23:40:26: Assembling BEM matrix block (1,1) 
01/29/15::00:27:26: LU-factorizing T1 at Xi=0.847264... 
01/29/15::00:27:26: LU-factorizing T2 at Xi=0.847264... 
01/29/15::00:27:55: Applying transform 0.158489... 
01/29/15::00:27:55:  Assembling U(0,1) 
01/29/15::00:27:55: Assembling BEM matrix block (0,1) 
01/29/15::00:35:33:   Computing ZForce... 
01/29/15::00:35:44: Computing Casimir integrand at Xi=1.35502
 
01/29/15::00:35:44: Assembling T1 at Xi=1.355023e+00... 
01/29/15::00:35:44: Assembling BEM matrix block (0,0) 
01/29/15::00:37:26: Assembling T2 at Xi=1.355023e+00... 
01/29/15::00:37:26: Assembling BEM matrix block (1,1) 
01/29/15::02:00:19: LU-factorizing T1 at Xi=1.35502... 
01/29/15::02:00:19: LU-factorizing T2 at Xi=1.35502... 
01/29/15::02:00:48: Applying transform 0.158489... 
01/29/15::02:00:48:  Assembling U(0,1) 
01/29/15::02:00:48: Assembling BEM matrix block (0,1) 
01/29/15::02:08:18:   Computing ZForce... 
01/29/15::02:08:29: Computing Casimir integrand at Xi=1.69353
 
01/29/15::02:08:29: Assembling T1 at Xi=1.693529e+00... 
01/29/15::02:08:29: Assembling BEM matrix block (0,0) 
01/29/15::02:12:11: Assembling T2 at Xi=1.693529e+00... 
01/29/15::02:12:11: Assembling BEM matrix block (1,1) 
01/29/15::03:37:58: LU-factorizing T1 at Xi=1.69353... 
01/29/15::03:37:58: LU-factorizing T2 at Xi=1.69353... 
01/29/15::03:38:26: Applying transform 0.158489... 
01/29/15::03:38:26:  Assembling U(0,1) 
01/29/15::03:38:26: Assembling BEM matrix block (0,1) 
01/29/15::03:45:53:   Computing ZForce... 
01/29/15::03:46:03: Computing Casimir integrand at Xi=1.18577
 
01/29/15::03:46:03: Assembling T1 at Xi=1.185770e+00... 
01/29/15::03:46:03: Assembling BEM matrix block (0,0) 
01/29/15::03:46:42: Assembling T2 at Xi=1.185770e+00... 
01/29/15::03:46:42: Assembling BEM matrix block (1,1) 
01/29/15::05:09:20: LU-factorizing T1 at Xi=1.18577... 
01/29/15::05:09:20: LU-factorizing T2 at Xi=1.18577... 
01/29/15::05:09:49: Applying transform 0.158489... 
01/29/15::05:09:49:  Assembling U(0,1) 
01/29/15::05:09:49: Assembling BEM matrix block (0,1) 
01/29/15::05:17:19:   Computing ZForce... 
01/29/15::05:17:29: Computing Casimir integrand at Xi=1.69353
 
01/29/15::05:17:29: Assembling T1 at Xi=1.693529e+00... 
01/29/15::05:17:29: Assembling BEM matrix block (0,0) 
01/29/15::05:21:10: Assembling T2 at Xi=1.693529e+00... 
01/29/15::05:21:10: Assembling BEM matrix block (1,1) 
01/29/15::06:46:55: LU-factorizing T1 at Xi=1.69353... 
01/29/15::06:46:55: LU-factorizing T2 at Xi=1.69353... 
01/29/15::06:47:23: Applying transform 0.158489... 
01/29/15::06:47:23:  Assembling U(0,1) 
01/29/15::06:47:23: Assembling BEM matrix block (0,1) 
01/29/15::06:54:51:   Computing ZForce... 
01/29/15::06:55:01: Computing Casimir integrand at Xi=2.03203
 
01/29/15::06:55:01: Assembling T1 at Xi=2.032034e+00... 
01/29/15::06:55:01: Assembling BEM matrix block (0,0) 
01/29/15::06:58:58: Assembling T2 at Xi=2.032034e+00... 
01/29/15::06:58:58: Assembling BEM matrix block (1,1) 
01/29/15::08:25:56: LU-factorizing T1 at Xi=2.03203... 
01/29/15::08:25:56: LU-factorizing T2 at Xi=2.03203... 
01/29/15::08:26:24: Applying transform 0.158489... 
01/29/15::08:26:24:  Assembling U(0,1) 
01/29/15::08:26:24: Assembling BEM matrix block (0,1) 
01/29/15::08:33:54:   Computing ZForce... 
01/29/15::08:34:04: Computing Casimir integrand at Xi=1.52428
 
01/29/15::08:34:04: Assembling T1 at Xi=1.524276e+00... 
01/29/15::08:34:04: Assembling BEM matrix block (0,0) 
01/29/15::08:36:56: Assembling T2 at Xi=1.524276e+00... 
01/29/15::08:36:56: Assembling BEM matrix block (1,1) 
01/29/15::10:01:20: LU-factorizing T1 at Xi=1.52428... 
01/29/15::10:01:20: LU-factorizing T2 at Xi=1.52428... 
01/29/15::10:01:48: Applying transform 0.158489... 
01/29/15::10:01:48:  Assembling U(0,1) 
01/29/15::10:01:48: Assembling BEM matrix block (0,1) 
01/29/15::10:09:17:   Computing ZForce... 
01/29/15::10:09:28: Computing Casimir integrand at Xi=2.03203
 
01/29/15::10:09:28: Assembling T1 at Xi=2.032034e+00... 
01/29/15::10:09:28: Assembling BEM matrix block (0,0) 
01/29/15::10:13:25: Assembling T2 at Xi=2.032034e+00... 
01/29/15::10:13:25: Assembling BEM matrix block (1,1) 
01/29/15::11:40:17: LU-factorizing T1 at Xi=2.03203... 
01/29/15::11:40:17: LU-factorizing T2 at Xi=2.03203... 
01/29/15::11:40:46: Applying transform 0.158489... 
01/29/15::11:40:46:  Assembling U(0,1) 
01/29/15::11:40:46: Assembling BEM matrix block (0,1) 
01/29/15::11:48:11:   Computing ZForce... 
01/29/15::11:48:22: Computing Casimir integrand at Xi=2.37054
 
01/29/15::11:48:22: Assembling T1 at Xi=2.370540e+00... 
01/29/15::11:48:22: Assembling BEM matrix block (0,0) 
01/29/15::11:52:23: Assembling T2 at Xi=2.370540e+00... 
01/29/15::11:52:23: Assembling BEM matrix block (1,1) 
01/29/15::13:19:32: LU-factorizing T1 at Xi=2.37054... 
01/29/15::13:19:32: LU-factorizing T2 at Xi=2.37054... 
01/29/15::13:20:00: Applying transform 0.158489... 
01/29/15::13:20:00:  Assembling U(0,1) 
01/29/15::13:20:00: Assembling BEM matrix block (0,1) 
01/29/15::13:27:27:   Computing ZForce... 
01/29/15::13:27:37: Computing Casimir integrand at Xi=1.86278
 
01/29/15::13:27:37: Assembling T1 at Xi=1.862781e+00... 
01/29/15::13:27:37: Assembling BEM matrix block (0,0) 
01/29/15::13:31:32: Assembling T2 at Xi=1.862781e+00... 
01/29/15::13:31:32: Assembling BEM matrix block (1,1) 
01/29/15::14:57:58: LU-factorizing T1 at Xi=1.86278... 
01/29/15::14:57:58: LU-factorizing T2 at Xi=1.86278... 
01/29/15::14:58:27: Applying transform 0.158489... 
01/29/15::14:58:27:  Assembling U(0,1) 
01/29/15::14:58:27: Assembling BEM matrix block (0,1) 
01/29/15::15:05:53:   Computing ZForce... 
01/29/15::15:06:03: Computing Casimir integrand at Xi=1.77815
 
01/29/15::15:06:03: Assembling T1 at Xi=1.778155e+00... 
01/29/15::15:06:03: Assembling BEM matrix block (0,0) 
01/29/15::15:09:54: Assembling T2 at Xi=1.778155e+00... 
01/29/15::15:09:54: Assembling BEM matrix block (1,1) 
01/29/15::16:36:03: LU-factorizing T1 at Xi=1.77815... 
01/29/15::16:36:03: LU-factorizing T2 at Xi=1.77815... 
01/29/15::16:36:32: Applying transform 0.158489... 
01/29/15::16:36:32:  Assembling U(0,1) 
01/29/15::16:36:32: Assembling BEM matrix block (0,1) 
01/29/15::16:43:58:   Computing ZForce... 
01/29/15::16:44:08: Computing Casimir integrand at Xi=1.73584
 
01/29/15::16:44:08: Assembling T1 at Xi=1.735842e+00... 
01/29/15::16:44:08: Assembling BEM matrix block (0,0) 
01/29/15::16:47:55: Assembling T2 at Xi=1.735842e+00... 
01/29/15::16:47:55: Assembling BEM matrix block (1,1) 
01/29/15::18:13:51: LU-factorizing T1 at Xi=1.73584... 
01/29/15::18:13:51: LU-factorizing T2 at Xi=1.73584... 
01/29/15::18:14:19: Applying transform 0.158489... 
01/29/15::18:14:19:  Assembling U(0,1) 
01/29/15::18:14:19: Assembling BEM matrix block (0,1) 
01/29/15::18:21:44:   Computing ZForce... 
01/29/15::18:21:55: Computing Casimir integrand at Xi=1.71469
 
01/29/15::18:21:55: Assembling T1 at Xi=1.714685e+00... 
01/29/15::18:21:55: Assembling BEM matrix block (0,0) 
01/29/15::18:25:40: Assembling T2 at Xi=1.714685e+00... 
01/29/15::18:25:40: Assembling BEM matrix block (1,1) 
01/29/15::19:51:30: LU-factorizing T1 at Xi=1.71469... 
01/29/15::19:51:30: LU-factorizing T2 at Xi=1.71469... 
01/29/15::19:51:58: Applying transform 0.158489... 
01/29/15::19:51:58:  Assembling U(0,1) 
01/29/15::19:51:58: Assembling BEM matrix block (0,1) 
01/29/15::19:59:24:   Computing ZForce... 
01/29/15::19:59:35: Computing Casimir integrand at Xi=1.70411
 
01/29/15::19:59:35: Assembling T1 at Xi=1.704107e+00... 
01/29/15::19:59:35: Assembling BEM matrix block (0,0) 
01/29/15::20:03:19: Assembling T2 at Xi=1.704107e+00... 
01/29/15::20:03:19: Assembling BEM matrix block (1,1) 
01/29/15::21:29:04: LU-factorizing T1 at Xi=1.70411... 
01/29/15::21:29:05: LU-factorizing T2 at Xi=1.70411... 
01/29/15::21:29:33: Applying transform 0.158489... 
01/29/15::21:29:33:  Assembling U(0,1) 
01/29/15::21:29:33: Assembling BEM matrix block (0,1) 
01/29/15::21:36:59:   Computing ZForce... 
01/29/15::21:37:10: Computing Casimir integrand at Xi=1.69882
 
01/29/15::21:37:10: Assembling T1 at Xi=1.698818e+00... 
01/29/15::21:37:10: Assembling BEM matrix block (0,0) 
01/29/15::21:40:53: Assembling T2 at Xi=1.698818e+00... 
01/29/15::21:40:53: Assembling BEM matrix block (1,1) 
01/29/15::23:06:33: LU-factorizing T1 at Xi=1.69882... 
01/29/15::23:06:33: LU-factorizing T2 at Xi=1.69882... 
01/29/15::23:07:02: Applying transform 0.158489... 
01/29/15::23:07:02:  Assembling U(0,1) 
01/29/15::23:07:02: Assembling BEM matrix block (0,1) 
01/29/15::23:14:28:   Computing ZForce... 
01/29/15::23:14:39: Computing Casimir integrand at Xi=1.71469
 
01/29/15::23:14:39: Assembling T1 at Xi=1.714685e+00... 
01/29/15::23:14:39: Assembling BEM matrix block (0,0) 
01/29/15::23:18:23: Assembling T2 at Xi=1.714685e+00... 
01/29/15::23:18:23: Assembling BEM matrix block (1,1) 
01/30/15::00:44:17: LU-factorizing T1 at Xi=1.71469... 
01/30/15::00:44:17: LU-factorizing T2 at Xi=1.71469... 
01/30/15::00:44:45: Applying transform 0.158489... 
01/30/15::00:44:45:  Assembling U(0,1) 
01/30/15::00:44:45: Assembling BEM matrix block (0,1) 
01/30/15::00:52:11:   Computing ZForce... 
01/30/15::00:52:22: Computing Casimir integrand at Xi=1.72526
 
01/30/15::00:52:22: Assembling T1 at Xi=1.725263e+00... 
01/30/15::00:52:22: Assembling BEM matrix block (0,0) 
01/30/15::00:56:08: Assembling T2 at Xi=1.725263e+00... 
01/30/15::00:56:08: Assembling BEM matrix block (1,1) 
01/30/15::02:22:04: LU-factorizing T1 at Xi=1.72526... 
01/30/15::02:22:04: LU-factorizing T2 at Xi=1.72526... 
01/30/15::02:22:33: Applying transform 0.158489... 
01/30/15::02:22:33:  Assembling U(0,1) 
01/30/15::02:22:33: Assembling BEM matrix block (0,1) 
01/30/15::02:29:59:   Computing ZForce... 
01/30/15::02:30:10: Computing Casimir integrand at Xi=1.7094
 
01/30/15::02:30:10: Assembling T1 at Xi=1.709396e+00... 
01/30/15::02:30:10: Assembling BEM matrix block (0,0) 
01/30/15::02:33:54: Assembling T2 at Xi=1.709396e+00... 
01/30/15::02:33:54: Assembling BEM matrix block (1,1) 
01/30/15::03:59:45: LU-factorizing T1 at Xi=1.7094... 
01/30/15::03:59:45: LU-factorizing T2 at Xi=1.7094... 
01/30/15::04:00:13: Applying transform 0.158489... 
01/30/15::04:00:13:  Assembling U(0,1) 
01/30/15::04:00:13: Assembling BEM matrix block (0,1) 
01/30/15::04:07:39:   Computing ZForce... 
01/30/15::04:07:50: Computing Casimir integrand at Xi=1.70675
 
01/30/15::04:07:50: Assembling T1 at Xi=1.706751e+00... 
01/30/15::04:07:50: Assembling BEM matrix block (0,0) 
01/30/15::04:11:34: Assembling T2 at Xi=1.706751e+00... 
01/30/15::04:11:34: Assembling BEM matrix block (1,1) 
01/30/15::05:37:22: LU-factorizing T1 at Xi=1.70675... 
01/30/15::05:37:22: LU-factorizing T2 at Xi=1.70675... 
01/30/15::05:37:51: Applying transform 0.158489... 
01/30/15::05:37:51:  Assembling U(0,1) 
01/30/15::05:37:51: Assembling BEM matrix block (0,1) 
01/30/15::05:45:16:   Computing ZForce... 
01/30/15::05:45:27: Computing Casimir integrand at Xi=1.70543
 
01/30/15::05:45:27: Assembling T1 at Xi=1.705429e+00... 
01/30/15::05:45:27: Assembling BEM matrix block (0,0) 
01/30/15::05:49:11: Assembling T2 at Xi=1.705429e+00... 
01/30/15::05:49:11: Assembling BEM matrix block (1,1) 
01/30/15::07:15:00: LU-factorizing T1 at Xi=1.70543... 
01/30/15::07:15:00: LU-factorizing T2 at Xi=1.70543... 
01/30/15::07:15:29: Applying transform 0.158489... 
01/30/15::07:15:29:  Assembling U(0,1) 
01/30/15::07:15:29: Assembling BEM matrix block (0,1) 
01/30/15::07:22:55:   Computing ZForce... 
01/30/15::07:23:06: Computing Casimir integrand at Xi=1.70477
 
01/30/15::07:23:06: Assembling T1 at Xi=1.704768e+00... 
01/30/15::07:23:06: Assembling BEM matrix block (0,0) 
01/30/15::07:26:50: Assembling T2 at Xi=1.704768e+00... 
01/30/15::07:26:50: Assembling BEM matrix block (1,1) 
01/30/15::08:52:40: LU-factorizing T1 at Xi=1.70477... 
01/30/15::08:52:40: LU-factorizing T2 at Xi=1.70477... 
01/30/15::08:53:08: Applying transform 0.158489... 
01/30/15::08:53:08:  Assembling U(0,1) 
01/30/15::08:53:08: Assembling BEM matrix block (0,1) 
01/30/15::09:00:35:   Computing ZForce... 
01/30/15::09:00:46: Computing Casimir integrand at Xi=1.70675
 
01/30/15::09:00:46: Assembling T1 at Xi=1.706751e+00... 
01/30/15::09:00:46: Assembling BEM matrix block (0,0) 
01/30/15::09:04:30: Assembling T2 at Xi=1.706751e+00... 
01/30/15::09:04:30: Assembling BEM matrix block (1,1) 
01/30/15::10:30:29: LU-factorizing T1 at Xi=1.70675... 
01/30/15::10:30:29: LU-factorizing T2 at Xi=1.70675... 
01/30/15::10:30:57: Applying transform 0.158489... 
01/30/15::10:30:57:  Assembling U(0,1) 
01/30/15::10:30:57: Assembling BEM matrix block (0,1) 
01/30/15::10:38:24:   Computing ZForce... 
01/30/15::10:38:35: Computing Casimir integrand at Xi=1.70807
 
01/30/15::10:38:35: Assembling T1 at Xi=1.708074e+00... 
01/30/15::10:38:35: Assembling BEM matrix block (0,0) 
01/30/15::10:42:19: Assembling T2 at Xi=1.708074e+00... 
01/30/15::10:42:19: Assembling BEM matrix block (1,1) 
01/30/15::12:08:08: LU-factorizing T1 at Xi=1.70807... 
01/30/15::12:08:08: LU-factorizing T2 at Xi=1.70807... 
01/30/15::12:08:37: Applying transform 0.158489... 
01/30/15::12:08:37:  Assembling U(0,1) 
01/30/15::12:08:37: Assembling BEM matrix block (0,1) 
01/30/15::12:16:03:   Computing ZForce... 
01/30/15::12:16:14: Computing Casimir integrand at Xi=1.70609
 
01/30/15::12:16:14: Assembling T1 at Xi=1.706090e+00... 
01/30/15::12:16:14: Assembling BEM matrix block (0,0) 
01/30/15::12:19:58: Assembling T2 at Xi=1.706090e+00... 
01/30/15::12:19:58: Assembling BEM matrix block (1,1) 
01/30/15::13:45:47: LU-factorizing T1 at Xi=1.70609... 
01/30/15::13:45:47: LU-factorizing T2 at Xi=1.70609... 
01/30/15::13:46:15: Applying transform 0.158489... 
01/30/15::13:46:15:  Assembling U(0,1) 
01/30/15::13:46:15: Assembling BEM matrix block (0,1) 
01/30/15::13:53:42:   Computing ZForce... 
01/30/15::13:53:52: Computing Casimir integrand at Xi=1.70576
 
01/30/15::13:53:52: Assembling T1 at Xi=1.705760e+00... 
01/30/15::13:53:52: Assembling BEM matrix block (0,0) 
01/30/15::13:57:37: Assembling T2 at Xi=1.705760e+00... 
01/30/15::13:57:37: Assembling BEM matrix block (1,1) 
01/30/15::15:23:22: LU-factorizing T1 at Xi=1.70576... 
01/30/15::15:23:22: LU-factorizing T2 at Xi=1.70576... 
01/30/15::15:23:51: Applying transform 0.158489... 
01/30/15::15:23:51:  Assembling U(0,1) 
01/30/15::15:23:51: Assembling BEM matrix block (0,1) 
01/30/15::15:31:17:   Computing ZForce... 
01/30/15::15:31:28: Computing Casimir integrand at Xi=1.70675
 
01/30/15::15:31:28: Assembling T1 at Xi=1.706751e+00... 
01/30/15::15:31:28: Assembling BEM matrix block (0,0) 
01/30/15::15:35:13: Assembling T2 at Xi=1.706751e+00... 
01/30/15::15:35:13: Assembling BEM matrix block (1,1) 
