03/23/15::08:10:46: scuff-cas3D running on hequ0095 
03/23/15::08:10:46: Setting material properties of exterior region to VACUUM. 
03/23/15::08:10:46: Flipped 2683 panel normals to comport with region definitions. 
03/23/15::08:10:46: Computing full Matsubara-summed Casimir quantities at T=3.000000e+02 Kelvin. 
03/23/15::08:10:46: Read 1 geometrical transformations from file RatioBeadCubePEC_L-30.0_grid-0.4_T-300.trans. 
03/23/15::08:10:46: Beginning Matsubara sum at T=300 kelvin... 
03/23/15::08:10:46: Computing Casimir integrand at Xi=0.001
 
03/23/15::08:10:46: Assembling T1 at Xi=1.000000e-03... 
03/23/15::08:10:46: Assembling BEM matrix block (0,0) 
03/23/15::08:12:08: Assembling T2 at Xi=1.000000e-03... 
03/23/15::08:12:08: Assembling BEM matrix block (1,1) 
03/23/15::08:30:40: LU-factorizing T1 at Xi=0.001... 
03/23/15::08:30:40: LU-factorizing T2 at Xi=0.001... 
03/23/15::08:31:38: Applying transform 0... 
03/23/15::08:31:38:  Assembling U(0,1) 
03/23/15::08:31:38: Assembling BEM matrix block (0,1) 
03/23/15::08:36:09:   Computing ZForce... 
03/23/15::08:36:39: Computing Casimir integrand at Xi=0.823279
 
03/23/15::08:36:39: Assembling T1 at Xi=8.232789e-01... 
03/23/15::08:36:39: Assembling BEM matrix block (0,0) 
03/23/15::08:36:53: Assembling T2 at Xi=8.232789e-01... 
03/23/15::08:36:53: Assembling BEM matrix block (1,1) 
03/23/15::08:52:04: LU-factorizing T1 at Xi=0.823279... 
03/23/15::08:52:04: LU-factorizing T2 at Xi=0.823279... 
03/23/15::08:53:03: Applying transform 0... 
03/23/15::08:53:03:  Assembling U(0,1) 
03/23/15::08:53:03: Assembling BEM matrix block (0,1) 
03/23/15::08:57:32:   Computing ZForce... 
03/23/15::08:58:02: Computing Casimir integrand at Xi=1.64656
 
03/23/15::08:58:02: Assembling T1 at Xi=1.646558e+00... 
03/23/15::08:58:02: Assembling BEM matrix block (0,0) 
03/23/15::08:58:16: Assembling T2 at Xi=1.646558e+00... 
03/23/15::08:58:16: Assembling BEM matrix block (1,1) 
03/23/15::09:18:40: LU-factorizing T1 at Xi=1.64656... 
03/23/15::09:18:40: LU-factorizing T2 at Xi=1.64656... 
03/23/15::09:19:39: Applying transform 0... 
03/23/15::09:19:39:  Assembling U(0,1) 
03/23/15::09:19:39: Assembling BEM matrix block (0,1) 
03/23/15::09:24:12:   Computing ZForce... 
03/23/15::09:24:43: Matsubara sum converged after summing n=2 frequency points. 
