01/28/15::16:05:26: scuff-cas3D running on barley07.stanford.edu 
01/28/15::16:05:26: Setting material properties of exterior region to VACUUM. 
01/28/15::16:05:26: Flipped 514 panel normals to comport with region definitions. 
01/28/15::16:05:26: Computing full zero-temperature Casimir quantities. 
01/28/15::16:05:26: Read 1 geometrical transformations from file Bead_L-0.501187.trans. 
01/28/15::16:05:27: Minimum distance between surface points=6.011870e-01 
01/28/15::16:05:27: Computing Casimir integrand at Xi=0.001
 
01/28/15::16:05:27: Assembling T1 at Xi=1.000000e-03... 
01/28/15::16:05:27: Assembling BEM matrix block (0,0) 
01/28/15::16:06:15: Assembling T2 at Xi=1.000000e-03... 
01/28/15::16:06:15: Assembling BEM matrix block (1,1) 
01/28/15::16:58:39: LU-factorizing T1 at Xi=0.001... 
01/28/15::16:58:40: LU-factorizing T2 at Xi=0.001... 
01/28/15::16:59:09: Applying transform 0.501187... 
01/28/15::16:59:09:  Assembling U(0,1) 
01/28/15::16:59:09: Assembling BEM matrix block (0,1) 
01/28/15::17:07:00:   Computing ZForce... 
01/28/15::17:07:12: Computing Casimir integrand at Xi=0.146545
 
01/28/15::17:07:12: Assembling T1 at Xi=1.465454e-01... 
01/28/15::17:07:12: Assembling BEM matrix block (0,0) 
01/28/15::17:07:21: Assembling T2 at Xi=1.465454e-01... 
01/28/15::17:07:21: Assembling BEM matrix block (1,1) 
01/28/15::17:53:57: LU-factorizing T1 at Xi=0.146545... 
01/28/15::17:53:57: LU-factorizing T2 at Xi=0.146545... 
01/28/15::17:54:25: Applying transform 0.501187... 
01/28/15::17:54:25:  Assembling U(0,1) 
01/28/15::17:54:25: Assembling BEM matrix block (0,1) 
01/28/15::18:01:49:   Computing ZForce... 
01/28/15::18:02:00: Computing Casimir integrand at Xi=0.292091
 
01/28/15::18:02:00: Assembling T1 at Xi=2.920908e-01... 
01/28/15::18:02:00: Assembling BEM matrix block (0,0) 
01/28/15::18:02:10: Assembling T2 at Xi=2.920908e-01... 
01/28/15::18:02:10: Assembling BEM matrix block (1,1) 
01/28/15::18:48:52: LU-factorizing T1 at Xi=0.292091... 
01/28/15::18:48:52: LU-factorizing T2 at Xi=0.292091... 
01/28/15::18:49:21: Applying transform 0.501187... 
01/28/15::18:49:21:  Assembling U(0,1) 
01/28/15::18:49:21: Assembling BEM matrix block (0,1) 
01/28/15::18:56:45:   Computing ZForce... 
01/28/15::18:56:56: Computing Casimir integrand at Xi=0.583182
 
01/28/15::18:56:56: Assembling T1 at Xi=5.831816e-01... 
01/28/15::18:56:56: Assembling BEM matrix block (0,0) 
01/28/15::18:57:07: Assembling T2 at Xi=5.831816e-01... 
01/28/15::18:57:07: Assembling BEM matrix block (1,1) 
01/28/15::19:44:14: LU-factorizing T1 at Xi=0.583182... 
01/28/15::19:44:14: LU-factorizing T2 at Xi=0.583182... 
01/28/15::19:44:43: Applying transform 0.501187... 
01/28/15::19:44:43:  Assembling U(0,1) 
01/28/15::19:44:43: Assembling BEM matrix block (0,1) 
01/28/15::19:52:09:   Computing ZForce... 
01/28/15::19:52:20: Computing Casimir integrand at Xi=0.874272
 
01/28/15::19:52:20: Assembling T1 at Xi=8.742724e-01... 
01/28/15::19:52:20: Assembling BEM matrix block (0,0) 
01/28/15::19:52:32: Assembling T2 at Xi=8.742724e-01... 
01/28/15::19:52:32: Assembling BEM matrix block (1,1) 
01/28/15::20:40:14: LU-factorizing T1 at Xi=0.874272... 
01/28/15::20:40:14: LU-factorizing T2 at Xi=0.874272... 
01/28/15::20:40:42: Applying transform 0.501187... 
01/28/15::20:40:42:  Assembling U(0,1) 
01/28/15::20:40:42: Assembling BEM matrix block (0,1) 
01/28/15::20:48:11:   Computing ZForce... 
01/28/15::20:48:21: Computing Casimir integrand at Xi=0.437636
 
01/28/15::20:48:21: Assembling T1 at Xi=4.376362e-01... 
01/28/15::20:48:21: Assembling BEM matrix block (0,0) 
01/28/15::20:48:31: Assembling T2 at Xi=4.376362e-01... 
01/28/15::20:48:31: Assembling BEM matrix block (1,1) 
01/28/15::21:35:23: LU-factorizing T1 at Xi=0.437636... 
01/28/15::21:35:23: LU-factorizing T2 at Xi=0.437636... 
01/28/15::21:35:52: Applying transform 0.501187... 
01/28/15::21:35:52:  Assembling U(0,1) 
01/28/15::21:35:52: Assembling BEM matrix block (0,1) 
01/28/15::21:43:16:   Computing ZForce... 
01/28/15::21:43:27: Computing Casimir integrand at Xi=0.874272
 
01/28/15::21:43:27: Assembling T1 at Xi=8.742724e-01... 
01/28/15::21:43:27: Assembling BEM matrix block (0,0) 
01/28/15::21:43:39: Assembling T2 at Xi=8.742724e-01... 
01/28/15::21:43:39: Assembling BEM matrix block (1,1) 
01/28/15::22:31:16: LU-factorizing T1 at Xi=0.874272... 
01/28/15::22:31:16: LU-factorizing T2 at Xi=0.874272... 
01/28/15::22:31:44: Applying transform 0.501187... 
01/28/15::22:31:44:  Assembling U(0,1) 
01/28/15::22:31:44: Assembling BEM matrix block (0,1) 
01/28/15::22:39:12:   Computing ZForce... 
01/28/15::22:39:23: Computing Casimir integrand at Xi=1.16536
 
01/28/15::22:39:23: Assembling T1 at Xi=1.165363e+00... 
01/28/15::22:39:23: Assembling BEM matrix block (0,0) 
01/28/15::22:39:54: Assembling T2 at Xi=1.165363e+00... 
01/28/15::22:39:54: Assembling BEM matrix block (1,1) 
01/29/15::00:03:47: LU-factorizing T1 at Xi=1.16536... 
01/29/15::00:03:47: LU-factorizing T2 at Xi=1.16536... 
01/29/15::00:04:15: Applying transform 0.501187... 
01/29/15::00:04:15:  Assembling U(0,1) 
01/29/15::00:04:15: Assembling BEM matrix block (0,1) 
01/29/15::00:11:37:   Computing ZForce... 
01/29/15::00:11:48: Computing Casimir integrand at Xi=0.728727
 
01/29/15::00:11:48: Assembling T1 at Xi=7.287270e-01... 
01/29/15::00:11:48: Assembling BEM matrix block (0,0) 
01/29/15::00:11:59: Assembling T2 at Xi=7.287270e-01... 
01/29/15::00:11:59: Assembling BEM matrix block (1,1) 
01/29/15::00:59:17: LU-factorizing T1 at Xi=0.728727... 
01/29/15::00:59:18: LU-factorizing T2 at Xi=0.728727... 
01/29/15::00:59:46: Applying transform 0.501187... 
01/29/15::00:59:46:  Assembling U(0,1) 
01/29/15::00:59:46: Assembling BEM matrix block (0,1) 
01/29/15::01:07:12:   Computing ZForce... 
01/29/15::01:07:23: Computing Casimir integrand at Xi=1.16536
 
01/29/15::01:07:23: Assembling T1 at Xi=1.165363e+00... 
01/29/15::01:07:23: Assembling BEM matrix block (0,0) 
01/29/15::01:07:54: Assembling T2 at Xi=1.165363e+00... 
01/29/15::01:07:54: Assembling BEM matrix block (1,1) 
01/29/15::02:31:54: LU-factorizing T1 at Xi=1.16536... 
01/29/15::02:31:54: LU-factorizing T2 at Xi=1.16536... 
01/29/15::02:32:22: Applying transform 0.501187... 
01/29/15::02:32:22:  Assembling U(0,1) 
01/29/15::02:32:22: Assembling BEM matrix block (0,1) 
01/29/15::02:39:43:   Computing ZForce... 
01/29/15::02:39:54: Computing Casimir integrand at Xi=1.45645
 
01/29/15::02:39:54: Assembling T1 at Xi=1.456454e+00... 
01/29/15::02:39:54: Assembling BEM matrix block (0,0) 
01/29/15::02:42:25: Assembling T2 at Xi=1.456454e+00... 
01/29/15::02:42:25: Assembling BEM matrix block (1,1) 
01/29/15::04:07:19: LU-factorizing T1 at Xi=1.45645... 
01/29/15::04:07:19: LU-factorizing T2 at Xi=1.45645... 
01/29/15::04:07:48: Applying transform 0.501187... 
01/29/15::04:07:48:  Assembling U(0,1) 
01/29/15::04:07:48: Assembling BEM matrix block (0,1) 
01/29/15::04:15:10:   Computing ZForce... 
01/29/15::04:15:21: Computing Casimir integrand at Xi=1.01982
 
01/29/15::04:15:21: Assembling T1 at Xi=1.019818e+00... 
01/29/15::04:15:21: Assembling BEM matrix block (0,0) 
01/29/15::04:15:34: Assembling T2 at Xi=1.019818e+00... 
01/29/15::04:15:34: Assembling BEM matrix block (1,1) 
01/29/15::05:39:28: LU-factorizing T1 at Xi=1.01982... 
01/29/15::05:39:28: LU-factorizing T2 at Xi=1.01982... 
01/29/15::05:39:56: Applying transform 0.501187... 
01/29/15::05:39:56:  Assembling U(0,1) 
01/29/15::05:39:56: Assembling BEM matrix block (0,1) 
01/29/15::05:47:18:   Computing ZForce... 
01/29/15::05:47:29: Computing Casimir integrand at Xi=1.45645
 
01/29/15::05:47:29: Assembling T1 at Xi=1.456454e+00... 
01/29/15::05:47:29: Assembling BEM matrix block (0,0) 
01/29/15::05:49:59: Assembling T2 at Xi=1.456454e+00... 
01/29/15::05:49:59: Assembling BEM matrix block (1,1) 
01/29/15::07:14:57: LU-factorizing T1 at Xi=1.45645... 
01/29/15::07:14:57: LU-factorizing T2 at Xi=1.45645... 
01/29/15::07:15:25: Applying transform 0.501187... 
01/29/15::07:15:25:  Assembling U(0,1) 
01/29/15::07:15:25: Assembling BEM matrix block (0,1) 
01/29/15::07:22:48:   Computing ZForce... 
01/29/15::07:22:58: Computing Casimir integrand at Xi=1.74754
 
01/29/15::07:22:58: Assembling T1 at Xi=1.747545e+00... 
01/29/15::07:22:58: Assembling BEM matrix block (0,0) 
01/29/15::07:26:49: Assembling T2 at Xi=1.747545e+00... 
01/29/15::07:26:49: Assembling BEM matrix block (1,1) 
01/29/15::08:54:26: LU-factorizing T1 at Xi=1.74754... 
01/29/15::08:54:26: LU-factorizing T2 at Xi=1.74754... 
01/29/15::08:54:54: Applying transform 0.501187... 
01/29/15::08:54:54:  Assembling U(0,1) 
01/29/15::08:54:54: Assembling BEM matrix block (0,1) 
01/29/15::09:02:18:   Computing ZForce... 
01/29/15::09:02:28: Computing Casimir integrand at Xi=1.31091
 
01/29/15::09:02:28: Assembling T1 at Xi=1.310909e+00... 
01/29/15::09:02:28: Assembling BEM matrix block (0,0) 
01/29/15::09:03:48: Assembling T2 at Xi=1.310909e+00... 
01/29/15::09:03:48: Assembling BEM matrix block (1,1) 
01/29/15::10:28:09: LU-factorizing T1 at Xi=1.31091... 
01/29/15::10:28:09: LU-factorizing T2 at Xi=1.31091... 
01/29/15::10:28:37: Applying transform 0.501187... 
01/29/15::10:28:37:  Assembling U(0,1) 
01/29/15::10:28:37: Assembling BEM matrix block (0,1) 
01/29/15::10:36:05:   Computing ZForce... 
01/29/15::10:36:15: Computing Casimir integrand at Xi=1.602
 
01/29/15::10:36:15: Assembling T1 at Xi=1.601999e+00... 
01/29/15::10:36:15: Assembling BEM matrix block (0,0) 
01/29/15::10:39:36: Assembling T2 at Xi=1.601999e+00... 
01/29/15::10:39:36: Assembling BEM matrix block (1,1) 
01/29/15::12:05:58: LU-factorizing T1 at Xi=1.602... 
01/29/15::12:05:58: LU-factorizing T2 at Xi=1.602... 
01/29/15::12:06:26: Applying transform 0.501187... 
01/29/15::12:06:26:  Assembling U(0,1) 
01/29/15::12:06:26: Assembling BEM matrix block (0,1) 
01/29/15::12:13:50:   Computing ZForce... 
01/29/15::12:14:01: Computing Casimir integrand at Xi=1.74754
 
01/29/15::12:14:01: Assembling T1 at Xi=1.747545e+00... 
01/29/15::12:14:01: Assembling BEM matrix block (0,0) 
01/29/15::12:17:53: Assembling T2 at Xi=1.747545e+00... 
01/29/15::12:17:53: Assembling BEM matrix block (1,1) 
01/29/15::13:45:30: LU-factorizing T1 at Xi=1.74754... 
01/29/15::13:45:30: LU-factorizing T2 at Xi=1.74754... 
01/29/15::13:45:58: Applying transform 0.501187... 
01/29/15::13:45:58:  Assembling U(0,1) 
01/29/15::13:45:58: Assembling BEM matrix block (0,1) 
01/29/15::13:53:17:   Computing ZForce... 
01/29/15::13:53:28: Computing Casimir integrand at Xi=1.52923
 
01/29/15::13:53:28: Assembling T1 at Xi=1.529227e+00... 
01/29/15::13:53:28: Assembling BEM matrix block (0,0) 
01/29/15::13:56:25: Assembling T2 at Xi=1.529227e+00... 
01/29/15::13:56:25: Assembling BEM matrix block (1,1) 
01/29/15::15:22:15: LU-factorizing T1 at Xi=1.52923... 
01/29/15::15:22:15: LU-factorizing T2 at Xi=1.52923... 
01/29/15::15:22:43: Applying transform 0.501187... 
01/29/15::15:22:43:  Assembling U(0,1) 
01/29/15::15:22:43: Assembling BEM matrix block (0,1) 
01/29/15::15:30:04:   Computing ZForce... 
01/29/15::15:30:15: Computing Casimir integrand at Xi=1.74754
 
01/29/15::15:30:15: Assembling T1 at Xi=1.747545e+00... 
01/29/15::15:30:15: Assembling BEM matrix block (0,0) 
01/29/15::15:34:07: Assembling T2 at Xi=1.747545e+00... 
01/29/15::15:34:07: Assembling BEM matrix block (1,1) 
01/29/15::17:01:43: LU-factorizing T1 at Xi=1.74754... 
01/29/15::17:01:44: LU-factorizing T2 at Xi=1.74754... 
01/29/15::17:02:12: Applying transform 0.501187... 
01/29/15::17:02:12:  Assembling U(0,1) 
01/29/15::17:02:12: Assembling BEM matrix block (0,1) 
01/29/15::17:09:31:   Computing ZForce... 
01/29/15::17:09:42: Computing Casimir integrand at Xi=1.89309
 
01/29/15::17:09:42: Assembling T1 at Xi=1.893090e+00... 
01/29/15::17:09:42: Assembling BEM matrix block (0,0) 
01/29/15::17:13:39: Assembling T2 at Xi=1.893090e+00... 
01/29/15::17:13:39: Assembling BEM matrix block (1,1) 
01/29/15::18:41:52: LU-factorizing T1 at Xi=1.89309... 
01/29/15::18:41:52: LU-factorizing T2 at Xi=1.89309... 
01/29/15::18:42:20: Applying transform 0.501187... 
01/29/15::18:42:20:  Assembling U(0,1) 
01/29/15::18:42:20: Assembling BEM matrix block (0,1) 
01/29/15::18:49:40:   Computing ZForce... 
01/29/15::18:49:50: Computing Casimir integrand at Xi=1.67477
 
01/29/15::18:49:50: Assembling T1 at Xi=1.674772e+00... 
01/29/15::18:49:50: Assembling BEM matrix block (0,0) 
01/29/15::18:53:29: Assembling T2 at Xi=1.674772e+00... 
01/29/15::18:53:29: Assembling BEM matrix block (1,1) 
01/29/15::20:20:32: LU-factorizing T1 at Xi=1.67477... 
01/29/15::20:20:32: LU-factorizing T2 at Xi=1.67477... 
01/29/15::20:21:00: Applying transform 0.501187... 
01/29/15::20:21:00:  Assembling U(0,1) 
01/29/15::20:21:00: Assembling BEM matrix block (0,1) 
01/29/15::20:28:20:   Computing ZForce... 
01/29/15::20:28:30: Computing Casimir integrand at Xi=1.63839
 
01/29/15::20:28:30: Assembling T1 at Xi=1.638386e+00... 
01/29/15::20:28:30: Assembling BEM matrix block (0,0) 
01/29/15::20:31:59: Assembling T2 at Xi=1.638386e+00... 
01/29/15::20:31:59: Assembling BEM matrix block (1,1) 
01/29/15::21:58:40: LU-factorizing T1 at Xi=1.63839... 
01/29/15::21:58:40: LU-factorizing T2 at Xi=1.63839... 
01/29/15::21:59:08: Applying transform 0.501187... 
01/29/15::21:59:08:  Assembling U(0,1) 
01/29/15::21:59:08: Assembling BEM matrix block (0,1) 
01/29/15::22:06:29:   Computing ZForce... 
01/29/15::22:06:39: Computing Casimir integrand at Xi=1.74754
 
01/29/15::22:06:39: Assembling T1 at Xi=1.747545e+00... 
01/29/15::22:06:39: Assembling BEM matrix block (0,0) 
01/29/15::22:10:31: Assembling T2 at Xi=1.747545e+00... 
01/29/15::22:10:31: Assembling BEM matrix block (1,1) 
01/29/15::23:38:12: LU-factorizing T1 at Xi=1.74754... 
01/29/15::23:38:12: LU-factorizing T2 at Xi=1.74754... 
01/29/15::23:38:40: Applying transform 0.501187... 
01/29/15::23:38:40:  Assembling U(0,1) 
01/29/15::23:38:40: Assembling BEM matrix block (0,1) 
01/29/15::23:45:59:   Computing ZForce... 
01/29/15::23:46:09: Computing Casimir integrand at Xi=1.82032
 
01/29/15::23:46:09: Assembling T1 at Xi=1.820317e+00... 
01/29/15::23:46:09: Assembling BEM matrix block (0,0) 
01/29/15::23:50:06: Assembling T2 at Xi=1.820317e+00... 
01/29/15::23:50:06: Assembling BEM matrix block (1,1) 
01/30/15::01:18:08: LU-factorizing T1 at Xi=1.82032... 
01/30/15::01:18:08: LU-factorizing T2 at Xi=1.82032... 
01/30/15::01:18:36: Applying transform 0.501187... 
01/30/15::01:18:36:  Assembling U(0,1) 
01/30/15::01:18:36: Assembling BEM matrix block (0,1) 
01/30/15::01:25:56:   Computing ZForce... 
01/30/15::01:26:07: Computing Casimir integrand at Xi=1.71116
 
01/30/15::01:26:07: Assembling T1 at Xi=1.711158e+00... 
01/30/15::01:26:07: Assembling BEM matrix block (0,0) 
01/30/15::01:29:56: Assembling T2 at Xi=1.711158e+00... 
01/30/15::01:29:56: Assembling BEM matrix block (1,1) 
01/30/15::02:57:21: LU-factorizing T1 at Xi=1.71116... 
01/30/15::02:57:21: LU-factorizing T2 at Xi=1.71116... 
01/30/15::02:57:49: Applying transform 0.501187... 
01/30/15::02:57:49:  Assembling U(0,1) 
01/30/15::02:57:49: Assembling BEM matrix block (0,1) 
01/30/15::03:05:08:   Computing ZForce... 
01/30/15::03:05:19: Computing Casimir integrand at Xi=1.69297
 
01/30/15::03:05:19: Assembling T1 at Xi=1.692965e+00... 
01/30/15::03:05:19: Assembling BEM matrix block (0,0) 
01/30/15::03:09:06: Assembling T2 at Xi=1.692965e+00... 
01/30/15::03:09:06: Assembling BEM matrix block (1,1) 
01/30/15::04:36:13: LU-factorizing T1 at Xi=1.69297... 
01/30/15::04:36:13: LU-factorizing T2 at Xi=1.69297... 
01/30/15::04:36:42: Applying transform 0.501187... 
01/30/15::04:36:42:  Assembling U(0,1) 
01/30/15::04:36:42: Assembling BEM matrix block (0,1) 
01/30/15::04:44:02:   Computing ZForce... 
01/30/15::04:44:13: Computing Casimir integrand at Xi=1.68387
 
01/30/15::04:44:13: Assembling T1 at Xi=1.683869e+00... 
01/30/15::04:44:13: Assembling BEM matrix block (0,0) 
01/30/15::04:47:54: Assembling T2 at Xi=1.683869e+00... 
01/30/15::04:47:54: Assembling BEM matrix block (1,1) 
01/30/15::06:14:56: LU-factorizing T1 at Xi=1.68387... 
01/30/15::06:14:56: LU-factorizing T2 at Xi=1.68387... 
01/30/15::06:15:24: Applying transform 0.501187... 
01/30/15::06:15:24:  Assembling U(0,1) 
01/30/15::06:15:24: Assembling BEM matrix block (0,1) 
01/30/15::06:22:44:   Computing ZForce... 
01/30/15::06:22:54: Computing Casimir integrand at Xi=1.71116
 
01/30/15::06:22:54: Assembling T1 at Xi=1.711158e+00... 
01/30/15::06:22:54: Assembling BEM matrix block (0,0) 
01/30/15::06:26:43: Assembling T2 at Xi=1.711158e+00... 
01/30/15::06:26:43: Assembling BEM matrix block (1,1) 
01/30/15::07:54:08: LU-factorizing T1 at Xi=1.71116... 
01/30/15::07:54:09: LU-factorizing T2 at Xi=1.71116... 
01/30/15::07:54:37: Applying transform 0.501187... 
01/30/15::07:54:37:  Assembling U(0,1) 
01/30/15::07:54:37: Assembling BEM matrix block (0,1) 
01/30/15::08:01:57:   Computing ZForce... 
01/30/15::08:02:07: Computing Casimir integrand at Xi=1.72935
 
01/30/15::08:02:07: Assembling T1 at Xi=1.729352e+00... 
01/30/15::08:02:07: Assembling BEM matrix block (0,0) 
01/30/15::08:05:59: Assembling T2 at Xi=1.729352e+00... 
01/30/15::08:05:59: Assembling BEM matrix block (1,1) 
01/30/15::09:33:32: LU-factorizing T1 at Xi=1.72935... 
01/30/15::09:33:32: LU-factorizing T2 at Xi=1.72935... 
01/30/15::09:34:00: Applying transform 0.501187... 
01/30/15::09:34:00:  Assembling U(0,1) 
01/30/15::09:34:00: Assembling BEM matrix block (0,1) 
01/30/15::09:41:19:   Computing ZForce... 
01/30/15::09:41:30: Computing Casimir integrand at Xi=1.70206
 
01/30/15::09:41:30: Assembling T1 at Xi=1.702062e+00... 
01/30/15::09:41:30: Assembling BEM matrix block (0,0) 
01/30/15::09:45:18: Assembling T2 at Xi=1.702062e+00... 
01/30/15::09:45:18: Assembling BEM matrix block (1,1) 
01/30/15::11:12:31: LU-factorizing T1 at Xi=1.70206... 
01/30/15::11:12:31: LU-factorizing T2 at Xi=1.70206... 
01/30/15::11:12:59: Applying transform 0.501187... 
01/30/15::11:12:59:  Assembling U(0,1) 
01/30/15::11:12:59: Assembling BEM matrix block (0,1) 
01/30/15::11:20:19:   Computing ZForce... 
01/30/15::11:20:29: Computing Casimir integrand at Xi=1.69751
 
01/30/15::11:20:29: Assembling T1 at Xi=1.697514e+00... 
01/30/15::11:20:29: Assembling BEM matrix block (0,0) 
01/30/15::11:24:17: Assembling T2 at Xi=1.697514e+00... 
01/30/15::11:24:17: Assembling BEM matrix block (1,1) 
01/30/15::12:51:34: LU-factorizing T1 at Xi=1.69751... 
01/30/15::12:51:34: LU-factorizing T2 at Xi=1.69751... 
01/30/15::12:52:02: Applying transform 0.501187... 
01/30/15::12:52:03:  Assembling U(0,1) 
01/30/15::12:52:03: Assembling BEM matrix block (0,1) 
01/30/15::12:59:22:   Computing ZForce... 
01/30/15::12:59:33: Computing Casimir integrand at Xi=1.71116
 
01/30/15::12:59:33: Assembling T1 at Xi=1.711158e+00... 
01/30/15::12:59:33: Assembling BEM matrix block (0,0) 
01/30/15::13:03:20: Assembling T2 at Xi=1.711158e+00... 
01/30/15::13:03:20: Assembling BEM matrix block (1,1) 
01/30/15::14:30:52: LU-factorizing T1 at Xi=1.71116... 
01/30/15::14:30:52: LU-factorizing T2 at Xi=1.71116... 
01/30/15::14:31:20: Applying transform 0.501187... 
01/30/15::14:31:20:  Assembling U(0,1) 
01/30/15::14:31:20: Assembling BEM matrix block (0,1) 
01/30/15::14:38:38:   Computing ZForce... 
01/30/15::14:38:49: Computing Casimir integrand at Xi=1.72025
 
01/30/15::14:38:49: Assembling T1 at Xi=1.720255e+00... 
01/30/15::14:38:49: Assembling BEM matrix block (0,0) 
01/30/15::14:42:39: Assembling T2 at Xi=1.720255e+00... 
01/30/15::14:42:39: Assembling BEM matrix block (1,1) 
