03/23/15::08:10:55: scuff-cas3D running on hequ0101 
03/23/15::08:10:55: Setting material properties of exterior region to VACUUM. 
03/23/15::08:10:55: Flipped 1740 panel normals to comport with region definitions. 
03/23/15::08:10:55: Computing full Matsubara-summed Casimir quantities at T=3.000000e+02 Kelvin. 
03/23/15::08:10:55: Read 1 geometrical transformations from file RatioBeadCube_L-25.0_grid-0.5_T-300.trans. 
03/23/15::08:10:56: Beginning Matsubara sum at T=300 kelvin... 
03/23/15::08:10:56: Computing Casimir integrand at Xi=0.001
 
03/23/15::08:10:56: Assembling T1 at Xi=1.000000e-03... 
03/23/15::08:10:56: Assembling BEM matrix block (0,0) 
03/23/15::08:11:54: Assembling T2 at Xi=1.000000e-03... 
03/23/15::08:11:54: Assembling BEM matrix block (1,1) 
03/23/15::08:39:30: LU-factorizing T1 at Xi=0.001... 
03/23/15::08:39:31: LU-factorizing T2 at Xi=0.001... 
03/23/15::08:43:30: Applying transform 1... 
03/23/15::08:43:30:  Assembling U(0,1) 
03/23/15::08:43:30: Assembling BEM matrix block (0,1) 
03/23/15::08:48:36:   Computing ZForce... 
03/23/15::08:49:43: Computing Casimir integrand at Xi=0.823279
 
03/23/15::08:49:43: Assembling T1 at Xi=8.232789e-01... 
03/23/15::08:49:43: Assembling BEM matrix block (0,0) 
03/23/15::08:50:01: Assembling T2 at Xi=8.232789e-01... 
03/23/15::08:50:01: Assembling BEM matrix block (1,1) 
03/23/15::09:27:50: LU-factorizing T1 at Xi=0.823279... 
03/23/15::09:27:51: LU-factorizing T2 at Xi=0.823279... 
03/23/15::09:30:02: Applying transform 1... 
03/23/15::09:30:02:  Assembling U(0,1) 
03/23/15::09:30:02: Assembling BEM matrix block (0,1) 
03/23/15::09:34:33:   Computing ZForce... 
03/23/15::09:35:38: Computing Casimir integrand at Xi=1.64656
 
03/23/15::09:35:38: Assembling T1 at Xi=1.646558e+00... 
03/23/15::09:35:38: Assembling BEM matrix block (0,0) 
03/23/15::09:36:45: Assembling T2 at Xi=1.646558e+00... 
03/23/15::09:36:45: Assembling BEM matrix block (1,1) 
03/23/15::10:18:14: LU-factorizing T1 at Xi=1.64656... 
03/23/15::10:18:15: LU-factorizing T2 at Xi=1.64656... 
03/23/15::10:20:31: Applying transform 1... 
03/23/15::10:20:31:  Assembling U(0,1) 
03/23/15::10:20:31: Assembling BEM matrix block (0,1) 
03/23/15::10:26:22:   Computing ZForce... 
03/23/15::10:27:26: Matsubara sum converged after summing n=2 frequency points. 
