03/23/15::08:10:47: scuff-cas3D running on hequ0005 
03/23/15::08:10:47: Setting material properties of exterior region to VACUUM. 
03/23/15::08:10:47: Flipped 2683 panel normals to comport with region definitions. 
03/23/15::08:10:47: Computing full Matsubara-summed Casimir quantities at T=3.000000e+02 Kelvin. 
03/23/15::08:10:47: Read 1 geometrical transformations from file RatioBeadCubePEC_L-25.0_grid-0.4_T-300.trans. 
03/23/15::08:10:47: Beginning Matsubara sum at T=300 kelvin... 
03/23/15::08:10:47: Computing Casimir integrand at Xi=0.001
 
03/23/15::08:10:47: Assembling T1 at Xi=1.000000e-03... 
03/23/15::08:10:47: Assembling BEM matrix block (0,0) 
03/23/15::08:12:07: Assembling T2 at Xi=1.000000e-03... 
03/23/15::08:12:07: Assembling BEM matrix block (1,1) 
03/23/15::08:30:36: LU-factorizing T1 at Xi=0.001... 
03/23/15::08:30:36: LU-factorizing T2 at Xi=0.001... 
03/23/15::08:31:33: Applying transform 0... 
03/23/15::08:31:33:  Assembling U(0,1) 
03/23/15::08:31:33: Assembling BEM matrix block (0,1) 
03/23/15::08:36:05:   Computing ZForce... 
03/23/15::08:36:34: Computing Casimir integrand at Xi=0.823279
 
03/23/15::08:36:34: Assembling T1 at Xi=8.232789e-01... 
03/23/15::08:36:34: Assembling BEM matrix block (0,0) 
03/23/15::08:36:48: Assembling T2 at Xi=8.232789e-01... 
03/23/15::08:36:48: Assembling BEM matrix block (1,1) 
03/23/15::08:51:53: LU-factorizing T1 at Xi=0.823279... 
03/23/15::08:51:54: LU-factorizing T2 at Xi=0.823279... 
03/23/15::08:52:51: Applying transform 0... 
03/23/15::08:52:51:  Assembling U(0,1) 
03/23/15::08:52:51: Assembling BEM matrix block (0,1) 
03/23/15::08:57:23:   Computing ZForce... 
03/23/15::08:57:52: Computing Casimir integrand at Xi=1.64656
 
03/23/15::08:57:52: Assembling T1 at Xi=1.646558e+00... 
03/23/15::08:57:52: Assembling BEM matrix block (0,0) 
03/23/15::08:58:06: Assembling T2 at Xi=1.646558e+00... 
03/23/15::08:58:06: Assembling BEM matrix block (1,1) 
03/23/15::09:18:12: LU-factorizing T1 at Xi=1.64656... 
03/23/15::09:18:12: LU-factorizing T2 at Xi=1.64656... 
03/23/15::09:19:10: Applying transform 0... 
03/23/15::09:19:10:  Assembling U(0,1) 
03/23/15::09:19:10: Assembling BEM matrix block (0,1) 
03/23/15::09:23:41:   Computing ZForce... 
03/23/15::09:24:11: Matsubara sum converged after summing n=2 frequency points. 
