01/28/15::16:05:26: scuff-cas3D running on barley07.stanford.edu 
01/28/15::16:05:26: Setting material properties of exterior region to VACUUM. 
01/28/15::16:05:26: Flipped 514 panel normals to comport with region definitions. 
01/28/15::16:05:26: Computing full zero-temperature Casimir quantities. 
01/28/15::16:05:26: Read 1 geometrical transformations from file Bead_L-5.01187.trans. 
01/28/15::16:05:26: Minimum distance between surface points=5.111870e+00 
01/28/15::16:05:26: Computing Casimir integrand at Xi=0.001
 
01/28/15::16:05:26: Assembling T1 at Xi=1.000000e-03... 
01/28/15::16:05:26: Assembling BEM matrix block (0,0) 
01/28/15::16:06:15: Assembling T2 at Xi=1.000000e-03... 
01/28/15::16:06:15: Assembling BEM matrix block (1,1) 
01/28/15::16:58:37: LU-factorizing T1 at Xi=0.001... 
01/28/15::16:58:37: LU-factorizing T2 at Xi=0.001... 
01/28/15::16:59:07: Applying transform 5.01187... 
01/28/15::16:59:07:  Assembling U(0,1) 
01/28/15::16:59:07: Assembling BEM matrix block (0,1) 
01/28/15::17:02:52:   Computing ZForce... 
01/28/15::17:03:03: Computing Casimir integrand at Xi=0.018117
 
01/28/15::17:03:03: Assembling T1 at Xi=1.811702e-02... 
01/28/15::17:03:03: Assembling BEM matrix block (0,0) 
01/28/15::17:03:15: Assembling T2 at Xi=1.811702e-02... 
01/28/15::17:03:15: Assembling BEM matrix block (1,1) 
01/28/15::17:49:58: LU-factorizing T1 at Xi=0.018117... 
01/28/15::17:49:58: LU-factorizing T2 at Xi=0.018117... 
01/28/15::17:50:27: Applying transform 5.01187... 
01/28/15::17:50:27:  Assembling U(0,1) 
01/28/15::17:50:27: Assembling BEM matrix block (0,1) 
01/28/15::17:54:04:   Computing ZForce... 
01/28/15::17:54:15: Computing Casimir integrand at Xi=0.035234
 
01/28/15::17:54:15: Assembling T1 at Xi=3.523405e-02... 
01/28/15::17:54:15: Assembling BEM matrix block (0,0) 
01/28/15::17:54:32: Assembling T2 at Xi=3.523405e-02... 
01/28/15::17:54:32: Assembling BEM matrix block (1,1) 
01/28/15::18:41:19: LU-factorizing T1 at Xi=0.035234... 
01/28/15::18:41:19: LU-factorizing T2 at Xi=0.035234... 
01/28/15::18:41:48: Applying transform 5.01187... 
01/28/15::18:41:48:  Assembling U(0,1) 
01/28/15::18:41:48: Assembling BEM matrix block (0,1) 
01/28/15::18:45:25:   Computing ZForce... 
01/28/15::18:45:36: Computing Casimir integrand at Xi=0.0694681
 
01/28/15::18:45:36: Assembling T1 at Xi=6.946809e-02... 
01/28/15::18:45:36: Assembling BEM matrix block (0,0) 
01/28/15::18:45:46: Assembling T2 at Xi=6.946809e-02... 
01/28/15::18:45:46: Assembling BEM matrix block (1,1) 
01/28/15::19:32:27: LU-factorizing T1 at Xi=0.0694681... 
01/28/15::19:32:27: LU-factorizing T2 at Xi=0.0694681... 
01/28/15::19:32:56: Applying transform 5.01187... 
01/28/15::19:32:56:  Assembling U(0,1) 
01/28/15::19:32:56: Assembling BEM matrix block (0,1) 
01/28/15::19:36:33:   Computing ZForce... 
01/28/15::19:36:44: Computing Casimir integrand at Xi=0.103702
 
01/28/15::19:36:44: Assembling T1 at Xi=1.037021e-01... 
01/28/15::19:36:44: Assembling BEM matrix block (0,0) 
01/28/15::19:36:53: Assembling T2 at Xi=1.037021e-01... 
01/28/15::19:36:53: Assembling BEM matrix block (1,1) 
01/28/15::20:23:31: LU-factorizing T1 at Xi=0.103702... 
01/28/15::20:23:31: LU-factorizing T2 at Xi=0.103702... 
01/28/15::20:24:00: Applying transform 5.01187... 
01/28/15::20:24:00:  Assembling U(0,1) 
01/28/15::20:24:00: Assembling BEM matrix block (0,1) 
01/28/15::20:27:37:   Computing ZForce... 
01/28/15::20:27:48: Computing Casimir integrand at Xi=0.17217
 
01/28/15::20:27:48: Assembling T1 at Xi=1.721702e-01... 
01/28/15::20:27:48: Assembling BEM matrix block (0,0) 
01/28/15::20:27:57: Assembling T2 at Xi=1.721702e-01... 
01/28/15::20:27:57: Assembling BEM matrix block (1,1) 
01/28/15::21:14:42: LU-factorizing T1 at Xi=0.17217... 
01/28/15::21:14:42: LU-factorizing T2 at Xi=0.17217... 
01/28/15::21:15:11: Applying transform 5.01187... 
01/28/15::21:15:11:  Assembling U(0,1) 
01/28/15::21:15:11: Assembling BEM matrix block (0,1) 
01/28/15::21:18:48:   Computing ZForce... 
01/28/15::21:18:59: Computing Casimir integrand at Xi=0.240638
 
01/28/15::21:18:59: Assembling T1 at Xi=2.406383e-01... 
01/28/15::21:18:59: Assembling BEM matrix block (0,0) 
01/28/15::21:19:09: Assembling T2 at Xi=2.406383e-01... 
01/28/15::21:19:09: Assembling BEM matrix block (1,1) 
01/28/15::22:05:50: LU-factorizing T1 at Xi=0.240638... 
01/28/15::22:05:50: LU-factorizing T2 at Xi=0.240638... 
01/28/15::22:06:18: Applying transform 5.01187... 
01/28/15::22:06:18:  Assembling U(0,1) 
01/28/15::22:06:18: Assembling BEM matrix block (0,1) 
01/28/15::22:09:57:   Computing ZForce... 
01/28/15::22:10:07: Computing Casimir integrand at Xi=0.309106
 
01/28/15::22:10:07: Assembling T1 at Xi=3.091064e-01... 
01/28/15::22:10:07: Assembling BEM matrix block (0,0) 
01/28/15::22:10:17: Assembling T2 at Xi=3.091064e-01... 
01/28/15::22:10:17: Assembling BEM matrix block (1,1) 
01/28/15::22:57:03: LU-factorizing T1 at Xi=0.309106... 
01/28/15::22:57:03: LU-factorizing T2 at Xi=0.309106... 
01/28/15::22:57:32: Applying transform 5.01187... 
01/28/15::22:57:32:  Assembling U(0,1) 
01/28/15::22:57:32: Assembling BEM matrix block (0,1) 
01/28/15::23:01:12:   Computing ZForce... 
01/28/15::23:01:23: Computing Casimir integrand at Xi=0.377575
 
01/28/15::23:01:23: Assembling T1 at Xi=3.775745e-01... 
01/28/15::23:01:23: Assembling BEM matrix block (0,0) 
01/28/15::23:01:33: Assembling T2 at Xi=3.775745e-01... 
01/28/15::23:01:33: Assembling BEM matrix block (1,1) 
01/28/15::23:48:28: LU-factorizing T1 at Xi=0.377575... 
01/28/15::23:48:28: LU-factorizing T2 at Xi=0.377575... 
01/28/15::23:48:57: Applying transform 5.01187... 
01/28/15::23:48:57:  Assembling U(0,1) 
01/28/15::23:48:57: Assembling BEM matrix block (0,1) 
01/28/15::23:52:35:   Computing ZForce... 
01/28/15::23:52:46: Computing Casimir integrand at Xi=0.274872
 
01/28/15::23:52:46: Assembling T1 at Xi=2.748724e-01... 
01/28/15::23:52:46: Assembling BEM matrix block (0,0) 
01/28/15::23:52:56: Assembling T2 at Xi=2.748724e-01... 
01/28/15::23:52:56: Assembling BEM matrix block (1,1) 
01/29/15::00:39:38: LU-factorizing T1 at Xi=0.274872... 
01/29/15::00:39:38: LU-factorizing T2 at Xi=0.274872... 
01/29/15::00:40:06: Applying transform 5.01187... 
01/29/15::00:40:06:  Assembling U(0,1) 
01/29/15::00:40:06: Assembling BEM matrix block (0,1) 
01/29/15::00:43:44:   Computing ZForce... 
01/29/15::00:43:55: Computing Casimir integrand at Xi=0.377575
 
01/29/15::00:43:55: Assembling T1 at Xi=3.775745e-01... 
01/29/15::00:43:55: Assembling BEM matrix block (0,0) 
01/29/15::00:44:05: Assembling T2 at Xi=3.775745e-01... 
01/29/15::00:44:05: Assembling BEM matrix block (1,1) 
01/29/15::01:30:58: LU-factorizing T1 at Xi=0.377575... 
01/29/15::01:30:58: LU-factorizing T2 at Xi=0.377575... 
01/29/15::01:31:26: Applying transform 5.01187... 
01/29/15::01:31:26:  Assembling U(0,1) 
01/29/15::01:31:26: Assembling BEM matrix block (0,1) 
01/29/15::01:35:03:   Computing ZForce... 
01/29/15::01:35:14: Computing Casimir integrand at Xi=0.446043
 
01/29/15::01:35:14: Assembling T1 at Xi=4.460426e-01... 
01/29/15::01:35:14: Assembling BEM matrix block (0,0) 
01/29/15::01:35:24: Assembling T2 at Xi=4.460426e-01... 
01/29/15::01:35:24: Assembling BEM matrix block (1,1) 
01/29/15::02:22:16: LU-factorizing T1 at Xi=0.446043... 
01/29/15::02:22:16: LU-factorizing T2 at Xi=0.446043... 
01/29/15::02:22:44: Applying transform 5.01187... 
01/29/15::02:22:44:  Assembling U(0,1) 
01/29/15::02:22:44: Assembling BEM matrix block (0,1) 
01/29/15::02:26:22:   Computing ZForce... 
01/29/15::02:26:32: Computing Casimir integrand at Xi=0.34334
 
01/29/15::02:26:32: Assembling T1 at Xi=3.433405e-01... 
01/29/15::02:26:32: Assembling BEM matrix block (0,0) 
01/29/15::02:26:42: Assembling T2 at Xi=3.433405e-01... 
01/29/15::02:26:42: Assembling BEM matrix block (1,1) 
01/29/15::03:13:27: LU-factorizing T1 at Xi=0.34334... 
01/29/15::03:13:27: LU-factorizing T2 at Xi=0.34334... 
01/29/15::03:13:56: Applying transform 5.01187... 
01/29/15::03:13:56:  Assembling U(0,1) 
01/29/15::03:13:56: Assembling BEM matrix block (0,1) 
01/29/15::03:17:33:   Computing ZForce... 
01/29/15::03:17:44: Computing Casimir integrand at Xi=0.446043
 
01/29/15::03:17:44: Assembling T1 at Xi=4.460426e-01... 
01/29/15::03:17:44: Assembling BEM matrix block (0,0) 
01/29/15::03:17:54: Assembling T2 at Xi=4.460426e-01... 
01/29/15::03:17:54: Assembling BEM matrix block (1,1) 
01/29/15::04:04:49: LU-factorizing T1 at Xi=0.446043... 
01/29/15::04:04:49: LU-factorizing T2 at Xi=0.446043... 
01/29/15::04:05:18: Applying transform 5.01187... 
01/29/15::04:05:18:  Assembling U(0,1) 
01/29/15::04:05:18: Assembling BEM matrix block (0,1) 
01/29/15::04:08:57:   Computing ZForce... 
01/29/15::04:09:07: Computing Casimir integrand at Xi=0.514511
 
01/29/15::04:09:07: Assembling T1 at Xi=5.145107e-01... 
01/29/15::04:09:07: Assembling BEM matrix block (0,0) 
01/29/15::04:09:18: Assembling T2 at Xi=5.145107e-01... 
01/29/15::04:09:18: Assembling BEM matrix block (1,1) 
01/29/15::04:56:24: LU-factorizing T1 at Xi=0.514511... 
01/29/15::04:56:24: LU-factorizing T2 at Xi=0.514511... 
01/29/15::04:56:53: Applying transform 5.01187... 
01/29/15::04:56:53:  Assembling U(0,1) 
01/29/15::04:56:53: Assembling BEM matrix block (0,1) 
01/29/15::05:00:32:   Computing ZForce... 
01/29/15::05:00:43: Computing Casimir integrand at Xi=0.411809
 
01/29/15::05:00:43: Assembling T1 at Xi=4.118086e-01... 
01/29/15::05:00:43: Assembling BEM matrix block (0,0) 
01/29/15::05:00:53: Assembling T2 at Xi=4.118086e-01... 
01/29/15::05:00:53: Assembling BEM matrix block (1,1) 
01/29/15::05:47:44: LU-factorizing T1 at Xi=0.411809... 
01/29/15::05:47:44: LU-factorizing T2 at Xi=0.411809... 
01/29/15::05:48:13: Applying transform 5.01187... 
01/29/15::05:48:13:  Assembling U(0,1) 
01/29/15::05:48:13: Assembling BEM matrix block (0,1) 
01/29/15::05:51:51:   Computing ZForce... 
01/29/15::05:52:02: Computing Casimir integrand at Xi=0.514511
 
01/29/15::05:52:02: Assembling T1 at Xi=5.145107e-01... 
01/29/15::05:52:02: Assembling BEM matrix block (0,0) 
01/29/15::05:52:12: Assembling T2 at Xi=5.145107e-01... 
01/29/15::05:52:12: Assembling BEM matrix block (1,1) 
01/29/15::06:39:20: LU-factorizing T1 at Xi=0.514511... 
01/29/15::06:39:20: LU-factorizing T2 at Xi=0.514511... 
01/29/15::06:39:49: Applying transform 5.01187... 
01/29/15::06:39:49:  Assembling U(0,1) 
01/29/15::06:39:49: Assembling BEM matrix block (0,1) 
01/29/15::06:43:27:   Computing ZForce... 
01/29/15::06:43:37: Computing Casimir integrand at Xi=0.582979
 
01/29/15::06:43:37: Assembling T1 at Xi=5.829788e-01... 
01/29/15::06:43:37: Assembling BEM matrix block (0,0) 
01/29/15::06:43:48: Assembling T2 at Xi=5.829788e-01... 
01/29/15::06:43:48: Assembling BEM matrix block (1,1) 
01/29/15::07:30:56: LU-factorizing T1 at Xi=0.582979... 
01/29/15::07:30:56: LU-factorizing T2 at Xi=0.582979... 
01/29/15::07:31:25: Applying transform 5.01187... 
01/29/15::07:31:25:  Assembling U(0,1) 
01/29/15::07:31:25: Assembling BEM matrix block (0,1) 
01/29/15::07:35:04:   Computing ZForce... 
01/29/15::07:35:15: Computing Casimir integrand at Xi=0.480277
 
01/29/15::07:35:15: Assembling T1 at Xi=4.802767e-01... 
01/29/15::07:35:15: Assembling BEM matrix block (0,0) 
01/29/15::07:35:26: Assembling T2 at Xi=4.802767e-01... 
01/29/15::07:35:26: Assembling BEM matrix block (1,1) 
01/29/15::08:22:40: LU-factorizing T1 at Xi=0.480277... 
01/29/15::08:22:40: LU-factorizing T2 at Xi=0.480277... 
01/29/15::08:23:09: Applying transform 5.01187... 
01/29/15::08:23:09:  Assembling U(0,1) 
01/29/15::08:23:09: Assembling BEM matrix block (0,1) 
01/29/15::08:26:47:   Computing ZForce... 
01/29/15::08:26:58: Computing Casimir integrand at Xi=0.582979
 
01/29/15::08:26:58: Assembling T1 at Xi=5.829788e-01... 
01/29/15::08:26:58: Assembling BEM matrix block (0,0) 
01/29/15::08:27:08: Assembling T2 at Xi=5.829788e-01... 
01/29/15::08:27:08: Assembling BEM matrix block (1,1) 
01/29/15::09:14:21: LU-factorizing T1 at Xi=0.582979... 
01/29/15::09:14:21: LU-factorizing T2 at Xi=0.582979... 
01/29/15::09:14:50: Applying transform 5.01187... 
01/29/15::09:14:50:  Assembling U(0,1) 
01/29/15::09:14:50: Assembling BEM matrix block (0,1) 
01/29/15::09:18:28:   Computing ZForce... 
01/29/15::09:18:39: Computing Casimir integrand at Xi=0.651447
 
01/29/15::09:18:39: Assembling T1 at Xi=6.514469e-01... 
01/29/15::09:18:39: Assembling BEM matrix block (0,0) 
01/29/15::09:18:50: Assembling T2 at Xi=6.514469e-01... 
01/29/15::09:18:50: Assembling BEM matrix block (1,1) 
01/29/15::10:06:06: LU-factorizing T1 at Xi=0.651447... 
01/29/15::10:06:06: LU-factorizing T2 at Xi=0.651447... 
01/29/15::10:06:35: Applying transform 5.01187... 
01/29/15::10:06:35:  Assembling U(0,1) 
01/29/15::10:06:35: Assembling BEM matrix block (0,1) 
01/29/15::10:10:13:   Computing ZForce... 
01/29/15::10:10:24: Computing Casimir integrand at Xi=0.548745
 
01/29/15::10:10:24: Assembling T1 at Xi=5.487448e-01... 
01/29/15::10:10:24: Assembling BEM matrix block (0,0) 
01/29/15::10:10:34: Assembling T2 at Xi=5.487448e-01... 
01/29/15::10:10:34: Assembling BEM matrix block (1,1) 
01/29/15::10:57:46: LU-factorizing T1 at Xi=0.548745... 
01/29/15::10:57:46: LU-factorizing T2 at Xi=0.548745... 
01/29/15::10:58:14: Applying transform 5.01187... 
01/29/15::10:58:14:  Assembling U(0,1) 
01/29/15::10:58:14: Assembling BEM matrix block (0,1) 
01/29/15::11:01:54:   Computing ZForce... 
01/29/15::11:02:05: Computing Casimir integrand at Xi=0.651447
 
01/29/15::11:02:05: Assembling T1 at Xi=6.514469e-01... 
01/29/15::11:02:05: Assembling BEM matrix block (0,0) 
01/29/15::11:02:16: Assembling T2 at Xi=6.514469e-01... 
01/29/15::11:02:16: Assembling BEM matrix block (1,1) 
01/29/15::11:49:41: LU-factorizing T1 at Xi=0.651447... 
01/29/15::11:49:41: LU-factorizing T2 at Xi=0.651447... 
01/29/15::11:50:09: Applying transform 5.01187... 
01/29/15::11:50:09:  Assembling U(0,1) 
01/29/15::11:50:09: Assembling BEM matrix block (0,1) 
01/29/15::11:53:48:   Computing ZForce... 
01/29/15::11:53:59: Computing Casimir integrand at Xi=0.719915
 
01/29/15::11:53:59: Assembling T1 at Xi=7.199150e-01... 
01/29/15::11:53:59: Assembling BEM matrix block (0,0) 
01/29/15::11:54:10: Assembling T2 at Xi=7.199150e-01... 
01/29/15::11:54:10: Assembling BEM matrix block (1,1) 
01/29/15::12:41:39: LU-factorizing T1 at Xi=0.719915... 
01/29/15::12:41:39: LU-factorizing T2 at Xi=0.719915... 
01/29/15::12:42:08: Applying transform 5.01187... 
01/29/15::12:42:08:  Assembling U(0,1) 
01/29/15::12:42:08: Assembling BEM matrix block (0,1) 
01/29/15::12:45:47:   Computing ZForce... 
01/29/15::12:45:58: Computing Casimir integrand at Xi=0.617213
 
01/29/15::12:45:58: Assembling T1 at Xi=6.172129e-01... 
01/29/15::12:45:58: Assembling BEM matrix block (0,0) 
01/29/15::12:46:09: Assembling T2 at Xi=6.172129e-01... 
01/29/15::12:46:09: Assembling BEM matrix block (1,1) 
01/29/15::13:33:25: LU-factorizing T1 at Xi=0.617213... 
01/29/15::13:33:25: LU-factorizing T2 at Xi=0.617213... 
01/29/15::13:33:54: Applying transform 5.01187... 
01/29/15::13:33:54:  Assembling U(0,1) 
01/29/15::13:33:54: Assembling BEM matrix block (0,1) 
01/29/15::13:37:32:   Computing ZForce... 
01/29/15::13:37:43: Computing Casimir integrand at Xi=0.719915
 
01/29/15::13:37:43: Assembling T1 at Xi=7.199150e-01... 
01/29/15::13:37:43: Assembling BEM matrix block (0,0) 
01/29/15::13:37:54: Assembling T2 at Xi=7.199150e-01... 
01/29/15::13:37:54: Assembling BEM matrix block (1,1) 
01/29/15::14:25:20: LU-factorizing T1 at Xi=0.719915... 
01/29/15::14:25:21: LU-factorizing T2 at Xi=0.719915... 
01/29/15::14:25:49: Applying transform 5.01187... 
01/29/15::14:25:49:  Assembling U(0,1) 
01/29/15::14:25:49: Assembling BEM matrix block (0,1) 
01/29/15::14:29:27:   Computing ZForce... 
01/29/15::14:29:37: Computing Casimir integrand at Xi=0.788383
 
01/29/15::14:29:37: Assembling T1 at Xi=7.883831e-01... 
01/29/15::14:29:37: Assembling BEM matrix block (0,0) 
01/29/15::14:29:49: Assembling T2 at Xi=7.883831e-01... 
01/29/15::14:29:49: Assembling BEM matrix block (1,1) 
01/29/15::15:17:13: LU-factorizing T1 at Xi=0.788383... 
01/29/15::15:17:13: LU-factorizing T2 at Xi=0.788383... 
01/29/15::15:17:41: Applying transform 5.01187... 
01/29/15::15:17:41:  Assembling U(0,1) 
01/29/15::15:17:41: Assembling BEM matrix block (0,1) 
01/29/15::15:21:20:   Computing ZForce... 
01/29/15::15:21:30: Computing Casimir integrand at Xi=0.685681
 
01/29/15::15:21:30: Assembling T1 at Xi=6.856809e-01... 
01/29/15::15:21:30: Assembling BEM matrix block (0,0) 
01/29/15::15:21:41: Assembling T2 at Xi=6.856809e-01... 
01/29/15::15:21:41: Assembling BEM matrix block (1,1) 
01/29/15::16:08:58: LU-factorizing T1 at Xi=0.685681... 
01/29/15::16:08:58: LU-factorizing T2 at Xi=0.685681... 
01/29/15::16:09:26: Applying transform 5.01187... 
01/29/15::16:09:26:  Assembling U(0,1) 
01/29/15::16:09:26: Assembling BEM matrix block (0,1) 
01/29/15::16:13:04:   Computing ZForce... 
01/29/15::16:13:15: Computing Casimir integrand at Xi=0.754149
 
01/29/15::16:13:15: Assembling T1 at Xi=7.541490e-01... 
01/29/15::16:13:15: Assembling BEM matrix block (0,0) 
01/29/15::16:13:27: Assembling T2 at Xi=7.541490e-01... 
01/29/15::16:13:27: Assembling BEM matrix block (1,1) 
01/29/15::17:00:53: LU-factorizing T1 at Xi=0.754149... 
01/29/15::17:00:53: LU-factorizing T2 at Xi=0.754149... 
01/29/15::17:01:21: Applying transform 5.01187... 
01/29/15::17:01:21:  Assembling U(0,1) 
01/29/15::17:01:21: Assembling BEM matrix block (0,1) 
01/29/15::17:05:00:   Computing ZForce... 
01/29/15::17:05:10: Computing Casimir integrand at Xi=0.788383
 
01/29/15::17:05:10: Assembling T1 at Xi=7.883831e-01... 
01/29/15::17:05:10: Assembling BEM matrix block (0,0) 
01/29/15::17:05:22: Assembling T2 at Xi=7.883831e-01... 
01/29/15::17:05:22: Assembling BEM matrix block (1,1) 
01/29/15::17:52:53: LU-factorizing T1 at Xi=0.788383... 
01/29/15::17:52:53: LU-factorizing T2 at Xi=0.788383... 
01/29/15::17:53:22: Applying transform 5.01187... 
01/29/15::17:53:22:  Assembling U(0,1) 
01/29/15::17:53:22: Assembling BEM matrix block (0,1) 
01/29/15::17:57:00:   Computing ZForce... 
01/29/15::17:57:11: Computing Casimir integrand at Xi=0.822617
 
01/29/15::17:57:11: Assembling T1 at Xi=8.226171e-01... 
01/29/15::17:57:11: Assembling BEM matrix block (0,0) 
01/29/15::17:57:23: Assembling T2 at Xi=8.226171e-01... 
01/29/15::17:57:23: Assembling BEM matrix block (1,1) 
01/29/15::18:44:52: LU-factorizing T1 at Xi=0.822617... 
01/29/15::18:44:52: LU-factorizing T2 at Xi=0.822617... 
01/29/15::18:45:20: Applying transform 5.01187... 
01/29/15::18:45:20:  Assembling U(0,1) 
01/29/15::18:45:20: Assembling BEM matrix block (0,1) 
01/29/15::18:48:58:   Computing ZForce... 
01/29/15::18:49:09: Computing Casimir integrand at Xi=0.856851
 
01/29/15::18:49:09: Assembling T1 at Xi=8.568512e-01... 
01/29/15::18:49:09: Assembling BEM matrix block (0,0) 
01/29/15::18:49:21: Assembling T2 at Xi=8.568512e-01... 
01/29/15::18:49:21: Assembling BEM matrix block (1,1) 
01/29/15::19:36:57: LU-factorizing T1 at Xi=0.856851... 
01/29/15::19:36:57: LU-factorizing T2 at Xi=0.856851... 
01/29/15::19:37:26: Applying transform 5.01187... 
01/29/15::19:37:26:  Assembling U(0,1) 
01/29/15::19:37:26: Assembling BEM matrix block (0,1) 
01/29/15::19:41:04:   Computing ZForce... 
01/29/15::19:41:15: Computing Casimir integrand at Xi=0.891085
 
01/29/15::19:41:15: Assembling T1 at Xi=8.910852e-01... 
01/29/15::19:41:15: Assembling BEM matrix block (0,0) 
01/29/15::19:41:27: Assembling T2 at Xi=8.910852e-01... 
01/29/15::19:41:27: Assembling BEM matrix block (1,1) 
01/29/15::20:29:08: LU-factorizing T1 at Xi=0.891085... 
01/29/15::20:29:08: LU-factorizing T2 at Xi=0.891085... 
01/29/15::20:29:37: Applying transform 5.01187... 
01/29/15::20:29:37:  Assembling U(0,1) 
01/29/15::20:29:37: Assembling BEM matrix block (0,1) 
01/29/15::20:33:16:   Computing ZForce... 
01/29/15::20:33:26: Computing Casimir integrand at Xi=0.925319
 
01/29/15::20:33:26: Assembling T1 at Xi=9.253193e-01... 
01/29/15::20:33:26: Assembling BEM matrix block (0,0) 
01/29/15::20:33:39: Assembling T2 at Xi=9.253193e-01... 
01/29/15::20:33:39: Assembling BEM matrix block (1,1) 
01/29/15::21:58:04: LU-factorizing T1 at Xi=0.925319... 
01/29/15::21:58:04: LU-factorizing T2 at Xi=0.925319... 
01/29/15::21:58:32: Applying transform 5.01187... 
01/29/15::21:58:32:  Assembling U(0,1) 
01/29/15::21:58:32: Assembling BEM matrix block (0,1) 
01/29/15::22:02:09:   Computing ZForce... 
01/29/15::22:02:20: Computing Casimir integrand at Xi=0.993787
 
01/29/15::22:02:20: Assembling T1 at Xi=9.937874e-01... 
01/29/15::22:02:20: Assembling BEM matrix block (0,0) 
01/29/15::22:02:33: Assembling T2 at Xi=9.937874e-01... 
01/29/15::22:02:33: Assembling BEM matrix block (1,1) 
01/29/15::23:27:03: LU-factorizing T1 at Xi=0.993787... 
01/29/15::23:27:04: LU-factorizing T2 at Xi=0.993787... 
01/29/15::23:27:32: Applying transform 5.01187... 
01/29/15::23:27:32:  Assembling U(0,1) 
01/29/15::23:27:32: Assembling BEM matrix block (0,1) 
01/29/15::23:31:09:   Computing ZForce... 
01/29/15::23:31:20: Computing Casimir integrand at Xi=1.06226
 
01/29/15::23:31:20: Assembling T1 at Xi=1.062255e+00... 
01/29/15::23:31:20: Assembling BEM matrix block (0,0) 
01/29/15::23:31:36: Assembling T2 at Xi=1.062255e+00... 
01/29/15::23:31:36: Assembling BEM matrix block (1,1) 
01/30/15::00:56:11: LU-factorizing T1 at Xi=1.06226... 
01/30/15::00:56:11: LU-factorizing T2 at Xi=1.06226... 
01/30/15::00:56:39: Applying transform 5.01187... 
01/30/15::00:56:39:  Assembling U(0,1) 
01/30/15::00:56:39: Assembling BEM matrix block (0,1) 
01/30/15::01:00:17:   Computing ZForce... 
01/30/15::01:00:27: Computing Casimir integrand at Xi=0.959553
 
01/30/15::01:00:27: Assembling T1 at Xi=9.595533e-01... 
01/30/15::01:00:27: Assembling BEM matrix block (0,0) 
01/30/15::01:00:40: Assembling T2 at Xi=9.595533e-01... 
01/30/15::01:00:40: Assembling BEM matrix block (1,1) 
01/30/15::02:25:06: LU-factorizing T1 at Xi=0.959553... 
01/30/15::02:25:06: LU-factorizing T2 at Xi=0.959553... 
01/30/15::02:25:35: Applying transform 5.01187... 
01/30/15::02:25:35:  Assembling U(0,1) 
01/30/15::02:25:35: Assembling BEM matrix block (0,1) 
01/30/15::02:29:12:   Computing ZForce... 
