03/23/15::08:10:56: scuff-cas3D running on hequ0105 
03/23/15::08:10:56: Setting material properties of exterior region to VACUUM. 
03/23/15::08:10:56: Flipped 1740 panel normals to comport with region definitions. 
03/23/15::08:10:56: Computing full Matsubara-summed Casimir quantities at T=3.000000e+02 Kelvin. 
03/23/15::08:10:56: Read 1 geometrical transformations from file RatioBeadCube_L-12.5_grid-0.5_T-300.trans. 
03/23/15::08:10:56: Beginning Matsubara sum at T=300 kelvin... 
03/23/15::08:10:56: Computing Casimir integrand at Xi=0.001
 
03/23/15::08:10:56: Assembling T1 at Xi=1.000000e-03... 
03/23/15::08:10:56: Assembling BEM matrix block (0,0) 
03/23/15::08:12:12: Assembling T2 at Xi=1.000000e-03... 
03/23/15::08:12:13: Assembling BEM matrix block (1,1) 
03/23/15::08:43:12: LU-factorizing T1 at Xi=0.001... 
03/23/15::08:43:15: LU-factorizing T2 at Xi=0.001... 
03/23/15::08:49:07: Applying transform 1... 
03/23/15::08:49:07:  Assembling U(0,1) 
03/23/15::08:49:07: Assembling BEM matrix block (0,1) 
03/23/15::08:54:45:   Computing ZForce... 
03/23/15::08:55:53: Computing Casimir integrand at Xi=0.823279
 
03/23/15::08:55:53: Assembling T1 at Xi=8.232789e-01... 
03/23/15::08:55:53: Assembling BEM matrix block (0,0) 
03/23/15::08:56:11: Assembling T2 at Xi=8.232789e-01... 
03/23/15::08:56:11: Assembling BEM matrix block (1,1) 
03/23/15::09:34:11: LU-factorizing T1 at Xi=0.823279... 
03/23/15::09:34:11: LU-factorizing T2 at Xi=0.823279... 
03/23/15::09:36:23: Applying transform 1... 
03/23/15::09:36:23:  Assembling U(0,1) 
03/23/15::09:36:23: Assembling BEM matrix block (0,1) 
03/23/15::09:40:52:   Computing ZForce... 
03/23/15::09:41:55: Computing Casimir integrand at Xi=1.64656
 
03/23/15::09:41:55: Assembling T1 at Xi=1.646558e+00... 
03/23/15::09:41:55: Assembling BEM matrix block (0,0) 
03/23/15::09:43:02: Assembling T2 at Xi=1.646558e+00... 
03/23/15::09:43:02: Assembling BEM matrix block (1,1) 
03/23/15::10:24:39: LU-factorizing T1 at Xi=1.64656... 
03/23/15::10:24:40: LU-factorizing T2 at Xi=1.64656... 
03/23/15::10:26:52: Applying transform 1... 
03/23/15::10:26:52:  Assembling U(0,1) 
03/23/15::10:26:52: Assembling BEM matrix block (0,1) 
03/23/15::10:31:26:   Computing ZForce... 
03/23/15::10:32:33: Matsubara sum converged after summing n=2 frequency points. 
