01/28/15::16:05:26: scuff-cas3D running on barley07.stanford.edu 
01/28/15::16:05:26: Setting material properties of exterior region to VACUUM. 
01/28/15::16:05:26: Flipped 514 panel normals to comport with region definitions. 
01/28/15::16:05:26: Computing full zero-temperature Casimir quantities. 
01/28/15::16:05:26: Read 1 geometrical transformations from file Bead_L-0.1.trans. 
01/28/15::16:05:27: Minimum distance between surface points=2.000000e-01 
01/28/15::16:05:27: Computing Casimir integrand at Xi=0.001
 
01/28/15::16:05:27: Assembling T1 at Xi=1.000000e-03... 
01/28/15::16:05:27: Assembling BEM matrix block (0,0) 
01/28/15::16:06:15: Assembling T2 at Xi=1.000000e-03... 
01/28/15::16:06:15: Assembling BEM matrix block (1,1) 
01/28/15::16:57:59: LU-factorizing T1 at Xi=0.001... 
01/28/15::16:57:59: LU-factorizing T2 at Xi=0.001... 
01/28/15::16:58:28: Applying transform 0.1... 
01/28/15::16:58:28:  Assembling U(0,1) 
01/28/15::16:58:28: Assembling BEM matrix block (0,1) 
01/28/15::17:06:37:   Computing ZForce... 
01/28/15::17:06:48: Computing Casimir integrand at Xi=0.4385
 
01/28/15::17:06:48: Assembling T1 at Xi=4.385000e-01... 
01/28/15::17:06:48: Assembling BEM matrix block (0,0) 
01/28/15::17:06:58: Assembling T2 at Xi=4.385000e-01... 
01/28/15::17:06:58: Assembling BEM matrix block (1,1) 
01/28/15::17:53:21: LU-factorizing T1 at Xi=0.4385... 
01/28/15::17:53:21: LU-factorizing T2 at Xi=0.4385... 
01/28/15::17:53:50: Applying transform 0.1... 
01/28/15::17:53:50:  Assembling U(0,1) 
01/28/15::17:53:50: Assembling BEM matrix block (0,1) 
01/28/15::18:01:30:   Computing ZForce... 
01/28/15::18:01:41: Computing Casimir integrand at Xi=0.876
 
01/28/15::18:01:41: Assembling T1 at Xi=8.760000e-01... 
01/28/15::18:01:41: Assembling BEM matrix block (0,0) 
01/28/15::18:01:53: Assembling T2 at Xi=8.760000e-01... 
01/28/15::18:01:53: Assembling BEM matrix block (1,1) 
01/28/15::18:49:01: LU-factorizing T1 at Xi=0.876... 
01/28/15::18:49:01: LU-factorizing T2 at Xi=0.876... 
01/28/15::18:49:29: Applying transform 0.1... 
01/28/15::18:49:29:  Assembling U(0,1) 
01/28/15::18:49:29: Assembling BEM matrix block (0,1) 
01/28/15::18:57:12:   Computing ZForce... 
01/28/15::18:57:23: Computing Casimir integrand at Xi=0.21975
 
01/28/15::18:57:23: Assembling T1 at Xi=2.197500e-01... 
01/28/15::18:57:23: Assembling BEM matrix block (0,0) 
01/28/15::18:57:32: Assembling T2 at Xi=2.197500e-01... 
01/28/15::18:57:32: Assembling BEM matrix block (1,1) 
01/28/15::19:43:39: LU-factorizing T1 at Xi=0.21975... 
01/28/15::19:43:39: LU-factorizing T2 at Xi=0.21975... 
01/28/15::19:44:08: Applying transform 0.1... 
01/28/15::19:44:08:  Assembling U(0,1) 
01/28/15::19:44:08: Assembling BEM matrix block (0,1) 
01/28/15::19:51:43:   Computing ZForce... 
01/28/15::19:51:53: Computing Casimir integrand at Xi=0.876
 
01/28/15::19:51:53: Assembling T1 at Xi=8.760000e-01... 
01/28/15::19:51:53: Assembling BEM matrix block (0,0) 
01/28/15::19:52:06: Assembling T2 at Xi=8.760000e-01... 
01/28/15::19:52:06: Assembling BEM matrix block (1,1) 
01/28/15::20:39:15: LU-factorizing T1 at Xi=0.876... 
01/28/15::20:39:15: LU-factorizing T2 at Xi=0.876... 
01/28/15::20:39:43: Applying transform 0.1... 
01/28/15::20:39:43:  Assembling U(0,1) 
01/28/15::20:39:43: Assembling BEM matrix block (0,1) 
01/28/15::20:47:26:   Computing ZForce... 
01/28/15::20:47:37: Computing Casimir integrand at Xi=1.3135
 
01/28/15::20:47:37: Assembling T1 at Xi=1.313500e+00... 
01/28/15::20:47:37: Assembling BEM matrix block (0,0) 
01/28/15::20:48:56: Assembling T2 at Xi=1.313500e+00... 
01/28/15::20:48:56: Assembling BEM matrix block (1,1) 
01/28/15::22:12:20: LU-factorizing T1 at Xi=1.3135... 
01/28/15::22:12:20: LU-factorizing T2 at Xi=1.3135... 
01/28/15::22:12:48: Applying transform 0.1... 
01/28/15::22:12:48:  Assembling U(0,1) 
01/28/15::22:12:48: Assembling BEM matrix block (0,1) 
01/28/15::22:20:22:   Computing ZForce... 
01/28/15::22:20:33: Computing Casimir integrand at Xi=0.65725
 
01/28/15::22:20:33: Assembling T1 at Xi=6.572500e-01... 
01/28/15::22:20:33: Assembling BEM matrix block (0,0) 
01/28/15::22:20:44: Assembling T2 at Xi=6.572500e-01... 
01/28/15::22:20:44: Assembling BEM matrix block (1,1) 
01/28/15::23:07:26: LU-factorizing T1 at Xi=0.65725... 
01/28/15::23:07:26: LU-factorizing T2 at Xi=0.65725... 
01/28/15::23:07:54: Applying transform 0.1... 
01/28/15::23:07:54:  Assembling U(0,1) 
01/28/15::23:07:54: Assembling BEM matrix block (0,1) 
01/28/15::23:15:33:   Computing ZForce... 
01/28/15::23:15:44: Computing Casimir integrand at Xi=1.09475
 
01/28/15::23:15:44: Assembling T1 at Xi=1.094750e+00... 
01/28/15::23:15:44: Assembling BEM matrix block (0,0) 
01/28/15::23:16:03: Assembling T2 at Xi=1.094750e+00... 
01/28/15::23:16:03: Assembling BEM matrix block (1,1) 
01/29/15::00:39:06: LU-factorizing T1 at Xi=1.09475... 
01/29/15::00:39:06: LU-factorizing T2 at Xi=1.09475... 
01/29/15::00:39:34: Applying transform 0.1... 
01/29/15::00:39:34:  Assembling U(0,1) 
01/29/15::00:39:34: Assembling BEM matrix block (0,1) 
01/29/15::00:47:08:   Computing ZForce... 
01/29/15::00:47:19: Computing Casimir integrand at Xi=1.3135
 
01/29/15::00:47:19: Assembling T1 at Xi=1.313500e+00... 
01/29/15::00:47:19: Assembling BEM matrix block (0,0) 
01/29/15::00:48:38: Assembling T2 at Xi=1.313500e+00... 
01/29/15::00:48:39: Assembling BEM matrix block (1,1) 
01/29/15::02:12:01: LU-factorizing T1 at Xi=1.3135... 
01/29/15::02:12:01: LU-factorizing T2 at Xi=1.3135... 
01/29/15::02:12:29: Applying transform 0.1... 
01/29/15::02:12:29:  Assembling U(0,1) 
01/29/15::02:12:29: Assembling BEM matrix block (0,1) 
01/29/15::02:20:04:   Computing ZForce... 
01/29/15::02:20:14: Computing Casimir integrand at Xi=1.751
 
01/29/15::02:20:14: Assembling T1 at Xi=1.751000e+00... 
01/29/15::02:20:14: Assembling BEM matrix block (0,0) 
01/29/15::02:24:02: Assembling T2 at Xi=1.751000e+00... 
01/29/15::02:24:02: Assembling BEM matrix block (1,1) 
01/29/15::03:50:52: LU-factorizing T1 at Xi=1.751... 
01/29/15::03:50:52: LU-factorizing T2 at Xi=1.751... 
01/29/15::03:51:20: Applying transform 0.1... 
01/29/15::03:51:20:  Assembling U(0,1) 
01/29/15::03:51:20: Assembling BEM matrix block (0,1) 
01/29/15::03:58:53:   Computing ZForce... 
01/29/15::03:59:04: Computing Casimir integrand at Xi=2.1885
 
01/29/15::03:59:04: Assembling T1 at Xi=2.188500e+00... 
01/29/15::03:59:04: Assembling BEM matrix block (0,0) 
01/29/15::04:03:04: Assembling T2 at Xi=2.188500e+00... 
01/29/15::04:03:04: Assembling BEM matrix block (1,1) 
01/29/15::05:30:46: LU-factorizing T1 at Xi=2.1885... 
01/29/15::05:30:46: LU-factorizing T2 at Xi=2.1885... 
01/29/15::05:31:14: Applying transform 0.1... 
01/29/15::05:31:14:  Assembling U(0,1) 
01/29/15::05:31:14: Assembling BEM matrix block (0,1) 
01/29/15::05:38:44:   Computing ZForce... 
01/29/15::05:38:55: Computing Casimir integrand at Xi=1.53225
 
01/29/15::05:38:55: Assembling T1 at Xi=1.532250e+00... 
01/29/15::05:38:55: Assembling BEM matrix block (0,0) 
01/29/15::05:41:49: Assembling T2 at Xi=1.532250e+00... 
01/29/15::05:41:49: Assembling BEM matrix block (1,1) 
01/29/15::07:06:50: LU-factorizing T1 at Xi=1.53225... 
01/29/15::07:06:50: LU-factorizing T2 at Xi=1.53225... 
01/29/15::07:07:18: Applying transform 0.1... 
01/29/15::07:07:18:  Assembling U(0,1) 
01/29/15::07:07:18: Assembling BEM matrix block (0,1) 
01/29/15::07:14:50:   Computing ZForce... 
01/29/15::07:15:00: Computing Casimir integrand at Xi=1.42287
 
01/29/15::07:15:00: Assembling T1 at Xi=1.422875e+00... 
01/29/15::07:15:00: Assembling BEM matrix block (0,0) 
01/29/15::07:17:08: Assembling T2 at Xi=1.422875e+00... 
01/29/15::07:17:08: Assembling BEM matrix block (1,1) 
01/29/15::08:41:00: LU-factorizing T1 at Xi=1.42287... 
01/29/15::08:41:00: LU-factorizing T2 at Xi=1.42287... 
01/29/15::08:41:29: Applying transform 0.1... 
01/29/15::08:41:29:  Assembling U(0,1) 
01/29/15::08:41:29: Assembling BEM matrix block (0,1) 
01/29/15::08:49:01:   Computing ZForce... 
01/29/15::08:49:12: Computing Casimir integrand at Xi=1.751
 
01/29/15::08:49:12: Assembling T1 at Xi=1.751000e+00... 
01/29/15::08:49:12: Assembling BEM matrix block (0,0) 
01/29/15::08:52:59: Assembling T2 at Xi=1.751000e+00... 
01/29/15::08:52:59: Assembling BEM matrix block (1,1) 
01/29/15::10:19:45: LU-factorizing T1 at Xi=1.751... 
01/29/15::10:19:45: LU-factorizing T2 at Xi=1.751... 
01/29/15::10:20:13: Applying transform 0.1... 
01/29/15::10:20:13:  Assembling U(0,1) 
01/29/15::10:20:13: Assembling BEM matrix block (0,1) 
01/29/15::10:27:43:   Computing ZForce... 
01/29/15::10:27:54: Computing Casimir integrand at Xi=1.96975
 
01/29/15::10:27:54: Assembling T1 at Xi=1.969750e+00... 
01/29/15::10:27:54: Assembling BEM matrix block (0,0) 
01/29/15::10:31:52: Assembling T2 at Xi=1.969750e+00... 
01/29/15::10:31:52: Assembling BEM matrix block (1,1) 
01/29/15::11:59:12: LU-factorizing T1 at Xi=1.96975... 
01/29/15::11:59:12: LU-factorizing T2 at Xi=1.96975... 
01/29/15::11:59:40: Applying transform 0.1... 
01/29/15::11:59:40:  Assembling U(0,1) 
01/29/15::11:59:40: Assembling BEM matrix block (0,1) 
01/29/15::12:07:12:   Computing ZForce... 
01/29/15::12:07:22: Computing Casimir integrand at Xi=1.64162
 
01/29/15::12:07:22: Assembling T1 at Xi=1.641625e+00... 
01/29/15::12:07:22: Assembling BEM matrix block (0,0) 
01/29/15::12:10:48: Assembling T2 at Xi=1.641625e+00... 
01/29/15::12:10:48: Assembling BEM matrix block (1,1) 
01/29/15::13:36:41: LU-factorizing T1 at Xi=1.64162... 
01/29/15::13:36:41: LU-factorizing T2 at Xi=1.64162... 
01/29/15::13:37:09: Applying transform 0.1... 
01/29/15::13:37:09:  Assembling U(0,1) 
01/29/15::13:37:09: Assembling BEM matrix block (0,1) 
01/29/15::13:44:38:   Computing ZForce... 
01/29/15::13:44:49: Computing Casimir integrand at Xi=1.58694
 
01/29/15::13:44:49: Assembling T1 at Xi=1.586937e+00... 
01/29/15::13:44:49: Assembling BEM matrix block (0,0) 
01/29/15::13:48:04: Assembling T2 at Xi=1.586937e+00... 
01/29/15::13:48:04: Assembling BEM matrix block (1,1) 
01/29/15::15:13:18: LU-factorizing T1 at Xi=1.58694... 
01/29/15::15:13:18: LU-factorizing T2 at Xi=1.58694... 
01/29/15::15:13:46: Applying transform 0.1... 
01/29/15::15:13:46:  Assembling U(0,1) 
01/29/15::15:13:46: Assembling BEM matrix block (0,1) 
01/29/15::15:21:17:   Computing ZForce... 
01/29/15::15:21:28: Computing Casimir integrand at Xi=1.69631
 
01/29/15::15:21:28: Assembling T1 at Xi=1.696312e+00... 
01/29/15::15:21:28: Assembling BEM matrix block (0,0) 
01/29/15::15:25:10: Assembling T2 at Xi=1.696312e+00... 
01/29/15::15:25:10: Assembling BEM matrix block (1,1) 
01/29/15::16:51:27: LU-factorizing T1 at Xi=1.69631... 
01/29/15::16:51:27: LU-factorizing T2 at Xi=1.69631... 
01/29/15::16:51:55: Applying transform 0.1... 
01/29/15::16:51:55:  Assembling U(0,1) 
01/29/15::16:51:55: Assembling BEM matrix block (0,1) 
01/29/15::16:59:26:   Computing ZForce... 
01/29/15::16:59:36: Computing Casimir integrand at Xi=1.751
 
01/29/15::16:59:36: Assembling T1 at Xi=1.751000e+00... 
01/29/15::16:59:36: Assembling BEM matrix block (0,0) 
01/29/15::17:03:24: Assembling T2 at Xi=1.751000e+00... 
01/29/15::17:03:24: Assembling BEM matrix block (1,1) 
01/29/15::18:30:06: LU-factorizing T1 at Xi=1.751... 
01/29/15::18:30:06: LU-factorizing T2 at Xi=1.751... 
01/29/15::18:30:34: Applying transform 0.1... 
01/29/15::18:30:34:  Assembling U(0,1) 
01/29/15::18:30:34: Assembling BEM matrix block (0,1) 
01/29/15::18:38:03:   Computing ZForce... 
01/29/15::18:38:13: Computing Casimir integrand at Xi=1.66897
 
01/29/15::18:38:13: Assembling T1 at Xi=1.668969e+00... 
01/29/15::18:38:13: Assembling BEM matrix block (0,0) 
01/29/15::18:41:47: Assembling T2 at Xi=1.668969e+00... 
01/29/15::18:41:47: Assembling BEM matrix block (1,1) 
01/29/15::20:07:52: LU-factorizing T1 at Xi=1.66897... 
01/29/15::20:07:52: LU-factorizing T2 at Xi=1.66897... 
01/29/15::20:08:20: Applying transform 0.1... 
01/29/15::20:08:20:  Assembling U(0,1) 
01/29/15::20:08:20: Assembling BEM matrix block (0,1) 
01/29/15::20:15:50:   Computing ZForce... 
01/29/15::20:16:01: Computing Casimir integrand at Xi=1.751
 
01/29/15::20:16:01: Assembling T1 at Xi=1.751000e+00... 
01/29/15::20:16:01: Assembling BEM matrix block (0,0) 
01/29/15::20:19:48: Assembling T2 at Xi=1.751000e+00... 
01/29/15::20:19:48: Assembling BEM matrix block (1,1) 
01/29/15::21:46:35: LU-factorizing T1 at Xi=1.751... 
01/29/15::21:46:35: LU-factorizing T2 at Xi=1.751... 
01/29/15::21:47:03: Applying transform 0.1... 
01/29/15::21:47:03:  Assembling U(0,1) 
01/29/15::21:47:03: Assembling BEM matrix block (0,1) 
01/29/15::21:54:32:   Computing ZForce... 
01/29/15::21:54:43: Computing Casimir integrand at Xi=1.80569
 
01/29/15::21:54:43: Assembling T1 at Xi=1.805687e+00... 
01/29/15::21:54:43: Assembling BEM matrix block (0,0) 
01/29/15::21:58:36: Assembling T2 at Xi=1.805687e+00... 
01/29/15::21:58:36: Assembling BEM matrix block (1,1) 
01/29/15::23:25:41: LU-factorizing T1 at Xi=1.80569... 
01/29/15::23:25:41: LU-factorizing T2 at Xi=1.80569... 
01/29/15::23:26:09: Applying transform 0.1... 
01/29/15::23:26:09:  Assembling U(0,1) 
01/29/15::23:26:09: Assembling BEM matrix block (0,1) 
01/29/15::23:33:40:   Computing ZForce... 
01/29/15::23:33:50: Computing Casimir integrand at Xi=1.72366
 
01/29/15::23:33:50: Assembling T1 at Xi=1.723656e+00... 
01/29/15::23:33:50: Assembling BEM matrix block (0,0) 
01/29/15::23:37:37: Assembling T2 at Xi=1.723656e+00... 
01/29/15::23:37:37: Assembling BEM matrix block (1,1) 
01/30/15::01:04:19: LU-factorizing T1 at Xi=1.72366... 
01/30/15::01:04:19: LU-factorizing T2 at Xi=1.72366... 
01/30/15::01:04:47: Applying transform 0.1... 
01/30/15::01:04:47:  Assembling U(0,1) 
01/30/15::01:04:47: Assembling BEM matrix block (0,1) 
01/30/15::01:12:17:   Computing ZForce... 
01/30/15::01:12:28: Computing Casimir integrand at Xi=1.70998
 
01/30/15::01:12:28: Assembling T1 at Xi=1.709984e+00... 
01/30/15::01:12:28: Assembling BEM matrix block (0,0) 
01/30/15::01:16:12: Assembling T2 at Xi=1.709984e+00... 
01/30/15::01:16:12: Assembling BEM matrix block (1,1) 
01/30/15::02:42:44: LU-factorizing T1 at Xi=1.70998... 
01/30/15::02:42:44: LU-factorizing T2 at Xi=1.70998... 
01/30/15::02:43:12: Applying transform 0.1... 
01/30/15::02:43:12:  Assembling U(0,1) 
01/30/15::02:43:12: Assembling BEM matrix block (0,1) 
01/30/15::02:50:42:   Computing ZForce... 
01/30/15::02:50:53: Computing Casimir integrand at Xi=1.70315
 
01/30/15::02:50:53: Assembling T1 at Xi=1.703148e+00... 
01/30/15::02:50:53: Assembling BEM matrix block (0,0) 
01/30/15::02:54:37: Assembling T2 at Xi=1.703148e+00... 
01/30/15::02:54:37: Assembling BEM matrix block (1,1) 
01/30/15::04:21:03: LU-factorizing T1 at Xi=1.70315... 
01/30/15::04:21:03: LU-factorizing T2 at Xi=1.70315... 
01/30/15::04:21:32: Applying transform 0.1... 
01/30/15::04:21:32:  Assembling U(0,1) 
01/30/15::04:21:32: Assembling BEM matrix block (0,1) 
01/30/15::04:29:02:   Computing ZForce... 
01/30/15::04:29:12: Computing Casimir integrand at Xi=1.69973
 
01/30/15::04:29:12: Assembling T1 at Xi=1.699730e+00... 
01/30/15::04:29:12: Assembling BEM matrix block (0,0) 
01/30/15::04:32:56: Assembling T2 at Xi=1.699730e+00... 
01/30/15::04:32:56: Assembling BEM matrix block (1,1) 
01/30/15::05:59:23: LU-factorizing T1 at Xi=1.69973... 
01/30/15::05:59:23: LU-factorizing T2 at Xi=1.69973... 
01/30/15::05:59:51: Applying transform 0.1... 
01/30/15::05:59:51:  Assembling U(0,1) 
01/30/15::05:59:51: Assembling BEM matrix block (0,1) 
01/30/15::06:07:26:   Computing ZForce... 
01/30/15::06:07:36: Computing Casimir integrand at Xi=1.70998
 
01/30/15::06:07:36: Assembling T1 at Xi=1.709984e+00... 
01/30/15::06:07:36: Assembling BEM matrix block (0,0) 
01/30/15::06:11:21: Assembling T2 at Xi=1.709984e+00... 
01/30/15::06:11:21: Assembling BEM matrix block (1,1) 
01/30/15::07:37:48: LU-factorizing T1 at Xi=1.70998... 
01/30/15::07:37:48: LU-factorizing T2 at Xi=1.70998... 
01/30/15::07:38:16: Applying transform 0.1... 
01/30/15::07:38:16:  Assembling U(0,1) 
01/30/15::07:38:16: Assembling BEM matrix block (0,1) 
01/30/15::07:45:47:   Computing ZForce... 
01/30/15::07:45:57: Computing Casimir integrand at Xi=1.71682
 
01/30/15::07:45:57: Assembling T1 at Xi=1.716820e+00... 
01/30/15::07:45:57: Assembling BEM matrix block (0,0) 
01/30/15::07:49:42: Assembling T2 at Xi=1.716820e+00... 
01/30/15::07:49:42: Assembling BEM matrix block (1,1) 
01/30/15::09:16:18: LU-factorizing T1 at Xi=1.71682... 
01/30/15::09:16:18: LU-factorizing T2 at Xi=1.71682... 
01/30/15::09:16:46: Applying transform 0.1... 
01/30/15::09:16:46:  Assembling U(0,1) 
01/30/15::09:16:46: Assembling BEM matrix block (0,1) 
01/30/15::09:24:17:   Computing ZForce... 
01/30/15::09:24:27: Computing Casimir integrand at Xi=1.70657
 
01/30/15::09:24:27: Assembling T1 at Xi=1.706566e+00... 
01/30/15::09:24:27: Assembling BEM matrix block (0,0) 
01/30/15::09:28:12: Assembling T2 at Xi=1.706566e+00... 
01/30/15::09:28:12: Assembling BEM matrix block (1,1) 
01/30/15::10:54:39: LU-factorizing T1 at Xi=1.70657... 
01/30/15::10:54:39: LU-factorizing T2 at Xi=1.70657... 
01/30/15::10:55:07: Applying transform 0.1... 
01/30/15::10:55:07:  Assembling U(0,1) 
01/30/15::10:55:07: Assembling BEM matrix block (0,1) 
01/30/15::11:02:36:   Computing ZForce... 
01/30/15::11:02:47: Computing Casimir integrand at Xi=1.70486
 
01/30/15::11:02:47: Assembling T1 at Xi=1.704857e+00... 
01/30/15::11:02:47: Assembling BEM matrix block (0,0) 
01/30/15::11:06:31: Assembling T2 at Xi=1.704857e+00... 
01/30/15::11:06:31: Assembling BEM matrix block (1,1) 
01/30/15::12:32:57: LU-factorizing T1 at Xi=1.70486... 
01/30/15::12:32:57: LU-factorizing T2 at Xi=1.70486... 
01/30/15::12:33:26: Applying transform 0.1... 
01/30/15::12:33:26:  Assembling U(0,1) 
01/30/15::12:33:26: Assembling BEM matrix block (0,1) 
01/30/15::12:40:55:   Computing ZForce... 
01/30/15::12:41:06: Computing Casimir integrand at Xi=1.70998
 
01/30/15::12:41:06: Assembling T1 at Xi=1.709984e+00... 
01/30/15::12:41:06: Assembling BEM matrix block (0,0) 
01/30/15::12:44:50: Assembling T2 at Xi=1.709984e+00... 
01/30/15::12:44:51: Assembling BEM matrix block (1,1) 
01/30/15::14:11:17: LU-factorizing T1 at Xi=1.70998... 
01/30/15::14:11:17: LU-factorizing T2 at Xi=1.70998... 
01/30/15::14:11:46: Applying transform 0.1... 
01/30/15::14:11:46:  Assembling U(0,1) 
01/30/15::14:11:46: Assembling BEM matrix block (0,1) 
01/30/15::14:19:14:   Computing ZForce... 
01/30/15::14:19:24: Computing Casimir integrand at Xi=1.7134
 
01/30/15::14:19:24: Assembling T1 at Xi=1.713402e+00... 
01/30/15::14:19:24: Assembling BEM matrix block (0,0) 
01/30/15::14:23:09: Assembling T2 at Xi=1.713402e+00... 
01/30/15::14:23:10: Assembling BEM matrix block (1,1) 
01/30/15::15:49:39: LU-factorizing T1 at Xi=1.7134... 
01/30/15::15:49:39: LU-factorizing T2 at Xi=1.7134... 
01/30/15::15:50:07: Applying transform 0.1... 
01/30/15::15:50:07:  Assembling U(0,1) 
01/30/15::15:50:07: Assembling BEM matrix block (0,1) 
01/30/15::15:57:35:   Computing ZForce... 
01/30/15::15:57:46: Computing Casimir integrand at Xi=1.70828
 
01/30/15::15:57:46: Assembling T1 at Xi=1.708275e+00... 
01/30/15::15:57:46: Assembling BEM matrix block (0,0) 
01/30/15::16:01:30: Assembling T2 at Xi=1.708275e+00... 
01/30/15::16:01:30: Assembling BEM matrix block (1,1) 
