03/23/15::08:10:44: scuff-cas3D running on hequ0106 
03/23/15::08:10:44: Setting material properties of exterior region to VACUUM. 
03/23/15::08:10:44: Flipped 2683 panel normals to comport with region definitions. 
03/23/15::08:10:44: Computing full Matsubara-summed Casimir quantities at T=3.000000e+02 Kelvin. 
03/23/15::08:10:44: Read 1 geometrical transformations from file RatioBeadCubePEC_L-5.0_grid-0.4_T-300.trans. 
03/23/15::08:10:45: Beginning Matsubara sum at T=300 kelvin... 
03/23/15::08:10:45: Computing Casimir integrand at Xi=0.001
 
03/23/15::08:10:45: Assembling T1 at Xi=1.000000e-03... 
03/23/15::08:10:45: Assembling BEM matrix block (0,0) 
03/23/15::08:12:07: Assembling T2 at Xi=1.000000e-03... 
03/23/15::08:12:07: Assembling BEM matrix block (1,1) 
03/23/15::08:30:47: LU-factorizing T1 at Xi=0.001... 
03/23/15::08:30:48: LU-factorizing T2 at Xi=0.001... 
03/23/15::08:31:45: Applying transform 0... 
03/23/15::08:31:45:  Assembling U(0,1) 
03/23/15::08:31:45: Assembling BEM matrix block (0,1) 
03/23/15::08:36:15:   Computing ZForce... 
03/23/15::08:36:44: Computing Casimir integrand at Xi=0.823279
 
03/23/15::08:36:44: Assembling T1 at Xi=8.232789e-01... 
03/23/15::08:36:44: Assembling BEM matrix block (0,0) 
03/23/15::08:36:58: Assembling T2 at Xi=8.232789e-01... 
03/23/15::08:36:58: Assembling BEM matrix block (1,1) 
03/23/15::08:52:02: LU-factorizing T1 at Xi=0.823279... 
03/23/15::08:52:03: LU-factorizing T2 at Xi=0.823279... 
03/23/15::08:53:00: Applying transform 0... 
03/23/15::08:53:00:  Assembling U(0,1) 
03/23/15::08:53:00: Assembling BEM matrix block (0,1) 
03/23/15::08:57:31:   Computing ZForce... 
03/23/15::08:58:00: Computing Casimir integrand at Xi=1.64656
 
03/23/15::08:58:00: Assembling T1 at Xi=1.646558e+00... 
03/23/15::08:58:00: Assembling BEM matrix block (0,0) 
03/23/15::08:58:15: Assembling T2 at Xi=1.646558e+00... 
03/23/15::08:58:15: Assembling BEM matrix block (1,1) 
03/23/15::09:18:26: LU-factorizing T1 at Xi=1.64656... 
03/23/15::09:18:26: LU-factorizing T2 at Xi=1.64656... 
03/23/15::09:19:24: Applying transform 0... 
03/23/15::09:19:24:  Assembling U(0,1) 
03/23/15::09:19:24: Assembling BEM matrix block (0,1) 
03/23/15::09:23:55:   Computing ZForce... 
03/23/15::09:24:24: Computing Casimir integrand at Xi=2.46984
 
03/23/15::09:24:24: Assembling T1 at Xi=2.469837e+00... 
03/23/15::09:24:24: Assembling BEM matrix block (0,0) 
03/23/15::09:24:40: Assembling T2 at Xi=2.469837e+00... 
03/23/15::09:24:40: Assembling BEM matrix block (1,1) 
03/23/15::09:46:59: LU-factorizing T1 at Xi=2.46984... 
03/23/15::09:46:59: LU-factorizing T2 at Xi=2.46984... 
03/23/15::09:47:57: Applying transform 0... 
03/23/15::09:47:57:  Assembling U(0,1) 
03/23/15::09:47:57: Assembling BEM matrix block (0,1) 
03/23/15::09:52:27:   Computing ZForce... 
03/23/15::09:52:56: Computing Casimir integrand at Xi=3.29312
 
03/23/15::09:52:56: Assembling T1 at Xi=3.293115e+00... 
03/23/15::09:52:56: Assembling BEM matrix block (0,0) 
03/23/15::09:53:15: Assembling T2 at Xi=3.293115e+00... 
03/23/15::09:53:15: Assembling BEM matrix block (1,1) 
03/23/15::10:17:32: LU-factorizing T1 at Xi=3.29312... 
03/23/15::10:17:32: LU-factorizing T2 at Xi=3.29312... 
03/23/15::10:18:30: Applying transform 0... 
03/23/15::10:18:30:  Assembling U(0,1) 
03/23/15::10:18:30: Assembling BEM matrix block (0,1) 
03/23/15::10:23:00:   Computing ZForce... 
03/23/15::10:23:30: Matsubara sum converged after summing n=4 frequency points. 
