01/28/15::16:05:26: scuff-cas3D running on barley07.stanford.edu 
01/28/15::16:05:26: Setting material properties of exterior region to VACUUM. 
01/28/15::16:05:26: Flipped 514 panel normals to comport with region definitions. 
01/28/15::16:05:26: Computing full zero-temperature Casimir quantities. 
01/28/15::16:05:26: Read 1 geometrical transformations from file Bead_L-2.51189.trans. 
01/28/15::16:05:27: Minimum distance between surface points=2.611890e+00 
01/28/15::16:05:27: Computing Casimir integrand at Xi=0.001
 
01/28/15::16:05:27: Assembling T1 at Xi=1.000000e-03... 
01/28/15::16:05:27: Assembling BEM matrix block (0,0) 
01/28/15::16:06:15: Assembling T2 at Xi=1.000000e-03... 
01/28/15::16:06:15: Assembling BEM matrix block (1,1) 
01/28/15::16:58:34: LU-factorizing T1 at Xi=0.001... 
01/28/15::16:58:34: LU-factorizing T2 at Xi=0.001... 
01/28/15::16:59:03: Applying transform 2.51189... 
01/28/15::16:59:03:  Assembling U(0,1) 
01/28/15::16:59:03: Assembling BEM matrix block (0,1) 
01/28/15::17:05:01:   Computing ZForce... 
01/28/15::17:05:11: Computing Casimir integrand at Xi=0.0345006
 
01/28/15::17:05:11: Assembling T1 at Xi=3.450065e-02... 
01/28/15::17:05:11: Assembling BEM matrix block (0,0) 
01/28/15::17:05:28: Assembling T2 at Xi=3.450065e-02... 
01/28/15::17:05:28: Assembling BEM matrix block (1,1) 
01/28/15::17:51:28: LU-factorizing T1 at Xi=0.0345006... 
01/28/15::17:51:28: LU-factorizing T2 at Xi=0.0345006... 
01/28/15::17:51:57: Applying transform 2.51189... 
01/28/15::17:51:57:  Assembling U(0,1) 
01/28/15::17:51:57: Assembling BEM matrix block (0,1) 
01/28/15::17:57:34:   Computing ZForce... 
01/28/15::17:57:45: Computing Casimir integrand at Xi=0.0680013
 
01/28/15::17:57:45: Assembling T1 at Xi=6.800129e-02... 
01/28/15::17:57:45: Assembling BEM matrix block (0,0) 
01/28/15::17:57:55: Assembling T2 at Xi=6.800129e-02... 
01/28/15::17:57:55: Assembling BEM matrix block (1,1) 
01/28/15::18:43:55: LU-factorizing T1 at Xi=0.0680013... 
01/28/15::18:43:55: LU-factorizing T2 at Xi=0.0680013... 
01/28/15::18:44:24: Applying transform 2.51189... 
01/28/15::18:44:24:  Assembling U(0,1) 
01/28/15::18:44:24: Assembling BEM matrix block (0,1) 
01/28/15::18:50:02:   Computing ZForce... 
01/28/15::18:50:13: Computing Casimir integrand at Xi=0.135003
 
01/28/15::18:50:13: Assembling T1 at Xi=1.350026e-01... 
01/28/15::18:50:13: Assembling BEM matrix block (0,0) 
01/28/15::18:50:22: Assembling T2 at Xi=1.350026e-01... 
01/28/15::18:50:22: Assembling BEM matrix block (1,1) 
01/28/15::19:36:17: LU-factorizing T1 at Xi=0.135003... 
01/28/15::19:36:17: LU-factorizing T2 at Xi=0.135003... 
01/28/15::19:36:45: Applying transform 2.51189... 
01/28/15::19:36:45:  Assembling U(0,1) 
01/28/15::19:36:45: Assembling BEM matrix block (0,1) 
01/28/15::19:42:24:   Computing ZForce... 
01/28/15::19:42:34: Computing Casimir integrand at Xi=0.202004
 
01/28/15::19:42:34: Assembling T1 at Xi=2.020039e-01... 
01/28/15::19:42:34: Assembling BEM matrix block (0,0) 
01/28/15::19:42:44: Assembling T2 at Xi=2.020039e-01... 
01/28/15::19:42:44: Assembling BEM matrix block (1,1) 
01/28/15::20:28:43: LU-factorizing T1 at Xi=0.202004... 
01/28/15::20:28:43: LU-factorizing T2 at Xi=0.202004... 
01/28/15::20:29:11: Applying transform 2.51189... 
01/28/15::20:29:11:  Assembling U(0,1) 
01/28/15::20:29:11: Assembling BEM matrix block (0,1) 
01/28/15::20:34:52:   Computing ZForce... 
01/28/15::20:35:03: Computing Casimir integrand at Xi=0.336006
 
01/28/15::20:35:03: Assembling T1 at Xi=3.360065e-01... 
01/28/15::20:35:03: Assembling BEM matrix block (0,0) 
01/28/15::20:35:13: Assembling T2 at Xi=3.360065e-01... 
01/28/15::20:35:13: Assembling BEM matrix block (1,1) 
01/28/15::21:21:23: LU-factorizing T1 at Xi=0.336006... 
01/28/15::21:21:23: LU-factorizing T2 at Xi=0.336006... 
01/28/15::21:21:51: Applying transform 2.51189... 
01/28/15::21:21:51:  Assembling U(0,1) 
01/28/15::21:21:51: Assembling BEM matrix block (0,1) 
01/28/15::21:27:31:   Computing ZForce... 
01/28/15::21:27:42: Computing Casimir integrand at Xi=0.470009
 
01/28/15::21:27:42: Assembling T1 at Xi=4.700090e-01... 
01/28/15::21:27:42: Assembling BEM matrix block (0,0) 
01/28/15::21:27:52: Assembling T2 at Xi=4.700090e-01... 
01/28/15::21:27:52: Assembling BEM matrix block (1,1) 
01/28/15::22:14:11: LU-factorizing T1 at Xi=0.470009... 
01/28/15::22:14:11: LU-factorizing T2 at Xi=0.470009... 
01/28/15::22:14:39: Applying transform 2.51189... 
01/28/15::22:14:39:  Assembling U(0,1) 
01/28/15::22:14:39: Assembling BEM matrix block (0,1) 
01/28/15::22:20:20:   Computing ZForce... 
01/28/15::22:20:31: Computing Casimir integrand at Xi=0.269005
 
01/28/15::22:20:31: Assembling T1 at Xi=2.690052e-01... 
01/28/15::22:20:31: Assembling BEM matrix block (0,0) 
01/28/15::22:20:40: Assembling T2 at Xi=2.690052e-01... 
01/28/15::22:20:40: Assembling BEM matrix block (1,1) 
01/28/15::23:06:43: LU-factorizing T1 at Xi=0.269005... 
01/28/15::23:06:43: LU-factorizing T2 at Xi=0.269005... 
01/28/15::23:07:11: Applying transform 2.51189... 
01/28/15::23:07:11:  Assembling U(0,1) 
01/28/15::23:07:11: Assembling BEM matrix block (0,1) 
01/28/15::23:12:50:   Computing ZForce... 
01/28/15::23:13:01: Computing Casimir integrand at Xi=0.470009
 
01/28/15::23:13:01: Assembling T1 at Xi=4.700090e-01... 
01/28/15::23:13:01: Assembling BEM matrix block (0,0) 
01/28/15::23:13:11: Assembling T2 at Xi=4.700090e-01... 
01/28/15::23:13:11: Assembling BEM matrix block (1,1) 
01/28/15::23:59:29: LU-factorizing T1 at Xi=0.470009... 
01/28/15::23:59:29: LU-factorizing T2 at Xi=0.470009... 
01/28/15::23:59:57: Applying transform 2.51189... 
01/28/15::23:59:57:  Assembling U(0,1) 
01/28/15::23:59:57: Assembling BEM matrix block (0,1) 
01/29/15::00:05:38:   Computing ZForce... 
01/29/15::00:05:49: Computing Casimir integrand at Xi=0.604012
 
01/29/15::00:05:49: Assembling T1 at Xi=6.040116e-01... 
01/29/15::00:05:49: Assembling BEM matrix block (0,0) 
01/29/15::00:05:59: Assembling T2 at Xi=6.040116e-01... 
01/29/15::00:05:59: Assembling BEM matrix block (1,1) 
01/29/15::00:52:30: LU-factorizing T1 at Xi=0.604012... 
01/29/15::00:52:30: LU-factorizing T2 at Xi=0.604012... 
01/29/15::00:52:58: Applying transform 2.51189... 
01/29/15::00:52:58:  Assembling U(0,1) 
01/29/15::00:52:58: Assembling BEM matrix block (0,1) 
01/29/15::00:58:40:   Computing ZForce... 
01/29/15::00:58:51: Computing Casimir integrand at Xi=0.403008
 
01/29/15::00:58:51: Assembling T1 at Xi=4.030077e-01... 
01/29/15::00:58:51: Assembling BEM matrix block (0,0) 
01/29/15::00:59:01: Assembling T2 at Xi=4.030077e-01... 
01/29/15::00:59:01: Assembling BEM matrix block (1,1) 
01/29/15::01:45:09: LU-factorizing T1 at Xi=0.403008... 
01/29/15::01:45:09: LU-factorizing T2 at Xi=0.403008... 
01/29/15::01:45:37: Applying transform 2.51189... 
01/29/15::01:45:37:  Assembling U(0,1) 
01/29/15::01:45:37: Assembling BEM matrix block (0,1) 
01/29/15::01:51:17:   Computing ZForce... 
01/29/15::01:51:28: Computing Casimir integrand at Xi=0.604012
 
01/29/15::01:51:28: Assembling T1 at Xi=6.040116e-01... 
01/29/15::01:51:28: Assembling BEM matrix block (0,0) 
01/29/15::01:51:39: Assembling T2 at Xi=6.040116e-01... 
01/29/15::01:51:39: Assembling BEM matrix block (1,1) 
01/29/15::02:38:13: LU-factorizing T1 at Xi=0.604012... 
01/29/15::02:38:13: LU-factorizing T2 at Xi=0.604012... 
01/29/15::02:38:41: Applying transform 2.51189... 
01/29/15::02:38:41:  Assembling U(0,1) 
01/29/15::02:38:41: Assembling BEM matrix block (0,1) 
01/29/15::02:44:23:   Computing ZForce... 
01/29/15::02:44:33: Computing Casimir integrand at Xi=0.738014
 
01/29/15::02:44:33: Assembling T1 at Xi=7.380142e-01... 
01/29/15::02:44:33: Assembling BEM matrix block (0,0) 
01/29/15::02:44:45: Assembling T2 at Xi=7.380142e-01... 
01/29/15::02:44:45: Assembling BEM matrix block (1,1) 
01/29/15::03:31:37: LU-factorizing T1 at Xi=0.738014... 
01/29/15::03:31:37: LU-factorizing T2 at Xi=0.738014... 
01/29/15::03:32:05: Applying transform 2.51189... 
01/29/15::03:32:05:  Assembling U(0,1) 
01/29/15::03:32:05: Assembling BEM matrix block (0,1) 
01/29/15::03:37:47:   Computing ZForce... 
01/29/15::03:37:58: Computing Casimir integrand at Xi=0.53701
 
01/29/15::03:37:58: Assembling T1 at Xi=5.370103e-01... 
01/29/15::03:37:58: Assembling BEM matrix block (0,0) 
01/29/15::03:38:08: Assembling T2 at Xi=5.370103e-01... 
01/29/15::03:38:08: Assembling BEM matrix block (1,1) 
01/29/15::04:24:33: LU-factorizing T1 at Xi=0.53701... 
01/29/15::04:24:33: LU-factorizing T2 at Xi=0.53701... 
01/29/15::04:25:01: Applying transform 2.51189... 
01/29/15::04:25:01:  Assembling U(0,1) 
01/29/15::04:25:01: Assembling BEM matrix block (0,1) 
01/29/15::04:30:43:   Computing ZForce... 
01/29/15::04:30:54: Computing Casimir integrand at Xi=0.671013
 
01/29/15::04:30:54: Assembling T1 at Xi=6.710129e-01... 
01/29/15::04:30:54: Assembling BEM matrix block (0,0) 
01/29/15::04:31:05: Assembling T2 at Xi=6.710129e-01... 
01/29/15::04:31:05: Assembling BEM matrix block (1,1) 
01/29/15::05:17:47: LU-factorizing T1 at Xi=0.671013... 
01/29/15::05:17:47: LU-factorizing T2 at Xi=0.671013... 
01/29/15::05:18:16: Applying transform 2.51189... 
01/29/15::05:18:16:  Assembling U(0,1) 
01/29/15::05:18:16: Assembling BEM matrix block (0,1) 
01/29/15::05:23:58:   Computing ZForce... 
01/29/15::05:24:09: Computing Casimir integrand at Xi=0.738014
 
01/29/15::05:24:09: Assembling T1 at Xi=7.380142e-01... 
01/29/15::05:24:09: Assembling BEM matrix block (0,0) 
01/29/15::05:24:20: Assembling T2 at Xi=7.380142e-01... 
01/29/15::05:24:20: Assembling BEM matrix block (1,1) 
01/29/15::06:11:18: LU-factorizing T1 at Xi=0.738014... 
01/29/15::06:11:18: LU-factorizing T2 at Xi=0.738014... 
01/29/15::06:11:46: Applying transform 2.51189... 
01/29/15::06:11:46:  Assembling U(0,1) 
01/29/15::06:11:46: Assembling BEM matrix block (0,1) 
01/29/15::06:17:29:   Computing ZForce... 
01/29/15::06:17:40: Computing Casimir integrand at Xi=0.805015
 
01/29/15::06:17:40: Assembling T1 at Xi=8.050155e-01... 
01/29/15::06:17:40: Assembling BEM matrix block (0,0) 
01/29/15::06:17:51: Assembling T2 at Xi=8.050155e-01... 
01/29/15::06:17:51: Assembling BEM matrix block (1,1) 
01/29/15::07:04:53: LU-factorizing T1 at Xi=0.805015... 
01/29/15::07:04:53: LU-factorizing T2 at Xi=0.805015... 
01/29/15::07:05:21: Applying transform 2.51189... 
01/29/15::07:05:21:  Assembling U(0,1) 
01/29/15::07:05:21: Assembling BEM matrix block (0,1) 
01/29/15::07:11:04:   Computing ZForce... 
01/29/15::07:11:15: Computing Casimir integrand at Xi=0.872017
 
01/29/15::07:11:15: Assembling T1 at Xi=8.720168e-01... 
01/29/15::07:11:15: Assembling BEM matrix block (0,0) 
01/29/15::07:11:27: Assembling T2 at Xi=8.720168e-01... 
01/29/15::07:11:27: Assembling BEM matrix block (1,1) 
01/29/15::07:58:34: LU-factorizing T1 at Xi=0.872017... 
01/29/15::07:58:34: LU-factorizing T2 at Xi=0.872017... 
01/29/15::07:59:03: Applying transform 2.51189... 
01/29/15::07:59:03:  Assembling U(0,1) 
01/29/15::07:59:03: Assembling BEM matrix block (0,1) 
01/29/15::08:04:47:   Computing ZForce... 
01/29/15::08:04:58: Computing Casimir integrand at Xi=0.939018
 
01/29/15::08:04:58: Assembling T1 at Xi=9.390181e-01... 
01/29/15::08:04:58: Assembling BEM matrix block (0,0) 
01/29/15::08:05:10: Assembling T2 at Xi=9.390181e-01... 
01/29/15::08:05:10: Assembling BEM matrix block (1,1) 
01/29/15::09:27:54: LU-factorizing T1 at Xi=0.939018... 
01/29/15::09:27:54: LU-factorizing T2 at Xi=0.939018... 
01/29/15::09:28:22: Applying transform 2.51189... 
01/29/15::09:28:22:  Assembling U(0,1) 
01/29/15::09:28:22: Assembling BEM matrix block (0,1) 
01/29/15::09:33:59:   Computing ZForce... 
01/29/15::09:34:09: Computing Casimir integrand at Xi=1.00602
 
01/29/15::09:34:09: Assembling T1 at Xi=1.006019e+00... 
01/29/15::09:34:09: Assembling BEM matrix block (0,0) 
01/29/15::09:34:22: Assembling T2 at Xi=1.006019e+00... 
01/29/15::09:34:22: Assembling BEM matrix block (1,1) 
01/29/15::10:57:02: LU-factorizing T1 at Xi=1.00602... 
01/29/15::10:57:02: LU-factorizing T2 at Xi=1.00602... 
01/29/15::10:57:31: Applying transform 2.51189... 
01/29/15::10:57:31:  Assembling U(0,1) 
01/29/15::10:57:31: Assembling BEM matrix block (0,1) 
01/29/15::11:03:09:   Computing ZForce... 
01/29/15::11:03:19: Computing Casimir integrand at Xi=1.07302
 
01/29/15::11:03:19: Assembling T1 at Xi=1.073021e+00... 
01/29/15::11:03:19: Assembling BEM matrix block (0,0) 
01/29/15::11:03:36: Assembling T2 at Xi=1.073021e+00... 
01/29/15::11:03:36: Assembling BEM matrix block (1,1) 
01/29/15::12:26:23: LU-factorizing T1 at Xi=1.07302... 
01/29/15::12:26:23: LU-factorizing T2 at Xi=1.07302... 
01/29/15::12:26:51: Applying transform 2.51189... 
01/29/15::12:26:51:  Assembling U(0,1) 
01/29/15::12:26:51: Assembling BEM matrix block (0,1) 
01/29/15::12:32:29:   Computing ZForce... 
01/29/15::12:32:40: Computing Casimir integrand at Xi=1.14002
 
01/29/15::12:32:40: Assembling T1 at Xi=1.140022e+00... 
01/29/15::12:32:40: Assembling BEM matrix block (0,0) 
01/29/15::12:33:04: Assembling T2 at Xi=1.140022e+00... 
01/29/15::12:33:04: Assembling BEM matrix block (1,1) 
01/29/15::13:55:45: LU-factorizing T1 at Xi=1.14002... 
01/29/15::13:55:45: LU-factorizing T2 at Xi=1.14002... 
01/29/15::13:56:13: Applying transform 2.51189... 
01/29/15::13:56:13:  Assembling U(0,1) 
01/29/15::13:56:13: Assembling BEM matrix block (0,1) 
01/29/15::14:01:51:   Computing ZForce... 
01/29/15::14:02:01: Computing Casimir integrand at Xi=1.20702
 
01/29/15::14:02:01: Assembling T1 at Xi=1.207023e+00... 
01/29/15::14:02:01: Assembling BEM matrix block (0,0) 
01/29/15::14:02:46: Assembling T2 at Xi=1.207023e+00... 
01/29/15::14:02:46: Assembling BEM matrix block (1,1) 
01/29/15::15:25:22: LU-factorizing T1 at Xi=1.20702... 
01/29/15::15:25:22: LU-factorizing T2 at Xi=1.20702... 
01/29/15::15:25:50: Applying transform 2.51189... 
01/29/15::15:25:50:  Assembling U(0,1) 
01/29/15::15:25:50: Assembling BEM matrix block (0,1) 
01/29/15::15:31:27:   Computing ZForce... 
01/29/15::15:31:38: Computing Casimir integrand at Xi=1.27402
 
01/29/15::15:31:38: Assembling T1 at Xi=1.274025e+00... 
01/29/15::15:31:38: Assembling BEM matrix block (0,0) 
01/29/15::15:32:50: Assembling T2 at Xi=1.274025e+00... 
01/29/15::15:32:50: Assembling BEM matrix block (1,1) 
01/29/15::16:55:29: LU-factorizing T1 at Xi=1.27402... 
01/29/15::16:55:29: LU-factorizing T2 at Xi=1.27402... 
01/29/15::16:55:58: Applying transform 2.51189... 
01/29/15::16:55:58:  Assembling U(0,1) 
01/29/15::16:55:58: Assembling BEM matrix block (0,1) 
01/29/15::17:01:53:   Computing ZForce... 
01/29/15::17:02:03: Computing Casimir integrand at Xi=1.34103
 
01/29/15::17:02:03: Assembling T1 at Xi=1.341026e+00... 
01/29/15::17:02:03: Assembling BEM matrix block (0,0) 
01/29/15::17:03:44: Assembling T2 at Xi=1.341026e+00... 
01/29/15::17:03:44: Assembling BEM matrix block (1,1) 
01/29/15::18:26:43: LU-factorizing T1 at Xi=1.34103... 
01/29/15::18:26:43: LU-factorizing T2 at Xi=1.34103... 
01/29/15::18:27:11: Applying transform 2.51189... 
01/29/15::18:27:11:  Assembling U(0,1) 
01/29/15::18:27:11: Assembling BEM matrix block (0,1) 
01/29/15::18:32:49:   Computing ZForce... 
01/29/15::18:32:59: Computing Casimir integrand at Xi=1.40803
 
01/29/15::18:32:59: Assembling T1 at Xi=1.408027e+00... 
01/29/15::18:32:59: Assembling BEM matrix block (0,0) 
01/29/15::18:35:03: Assembling T2 at Xi=1.408027e+00... 
01/29/15::18:35:03: Assembling BEM matrix block (1,1) 
01/29/15::19:58:09: LU-factorizing T1 at Xi=1.40803... 
01/29/15::19:58:09: LU-factorizing T2 at Xi=1.40803... 
01/29/15::19:58:38: Applying transform 2.51189... 
01/29/15::19:58:38:  Assembling U(0,1) 
01/29/15::19:58:38: Assembling BEM matrix block (0,1) 
01/29/15::20:04:15:   Computing ZForce... 
01/29/15::20:04:25: Computing Casimir integrand at Xi=1.30753
 
01/29/15::20:04:25: Assembling T1 at Xi=1.307525e+00... 
01/29/15::20:04:25: Assembling BEM matrix block (0,0) 
01/29/15::20:05:45: Assembling T2 at Xi=1.307525e+00... 
01/29/15::20:05:45: Assembling BEM matrix block (1,1) 
01/29/15::21:28:34: LU-factorizing T1 at Xi=1.30753... 
01/29/15::21:28:34: LU-factorizing T2 at Xi=1.30753... 
01/29/15::21:29:02: Applying transform 2.51189... 
01/29/15::21:29:02:  Assembling U(0,1) 
01/29/15::21:29:02: Assembling BEM matrix block (0,1) 
01/29/15::21:34:39:   Computing ZForce... 
01/29/15::21:34:50: Computing Casimir integrand at Xi=1.40803
 
01/29/15::21:34:50: Assembling T1 at Xi=1.408027e+00... 
01/29/15::21:34:50: Assembling BEM matrix block (0,0) 
01/29/15::21:36:54: Assembling T2 at Xi=1.408027e+00... 
01/29/15::21:36:54: Assembling BEM matrix block (1,1) 
01/29/15::23:00:07: LU-factorizing T1 at Xi=1.40803... 
01/29/15::23:00:08: LU-factorizing T2 at Xi=1.40803... 
01/29/15::23:00:36: Applying transform 2.51189... 
01/29/15::23:00:36:  Assembling U(0,1) 
01/29/15::23:00:36: Assembling BEM matrix block (0,1) 
01/29/15::23:06:13:   Computing ZForce... 
01/29/15::23:06:23: Computing Casimir integrand at Xi=1.47503
 
01/29/15::23:06:23: Assembling T1 at Xi=1.475028e+00... 
01/29/15::23:06:23: Assembling BEM matrix block (0,0) 
01/29/15::23:08:57: Assembling T2 at Xi=1.475028e+00... 
01/29/15::23:08:57: Assembling BEM matrix block (1,1) 
01/30/15::00:32:31: LU-factorizing T1 at Xi=1.47503... 
01/30/15::00:32:31: LU-factorizing T2 at Xi=1.47503... 
01/30/15::00:32:59: Applying transform 2.51189... 
01/30/15::00:32:59:  Assembling U(0,1) 
01/30/15::00:32:59: Assembling BEM matrix block (0,1) 
01/30/15::00:38:36:   Computing ZForce... 
01/30/15::00:38:46: Computing Casimir integrand at Xi=1.60903
 
01/30/15::00:38:46: Assembling T1 at Xi=1.609031e+00... 
01/30/15::00:38:46: Assembling BEM matrix block (0,0) 
01/30/15::00:42:05: Assembling T2 at Xi=1.609031e+00... 
01/30/15::00:42:05: Assembling BEM matrix block (1,1) 
01/30/15::02:06:59: LU-factorizing T1 at Xi=1.60903... 
01/30/15::02:06:59: LU-factorizing T2 at Xi=1.60903... 
01/30/15::02:07:27: Applying transform 2.51189... 
01/30/15::02:07:27:  Assembling U(0,1) 
01/30/15::02:07:27: Assembling BEM matrix block (0,1) 
01/30/15::02:13:03:   Computing ZForce... 
01/30/15::02:13:14: Computing Casimir integrand at Xi=1.74303
 
01/30/15::02:13:14: Assembling T1 at Xi=1.743034e+00... 
01/30/15::02:13:14: Assembling BEM matrix block (0,0) 
01/30/15::02:17:03: Assembling T2 at Xi=1.743034e+00... 
01/30/15::02:17:03: Assembling BEM matrix block (1,1) 
01/30/15::03:43:05: LU-factorizing T1 at Xi=1.74303... 
01/30/15::03:43:05: LU-factorizing T2 at Xi=1.74303... 
01/30/15::03:43:33: Applying transform 2.51189... 
01/30/15::03:43:33:  Assembling U(0,1) 
01/30/15::03:43:33: Assembling BEM matrix block (0,1) 
01/30/15::03:49:08:   Computing ZForce... 
01/30/15::03:49:18: Computing Casimir integrand at Xi=1.54203
 
01/30/15::03:49:18: Assembling T1 at Xi=1.542030e+00... 
01/30/15::03:49:18: Assembling BEM matrix block (0,0) 
01/30/15::03:52:18: Assembling T2 at Xi=1.542030e+00... 
01/30/15::03:52:18: Assembling BEM matrix block (1,1) 
01/30/15::05:16:44: LU-factorizing T1 at Xi=1.54203... 
01/30/15::05:16:44: LU-factorizing T2 at Xi=1.54203... 
01/30/15::05:17:12: Applying transform 2.51189... 
01/30/15::05:17:12:  Assembling U(0,1) 
01/30/15::05:17:12: Assembling BEM matrix block (0,1) 
01/30/15::05:22:48:   Computing ZForce... 
01/30/15::05:22:59: Computing Casimir integrand at Xi=1.74303
 
01/30/15::05:22:59: Assembling T1 at Xi=1.743034e+00... 
01/30/15::05:22:59: Assembling BEM matrix block (0,0) 
01/30/15::05:26:48: Assembling T2 at Xi=1.743034e+00... 
01/30/15::05:26:48: Assembling BEM matrix block (1,1) 
01/30/15::06:52:54: LU-factorizing T1 at Xi=1.74303... 
01/30/15::06:52:54: LU-factorizing T2 at Xi=1.74303... 
01/30/15::06:53:22: Applying transform 2.51189... 
01/30/15::06:53:22:  Assembling U(0,1) 
01/30/15::06:53:22: Assembling BEM matrix block (0,1) 
01/30/15::06:58:55:   Computing ZForce... 
01/30/15::06:59:06: Computing Casimir integrand at Xi=1.87704
 
01/30/15::06:59:06: Assembling T1 at Xi=1.877036e+00... 
01/30/15::06:59:06: Assembling BEM matrix block (0,0) 
01/30/15::07:03:02: Assembling T2 at Xi=1.877036e+00... 
01/30/15::07:03:02: Assembling BEM matrix block (1,1) 
01/30/15::08:29:42: LU-factorizing T1 at Xi=1.87704... 
01/30/15::08:29:42: LU-factorizing T2 at Xi=1.87704... 
01/30/15::08:30:10: Applying transform 2.51189... 
01/30/15::08:30:10:  Assembling U(0,1) 
01/30/15::08:30:10: Assembling BEM matrix block (0,1) 
01/30/15::08:35:45:   Computing ZForce... 
01/30/15::08:35:56: Computing Casimir integrand at Xi=1.67603
 
01/30/15::08:35:56: Assembling T1 at Xi=1.676032e+00... 
01/30/15::08:35:56: Assembling BEM matrix block (0,0) 
01/30/15::08:39:32: Assembling T2 at Xi=1.676032e+00... 
01/30/15::08:39:32: Assembling BEM matrix block (1,1) 
01/30/15::10:05:07: LU-factorizing T1 at Xi=1.67603... 
01/30/15::10:05:07: LU-factorizing T2 at Xi=1.67603... 
01/30/15::10:05:36: Applying transform 2.51189... 
01/30/15::10:05:36:  Assembling U(0,1) 
01/30/15::10:05:36: Assembling BEM matrix block (0,1) 
01/30/15::10:11:10:   Computing ZForce... 
01/30/15::10:11:21: Computing Casimir integrand at Xi=1.81003
 
01/30/15::10:11:21: Assembling T1 at Xi=1.810035e+00... 
01/30/15::10:11:21: Assembling BEM matrix block (0,0) 
01/30/15::10:15:14: Assembling T2 at Xi=1.810035e+00... 
01/30/15::10:15:14: Assembling BEM matrix block (1,1) 
01/30/15::11:41:49: LU-factorizing T1 at Xi=1.81003... 
01/30/15::11:41:50: LU-factorizing T2 at Xi=1.81003... 
01/30/15::11:42:18: Applying transform 2.51189... 
01/30/15::11:42:18:  Assembling U(0,1) 
01/30/15::11:42:18: Assembling BEM matrix block (0,1) 
01/30/15::11:47:53:   Computing ZForce... 
01/30/15::11:48:04: Computing Casimir integrand at Xi=1.87704
 
01/30/15::11:48:04: Assembling T1 at Xi=1.877036e+00... 
01/30/15::11:48:04: Assembling BEM matrix block (0,0) 
01/30/15::11:52:00: Assembling T2 at Xi=1.877036e+00... 
01/30/15::11:52:00: Assembling BEM matrix block (1,1) 
01/30/15::13:18:41: LU-factorizing T1 at Xi=1.87704... 
01/30/15::13:18:42: LU-factorizing T2 at Xi=1.87704... 
01/30/15::13:19:10: Applying transform 2.51189... 
01/30/15::13:19:10:  Assembling U(0,1) 
01/30/15::13:19:10: Assembling BEM matrix block (0,1) 
01/30/15::13:24:44:   Computing ZForce... 
