03/23/15::08:10:44: scuff-cas3D running on fell0124 
03/23/15::08:10:44: Setting material properties of exterior region to VACUUM. 
03/23/15::08:10:44: Flipped 1740 panel normals to comport with region definitions. 
03/23/15::08:10:44: Computing full Matsubara-summed Casimir quantities at T=3.000000e+02 Kelvin. 
03/23/15::08:10:44: Read 1 geometrical transformations from file RatioBeadCubePEC_L-10.0_grid-0.5_T-300.trans. 
03/23/15::08:10:44: Beginning Matsubara sum at T=300 kelvin... 
03/23/15::08:10:44: Computing Casimir integrand at Xi=0.001
 
03/23/15::08:10:44: Assembling T1 at Xi=1.000000e-03... 
03/23/15::08:10:44: Assembling BEM matrix block (0,0) 
03/23/15::08:12:12: Assembling T2 at Xi=1.000000e-03... 
03/23/15::08:12:12: Assembling BEM matrix block (1,1) 
03/23/15::08:31:53: LU-factorizing T1 at Xi=0.001... 
03/23/15::08:31:53: LU-factorizing T2 at Xi=0.001... 
03/23/15::08:32:36: Applying transform 0... 
03/23/15::08:32:36:  Assembling U(0,1) 
03/23/15::08:32:36: Assembling BEM matrix block (0,1) 
03/23/15::08:35:45:   Computing ZForce... 
03/23/15::08:36:06: Computing Casimir integrand at Xi=0.823279
 
03/23/15::08:36:06: Assembling T1 at Xi=8.232789e-01... 
03/23/15::08:36:06: Assembling BEM matrix block (0,0) 
03/23/15::08:36:17: Assembling T2 at Xi=8.232789e-01... 
03/23/15::08:36:17: Assembling BEM matrix block (1,1) 
03/23/15::08:52:00: LU-factorizing T1 at Xi=0.823279... 
03/23/15::08:52:00: LU-factorizing T2 at Xi=0.823279... 
03/23/15::08:52:31: Applying transform 0... 
03/23/15::08:52:31:  Assembling U(0,1) 
03/23/15::08:52:31: Assembling BEM matrix block (0,1) 
03/23/15::08:55:14:   Computing ZForce... 
03/23/15::08:55:29: Computing Casimir integrand at Xi=1.64656
 
03/23/15::08:55:29: Assembling T1 at Xi=1.646558e+00... 
03/23/15::08:55:29: Assembling BEM matrix block (0,0) 
03/23/15::08:55:39: Assembling T2 at Xi=1.646558e+00... 
03/23/15::08:55:39: Assembling BEM matrix block (1,1) 
03/23/15::09:15:27: LU-factorizing T1 at Xi=1.64656... 
03/23/15::09:15:27: LU-factorizing T2 at Xi=1.64656... 
03/23/15::09:15:58: Applying transform 0... 
03/23/15::09:15:58:  Assembling U(0,1) 
03/23/15::09:15:58: Assembling BEM matrix block (0,1) 
03/23/15::09:18:42:   Computing ZForce... 
03/23/15::09:18:57: Computing Casimir integrand at Xi=2.46984
 
03/23/15::09:18:57: Assembling T1 at Xi=2.469837e+00... 
03/23/15::09:18:57: Assembling BEM matrix block (0,0) 
03/23/15::09:19:09: Assembling T2 at Xi=2.469837e+00... 
03/23/15::09:19:09: Assembling BEM matrix block (1,1) 
03/23/15::09:41:36: LU-factorizing T1 at Xi=2.46984... 
03/23/15::09:41:36: LU-factorizing T2 at Xi=2.46984... 
03/23/15::09:42:11: Applying transform 0... 
03/23/15::09:42:11:  Assembling U(0,1) 
03/23/15::09:42:11: Assembling BEM matrix block (0,1) 
03/23/15::09:45:04:   Computing ZForce... 
03/23/15::09:45:21: Matsubara sum converged after summing n=3 frequency points. 
