03/23/15::08:10:46: scuff-cas3D running on fell0326 
03/23/15::08:10:46: Setting material properties of exterior region to VACUUM. 
03/23/15::08:10:46: Flipped 2683 panel normals to comport with region definitions. 
03/23/15::08:10:46: Computing full Matsubara-summed Casimir quantities at T=3.000000e+02 Kelvin. 
03/23/15::08:10:46: Read 1 geometrical transformations from file RatioBeadCubePEC_L-12.5_grid-0.4_T-300.trans. 
03/23/15::08:10:47: Beginning Matsubara sum at T=300 kelvin... 
03/23/15::08:10:47: Computing Casimir integrand at Xi=0.001
 
03/23/15::08:10:47: Assembling T1 at Xi=1.000000e-03... 
03/23/15::08:10:47: Assembling BEM matrix block (0,0) 
03/23/15::08:13:12: Assembling T2 at Xi=1.000000e-03... 
03/23/15::08:13:12: Assembling BEM matrix block (1,1) 
03/23/15::08:44:14: LU-factorizing T1 at Xi=0.001... 
03/23/15::08:44:14: LU-factorizing T2 at Xi=0.001... 
03/23/15::08:46:35: Applying transform 0... 
03/23/15::08:46:35:  Assembling U(0,1) 
03/23/15::08:46:35: Assembling BEM matrix block (0,1) 
03/23/15::08:54:55:   Computing ZForce... 
03/23/15::08:56:00: Computing Casimir integrand at Xi=0.823279
 
03/23/15::08:56:00: Assembling T1 at Xi=8.232789e-01... 
03/23/15::08:56:00: Assembling BEM matrix block (0,0) 
03/23/15::08:56:22: Assembling T2 at Xi=8.232789e-01... 
03/23/15::08:56:22: Assembling BEM matrix block (1,1) 
03/23/15::09:20:36: LU-factorizing T1 at Xi=0.823279... 
03/23/15::09:20:36: LU-factorizing T2 at Xi=0.823279... 
03/23/15::09:22:46: Applying transform 0... 
03/23/15::09:22:46:  Assembling U(0,1) 
03/23/15::09:22:46: Assembling BEM matrix block (0,1) 
03/23/15::09:30:52:   Computing ZForce... 
03/23/15::09:31:53: Computing Casimir integrand at Xi=1.64656
 
03/23/15::09:31:53: Assembling T1 at Xi=1.646558e+00... 
03/23/15::09:31:53: Assembling BEM matrix block (0,0) 
03/23/15::09:32:16: Assembling T2 at Xi=1.646558e+00... 
03/23/15::09:32:16: Assembling BEM matrix block (1,1) 
03/23/15::10:04:46: LU-factorizing T1 at Xi=1.64656... 
03/23/15::10:04:47: LU-factorizing T2 at Xi=1.64656... 
03/23/15::10:06:55: Applying transform 0... 
03/23/15::10:06:55:  Assembling U(0,1) 
03/23/15::10:06:55: Assembling BEM matrix block (0,1) 
03/23/15::10:15:28:   Computing ZForce... 
03/23/15::10:16:40: Matsubara sum converged after summing n=2 frequency points. 
