01/28/15::16:05:26: scuff-cas3D running on barley07.stanford.edu 
01/28/15::16:05:26: Setting material properties of exterior region to VACUUM. 
01/28/15::16:05:26: Flipped 514 panel normals to comport with region definitions. 
01/28/15::16:05:26: Computing full zero-temperature Casimir quantities. 
01/28/15::16:05:26: Read 1 geometrical transformations from file Bead_L-6.30957.trans. 
01/28/15::16:05:26: Minimum distance between surface points=6.409570e+00 
01/28/15::16:05:27: Computing Casimir integrand at Xi=0.001
 
01/28/15::16:05:27: Assembling T1 at Xi=1.000000e-03... 
01/28/15::16:05:27: Assembling BEM matrix block (0,0) 
01/28/15::16:06:15: Assembling T2 at Xi=1.000000e-03... 
01/28/15::16:06:15: Assembling BEM matrix block (1,1) 
01/28/15::16:58:22: LU-factorizing T1 at Xi=0.001... 
01/28/15::16:58:22: LU-factorizing T2 at Xi=0.001... 
01/28/15::16:58:51: Applying transform 6.30957... 
01/28/15::16:58:51:  Assembling U(0,1) 
01/28/15::16:58:51: Assembling BEM matrix block (0,1) 
01/28/15::17:01:41:   Computing ZForce... 
01/28/15::17:01:52: Computing Casimir integrand at Xi=0.0146515
 
01/28/15::17:01:52: Assembling T1 at Xi=1.465146e-02... 
01/28/15::17:01:52: Assembling BEM matrix block (0,0) 
01/28/15::17:02:03: Assembling T2 at Xi=1.465146e-02... 
01/28/15::17:02:03: Assembling BEM matrix block (1,1) 
01/28/15::17:48:13: LU-factorizing T1 at Xi=0.0146515... 
01/28/15::17:48:13: LU-factorizing T2 at Xi=0.0146515... 
01/28/15::17:48:42: Applying transform 6.30957... 
01/28/15::17:48:42:  Assembling U(0,1) 
01/28/15::17:48:42: Assembling BEM matrix block (0,1) 
01/28/15::17:51:27:   Computing ZForce... 
01/28/15::17:51:38: Computing Casimir integrand at Xi=0.0283029
 
01/28/15::17:51:38: Assembling T1 at Xi=2.830292e-02... 
01/28/15::17:51:38: Assembling BEM matrix block (0,0) 
01/28/15::17:51:52: Assembling T2 at Xi=2.830292e-02... 
01/28/15::17:51:52: Assembling BEM matrix block (1,1) 
01/28/15::18:38:19: LU-factorizing T1 at Xi=0.0283029... 
01/28/15::18:38:19: LU-factorizing T2 at Xi=0.0283029... 
01/28/15::18:38:48: Applying transform 6.30957... 
01/28/15::18:38:48:  Assembling U(0,1) 
01/28/15::18:38:48: Assembling BEM matrix block (0,1) 
01/28/15::18:41:33:   Computing ZForce... 
01/28/15::18:41:44: Computing Casimir integrand at Xi=0.0556058
 
01/28/15::18:41:44: Assembling T1 at Xi=5.560585e-02... 
01/28/15::18:41:44: Assembling BEM matrix block (0,0) 
01/28/15::18:41:55: Assembling T2 at Xi=5.560585e-02... 
01/28/15::18:41:55: Assembling BEM matrix block (1,1) 
01/28/15::19:28:13: LU-factorizing T1 at Xi=0.0556058... 
01/28/15::19:28:13: LU-factorizing T2 at Xi=0.0556058... 
01/28/15::19:28:42: Applying transform 6.30957... 
01/28/15::19:28:42:  Assembling U(0,1) 
01/28/15::19:28:42: Assembling BEM matrix block (0,1) 
01/28/15::19:31:28:   Computing ZForce... 
01/28/15::19:31:39: Computing Casimir integrand at Xi=0.0829088
 
01/28/15::19:31:39: Assembling T1 at Xi=8.290877e-02... 
01/28/15::19:31:39: Assembling BEM matrix block (0,0) 
01/28/15::19:31:48: Assembling T2 at Xi=8.290877e-02... 
01/28/15::19:31:48: Assembling BEM matrix block (1,1) 
01/28/15::20:18:05: LU-factorizing T1 at Xi=0.0829088... 
01/28/15::20:18:06: LU-factorizing T2 at Xi=0.0829088... 
01/28/15::20:18:35: Applying transform 6.30957... 
01/28/15::20:18:35:  Assembling U(0,1) 
01/28/15::20:18:35: Assembling BEM matrix block (0,1) 
01/28/15::20:21:19:   Computing ZForce... 
01/28/15::20:21:30: Computing Casimir integrand at Xi=0.137515
 
01/28/15::20:21:30: Assembling T1 at Xi=1.375146e-01... 
01/28/15::20:21:30: Assembling BEM matrix block (0,0) 
01/28/15::20:21:39: Assembling T2 at Xi=1.375146e-01... 
01/28/15::20:21:39: Assembling BEM matrix block (1,1) 
01/28/15::21:08:00: LU-factorizing T1 at Xi=0.137515... 
01/28/15::21:08:00: LU-factorizing T2 at Xi=0.137515... 
01/28/15::21:08:29: Applying transform 6.30957... 
01/28/15::21:08:29:  Assembling U(0,1) 
01/28/15::21:08:29: Assembling BEM matrix block (0,1) 
01/28/15::21:11:14:   Computing ZForce... 
01/28/15::21:11:25: Computing Casimir integrand at Xi=0.19212
 
01/28/15::21:11:25: Assembling T1 at Xi=1.921205e-01... 
01/28/15::21:11:25: Assembling BEM matrix block (0,0) 
01/28/15::21:11:34: Assembling T2 at Xi=1.921205e-01... 
01/28/15::21:11:34: Assembling BEM matrix block (1,1) 
01/28/15::21:57:55: LU-factorizing T1 at Xi=0.19212... 
01/28/15::21:57:55: LU-factorizing T2 at Xi=0.19212... 
01/28/15::21:58:24: Applying transform 6.30957... 
01/28/15::21:58:24:  Assembling U(0,1) 
01/28/15::21:58:24: Assembling BEM matrix block (0,1) 
01/28/15::22:01:08:   Computing ZForce... 
01/28/15::22:01:19: Computing Casimir integrand at Xi=0.301332
 
01/28/15::22:01:19: Assembling T1 at Xi=3.013322e-01... 
01/28/15::22:01:19: Assembling BEM matrix block (0,0) 
01/28/15::22:01:28: Assembling T2 at Xi=3.013322e-01... 
01/28/15::22:01:28: Assembling BEM matrix block (1,1) 
01/28/15::22:47:57: LU-factorizing T1 at Xi=0.301332... 
01/28/15::22:47:57: LU-factorizing T2 at Xi=0.301332... 
01/28/15::22:48:26: Applying transform 6.30957... 
01/28/15::22:48:26:  Assembling U(0,1) 
01/28/15::22:48:26: Assembling BEM matrix block (0,1) 
01/28/15::22:51:11:   Computing ZForce... 
01/28/15::22:51:22: Computing Casimir integrand at Xi=0.410544
 
01/28/15::22:51:22: Assembling T1 at Xi=4.105439e-01... 
01/28/15::22:51:22: Assembling BEM matrix block (0,0) 
01/28/15::22:51:32: Assembling T2 at Xi=4.105439e-01... 
01/28/15::22:51:32: Assembling BEM matrix block (1,1) 
01/28/15::23:38:06: LU-factorizing T1 at Xi=0.410544... 
01/28/15::23:38:06: LU-factorizing T2 at Xi=0.410544... 
01/28/15::23:38:35: Applying transform 6.30957... 
01/28/15::23:38:35:  Assembling U(0,1) 
01/28/15::23:38:35: Assembling BEM matrix block (0,1) 
01/28/15::23:41:21:   Computing ZForce... 
01/28/15::23:41:32: Computing Casimir integrand at Xi=0.246726
 
01/28/15::23:41:32: Assembling T1 at Xi=2.467263e-01... 
01/28/15::23:41:32: Assembling BEM matrix block (0,0) 
01/28/15::23:41:41: Assembling T2 at Xi=2.467263e-01... 
01/28/15::23:41:41: Assembling BEM matrix block (1,1) 
01/29/15::00:28:04: LU-factorizing T1 at Xi=0.246726... 
01/29/15::00:28:04: LU-factorizing T2 at Xi=0.246726... 
01/29/15::00:28:32: Applying transform 6.30957... 
01/29/15::00:28:32:  Assembling U(0,1) 
01/29/15::00:28:32: Assembling BEM matrix block (0,1) 
01/29/15::00:31:17:   Computing ZForce... 
01/29/15::00:31:28: Computing Casimir integrand at Xi=0.219423
 
01/29/15::00:31:28: Assembling T1 at Xi=2.194234e-01... 
01/29/15::00:31:28: Assembling BEM matrix block (0,0) 
01/29/15::00:31:37: Assembling T2 at Xi=2.194234e-01... 
01/29/15::00:31:37: Assembling BEM matrix block (1,1) 
01/29/15::01:18:05: LU-factorizing T1 at Xi=0.219423... 
01/29/15::01:18:05: LU-factorizing T2 at Xi=0.219423... 
01/29/15::01:18:34: Applying transform 6.30957... 
01/29/15::01:18:34:  Assembling U(0,1) 
01/29/15::01:18:34: Assembling BEM matrix block (0,1) 
01/29/15::01:21:18:   Computing ZForce... 
01/29/15::01:21:29: Computing Casimir integrand at Xi=0.301332
 
01/29/15::01:21:29: Assembling T1 at Xi=3.013322e-01... 
01/29/15::01:21:29: Assembling BEM matrix block (0,0) 
01/29/15::01:21:38: Assembling T2 at Xi=3.013322e-01... 
01/29/15::01:21:38: Assembling BEM matrix block (1,1) 
01/29/15::02:08:03: LU-factorizing T1 at Xi=0.301332... 
01/29/15::02:08:03: LU-factorizing T2 at Xi=0.301332... 
01/29/15::02:08:31: Applying transform 6.30957... 
01/29/15::02:08:31:  Assembling U(0,1) 
01/29/15::02:08:31: Assembling BEM matrix block (0,1) 
01/29/15::02:11:16:   Computing ZForce... 
01/29/15::02:11:26: Computing Casimir integrand at Xi=0.355938
 
01/29/15::02:11:26: Assembling T1 at Xi=3.559380e-01... 
01/29/15::02:11:26: Assembling BEM matrix block (0,0) 
01/29/15::02:11:36: Assembling T2 at Xi=3.559380e-01... 
01/29/15::02:11:36: Assembling BEM matrix block (1,1) 
01/29/15::02:58:11: LU-factorizing T1 at Xi=0.355938... 
01/29/15::02:58:11: LU-factorizing T2 at Xi=0.355938... 
01/29/15::02:58:40: Applying transform 6.30957... 
01/29/15::02:58:40:  Assembling U(0,1) 
01/29/15::02:58:40: Assembling BEM matrix block (0,1) 
01/29/15::03:01:27:   Computing ZForce... 
01/29/15::03:01:37: Computing Casimir integrand at Xi=0.274029
 
01/29/15::03:01:37: Assembling T1 at Xi=2.740292e-01... 
01/29/15::03:01:37: Assembling BEM matrix block (0,0) 
01/29/15::03:01:47: Assembling T2 at Xi=2.740292e-01... 
01/29/15::03:01:47: Assembling BEM matrix block (1,1) 
01/29/15::03:48:11: LU-factorizing T1 at Xi=0.274029... 
01/29/15::03:48:11: LU-factorizing T2 at Xi=0.274029... 
01/29/15::03:48:39: Applying transform 6.30957... 
01/29/15::03:48:39:  Assembling U(0,1) 
01/29/15::03:48:39: Assembling BEM matrix block (0,1) 
01/29/15::03:51:24:   Computing ZForce... 
01/29/15::03:51:35: Computing Casimir integrand at Xi=0.355938
 
01/29/15::03:51:35: Assembling T1 at Xi=3.559380e-01... 
01/29/15::03:51:35: Assembling BEM matrix block (0,0) 
01/29/15::03:51:45: Assembling T2 at Xi=3.559380e-01... 
01/29/15::03:51:45: Assembling BEM matrix block (1,1) 
01/29/15::04:38:24: LU-factorizing T1 at Xi=0.355938... 
01/29/15::04:38:24: LU-factorizing T2 at Xi=0.355938... 
01/29/15::04:38:53: Applying transform 6.30957... 
01/29/15::04:38:53:  Assembling U(0,1) 
01/29/15::04:38:53: Assembling BEM matrix block (0,1) 
01/29/15::04:41:38:   Computing ZForce... 
01/29/15::04:41:49: Computing Casimir integrand at Xi=0.410544
 
01/29/15::04:41:49: Assembling T1 at Xi=4.105439e-01... 
01/29/15::04:41:49: Assembling BEM matrix block (0,0) 
01/29/15::04:41:59: Assembling T2 at Xi=4.105439e-01... 
01/29/15::04:41:59: Assembling BEM matrix block (1,1) 
01/29/15::05:28:34: LU-factorizing T1 at Xi=0.410544... 
01/29/15::05:28:34: LU-factorizing T2 at Xi=0.410544... 
01/29/15::05:29:03: Applying transform 6.30957... 
01/29/15::05:29:03:  Assembling U(0,1) 
01/29/15::05:29:03: Assembling BEM matrix block (0,1) 
01/29/15::05:31:49:   Computing ZForce... 
01/29/15::05:32:00: Computing Casimir integrand at Xi=0.328635
 
01/29/15::05:32:00: Assembling T1 at Xi=3.286351e-01... 
01/29/15::05:32:00: Assembling BEM matrix block (0,0) 
01/29/15::05:32:10: Assembling T2 at Xi=3.286351e-01... 
01/29/15::05:32:10: Assembling BEM matrix block (1,1) 
01/29/15::06:18:40: LU-factorizing T1 at Xi=0.328635... 
01/29/15::06:18:40: LU-factorizing T2 at Xi=0.328635... 
01/29/15::06:19:09: Applying transform 6.30957... 
01/29/15::06:19:09:  Assembling U(0,1) 
01/29/15::06:19:09: Assembling BEM matrix block (0,1) 
01/29/15::06:21:55:   Computing ZForce... 
01/29/15::06:22:05: Computing Casimir integrand at Xi=0.410544
 
01/29/15::06:22:05: Assembling T1 at Xi=4.105439e-01... 
01/29/15::06:22:05: Assembling BEM matrix block (0,0) 
01/29/15::06:22:15: Assembling T2 at Xi=4.105439e-01... 
01/29/15::06:22:15: Assembling BEM matrix block (1,1) 
01/29/15::07:08:55: LU-factorizing T1 at Xi=0.410544... 
01/29/15::07:08:56: LU-factorizing T2 at Xi=0.410544... 
01/29/15::07:09:24: Applying transform 6.30957... 
01/29/15::07:09:24:  Assembling U(0,1) 
01/29/15::07:09:24: Assembling BEM matrix block (0,1) 
01/29/15::07:12:10:   Computing ZForce... 
01/29/15::07:12:21: Computing Casimir integrand at Xi=0.46515
 
01/29/15::07:12:21: Assembling T1 at Xi=4.651497e-01... 
01/29/15::07:12:21: Assembling BEM matrix block (0,0) 
01/29/15::07:12:31: Assembling T2 at Xi=4.651497e-01... 
01/29/15::07:12:31: Assembling BEM matrix block (1,1) 
01/29/15::07:59:30: LU-factorizing T1 at Xi=0.46515... 
01/29/15::07:59:30: LU-factorizing T2 at Xi=0.46515... 
01/29/15::08:00:00: Applying transform 6.30957... 
01/29/15::08:00:00:  Assembling U(0,1) 
01/29/15::08:00:00: Assembling BEM matrix block (0,1) 
01/29/15::08:02:48:   Computing ZForce... 
01/29/15::08:02:58: Computing Casimir integrand at Xi=0.383241
 
01/29/15::08:02:58: Assembling T1 at Xi=3.832409e-01... 
01/29/15::08:02:58: Assembling BEM matrix block (0,0) 
01/29/15::08:03:08: Assembling T2 at Xi=3.832409e-01... 
01/29/15::08:03:08: Assembling BEM matrix block (1,1) 
01/29/15::08:49:50: LU-factorizing T1 at Xi=0.383241... 
01/29/15::08:49:50: LU-factorizing T2 at Xi=0.383241... 
01/29/15::08:50:19: Applying transform 6.30957... 
01/29/15::08:50:19:  Assembling U(0,1) 
01/29/15::08:50:19: Assembling BEM matrix block (0,1) 
01/29/15::08:53:04:   Computing ZForce... 
01/29/15::08:53:15: Computing Casimir integrand at Xi=0.46515
 
01/29/15::08:53:15: Assembling T1 at Xi=4.651497e-01... 
01/29/15::08:53:15: Assembling BEM matrix block (0,0) 
01/29/15::08:53:25: Assembling T2 at Xi=4.651497e-01... 
01/29/15::08:53:25: Assembling BEM matrix block (1,1) 
01/29/15::09:40:15: LU-factorizing T1 at Xi=0.46515... 
01/29/15::09:40:15: LU-factorizing T2 at Xi=0.46515... 
01/29/15::09:40:44: Applying transform 6.30957... 
01/29/15::09:40:44:  Assembling U(0,1) 
01/29/15::09:40:44: Assembling BEM matrix block (0,1) 
01/29/15::09:43:30:   Computing ZForce... 
01/29/15::09:43:41: Computing Casimir integrand at Xi=0.519756
 
01/29/15::09:43:41: Assembling T1 at Xi=5.197555e-01... 
01/29/15::09:43:41: Assembling BEM matrix block (0,0) 
01/29/15::09:43:51: Assembling T2 at Xi=5.197555e-01... 
01/29/15::09:43:51: Assembling BEM matrix block (1,1) 
01/29/15::10:30:46: LU-factorizing T1 at Xi=0.519756... 
01/29/15::10:30:46: LU-factorizing T2 at Xi=0.519756... 
01/29/15::10:31:15: Applying transform 6.30957... 
01/29/15::10:31:15:  Assembling U(0,1) 
01/29/15::10:31:15: Assembling BEM matrix block (0,1) 
01/29/15::10:34:01:   Computing ZForce... 
01/29/15::10:34:12: Computing Casimir integrand at Xi=0.437847
 
01/29/15::10:34:12: Assembling T1 at Xi=4.378468e-01... 
01/29/15::10:34:12: Assembling BEM matrix block (0,0) 
01/29/15::10:34:22: Assembling T2 at Xi=4.378468e-01... 
01/29/15::10:34:22: Assembling BEM matrix block (1,1) 
01/29/15::11:21:13: LU-factorizing T1 at Xi=0.437847... 
01/29/15::11:21:13: LU-factorizing T2 at Xi=0.437847... 
01/29/15::11:21:42: Applying transform 6.30957... 
01/29/15::11:21:42:  Assembling U(0,1) 
01/29/15::11:21:42: Assembling BEM matrix block (0,1) 
01/29/15::11:24:27:   Computing ZForce... 
01/29/15::11:24:38: Computing Casimir integrand at Xi=0.519756
 
01/29/15::11:24:38: Assembling T1 at Xi=5.197555e-01... 
01/29/15::11:24:38: Assembling BEM matrix block (0,0) 
01/29/15::11:24:48: Assembling T2 at Xi=5.197555e-01... 
01/29/15::11:24:48: Assembling BEM matrix block (1,1) 
01/29/15::12:11:43: LU-factorizing T1 at Xi=0.519756... 
01/29/15::12:11:43: LU-factorizing T2 at Xi=0.519756... 
01/29/15::12:12:12: Applying transform 6.30957... 
01/29/15::12:12:12:  Assembling U(0,1) 
01/29/15::12:12:12: Assembling BEM matrix block (0,1) 
01/29/15::12:14:57:   Computing ZForce... 
01/29/15::12:15:08: Computing Casimir integrand at Xi=0.574361
 
01/29/15::12:15:08: Assembling T1 at Xi=5.743614e-01... 
01/29/15::12:15:08: Assembling BEM matrix block (0,0) 
01/29/15::12:15:19: Assembling T2 at Xi=5.743614e-01... 
01/29/15::12:15:19: Assembling BEM matrix block (1,1) 
01/29/15::13:02:11: LU-factorizing T1 at Xi=0.574361... 
01/29/15::13:02:11: LU-factorizing T2 at Xi=0.574361... 
01/29/15::13:02:40: Applying transform 6.30957... 
01/29/15::13:02:40:  Assembling U(0,1) 
01/29/15::13:02:40: Assembling BEM matrix block (0,1) 
01/29/15::13:05:26:   Computing ZForce... 
01/29/15::13:05:37: Computing Casimir integrand at Xi=0.492453
 
01/29/15::13:05:37: Assembling T1 at Xi=4.924526e-01... 
01/29/15::13:05:37: Assembling BEM matrix block (0,0) 
01/29/15::13:05:47: Assembling T2 at Xi=4.924526e-01... 
01/29/15::13:05:47: Assembling BEM matrix block (1,1) 
01/29/15::13:52:33: LU-factorizing T1 at Xi=0.492453... 
01/29/15::13:52:33: LU-factorizing T2 at Xi=0.492453... 
01/29/15::13:53:02: Applying transform 6.30957... 
01/29/15::13:53:02:  Assembling U(0,1) 
01/29/15::13:53:02: Assembling BEM matrix block (0,1) 
01/29/15::13:55:48:   Computing ZForce... 
01/29/15::13:55:58: Computing Casimir integrand at Xi=0.574361
 
01/29/15::13:55:58: Assembling T1 at Xi=5.743614e-01... 
01/29/15::13:55:58: Assembling BEM matrix block (0,0) 
01/29/15::13:56:09: Assembling T2 at Xi=5.743614e-01... 
01/29/15::13:56:09: Assembling BEM matrix block (1,1) 
01/29/15::14:42:59: LU-factorizing T1 at Xi=0.574361... 
01/29/15::14:42:59: LU-factorizing T2 at Xi=0.574361... 
01/29/15::14:43:27: Applying transform 6.30957... 
01/29/15::14:43:27:  Assembling U(0,1) 
01/29/15::14:43:27: Assembling BEM matrix block (0,1) 
01/29/15::14:46:12:   Computing ZForce... 
01/29/15::14:46:22: Computing Casimir integrand at Xi=0.628967
 
01/29/15::14:46:22: Assembling T1 at Xi=6.289672e-01... 
01/29/15::14:46:22: Assembling BEM matrix block (0,0) 
01/29/15::14:46:33: Assembling T2 at Xi=6.289672e-01... 
01/29/15::14:46:33: Assembling BEM matrix block (1,1) 
01/29/15::15:33:34: LU-factorizing T1 at Xi=0.628967... 
01/29/15::15:33:34: LU-factorizing T2 at Xi=0.628967... 
01/29/15::15:34:02: Applying transform 6.30957... 
01/29/15::15:34:02:  Assembling U(0,1) 
01/29/15::15:34:02: Assembling BEM matrix block (0,1) 
01/29/15::15:36:47:   Computing ZForce... 
01/29/15::15:36:58: Computing Casimir integrand at Xi=0.547058
 
01/29/15::15:36:58: Assembling T1 at Xi=5.470585e-01... 
01/29/15::15:36:58: Assembling BEM matrix block (0,0) 
01/29/15::15:37:08: Assembling T2 at Xi=5.470585e-01... 
01/29/15::15:37:08: Assembling BEM matrix block (1,1) 
01/29/15::16:23:55: LU-factorizing T1 at Xi=0.547058... 
01/29/15::16:23:55: LU-factorizing T2 at Xi=0.547058... 
01/29/15::16:24:23: Applying transform 6.30957... 
01/29/15::16:24:23:  Assembling U(0,1) 
01/29/15::16:24:23: Assembling BEM matrix block (0,1) 
01/29/15::16:27:08:   Computing ZForce... 
01/29/15::16:27:19: Computing Casimir integrand at Xi=0.628967
 
01/29/15::16:27:19: Assembling T1 at Xi=6.289672e-01... 
01/29/15::16:27:19: Assembling BEM matrix block (0,0) 
01/29/15::16:27:30: Assembling T2 at Xi=6.289672e-01... 
01/29/15::16:27:30: Assembling BEM matrix block (1,1) 
01/29/15::17:14:25: LU-factorizing T1 at Xi=0.628967... 
01/29/15::17:14:25: LU-factorizing T2 at Xi=0.628967... 
01/29/15::17:14:54: Applying transform 6.30957... 
01/29/15::17:14:54:  Assembling U(0,1) 
01/29/15::17:14:54: Assembling BEM matrix block (0,1) 
01/29/15::17:17:39:   Computing ZForce... 
01/29/15::17:17:49: Computing Casimir integrand at Xi=0.683573
 
01/29/15::17:17:49: Assembling T1 at Xi=6.835731e-01... 
01/29/15::17:17:49: Assembling BEM matrix block (0,0) 
01/29/15::17:18:00: Assembling T2 at Xi=6.835731e-01... 
01/29/15::17:18:00: Assembling BEM matrix block (1,1) 
01/29/15::18:05:03: LU-factorizing T1 at Xi=0.683573... 
01/29/15::18:05:03: LU-factorizing T2 at Xi=0.683573... 
01/29/15::18:05:31: Applying transform 6.30957... 
01/29/15::18:05:31:  Assembling U(0,1) 
01/29/15::18:05:31: Assembling BEM matrix block (0,1) 
01/29/15::18:08:16:   Computing ZForce... 
01/29/15::18:08:27: Computing Casimir integrand at Xi=0.601664
 
01/29/15::18:08:27: Assembling T1 at Xi=6.016643e-01... 
01/29/15::18:08:27: Assembling BEM matrix block (0,0) 
01/29/15::18:08:38: Assembling T2 at Xi=6.016643e-01... 
01/29/15::18:08:38: Assembling BEM matrix block (1,1) 
01/29/15::18:55:29: LU-factorizing T1 at Xi=0.601664... 
01/29/15::18:55:29: LU-factorizing T2 at Xi=0.601664... 
01/29/15::18:55:57: Applying transform 6.30957... 
01/29/15::18:55:57:  Assembling U(0,1) 
01/29/15::18:55:57: Assembling BEM matrix block (0,1) 
01/29/15::18:58:42:   Computing ZForce... 
01/29/15::18:58:53: Computing Casimir integrand at Xi=0.683573
 
01/29/15::18:58:53: Assembling T1 at Xi=6.835731e-01... 
01/29/15::18:58:53: Assembling BEM matrix block (0,0) 
01/29/15::18:59:04: Assembling T2 at Xi=6.835731e-01... 
01/29/15::18:59:04: Assembling BEM matrix block (1,1) 
01/29/15::19:46:08: LU-factorizing T1 at Xi=0.683573... 
01/29/15::19:46:08: LU-factorizing T2 at Xi=0.683573... 
01/29/15::19:46:36: Applying transform 6.30957... 
01/29/15::19:46:36:  Assembling U(0,1) 
01/29/15::19:46:36: Assembling BEM matrix block (0,1) 
01/29/15::19:49:21:   Computing ZForce... 
01/29/15::19:49:31: Computing Casimir integrand at Xi=0.738179
 
01/29/15::19:49:31: Assembling T1 at Xi=7.381789e-01... 
01/29/15::19:49:31: Assembling BEM matrix block (0,0) 
01/29/15::19:49:43: Assembling T2 at Xi=7.381789e-01... 
01/29/15::19:49:43: Assembling BEM matrix block (1,1) 
01/29/15::20:36:48: LU-factorizing T1 at Xi=0.738179... 
01/29/15::20:36:49: LU-factorizing T2 at Xi=0.738179... 
01/29/15::20:37:17: Applying transform 6.30957... 
01/29/15::20:37:17:  Assembling U(0,1) 
01/29/15::20:37:17: Assembling BEM matrix block (0,1) 
01/29/15::20:40:03:   Computing ZForce... 
01/29/15::20:40:13: Computing Casimir integrand at Xi=0.65627
 
01/29/15::20:40:13: Assembling T1 at Xi=6.562702e-01... 
01/29/15::20:40:13: Assembling BEM matrix block (0,0) 
01/29/15::20:40:24: Assembling T2 at Xi=6.562702e-01... 
01/29/15::20:40:24: Assembling BEM matrix block (1,1) 
01/29/15::21:27:24: LU-factorizing T1 at Xi=0.65627... 
01/29/15::21:27:24: LU-factorizing T2 at Xi=0.65627... 
01/29/15::21:27:52: Applying transform 6.30957... 
01/29/15::21:27:52:  Assembling U(0,1) 
01/29/15::21:27:52: Assembling BEM matrix block (0,1) 
01/29/15::21:30:37:   Computing ZForce... 
01/29/15::21:30:48: Computing Casimir integrand at Xi=0.738179
 
01/29/15::21:30:48: Assembling T1 at Xi=7.381789e-01... 
01/29/15::21:30:48: Assembling BEM matrix block (0,0) 
01/29/15::21:30:59: Assembling T2 at Xi=7.381789e-01... 
01/29/15::21:30:59: Assembling BEM matrix block (1,1) 
01/29/15::22:18:10: LU-factorizing T1 at Xi=0.738179... 
01/29/15::22:18:10: LU-factorizing T2 at Xi=0.738179... 
01/29/15::22:18:39: Applying transform 6.30957... 
01/29/15::22:18:39:  Assembling U(0,1) 
01/29/15::22:18:39: Assembling BEM matrix block (0,1) 
01/29/15::22:21:24:   Computing ZForce... 
01/29/15::22:21:35: Computing Casimir integrand at Xi=0.792785
 
01/29/15::22:21:35: Assembling T1 at Xi=7.927848e-01... 
01/29/15::22:21:35: Assembling BEM matrix block (0,0) 
01/29/15::22:21:46: Assembling T2 at Xi=7.927848e-01... 
01/29/15::22:21:46: Assembling BEM matrix block (1,1) 
01/29/15::23:09:01: LU-factorizing T1 at Xi=0.792785... 
01/29/15::23:09:02: LU-factorizing T2 at Xi=0.792785... 
01/29/15::23:09:30: Applying transform 6.30957... 
01/29/15::23:09:30:  Assembling U(0,1) 
01/29/15::23:09:30: Assembling BEM matrix block (0,1) 
01/29/15::23:12:16:   Computing ZForce... 
01/29/15::23:12:27: Computing Casimir integrand at Xi=0.710876
 
01/29/15::23:12:27: Assembling T1 at Xi=7.108760e-01... 
01/29/15::23:12:27: Assembling BEM matrix block (0,0) 
01/29/15::23:12:38: Assembling T2 at Xi=7.108760e-01... 
01/29/15::23:12:38: Assembling BEM matrix block (1,1) 
01/29/15::23:59:48: LU-factorizing T1 at Xi=0.710876... 
01/29/15::23:59:48: LU-factorizing T2 at Xi=0.710876... 
01/30/15::00:00:17: Applying transform 6.30957... 
01/30/15::00:00:17:  Assembling U(0,1) 
01/30/15::00:00:17: Assembling BEM matrix block (0,1) 
01/30/15::00:03:02:   Computing ZForce... 
01/30/15::00:03:13: Computing Casimir integrand at Xi=0.792785
 
01/30/15::00:03:13: Assembling T1 at Xi=7.927848e-01... 
01/30/15::00:03:13: Assembling BEM matrix block (0,0) 
01/30/15::00:03:25: Assembling T2 at Xi=7.927848e-01... 
01/30/15::00:03:25: Assembling BEM matrix block (1,1) 
01/30/15::00:50:36: LU-factorizing T1 at Xi=0.792785... 
01/30/15::00:50:37: LU-factorizing T2 at Xi=0.792785... 
01/30/15::00:51:05: Applying transform 6.30957... 
01/30/15::00:51:05:  Assembling U(0,1) 
01/30/15::00:51:05: Assembling BEM matrix block (0,1) 
01/30/15::00:53:51:   Computing ZForce... 
01/30/15::00:54:01: Computing Casimir integrand at Xi=0.847391
 
01/30/15::00:54:01: Assembling T1 at Xi=8.473906e-01... 
01/30/15::00:54:01: Assembling BEM matrix block (0,0) 
01/30/15::00:54:13: Assembling T2 at Xi=8.473906e-01... 
01/30/15::00:54:13: Assembling BEM matrix block (1,1) 
01/30/15::01:41:38: LU-factorizing T1 at Xi=0.847391... 
01/30/15::01:41:38: LU-factorizing T2 at Xi=0.847391... 
01/30/15::01:42:07: Applying transform 6.30957... 
01/30/15::01:42:07:  Assembling U(0,1) 
01/30/15::01:42:07: Assembling BEM matrix block (0,1) 
01/30/15::01:44:52:   Computing ZForce... 
01/30/15::01:45:03: Computing Casimir integrand at Xi=0.765482
 
01/30/15::01:45:03: Assembling T1 at Xi=7.654819e-01... 
01/30/15::01:45:03: Assembling BEM matrix block (0,0) 
01/30/15::01:45:14: Assembling T2 at Xi=7.654819e-01... 
01/30/15::01:45:14: Assembling BEM matrix block (1,1) 
01/30/15::02:32:35: LU-factorizing T1 at Xi=0.765482... 
01/30/15::02:32:35: LU-factorizing T2 at Xi=0.765482... 
01/30/15::02:33:03: Applying transform 6.30957... 
01/30/15::02:33:03:  Assembling U(0,1) 
01/30/15::02:33:03: Assembling BEM matrix block (0,1) 
01/30/15::02:35:49:   Computing ZForce... 
