01/28/15::16:05:26: scuff-cas3D running on barley07.stanford.edu 
01/28/15::16:05:26: Setting material properties of exterior region to VACUUM. 
01/28/15::16:05:26: Flipped 514 panel normals to comport with region definitions. 
01/28/15::16:05:26: Computing full zero-temperature Casimir quantities. 
01/28/15::16:05:26: Read 1 geometrical transformations from file Bead_L-0.630957.trans. 
01/28/15::16:05:27: Minimum distance between surface points=7.309570e-01 
01/28/15::16:05:27: Computing Casimir integrand at Xi=0.001
 
01/28/15::16:05:27: Assembling T1 at Xi=1.000000e-03... 
01/28/15::16:05:27: Assembling BEM matrix block (0,0) 
01/28/15::16:06:15: Assembling T2 at Xi=1.000000e-03... 
01/28/15::16:06:15: Assembling BEM matrix block (1,1) 
01/28/15::16:58:00: LU-factorizing T1 at Xi=0.001... 
01/28/15::16:58:00: LU-factorizing T2 at Xi=0.001... 
01/28/15::16:58:29: Applying transform 0.630957... 
01/28/15::16:58:29:  Assembling U(0,1) 
01/28/15::16:58:29: Assembling BEM matrix block (0,1) 
01/28/15::17:06:10:   Computing ZForce... 
01/28/15::17:06:21: Computing Casimir integrand at Xi=0.120706
 
01/28/15::17:06:21: Assembling T1 at Xi=1.207061e-01... 
01/28/15::17:06:21: Assembling BEM matrix block (0,0) 
01/28/15::17:06:30: Assembling T2 at Xi=1.207061e-01... 
01/28/15::17:06:30: Assembling BEM matrix block (1,1) 
01/28/15::17:52:41: LU-factorizing T1 at Xi=0.120706... 
01/28/15::17:52:41: LU-factorizing T2 at Xi=0.120706... 
01/28/15::17:53:09: Applying transform 0.630957... 
01/28/15::17:53:09:  Assembling U(0,1) 
01/28/15::17:53:09: Assembling BEM matrix block (0,1) 
01/28/15::18:00:22:   Computing ZForce... 
01/28/15::18:00:33: Computing Casimir integrand at Xi=0.240412
 
01/28/15::18:00:33: Assembling T1 at Xi=2.404122e-01... 
01/28/15::18:00:33: Assembling BEM matrix block (0,0) 
01/28/15::18:00:43: Assembling T2 at Xi=2.404122e-01... 
01/28/15::18:00:43: Assembling BEM matrix block (1,1) 
01/28/15::18:46:57: LU-factorizing T1 at Xi=0.240412... 
01/28/15::18:46:57: LU-factorizing T2 at Xi=0.240412... 
01/28/15::18:47:25: Applying transform 0.630957... 
01/28/15::18:47:25:  Assembling U(0,1) 
01/28/15::18:47:25: Assembling BEM matrix block (0,1) 
01/28/15::18:54:41:   Computing ZForce... 
01/28/15::18:54:52: Computing Casimir integrand at Xi=0.479824
 
01/28/15::18:54:52: Assembling T1 at Xi=4.798243e-01... 
01/28/15::18:54:52: Assembling BEM matrix block (0,0) 
01/28/15::18:55:02: Assembling T2 at Xi=4.798243e-01... 
01/28/15::18:55:02: Assembling BEM matrix block (1,1) 
01/28/15::19:41:40: LU-factorizing T1 at Xi=0.479824... 
01/28/15::19:41:40: LU-factorizing T2 at Xi=0.479824... 
01/28/15::19:42:08: Applying transform 0.630957... 
01/28/15::19:42:08:  Assembling U(0,1) 
01/28/15::19:42:08: Assembling BEM matrix block (0,1) 
01/28/15::19:49:24:   Computing ZForce... 
01/28/15::19:49:35: Computing Casimir integrand at Xi=0.719237
 
01/28/15::19:49:35: Assembling T1 at Xi=7.192365e-01... 
01/28/15::19:49:35: Assembling BEM matrix block (0,0) 
01/28/15::19:49:46: Assembling T2 at Xi=7.192365e-01... 
01/28/15::19:49:46: Assembling BEM matrix block (1,1) 
01/28/15::20:37:02: LU-factorizing T1 at Xi=0.719237... 
01/28/15::20:37:02: LU-factorizing T2 at Xi=0.719237... 
01/28/15::20:37:31: Applying transform 0.630957... 
01/28/15::20:37:31:  Assembling U(0,1) 
01/28/15::20:37:31: Assembling BEM matrix block (0,1) 
01/28/15::20:44:48:   Computing ZForce... 
01/28/15::20:44:58: Computing Casimir integrand at Xi=0.360118
 
01/28/15::20:44:58: Assembling T1 at Xi=3.601183e-01... 
01/28/15::20:44:58: Assembling BEM matrix block (0,0) 
01/28/15::20:45:08: Assembling T2 at Xi=3.601183e-01... 
01/28/15::20:45:08: Assembling BEM matrix block (1,1) 
01/28/15::21:31:31: LU-factorizing T1 at Xi=0.360118... 
01/28/15::21:31:31: LU-factorizing T2 at Xi=0.360118... 
01/28/15::21:31:59: Applying transform 0.630957... 
01/28/15::21:31:59:  Assembling U(0,1) 
01/28/15::21:31:59: Assembling BEM matrix block (0,1) 
01/28/15::21:39:13:   Computing ZForce... 
01/28/15::21:39:24: Computing Casimir integrand at Xi=0.719237
 
01/28/15::21:39:24: Assembling T1 at Xi=7.192365e-01... 
01/28/15::21:39:24: Assembling BEM matrix block (0,0) 
01/28/15::21:39:35: Assembling T2 at Xi=7.192365e-01... 
01/28/15::21:39:35: Assembling BEM matrix block (1,1) 
01/28/15::22:26:50: LU-factorizing T1 at Xi=0.719237... 
01/28/15::22:26:50: LU-factorizing T2 at Xi=0.719237... 
01/28/15::22:27:18: Applying transform 0.630957... 
01/28/15::22:27:18:  Assembling U(0,1) 
01/28/15::22:27:18: Assembling BEM matrix block (0,1) 
01/28/15::22:34:38:   Computing ZForce... 
01/28/15::22:34:48: Computing Casimir integrand at Xi=0.958649
 
01/28/15::22:34:48: Assembling T1 at Xi=9.586487e-01... 
01/28/15::22:34:48: Assembling BEM matrix block (0,0) 
01/28/15::22:35:01: Assembling T2 at Xi=9.586487e-01... 
01/28/15::22:35:01: Assembling BEM matrix block (1,1) 
01/28/15::23:58:15: LU-factorizing T1 at Xi=0.958649... 
01/28/15::23:58:15: LU-factorizing T2 at Xi=0.958649... 
01/28/15::23:58:43: Applying transform 0.630957... 
01/28/15::23:58:43:  Assembling U(0,1) 
01/28/15::23:58:43: Assembling BEM matrix block (0,1) 
01/29/15::00:05:54:   Computing ZForce... 
01/29/15::00:06:05: Computing Casimir integrand at Xi=0.59953
 
01/29/15::00:06:05: Assembling T1 at Xi=5.995304e-01... 
01/29/15::00:06:05: Assembling BEM matrix block (0,0) 
01/29/15::00:06:15: Assembling T2 at Xi=5.995304e-01... 
01/29/15::00:06:15: Assembling BEM matrix block (1,1) 
01/29/15::00:53:04: LU-factorizing T1 at Xi=0.59953... 
01/29/15::00:53:04: LU-factorizing T2 at Xi=0.59953... 
01/29/15::00:53:32: Applying transform 0.630957... 
01/29/15::00:53:32:  Assembling U(0,1) 
01/29/15::00:53:32: Assembling BEM matrix block (0,1) 
01/29/15::01:00:48:   Computing ZForce... 
01/29/15::01:00:59: Computing Casimir integrand at Xi=0.958649
 
01/29/15::01:00:59: Assembling T1 at Xi=9.586487e-01... 
01/29/15::01:00:59: Assembling BEM matrix block (0,0) 
01/29/15::01:01:12: Assembling T2 at Xi=9.586487e-01... 
01/29/15::01:01:12: Assembling BEM matrix block (1,1) 
01/29/15::02:24:17: LU-factorizing T1 at Xi=0.958649... 
01/29/15::02:24:17: LU-factorizing T2 at Xi=0.958649... 
01/29/15::02:24:45: Applying transform 0.630957... 
01/29/15::02:24:45:  Assembling U(0,1) 
01/29/15::02:24:45: Assembling BEM matrix block (0,1) 
01/29/15::02:31:55:   Computing ZForce... 
01/29/15::02:32:06: Computing Casimir integrand at Xi=1.19806
 
01/29/15::02:32:06: Assembling T1 at Xi=1.198061e+00... 
01/29/15::02:32:06: Assembling BEM matrix block (0,0) 
01/29/15::02:32:48: Assembling T2 at Xi=1.198061e+00... 
01/29/15::02:32:48: Assembling BEM matrix block (1,1) 
01/29/15::03:56:06: LU-factorizing T1 at Xi=1.19806... 
01/29/15::03:56:06: LU-factorizing T2 at Xi=1.19806... 
01/29/15::03:56:35: Applying transform 0.630957... 
01/29/15::03:56:35:  Assembling U(0,1) 
01/29/15::03:56:35: Assembling BEM matrix block (0,1) 
01/29/15::04:03:47:   Computing ZForce... 
01/29/15::04:03:57: Computing Casimir integrand at Xi=0.838943
 
01/29/15::04:03:57: Assembling T1 at Xi=8.389426e-01... 
01/29/15::04:03:57: Assembling BEM matrix block (0,0) 
01/29/15::04:04:09: Assembling T2 at Xi=8.389426e-01... 
01/29/15::04:04:09: Assembling BEM matrix block (1,1) 
01/29/15::04:51:23: LU-factorizing T1 at Xi=0.838943... 
01/29/15::04:51:23: LU-factorizing T2 at Xi=0.838943... 
01/29/15::04:51:51: Applying transform 0.630957... 
01/29/15::04:51:51:  Assembling U(0,1) 
01/29/15::04:51:51: Assembling BEM matrix block (0,1) 
01/29/15::04:59:14:   Computing ZForce... 
01/29/15::04:59:24: Computing Casimir integrand at Xi=1.19806
 
01/29/15::04:59:24: Assembling T1 at Xi=1.198061e+00... 
01/29/15::04:59:24: Assembling BEM matrix block (0,0) 
01/29/15::05:00:08: Assembling T2 at Xi=1.198061e+00... 
01/29/15::05:00:08: Assembling BEM matrix block (1,1) 
01/29/15::06:23:31: LU-factorizing T1 at Xi=1.19806... 
01/29/15::06:23:31: LU-factorizing T2 at Xi=1.19806... 
01/29/15::06:23:59: Applying transform 0.630957... 
01/29/15::06:23:59:  Assembling U(0,1) 
01/29/15::06:23:59: Assembling BEM matrix block (0,1) 
01/29/15::06:31:12:   Computing ZForce... 
01/29/15::06:31:23: Computing Casimir integrand at Xi=1.43747
 
01/29/15::06:31:23: Assembling T1 at Xi=1.437473e+00... 
01/29/15::06:31:23: Assembling BEM matrix block (0,0) 
01/29/15::06:33:38: Assembling T2 at Xi=1.437473e+00... 
01/29/15::06:33:38: Assembling BEM matrix block (1,1) 
01/29/15::07:57:44: LU-factorizing T1 at Xi=1.43747... 
01/29/15::07:57:44: LU-factorizing T2 at Xi=1.43747... 
01/29/15::07:58:13: Applying transform 0.630957... 
01/29/15::07:58:13:  Assembling U(0,1) 
01/29/15::07:58:13: Assembling BEM matrix block (0,1) 
01/29/15::08:05:25:   Computing ZForce... 
01/29/15::08:05:36: Computing Casimir integrand at Xi=1.07835
 
01/29/15::08:05:36: Assembling T1 at Xi=1.078355e+00... 
01/29/15::08:05:36: Assembling BEM matrix block (0,0) 
01/29/15::08:05:55: Assembling T2 at Xi=1.078355e+00... 
01/29/15::08:05:55: Assembling BEM matrix block (1,1) 
01/29/15::09:29:11: LU-factorizing T1 at Xi=1.07835... 
01/29/15::09:29:11: LU-factorizing T2 at Xi=1.07835... 
01/29/15::09:29:39: Applying transform 0.630957... 
01/29/15::09:29:39:  Assembling U(0,1) 
01/29/15::09:29:39: Assembling BEM matrix block (0,1) 
01/29/15::09:36:51:   Computing ZForce... 
01/29/15::09:37:01: Computing Casimir integrand at Xi=1.43747
 
01/29/15::09:37:01: Assembling T1 at Xi=1.437473e+00... 
01/29/15::09:37:01: Assembling BEM matrix block (0,0) 
01/29/15::09:39:16: Assembling T2 at Xi=1.437473e+00... 
01/29/15::09:39:16: Assembling BEM matrix block (1,1) 
01/29/15::11:03:14: LU-factorizing T1 at Xi=1.43747... 
01/29/15::11:03:14: LU-factorizing T2 at Xi=1.43747... 
01/29/15::11:03:42: Applying transform 0.630957... 
01/29/15::11:03:42:  Assembling U(0,1) 
01/29/15::11:03:42: Assembling BEM matrix block (0,1) 
01/29/15::11:10:56:   Computing ZForce... 
01/29/15::11:11:07: Computing Casimir integrand at Xi=1.67689
 
01/29/15::11:11:07: Assembling T1 at Xi=1.676885e+00... 
01/29/15::11:11:07: Assembling BEM matrix block (0,0) 
01/29/15::11:14:43: Assembling T2 at Xi=1.676885e+00... 
01/29/15::11:14:43: Assembling BEM matrix block (1,1) 
01/29/15::12:40:55: LU-factorizing T1 at Xi=1.67689... 
01/29/15::12:40:55: LU-factorizing T2 at Xi=1.67689... 
01/29/15::12:41:24: Applying transform 0.630957... 
01/29/15::12:41:24:  Assembling U(0,1) 
01/29/15::12:41:24: Assembling BEM matrix block (0,1) 
01/29/15::12:48:35:   Computing ZForce... 
01/29/15::12:48:46: Computing Casimir integrand at Xi=1.9163
 
01/29/15::12:48:46: Assembling T1 at Xi=1.916297e+00... 
01/29/15::12:48:46: Assembling BEM matrix block (0,0) 
01/29/15::12:52:43: Assembling T2 at Xi=1.916297e+00... 
01/29/15::12:52:43: Assembling BEM matrix block (1,1) 
01/29/15::14:20:24: LU-factorizing T1 at Xi=1.9163... 
01/29/15::14:20:24: LU-factorizing T2 at Xi=1.9163... 
01/29/15::14:20:53: Applying transform 0.630957... 
01/29/15::14:20:53:  Assembling U(0,1) 
01/29/15::14:20:53: Assembling BEM matrix block (0,1) 
01/29/15::14:28:01:   Computing ZForce... 
01/29/15::14:28:12: Computing Casimir integrand at Xi=2.15571
 
01/29/15::14:28:12: Assembling T1 at Xi=2.155710e+00... 
01/29/15::14:28:12: Assembling BEM matrix block (0,0) 
01/29/15::14:32:11: Assembling T2 at Xi=2.155710e+00... 
01/29/15::14:32:11: Assembling BEM matrix block (1,1) 
01/29/15::15:59:53: LU-factorizing T1 at Xi=2.15571... 
01/29/15::15:59:53: LU-factorizing T2 at Xi=2.15571... 
01/29/15::16:00:21: Applying transform 0.630957... 
01/29/15::16:00:21:  Assembling U(0,1) 
01/29/15::16:00:21: Assembling BEM matrix block (0,1) 
01/29/15::16:07:29:   Computing ZForce... 
01/29/15::16:07:40: Computing Casimir integrand at Xi=1.79659
 
01/29/15::16:07:40: Assembling T1 at Xi=1.796591e+00... 
01/29/15::16:07:40: Assembling BEM matrix block (0,0) 
01/29/15::16:11:32: Assembling T2 at Xi=1.796591e+00... 
01/29/15::16:11:32: Assembling BEM matrix block (1,1) 
01/29/15::17:38:40: LU-factorizing T1 at Xi=1.79659... 
01/29/15::17:38:40: LU-factorizing T2 at Xi=1.79659... 
01/29/15::17:39:08: Applying transform 0.630957... 
01/29/15::17:39:08:  Assembling U(0,1) 
01/29/15::17:39:08: Assembling BEM matrix block (0,1) 
01/29/15::17:46:16:   Computing ZForce... 
01/29/15::17:46:27: Computing Casimir integrand at Xi=1.73674
 
01/29/15::17:46:27: Assembling T1 at Xi=1.736738e+00... 
01/29/15::17:46:27: Assembling BEM matrix block (0,0) 
01/29/15::17:50:14: Assembling T2 at Xi=1.736738e+00... 
01/29/15::17:50:14: Assembling BEM matrix block (1,1) 
01/29/15::19:17:06: LU-factorizing T1 at Xi=1.73674... 
01/29/15::19:17:06: LU-factorizing T2 at Xi=1.73674... 
01/29/15::19:17:34: Applying transform 0.630957... 
01/29/15::19:17:34:  Assembling U(0,1) 
01/29/15::19:17:34: Assembling BEM matrix block (0,1) 
01/29/15::19:24:41:   Computing ZForce... 
01/29/15::19:24:51: Computing Casimir integrand at Xi=1.70681
 
01/29/15::19:24:51: Assembling T1 at Xi=1.706812e+00... 
01/29/15::19:24:51: Assembling BEM matrix block (0,0) 
01/29/15::19:28:35: Assembling T2 at Xi=1.706812e+00... 
01/29/15::19:28:35: Assembling BEM matrix block (1,1) 
01/29/15::20:55:21: LU-factorizing T1 at Xi=1.70681... 
01/29/15::20:55:21: LU-factorizing T2 at Xi=1.70681... 
01/29/15::20:55:49: Applying transform 0.630957... 
01/29/15::20:55:49:  Assembling U(0,1) 
01/29/15::20:55:49: Assembling BEM matrix block (0,1) 
01/29/15::21:02:56:   Computing ZForce... 
01/29/15::21:03:07: Computing Casimir integrand at Xi=1.69185
 
01/29/15::21:03:07: Assembling T1 at Xi=1.691848e+00... 
01/29/15::21:03:07: Assembling BEM matrix block (0,0) 
01/29/15::21:06:49: Assembling T2 at Xi=1.691848e+00... 
01/29/15::21:06:49: Assembling BEM matrix block (1,1) 
01/29/15::22:33:14: LU-factorizing T1 at Xi=1.69185... 
01/29/15::22:33:14: LU-factorizing T2 at Xi=1.69185... 
01/29/15::22:33:42: Applying transform 0.630957... 
01/29/15::22:33:42:  Assembling U(0,1) 
01/29/15::22:33:42: Assembling BEM matrix block (0,1) 
01/29/15::22:40:50:   Computing ZForce... 
01/29/15::22:41:01: Computing Casimir integrand at Xi=1.68437
 
01/29/15::22:41:01: Assembling T1 at Xi=1.684367e+00... 
01/29/15::22:41:01: Assembling BEM matrix block (0,0) 
01/29/15::22:44:39: Assembling T2 at Xi=1.684367e+00... 
01/29/15::22:44:39: Assembling BEM matrix block (1,1) 
01/30/15::00:11:07: LU-factorizing T1 at Xi=1.68437... 
01/30/15::00:11:07: LU-factorizing T2 at Xi=1.68437... 
01/30/15::00:11:35: Applying transform 0.630957... 
01/30/15::00:11:35:  Assembling U(0,1) 
01/30/15::00:11:35: Assembling BEM matrix block (0,1) 
01/30/15::00:18:43:   Computing ZForce... 
01/30/15::00:18:53: Computing Casimir integrand at Xi=1.70681
 
01/30/15::00:18:53: Assembling T1 at Xi=1.706812e+00... 
01/30/15::00:18:53: Assembling BEM matrix block (0,0) 
01/30/15::00:22:38: Assembling T2 at Xi=1.706812e+00... 
01/30/15::00:22:38: Assembling BEM matrix block (1,1) 
01/30/15::01:49:23: LU-factorizing T1 at Xi=1.70681... 
01/30/15::01:49:23: LU-factorizing T2 at Xi=1.70681... 
01/30/15::01:49:51: Applying transform 0.630957... 
01/30/15::01:49:51:  Assembling U(0,1) 
01/30/15::01:49:51: Assembling BEM matrix block (0,1) 
01/30/15::01:56:58:   Computing ZForce... 
01/30/15::01:57:09: Computing Casimir integrand at Xi=1.72177
 
01/30/15::01:57:09: Assembling T1 at Xi=1.721775e+00... 
01/30/15::01:57:09: Assembling BEM matrix block (0,0) 
01/30/15::02:00:56: Assembling T2 at Xi=1.721775e+00... 
01/30/15::02:00:56: Assembling BEM matrix block (1,1) 
01/30/15::03:27:34: LU-factorizing T1 at Xi=1.72177... 
01/30/15::03:27:34: LU-factorizing T2 at Xi=1.72177... 
01/30/15::03:28:02: Applying transform 0.630957... 
01/30/15::03:28:02:  Assembling U(0,1) 
01/30/15::03:28:02: Assembling BEM matrix block (0,1) 
01/30/15::03:35:13:   Computing ZForce... 
01/30/15::03:35:24: Computing Casimir integrand at Xi=1.69933
 
01/30/15::03:35:24: Assembling T1 at Xi=1.699330e+00... 
01/30/15::03:35:24: Assembling BEM matrix block (0,0) 
01/30/15::03:39:07: Assembling T2 at Xi=1.699330e+00... 
01/30/15::03:39:07: Assembling BEM matrix block (1,1) 
01/30/15::05:05:33: LU-factorizing T1 at Xi=1.69933... 
01/30/15::05:05:33: LU-factorizing T2 at Xi=1.69933... 
01/30/15::05:06:01: Applying transform 0.630957... 
01/30/15::05:06:01:  Assembling U(0,1) 
01/30/15::05:06:01: Assembling BEM matrix block (0,1) 
01/30/15::05:13:08:   Computing ZForce... 
01/30/15::05:13:19: Computing Casimir integrand at Xi=1.69559
 
01/30/15::05:13:19: Assembling T1 at Xi=1.695589e+00... 
01/30/15::05:13:19: Assembling BEM matrix block (0,0) 
01/30/15::05:17:01: Assembling T2 at Xi=1.695589e+00... 
01/30/15::05:17:01: Assembling BEM matrix block (1,1) 
01/30/15::06:43:32: LU-factorizing T1 at Xi=1.69559... 
01/30/15::06:43:32: LU-factorizing T2 at Xi=1.69559... 
01/30/15::06:44:00: Applying transform 0.630957... 
01/30/15::06:44:00:  Assembling U(0,1) 
01/30/15::06:44:00: Assembling BEM matrix block (0,1) 
01/30/15::06:51:08:   Computing ZForce... 
01/30/15::06:51:19: Computing Casimir integrand at Xi=1.70681
 
01/30/15::06:51:19: Assembling T1 at Xi=1.706812e+00... 
01/30/15::06:51:19: Assembling BEM matrix block (0,0) 
01/30/15::06:55:03: Assembling T2 at Xi=1.706812e+00... 
01/30/15::06:55:03: Assembling BEM matrix block (1,1) 
01/30/15::08:21:46: LU-factorizing T1 at Xi=1.70681... 
01/30/15::08:21:46: LU-factorizing T2 at Xi=1.70681... 
01/30/15::08:22:15: Applying transform 0.630957... 
01/30/15::08:22:15:  Assembling U(0,1) 
01/30/15::08:22:15: Assembling BEM matrix block (0,1) 
01/30/15::08:29:21:   Computing ZForce... 
01/30/15::08:29:32: Computing Casimir integrand at Xi=1.71429
 
01/30/15::08:29:32: Assembling T1 at Xi=1.714293e+00... 
01/30/15::08:29:32: Assembling BEM matrix block (0,0) 
01/30/15::08:33:17: Assembling T2 at Xi=1.714293e+00... 
01/30/15::08:33:17: Assembling BEM matrix block (1,1) 
01/30/15::10:00:31: LU-factorizing T1 at Xi=1.71429... 
01/30/15::10:00:31: LU-factorizing T2 at Xi=1.71429... 
01/30/15::10:00:59: Applying transform 0.630957... 
01/30/15::10:00:59:  Assembling U(0,1) 
01/30/15::10:00:59: Assembling BEM matrix block (0,1) 
01/30/15::10:08:06:   Computing ZForce... 
01/30/15::10:08:17: Computing Casimir integrand at Xi=1.70307
 
01/30/15::10:08:17: Assembling T1 at Xi=1.703071e+00... 
01/30/15::10:08:17: Assembling BEM matrix block (0,0) 
01/30/15::10:12:02: Assembling T2 at Xi=1.703071e+00... 
01/30/15::10:12:02: Assembling BEM matrix block (1,1) 
01/30/15::11:38:43: LU-factorizing T1 at Xi=1.70307... 
01/30/15::11:38:43: LU-factorizing T2 at Xi=1.70307... 
01/30/15::11:39:12: Applying transform 0.630957... 
01/30/15::11:39:12:  Assembling U(0,1) 
01/30/15::11:39:12: Assembling BEM matrix block (0,1) 
01/30/15::11:46:19:   Computing ZForce... 
01/30/15::11:46:30: Computing Casimir integrand at Xi=1.7012
 
01/30/15::11:46:30: Assembling T1 at Xi=1.701200e+00... 
01/30/15::11:46:30: Assembling BEM matrix block (0,0) 
01/30/15::11:50:13: Assembling T2 at Xi=1.701200e+00... 
01/30/15::11:50:13: Assembling BEM matrix block (1,1) 
01/30/15::13:16:42: LU-factorizing T1 at Xi=1.7012... 
01/30/15::13:16:43: LU-factorizing T2 at Xi=1.7012... 
01/30/15::13:17:11: Applying transform 0.630957... 
01/30/15::13:17:11:  Assembling U(0,1) 
01/30/15::13:17:11: Assembling BEM matrix block (0,1) 
01/30/15::13:24:18:   Computing ZForce... 
01/30/15::13:24:29: Computing Casimir integrand at Xi=1.70681
 
01/30/15::13:24:29: Assembling T1 at Xi=1.706812e+00... 
01/30/15::13:24:29: Assembling BEM matrix block (0,0) 
01/30/15::13:28:13: Assembling T2 at Xi=1.706812e+00... 
01/30/15::13:28:13: Assembling BEM matrix block (1,1) 
01/30/15::14:54:55: LU-factorizing T1 at Xi=1.70681... 
01/30/15::14:54:55: LU-factorizing T2 at Xi=1.70681... 
01/30/15::14:55:23: Applying transform 0.630957... 
01/30/15::14:55:23:  Assembling U(0,1) 
01/30/15::14:55:23: Assembling BEM matrix block (0,1) 
01/30/15::15:02:30:   Computing ZForce... 
01/30/15::15:02:40: Computing Casimir integrand at Xi=1.71055
 
01/30/15::15:02:40: Assembling T1 at Xi=1.710553e+00... 
01/30/15::15:02:40: Assembling BEM matrix block (0,0) 
01/30/15::15:06:25: Assembling T2 at Xi=1.710553e+00... 
01/30/15::15:06:25: Assembling BEM matrix block (1,1) 
