03/23/15::08:10:46: scuff-cas3D running on hequ0004 
03/23/15::08:10:47: Setting material properties of exterior region to VACUUM. 
03/23/15::08:10:47: Flipped 1740 panel normals to comport with region definitions. 
03/23/15::08:10:47: Computing full Matsubara-summed Casimir quantities at T=3.000000e+02 Kelvin. 
03/23/15::08:10:47: Read 1 geometrical transformations from file RatioBeadCubePEC_L-17.5_grid-0.5_T-300.trans. 
03/23/15::08:10:47: Beginning Matsubara sum at T=300 kelvin... 
03/23/15::08:10:47: Computing Casimir integrand at Xi=0.001
 
03/23/15::08:10:47: Assembling T1 at Xi=1.000000e-03... 
03/23/15::08:10:47: Assembling BEM matrix block (0,0) 
03/23/15::08:11:34: Assembling T2 at Xi=1.000000e-03... 
03/23/15::08:11:34: Assembling BEM matrix block (1,1) 
03/23/15::08:22:06: LU-factorizing T1 at Xi=0.001... 
03/23/15::08:22:06: LU-factorizing T2 at Xi=0.001... 
03/23/15::08:22:23: Applying transform 0... 
03/23/15::08:22:23:  Assembling U(0,1) 
03/23/15::08:22:23: Assembling BEM matrix block (0,1) 
03/23/15::08:23:59:   Computing ZForce... 
03/23/15::08:24:07: Computing Casimir integrand at Xi=0.823279
 
03/23/15::08:24:07: Assembling T1 at Xi=8.232789e-01... 
03/23/15::08:24:07: Assembling BEM matrix block (0,0) 
03/23/15::08:24:13: Assembling T2 at Xi=8.232789e-01... 
03/23/15::08:24:13: Assembling BEM matrix block (1,1) 
03/23/15::08:33:19: LU-factorizing T1 at Xi=0.823279... 
03/23/15::08:33:19: LU-factorizing T2 at Xi=0.823279... 
03/23/15::08:33:34: Applying transform 0... 
03/23/15::08:33:34:  Assembling U(0,1) 
03/23/15::08:33:34: Assembling BEM matrix block (0,1) 
03/23/15::08:35:10:   Computing ZForce... 
03/23/15::08:35:17: Computing Casimir integrand at Xi=1.64656
 
03/23/15::08:35:17: Assembling T1 at Xi=1.646558e+00... 
03/23/15::08:35:17: Assembling BEM matrix block (0,0) 
03/23/15::08:35:24: Assembling T2 at Xi=1.646558e+00... 
03/23/15::08:35:24: Assembling BEM matrix block (1,1) 
03/23/15::08:47:34: LU-factorizing T1 at Xi=1.64656... 
03/23/15::08:47:34: LU-factorizing T2 at Xi=1.64656... 
03/23/15::08:47:50: Applying transform 0... 
03/23/15::08:47:50:  Assembling U(0,1) 
03/23/15::08:47:50: Assembling BEM matrix block (0,1) 
03/23/15::08:49:25:   Computing ZForce... 
03/23/15::08:49:32: Matsubara sum converged after summing n=2 frequency points. 
