03/23/15::08:10:49: scuff-cas3D running on fell0249 
03/23/15::08:10:49: Setting material properties of exterior region to VACUUM. 
03/23/15::08:10:49: Flipped 1740 panel normals to comport with region definitions. 
03/23/15::08:10:49: Computing full Matsubara-summed Casimir quantities at T=3.000000e+02 Kelvin. 
03/23/15::08:10:49: Read 1 geometrical transformations from file RatioBeadCubePEC_L-7.5_grid-0.5_T-300.trans. 
03/23/15::08:10:50: Beginning Matsubara sum at T=300 kelvin... 
03/23/15::08:10:50: Computing Casimir integrand at Xi=0.001
 
03/23/15::08:10:50: Assembling T1 at Xi=1.000000e-03... 
03/23/15::08:10:50: Assembling BEM matrix block (0,0) 
03/23/15::08:12:24: Assembling T2 at Xi=1.000000e-03... 
03/23/15::08:12:24: Assembling BEM matrix block (1,1) 
03/23/15::08:31:14: LU-factorizing T1 at Xi=0.001... 
03/23/15::08:31:14: LU-factorizing T2 at Xi=0.001... 
03/23/15::08:32:08: Applying transform 0... 
03/23/15::08:32:08:  Assembling U(0,1) 
03/23/15::08:32:08: Assembling BEM matrix block (0,1) 
03/23/15::08:35:02:   Computing ZForce... 
03/23/15::08:35:19: Computing Casimir integrand at Xi=0.823279
 
03/23/15::08:35:19: Assembling T1 at Xi=8.232789e-01... 
03/23/15::08:35:19: Assembling BEM matrix block (0,0) 
03/23/15::08:35:29: Assembling T2 at Xi=8.232789e-01... 
03/23/15::08:35:29: Assembling BEM matrix block (1,1) 
03/23/15::08:51:38: LU-factorizing T1 at Xi=0.823279... 
03/23/15::08:51:39: LU-factorizing T2 at Xi=0.823279... 
03/23/15::08:52:28: Applying transform 0... 
03/23/15::08:52:28:  Assembling U(0,1) 
03/23/15::08:52:28: Assembling BEM matrix block (0,1) 
03/23/15::08:55:55:   Computing ZForce... 
03/23/15::08:56:21: Computing Casimir integrand at Xi=1.64656
 
03/23/15::08:56:21: Assembling T1 at Xi=1.646558e+00... 
03/23/15::08:56:21: Assembling BEM matrix block (0,0) 
03/23/15::08:56:33: Assembling T2 at Xi=1.646558e+00... 
03/23/15::08:56:33: Assembling BEM matrix block (1,1) 
03/23/15::09:17:27: LU-factorizing T1 at Xi=1.64656... 
03/23/15::09:17:27: LU-factorizing T2 at Xi=1.64656... 
03/23/15::09:18:17: Applying transform 0... 
03/23/15::09:18:17:  Assembling U(0,1) 
03/23/15::09:18:17: Assembling BEM matrix block (0,1) 
03/23/15::09:21:48:   Computing ZForce... 
03/23/15::09:22:14: Computing Casimir integrand at Xi=2.46984
 
03/23/15::09:22:14: Assembling T1 at Xi=2.469837e+00... 
03/23/15::09:22:14: Assembling BEM matrix block (0,0) 
03/23/15::09:22:27: Assembling T2 at Xi=2.469837e+00... 
03/23/15::09:22:27: Assembling BEM matrix block (1,1) 
03/23/15::09:46:12: LU-factorizing T1 at Xi=2.46984... 
03/23/15::09:46:12: LU-factorizing T2 at Xi=2.46984... 
03/23/15::09:46:48: Applying transform 0... 
03/23/15::09:46:48:  Assembling U(0,1) 
03/23/15::09:46:48: Assembling BEM matrix block (0,1) 
03/23/15::09:49:41:   Computing ZForce... 
03/23/15::09:49:58: Matsubara sum converged after summing n=3 frequency points. 
