This is pdfTeX, Version 3.14159265-2.6-1.40.15 (TeX Live 2014) (preloaded format=pdflatex 2014.5.25)  29 MAR 2015 02:10
entering extended mode
 restricted \write18 enabled.
 file:line:error style messages enabled.
 %&-line parsing enabled.
**"Casimir Effect Computation.tex"
(./Casimir Effect Computation.tex
LaTeX2e <2014/05/01>
Babel <3.9k> and hyphenation patterns for 78 languages loaded.
(/usr/local/texlive/2014/texmf-dist/tex/latex/base/article.cls
Document Class: article 2007/10/19 v1.4h Standard LaTeX document class
(/usr/local/texlive/2014/texmf-dist/tex/latex/base/size11.clo
File: size11.clo 2007/10/19 v1.4h Standard LaTeX file (size option)
)
\c@part=\count79
\c@section=\count80
\c@subsection=\count81
\c@subsubsection=\count82
\c@paragraph=\count83
\c@subparagraph=\count84
\c@figure=\count85
\c@table=\count86
\abovecaptionskip=\skip41
\belowcaptionskip=\skip42
\bibindent=\dimen102
)
(/usr/local/texlive/2014/texmf-dist/tex/latex/geometry/geometry.sty
Package: geometry 2010/09/12 v5.6 Page Geometry

(/usr/local/texlive/2014/texmf-dist/tex/latex/graphics/keyval.sty
Package: keyval 2014/05/08 v1.15 key=value parser (DPC)
\KV@toks@=\toks14
)
(/usr/local/texlive/2014/texmf-dist/tex/generic/oberdiek/ifpdf.sty
Package: ifpdf 2011/01/30 v2.3 Provides the ifpdf switch (HO)
Package ifpdf Info: pdfTeX in PDF mode is detected.
)
(/usr/local/texlive/2014/texmf-dist/tex/generic/oberdiek/ifvtex.sty
Package: ifvtex 2010/03/01 v1.5 Detect VTeX and its facilities (HO)
Package ifvtex Info: VTeX not detected.
)
(/usr/local/texlive/2014/texmf-dist/tex/generic/ifxetex/ifxetex.sty
Package: ifxetex 2010/09/12 v0.6 Provides ifxetex conditional
)
\Gm@cnth=\count87
\Gm@cntv=\count88
\c@Gm@tempcnt=\count89
\Gm@bindingoffset=\dimen103
\Gm@wd@mp=\dimen104
\Gm@odd@mp=\dimen105
\Gm@even@mp=\dimen106
\Gm@layoutwidth=\dimen107
\Gm@layoutheight=\dimen108
\Gm@layouthoffset=\dimen109
\Gm@layoutvoffset=\dimen110
\Gm@dimlist=\toks15
)
(/usr/local/texlive/2014/texmf-dist/tex/latex/graphics/graphicx.sty
Package: graphicx 2014/04/25 v1.0g Enhanced LaTeX Graphics (DPC,SPQR)

(/usr/local/texlive/2014/texmf-dist/tex/latex/graphics/graphics.sty
Package: graphics 2009/02/05 v1.0o Standard LaTeX Graphics (DPC,SPQR)

(/usr/local/texlive/2014/texmf-dist/tex/latex/graphics/trig.sty
Package: trig 1999/03/16 v1.09 sin cos tan (DPC)
)
(/usr/local/texlive/2014/texmf-dist/tex/latex/latexconfig/graphics.cfg
File: graphics.cfg 2010/04/23 v1.9 graphics configuration of TeX Live
)
Package graphics Info: Driver file: pdftex.def on input line 91.

(/usr/local/texlive/2014/texmf-dist/tex/latex/pdftex-def/pdftex.def
File: pdftex.def 2011/05/27 v0.06d Graphics/color for pdfTeX

(/usr/local/texlive/2014/texmf-dist/tex/generic/oberdiek/infwarerr.sty
Package: infwarerr 2010/04/08 v1.3 Providing info/warning/error messages (HO)
)
(/usr/local/texlive/2014/texmf-dist/tex/generic/oberdiek/ltxcmds.sty
Package: ltxcmds 2011/11/09 v1.22 LaTeX kernel commands for general use (HO)
)
\Gread@gobject=\count90
))
\Gin@req@height=\dimen111
\Gin@req@width=\dimen112
)
(/usr/local/texlive/2014/texmf-dist/tex/latex/amsfonts/amssymb.sty
Package: amssymb 2013/01/14 v3.01 AMS font symbols

(/usr/local/texlive/2014/texmf-dist/tex/latex/amsfonts/amsfonts.sty
Package: amsfonts 2013/01/14 v3.01 Basic AMSFonts support
\@emptytoks=\toks16
\symAMSa=\mathgroup4
\symAMSb=\mathgroup5
LaTeX Font Info:    Overwriting math alphabet `\mathfrak' in version `bold'
(Font)                  U/euf/m/n --> U/euf/b/n on input line 106.
))
(/usr/local/texlive/2014/texmf-dist/tex/latex/oberdiek/epstopdf.sty
Package: epstopdf 2010/02/09 v2.5 Conversion with epstopdf on the fly (HO)

(/usr/local/texlive/2014/texmf-dist/tex/latex/oberdiek/epstopdf-base.sty
Package: epstopdf-base 2010/02/09 v2.5 Base part for package epstopdf

(/usr/local/texlive/2014/texmf-dist/tex/latex/oberdiek/grfext.sty
Package: grfext 2010/08/19 v1.1 Manage graphics extensions (HO)

(/usr/local/texlive/2014/texmf-dist/tex/generic/oberdiek/kvdefinekeys.sty
Package: kvdefinekeys 2011/04/07 v1.3 Define keys (HO)
))
(/usr/local/texlive/2014/texmf-dist/tex/latex/oberdiek/kvoptions.sty
Package: kvoptions 2011/06/30 v3.11 Key value format for package options (HO)

(/usr/local/texlive/2014/texmf-dist/tex/generic/oberdiek/kvsetkeys.sty
Package: kvsetkeys 2012/04/25 v1.16 Key value parser (HO)

(/usr/local/texlive/2014/texmf-dist/tex/generic/oberdiek/etexcmds.sty
Package: etexcmds 2011/02/16 v1.5 Avoid name clashes with e-TeX commands (HO)

(/usr/local/texlive/2014/texmf-dist/tex/generic/oberdiek/ifluatex.sty
Package: ifluatex 2010/03/01 v1.3 Provides the ifluatex switch (HO)
Package ifluatex Info: LuaTeX not detected.
)
Package etexcmds Info: Could not find \expanded.
(etexcmds)             That can mean that you are not using pdfTeX 1.50 or
(etexcmds)             that some package has redefined \expanded.
(etexcmds)             In the latter case, load this package earlier.
)))
(/usr/local/texlive/2014/texmf-dist/tex/generic/oberdiek/pdftexcmds.sty
Package: pdftexcmds 2011/11/29 v0.20 Utility functions of pdfTeX for LuaTeX (HO
)
Package pdftexcmds Info: LuaTeX not detected.
Package pdftexcmds Info: \pdf@primitive is available.
Package pdftexcmds Info: \pdf@ifprimitive is available.
Package pdftexcmds Info: \pdfdraftmode found.
)
Package grfext Info: Graphics extension search list:
(grfext)             [.png,.pdf,.jpg,.mps,.jpeg,.jbig2,.jb2,.PNG,.PDF,.JPG,.JPE
G,.JBIG2,.JB2,.eps]
(grfext)             \AppendGraphicsExtensions on input line 452.

(/usr/local/texlive/2014/texmf-dist/tex/latex/latexconfig/epstopdf-sys.cfg
File: epstopdf-sys.cfg 2010/07/13 v1.3 Configuration of (r)epstopdf for TeX Liv
e
)))
(/usr/local/texlive/2014/texmf-dist/tex/latex/amsmath/amsmath.sty
Package: amsmath 2013/01/14 v2.14 AMS math features
\@mathmargin=\skip43

For additional information on amsmath, use the `?' option.
(/usr/local/texlive/2014/texmf-dist/tex/latex/amsmath/amstext.sty
Package: amstext 2000/06/29 v2.01

(/usr/local/texlive/2014/texmf-dist/tex/latex/amsmath/amsgen.sty
File: amsgen.sty 1999/11/30 v2.0
\@emptytoks=\toks17
\ex@=\dimen113
))
(/usr/local/texlive/2014/texmf-dist/tex/latex/amsmath/amsbsy.sty
Package: amsbsy 1999/11/29 v1.2d
\pmbraise@=\dimen114
)
(/usr/local/texlive/2014/texmf-dist/tex/latex/amsmath/amsopn.sty
Package: amsopn 1999/12/14 v2.01 operator names
)
\inf@bad=\count91
LaTeX Info: Redefining \frac on input line 210.
\uproot@=\count92
\leftroot@=\count93
LaTeX Info: Redefining \overline on input line 306.
\classnum@=\count94
\DOTSCASE@=\count95
LaTeX Info: Redefining \ldots on input line 378.
LaTeX Info: Redefining \dots on input line 381.
LaTeX Info: Redefining \cdots on input line 466.
\Mathstrutbox@=\box26
\strutbox@=\box27
\big@size=\dimen115
LaTeX Font Info:    Redeclaring font encoding OML on input line 566.
LaTeX Font Info:    Redeclaring font encoding OMS on input line 567.
\macc@depth=\count96
\c@MaxMatrixCols=\count97
\dotsspace@=\muskip10
\c@parentequation=\count98
\dspbrk@lvl=\count99
\tag@help=\toks18
\row@=\count100
\column@=\count101
\maxfields@=\count102
\andhelp@=\toks19
\eqnshift@=\dimen116
\alignsep@=\dimen117
\tagshift@=\dimen118
\tagwidth@=\dimen119
\totwidth@=\dimen120
\lineht@=\dimen121
\@envbody=\toks20
\multlinegap=\skip44
\multlinetaggap=\skip45
\mathdisplay@stack=\toks21
LaTeX Info: Redefining \[ on input line 2665.
LaTeX Info: Redefining \] on input line 2666.
)
(/usr/local/texlive/2014/texmf-dist/tex/latex/natbib/natbib.sty
Package: natbib 2010/09/13 8.31b (PWD, AO)
\bibhang=\skip46
\bibsep=\skip47
LaTeX Info: Redefining \cite on input line 694.
\c@NAT@ctr=\count103
)

LaTeX Warning: Unused global option(s):
    [traditabstract].

(./Casimir Effect Computation.aux)
\openout1 = `"Casimir Effect Computation.aux"'.

LaTeX Font Info:    Checking defaults for OML/cmm/m/it on input line 19.
LaTeX Font Info:    ... okay on input line 19.
LaTeX Font Info:    Checking defaults for T1/cmr/m/n on input line 19.
LaTeX Font Info:    ... okay on input line 19.
LaTeX Font Info:    Checking defaults for OT1/cmr/m/n on input line 19.
LaTeX Font Info:    ... okay on input line 19.
LaTeX Font Info:    Checking defaults for OMS/cmsy/m/n on input line 19.
LaTeX Font Info:    ... okay on input line 19.
LaTeX Font Info:    Checking defaults for OMX/cmex/m/n on input line 19.
LaTeX Font Info:    ... okay on input line 19.
LaTeX Font Info:    Checking defaults for U/cmr/m/n on input line 19.
LaTeX Font Info:    ... okay on input line 19.

*geometry* driver: auto-detecting
*geometry* detected driver: pdftex
*geometry* verbose mode - [ preamble ] result:
* driver: pdftex
* paper: letterpaper
* layout: <same size as paper>
* layoutoffset:(h,v)=(0.0pt,0.0pt)
* modes: 
* h-part:(L,W,R)=(72.26999pt, 469.75502pt, 72.26999pt)
* v-part:(T,H,B)=(72.26999pt, 650.43001pt, 72.26999pt)
* \paperwidth=614.295pt
* \paperheight=794.96999pt
* \textwidth=469.75502pt
* \textheight=650.43001pt
* \oddsidemargin=0.0pt
* \evensidemargin=0.0pt
* \topmargin=-37.0pt
* \headheight=12.0pt
* \headsep=25.0pt
* \topskip=11.0pt
* \footskip=30.0pt
* \marginparwidth=59.0pt
* \marginparsep=10.0pt
* \columnsep=10.0pt
* \skip\footins=10.0pt plus 4.0pt minus 2.0pt
* \hoffset=0.0pt
* \voffset=0.0pt
* \mag=1000
* \@twocolumnfalse
* \@twosidefalse
* \@mparswitchfalse
* \@reversemarginfalse
* (1in=72.27pt=25.4mm, 1cm=28.453pt)

(/usr/local/texlive/2014/texmf-dist/tex/context/base/supp-pdf.mkii
[Loading MPS to PDF converter (version 2006.09.02).]
\scratchcounter=\count104
\scratchdimen=\dimen122
\scratchbox=\box28
\nofMPsegments=\count105
\nofMParguments=\count106
\everyMPshowfont=\toks22
\MPscratchCnt=\count107
\MPscratchDim=\dimen123
\MPnumerator=\count108
\makeMPintoPDFobject=\count109
\everyMPtoPDFconversion=\toks23
)
LaTeX Font Info:    Try loading font information for U+msa on input line 20.
 (/usr/local/texlive/2014/texmf-dist/tex/latex/amsfonts/umsa.fd
File: umsa.fd 2013/01/14 v3.01 AMS symbols A
)
LaTeX Font Info:    Try loading font information for U+msb on input line 20.

(/usr/local/texlive/2014/texmf-dist/tex/latex/amsfonts/umsb.fd
File: umsb.fd 2013/01/14 v3.01 AMS symbols B
) [1

{/usr/local/texlive/2014/texmf-var/fonts/map/pdftex/updmap/pdftex.map}] [2] [3]
LaTeX Font Info:    Try loading font information for OMS+cmr on input line 62.

(/usr/local/texlive/2014/texmf-dist/tex/latex/base/omscmr.fd
File: omscmr.fd 1999/05/25 v2.5h Standard LaTeX font definitions
)
LaTeX Font Info:    Font shape `OMS/cmr/m/n' in size <10.95> not available
(Font)              Font shape `OMS/cmsy/m/n' tried instead on input line 62.

<geometry.png, id=23, 477.785pt x 609.27625pt>
File: geometry.png Graphic file (type png)
 <use geometry.png>
Package pdftex.def Info: geometry.png used on input line 74.
(pdftex.def)             Requested size: 170.01947pt x 216.81pt.


LaTeX Warning: `!h' float specifier changed to `!ht'.

[4] [5 <./geometry.png (PNG copy)>]
<analytical.png, id=31, 578.16pt x 366.36874pt>
File: analytical.png Graphic file (type png)
 <use analytical.png>
Package pdftex.def Info: analytical.png used on input line 127.
(pdftex.def)             Requested size: 456.2209pt x 289.07999pt.


LaTeX Warning: `!h' float specifier changed to `!ht'.

[6] [7 <./analytical.png (PNG copy)>]
<LamPFA.png, id=39, 686.565pt x 322.20375pt>
File: LamPFA.png Graphic file (type png)
 <use LamPFA.png>
Package pdftex.def Info: LamPFA.png used on input line 196.
(pdftex.def)             Requested size: 361.34999pt x 169.5774pt.


LaTeX Warning: `h' float specifier changed to `ht'.

<Bead_positions.png, id=40, 525.965pt x 495.8525pt>
File: Bead_positions.png Graphic file (type png)
 <use Bead_positions.png>
Package pdftex.def Info: Bead_positions.png used on input line 204.
(pdftex.def)             Requested size: 229.97267pt x 216.81pt.


LaTeX Warning: `!h' float specifier changed to `!ht'.

<L-20_W-25.png, id=42, 447.6725pt x 499.8675pt>
File: L-20_W-25.png Graphic file (type png)
 <use L-20_W-25.png>
Package pdftex.def Info: L-20_W-25.png used on input line 210.
(pdftex.def)             Requested size: 194.16899pt x 216.81pt.

<L-20_W-50.png, id=43, 445.665pt x 480.79625pt>
File: L-20_W-50.png Graphic file (type png)
 <use L-20_W-50.png>
Package pdftex.def Info: L-20_W-50.png used on input line 211.
(pdftex.def)             Requested size: 200.96901pt x 216.81pt.


LaTeX Warning: `!h' float specifier changed to `!ht'.

<../../scuffCode/Comparison/convergence.png, id=44, 578.16pt x 433.62pt>
File: ../../scuffCode/Comparison/convergence.png Graphic file (type png)

<use ../../scuffCode/Comparison/convergence.png>
Package pdftex.def Info: ../../scuffCode/Comparison/convergence.png used on inp
ut line 217.
(pdftex.def)             Requested size: 397.48499pt x 298.11302pt.


LaTeX Warning: `h' float specifier changed to `ht'.

<../../scuffCode/CubeSphere/pfa_convergence.png, id=45, 867.24pt x 578.16pt>
File: ../../scuffCode/CubeSphere/pfa_convergence.png Graphic file (type png)

<use ../../scuffCode/CubeSphere/pfa_convergence.png>
Package pdftex.def Info: ../../scuffCode/CubeSphere/pfa_convergence.png used on
 input line 223.
(pdftex.def)             Requested size: 397.48499pt x 264.99522pt.

<../../scuffCode/CubeSphere/pfa_convergence_zoom.png, id=46, 867.24pt x 578.16p
t>
File: ../../scuffCode/CubeSphere/pfa_convergence_zoom.png Graphic file (type pn
g)
 <use ../../scuffCode/CubeSphere/pfa_convergence_zoom.png>
Package pdftex.def Info: ../../scuffCode/CubeSphere/pfa_convergence_zoom.png us
ed on input line 224.
(pdftex.def)             Requested size: 397.48499pt x 264.99522pt.


LaTeX Warning: `h' float specifier changed to `ht'.

<../../scuffCode/CubeSphere/pfa_v_pec.png, id=47, 867.24pt x 578.16pt>
File: ../../scuffCode/CubeSphere/pfa_v_pec.png Graphic file (type png)

<use ../../scuffCode/CubeSphere/pfa_v_pec.png>
Package pdftex.def Info: ../../scuffCode/CubeSphere/pfa_v_pec.png used on input
 line 230.
(pdftex.def)             Requested size: 505.89pt x 337.26505pt.

Overfull \hbox (36.13498pt too wide) in paragraph at lines 230--231
 [][] 
 []


LaTeX Warning: `h' float specifier changed to `ht'.


<../../scuffCode/CubeSphere/analytic_v_numerical.png, id=48, 867.24pt x 578.16p
t>
File: ../../scuffCode/CubeSphere/analytic_v_numerical.png Graphic file (type pn
g)
 <use ../../scuffCode/CubeSphere/analytic_v_numerical.png>
Package pdftex.def Info: ../../scuffCode/CubeSphere/analytic_v_numerical.png us
ed on input line 236.
(pdftex.def)             Requested size: 505.89pt x 337.26505pt.

Overfull \hbox (36.13498pt too wide) in paragraph at lines 236--237
 [][] 
 []


LaTeX Warning: `h' float specifier changed to `ht'.


<../../scuffCode/CubeSphereDepth/depth_v_gridding.png, id=49, 867.24pt x 578.16
pt>
File: ../../scuffCode/CubeSphereDepth/depth_v_gridding.png Graphic file (type p
ng)
 <use ../../scuffCode/CubeSphereDepth/depth_v_gridding.png>
Package pdftex.def Info: ../../scuffCode/CubeSphereDepth/depth_v_gridding.png u
sed on input line 242.
(pdftex.def)             Requested size: 397.48499pt x 264.99522pt.

<../../scuffCode/CubeSphereDepth/depth_v_gridding_finite.png, id=50, 867.24pt x
 578.16pt>
File: ../../scuffCode/CubeSphereDepth/depth_v_gridding_finite.png Graphic file 
(type png)
 <use ../../scuffCode/CubeSphereDepth/depth_v_gridding_finite.png>
Package pdftex.def Info: ../../scuffCode/CubeSphereDepth/depth_v_gridding_finit
e.png used on input line 243.
(pdftex.def)             Requested size: 397.48499pt x 264.99522pt.


LaTeX Warning: `h' float specifier changed to `ht'.


<../../scuffCode/CubeSphereDepth/depth_correction.png, id=51, 867.24pt x 578.16
pt>
File: ../../scuffCode/CubeSphereDepth/depth_correction.png Graphic file (type p
ng)
 <use ../../scuffCode/CubeSphereDepth/depth_correction.png>
Package pdftex.def Info: ../../scuffCode/CubeSphereDepth/depth_correction.png u
sed on input line 249.
(pdftex.def)             Requested size: 397.48499pt x 264.99522pt.

<../../scuffCode/CubeSphereDepth/depth_correction_finite.png, id=52, 867.24pt x
 578.16pt>
File: ../../scuffCode/CubeSphereDepth/depth_correction_finite.png Graphic file 
(type png)
 <use ../../scuffCode/CubeSphereDepth/depth_correction_finite.png>
Package pdftex.def Info: ../../scuffCode/CubeSphereDepth/depth_correction_finit
e.png used on input line 250.
(pdftex.def)             Requested size: 397.48499pt x 264.99522pt.


LaTeX Warning: `h' float specifier changed to `ht'.


<../../scuffCode/CubeSphereAspect/force_v_aspect.png, id=53, 867.24pt x 578.16p
t>
File: ../../scuffCode/CubeSphereAspect/force_v_aspect.png Graphic file (type pn
g)
 <use ../../scuffCode/CubeSphereAspect/force_v_aspect.png>
Package pdftex.def Info: ../../scuffCode/CubeSphereAspect/force_v_aspect.png us
ed on input line 256.
(pdftex.def)             Requested size: 361.34999pt x 240.90234pt.

<../../scuffCode/CubeSphereAspect/aspect_correction.png, id=54, 867.24pt x 578.
16pt>
File: ../../scuffCode/CubeSphereAspect/aspect_correction.png Graphic file (type
 png)
 <use ../../scuffCode/CubeSphereAspect/aspect_correction.png>
Package pdftex.def Info: ../../scuffCode/CubeSphereAspect/aspect_correction.png
 used on input line 257.
(pdftex.def)             Requested size: 361.34999pt x 240.90234pt.


LaTeX Warning: `h' float specifier changed to `ht'.


<../../scuffCode/CubeSphereAspect/force_v_aspect_finite.png, id=55, 867.24pt x 
578.16pt>
File: ../../scuffCode/CubeSphereAspect/force_v_aspect_finite.png Graphic file (
type png)
 <use ../../scuffCode/CubeSphereAspect/force_v_aspect_finite.png>
Package pdftex.def Info: ../../scuffCode/CubeSphereAspect/force_v_aspect_finite
.png used on input line 263.
(pdftex.def)             Requested size: 361.34999pt x 240.90234pt.

<../../scuffCode/CubeSphereAspect/aspect_correction_finite.png, id=56, 867.24pt
 x 578.16pt>
File: ../../scuffCode/CubeSphereAspect/aspect_correction_finite.png Graphic fil
e (type png)

<use ../../scuffCode/CubeSphereAspect/aspect_correction_finite.png>
Package pdftex.def Info: ../../scuffCode/CubeSphereAspect/aspect_correction_fin
ite.png used on input line 264.
(pdftex.def)             Requested size: 361.34999pt x 240.90234pt.


LaTeX Warning: `h' float specifier changed to `ht'.


<../../scuffCode/CubeSphereBest/analytic_v_numerical_best.png, id=57, 867.24pt 
x 578.16pt>
File: ../../scuffCode/CubeSphereBest/analytic_v_numerical_best.png Graphic file
 (type png)
 <use ../../scuffCode/CubeSphereBest/analytic_v_numerical_best.png>
Package pdftex.def Info: ../../scuffCode/CubeSphereBest/analytic_v_numerical_be
st.png used on input line 270.
(pdftex.def)             Requested size: 505.89pt x 337.26505pt.

Overfull \hbox (36.13498pt too wide) in paragraph at lines 270--271
 [][] 
 []


LaTeX Warning: `h' float specifier changed to `ht'.

<../../scuffCode/CubeSphereBest/prediction.png, id=58, 867.24pt x 578.16pt>
File: ../../scuffCode/CubeSphereBest/prediction.png Graphic file (type png)

<use ../../scuffCode/CubeSphereBest/prediction.png>
Package pdftex.def Info: ../../scuffCode/CubeSphereBest/prediction.png used on 
input line 276.
(pdftex.def)             Requested size: 505.89pt x 337.26505pt.

Overfull \hbox (36.13498pt too wide) in paragraph at lines 276--277
 [][] 
 []


LaTeX Warning: `h' float specifier changed to `ht'.


LaTeX Warning: `h' float specifier changed to `ht'.


<../../scuffCode/CubeSphereBest/pfa_v_pec_best.png, id=59, 867.24pt x 578.16pt>
File: ../../scuffCode/CubeSphereBest/pfa_v_pec_best.png Graphic file (type png)

<use ../../scuffCode/CubeSphereBest/pfa_v_pec_best.png>
Package pdftex.def Info: ../../scuffCode/CubeSphereBest/pfa_v_pec_best.png used
 on input line 306.
(pdftex.def)             Requested size: 505.89pt x 337.26505pt.

Overfull \hbox (36.13498pt too wide) in paragraph at lines 306--307
 [][] 
 []


LaTeX Warning: `h' float specifier changed to `ht'.


<../../scuffCode/CubeSphereLateral/lateral_force.png, id=60, 578.16pt x 433.62p
t>
File: ../../scuffCode/CubeSphereLateral/lateral_force.png Graphic file (type pn
g)
 <use ../../scuffCode/CubeSphereLateral/lateral_force.png>
Package pdftex.def Info: ../../scuffCode/CubeSphereLateral/lateral_force.png us
ed on input line 312.
(pdftex.def)             Requested size: 361.34999pt x 271.01183pt.

<../../scuffCode/CubeSphereLateral/lateral_force_finite.png, id=61, 578.16pt x 
433.62pt>
File: ../../scuffCode/CubeSphereLateral/lateral_force_finite.png Graphic file (
type png)
 <use ../../scuffCode/CubeSphereLateral/lateral_force_finite.png>
Package pdftex.def Info: ../../scuffCode/CubeSphereLateral/lateral_force_finite
.png used on input line 313.
(pdftex.def)             Requested size: 361.34999pt x 271.01183pt.


LaTeX Warning: `h' float specifier changed to `ht'.


<../../scuffCode/CubeSphereLateral/lateral_force_drop.png, id=62, 578.16pt x 43
3.62pt>
File: ../../scuffCode/CubeSphereLateral/lateral_force_drop.png Graphic file (ty
pe png)
 <use ../../scuffCode/CubeSphereLateral/lateral_force_drop.png>
Package pdftex.def Info: ../../scuffCode/CubeSphereLateral/lateral_force_drop.p
ng used on input line 319.
(pdftex.def)             Requested size: 361.34999pt x 271.01183pt.

<../../scuffCode/CubeSphereLateral/lateral_force_drop_finite.png, id=63, 578.16
pt x 433.62pt>
File: ../../scuffCode/CubeSphereLateral/lateral_force_drop_finite.png Graphic f
ile (type png)

<use ../../scuffCode/CubeSphereLateral/lateral_force_drop_finite.png>
Package pdftex.def Info: ../../scuffCode/CubeSphereLateral/lateral_force_drop_f
inite.png used on input line 320.
(pdftex.def)             Requested size: 361.34999pt x 271.01183pt.


LaTeX Warning: `h' float specifier changed to `ht'.


<../../scuffCode/CubeSphereLateral/lateral_force_drop_zoom.png, id=64, 578.16pt
 x 433.62pt>
File: ../../scuffCode/CubeSphereLateral/lateral_force_drop_zoom.png Graphic fil
e (type png)

<use ../../scuffCode/CubeSphereLateral/lateral_force_drop_zoom.png>
Package pdftex.def Info: ../../scuffCode/CubeSphereLateral/lateral_force_drop_z
oom.png used on input line 326.
(pdftex.def)             Requested size: 361.34999pt x 271.01183pt.

<../../scuffCode/CubeSphereLateral/lateral_force_drop_finite_zoom.png, id=65, 5
78.16pt x 433.62pt>
File: ../../scuffCode/CubeSphereLateral/lateral_force_drop_finite_zoom.png Grap
hic file (type png)

<use ../../scuffCode/CubeSphereLateral/lateral_force_drop_finite_zoom.png>
Package pdftex.def Info: ../../scuffCode/CubeSphereLateral/lateral_force_drop_f
inite_zoom.png used on input line 327.
(pdftex.def)             Requested size: 361.34999pt x 271.01183pt.


LaTeX Warning: `h' float specifier changed to `ht'.

[8] (./Casimir Effect Computation.bbl
Underfull \hbox (badness 10000) in paragraph at lines 16--24
[]\OT1/cmr/m/n/10.95 Giuseppe Bi-monte, Thorsten Emig, and Mehran Kar-dar.  Ma-
te-rial de-pen-dence
 []


Underfull \hbox (badness 6625) in paragraph at lines 16--24
\OT1/cmr/m/n/10.95 of casimir forces: Gra-di-ent ex-pan-sion be-yond prox-im-it
y.  \OT1/cmr/m/it/10.95 Ap-plied Physics Let-
 []


Underfull \hbox (badness 10000) in paragraph at lines 16--24
\OT1/cmr/m/it/10.95 ters\OT1/cmr/m/n/10.95 , 100(7):074110, 2012.  doi: http://
dx.doi.org/10.1063/1.3686903.  URL
 []

[9 <./LamPFA.png (PNG copy)> <./Bead_positions.png>]
Underfull \hbox (badness 10000) in paragraph at lines 58--64
[]\OT1/cmr/m/n/10.95 C^^Sesar D. Fosco, Fer-nando C. Lom-bardo, and Fran-cisco 
D. Mazz-itelli.  Prox-
 []


Underfull \hbox (badness 10000) in paragraph at lines 58--64
\OT1/cmr/m/n/10.95 im-ity force ap-prox-i-ma-tion for the casimir en-ergy as a 
deriva-tive ex-pan-sion.
 []


Underfull \hbox (badness 4981) in paragraph at lines 58--64
\OT1/cmr/m/it/10.95 Phys. Rev. D\OT1/cmr/m/n/10.95 , 84:105031, Nov 2011.  doi:
 10.1103/Phys-RevD.84.105031.  URL
 []

[10 <./L-20_W-25.png> <./L-20_W-50.png>]
Underfull \hbox (badness 2903) in paragraph at lines 87--92
[]\OT1/cmr/m/n/10.95 S. K. Lam-ore-aux.  Demon-stra-tion of the casimir force i
n the 0.6 to 6$\OML/cmm/m/it/10.95 ^^V$ \OT1/cmr/m/n/10.95 m range.
 []


Underfull \hbox (badness 10000) in paragraph at lines 87--92
\OT1/cmr/m/it/10.95 Phys. Rev. Lett.\OT1/cmr/m/n/10.95 , 78:5--8, Jan 1997.  do
i: 10.1103/Phys-RevLett.78.5.  URL
 []


Underfull \hbox (badness 1910) in paragraph at lines 101--105
[]\OT1/cmr/m/n/10.95 Alejandro W. Ro-driguez, Fed-erico Ca-passo, and Steven G.
 John-son.  The casimir ef-
 []


Underfull \hbox (badness 4940) in paragraph at lines 101--105
\OT1/cmr/m/n/10.95 fect in mi-crostruc-tured ge-ome-tries.  \OT1/cmr/m/it/10.95
 Nat Pho-ton\OT1/cmr/m/n/10.95 , 5(4):211--221, 04 2011.  URL
 []

) [11 <../../scuffCode/Comparison/convergence.png>] [12] [13 <../../scuffCode/C
ubeSphere/pfa_convergence.png> <../../scuffCode/CubeSphere/pfa_convergence_zoom
.png>] [14 <../../scuffCode/CubeSphere/pfa_v_pec.png>] [15 <../../scuffCode/Cub
eSphere/analytic_v_numerical.png>] [16 <../../scuffCode/CubeSphereDepth/depth_v
_gridding.png> <../../scuffCode/CubeSphereDepth/depth_v_gridding_finite.png>]
[17 <../../scuffCode/CubeSphereDepth/depth_correction.png> <../../scuffCode/Cub
eSphereDepth/depth_correction_finite.png>] [18 <../../scuffCode/CubeSphereAspec
t/force_v_aspect.png> <../../scuffCode/CubeSphereAspect/aspect_correction.png>]
[19 <../../scuffCode/CubeSphereAspect/force_v_aspect_finite.png> <../../scuffCo
de/CubeSphereAspect/aspect_correction_finite.png>] [20 <../../scuffCode/CubeSph
ereBest/analytic_v_numerical_best.png>] [21 <../../scuffCode/CubeSphereBest/pre
diction.png>] [22 <../../scuffCode/CubeSphereBest/pfa_v_pec_best.png>] [23 <../
../scuffCode/CubeSphereLateral/lateral_force.png> <../../scuffCode/CubeSphereLa
teral/lateral_force_finite.png>] [24 <../../scuffCode/CubeSphereLateral/lateral
_force_drop.png> <../../scuffCode/CubeSphereLateral/lateral_force_drop_finite.p
ng>] [25 <../../scuffCode/CubeSphereLateral/lateral_force_drop_zoom.png> <../..
/scuffCode/CubeSphereLateral/lateral_force_drop_finite_zoom.png>]
(./Casimir Effect Computation.aux) ) 
Here is how much of TeX's memory you used:
 3431 strings out of 493117
 50537 string characters out of 6135433
 124727 words of memory out of 5000000
 6811 multiletter control sequences out of 15000+600000
 12795 words of font info for 48 fonts, out of 8000000 for 9000
 1141 hyphenation exceptions out of 8191
 42i,9n,29p,2126b,232s stack positions out of 5000i,500n,10000p,200000b,80000s
</usr/local/texlive/2014/texmf-dist/fonts/t
ype1/public/amsfonts/cm/cmbx10.pfb></usr/local/texlive/2014/texmf-dist/fonts/ty
pe1/public/amsfonts/cm/cmbx12.pfb></usr/local/texlive/2014/texmf-dist/fonts/typ
e1/public/amsfonts/cm/cmex10.pfb></usr/local/texlive/2014/texmf-dist/fonts/type
1/public/amsfonts/cm/cmmi10.pfb></usr/local/texlive/2014/texmf-dist/fonts/type1
/public/amsfonts/cm/cmmi6.pfb></usr/local/texlive/2014/texmf-dist/fonts/type1/p
ublic/amsfonts/cm/cmmi8.pfb></usr/local/texlive/2014/texmf-dist/fonts/type1/pub
lic/amsfonts/cm/cmr10.pfb></usr/local/texlive/2014/texmf-dist/fonts/type1/publi
c/amsfonts/cm/cmr12.pfb></usr/local/texlive/2014/texmf-dist/fonts/type1/public/
amsfonts/cm/cmr17.pfb></usr/local/texlive/2014/texmf-dist/fonts/type1/public/am
sfonts/cm/cmr6.pfb></usr/local/texlive/2014/texmf-dist/fonts/type1/public/amsfo
nts/cm/cmr8.pfb></usr/local/texlive/2014/texmf-dist/fonts/type1/public/amsfonts
/cm/cmsy10.pfb></usr/local/texlive/2014/texmf-dist/fonts/type1/public/amsfonts/
cm/cmsy8.pfb></usr/local/texlive/2014/texmf-dist/fonts/type1/public/amsfonts/cm
/cmti10.pfb></usr/local/texlive/2014/texmf-dist/fonts/type1/public/amsfonts/cm/
cmtt10.pfb></usr/local/texlive/2014/texmf-dist/fonts/type1/public/amsfonts/symb
ols/msbm10.pfb>
Output written on "Casimir Effect Computation.pdf" (25 pages, 2461955 bytes).
PDF statistics:
 204 PDF objects out of 1000 (max. 8388607)
 106 compressed objects within 2 object streams
 0 named destinations out of 1000 (max. 500000)
 141 words of extra memory for PDF output out of 10000 (max. 10000000)

