01/28/15::16:05:26: scuff-cas3D running on barley07.stanford.edu 
01/28/15::16:05:26: Setting material properties of exterior region to VACUUM. 
01/28/15::16:05:26: Flipped 514 panel normals to comport with region definitions. 
01/28/15::16:05:26: Computing full zero-temperature Casimir quantities. 
01/28/15::16:05:26: Read 1 geometrical transformations from file Bead_L-1.58489.trans. 
01/28/15::16:05:27: Minimum distance between surface points=1.684890e+00 
01/28/15::16:05:27: Computing Casimir integrand at Xi=0.001
 
01/28/15::16:05:27: Assembling T1 at Xi=1.000000e-03... 
01/28/15::16:05:27: Assembling BEM matrix block (0,0) 
01/28/15::16:06:15: Assembling T2 at Xi=1.000000e-03... 
01/28/15::16:06:15: Assembling BEM matrix block (1,1) 
01/28/15::16:59:04: LU-factorizing T1 at Xi=0.001... 
01/28/15::16:59:04: LU-factorizing T2 at Xi=0.001... 
01/28/15::16:59:34: Applying transform 1.58489... 
01/28/15::16:59:34:  Assembling U(0,1) 
01/28/15::16:59:34: Assembling BEM matrix block (0,1) 
01/28/15::17:06:31:   Computing ZForce... 
01/28/15::17:06:42: Computing Casimir integrand at Xi=0.0529322
 
01/28/15::17:06:42: Assembling T1 at Xi=5.293217e-02... 
01/28/15::17:06:42: Assembling BEM matrix block (0,0) 
01/28/15::17:06:54: Assembling T2 at Xi=5.293217e-02... 
01/28/15::17:06:54: Assembling BEM matrix block (1,1) 
01/28/15::17:53:26: LU-factorizing T1 at Xi=0.0529322... 
01/28/15::17:53:26: LU-factorizing T2 at Xi=0.0529322... 
01/28/15::17:53:55: Applying transform 1.58489... 
01/28/15::17:53:55:  Assembling U(0,1) 
01/28/15::17:53:55: Assembling BEM matrix block (0,1) 
01/28/15::18:00:30:   Computing ZForce... 
01/28/15::18:00:41: Computing Casimir integrand at Xi=0.104864
 
01/28/15::18:00:41: Assembling T1 at Xi=1.048643e-01... 
01/28/15::18:00:41: Assembling BEM matrix block (0,0) 
01/28/15::18:00:50: Assembling T2 at Xi=1.048643e-01... 
01/28/15::18:00:50: Assembling BEM matrix block (1,1) 
01/28/15::18:47:22: LU-factorizing T1 at Xi=0.104864... 
01/28/15::18:47:22: LU-factorizing T2 at Xi=0.104864... 
01/28/15::18:47:50: Applying transform 1.58489... 
01/28/15::18:47:50:  Assembling U(0,1) 
01/28/15::18:47:50: Assembling BEM matrix block (0,1) 
01/28/15::18:54:25:   Computing ZForce... 
01/28/15::18:54:35: Computing Casimir integrand at Xi=0.208729
 
01/28/15::18:54:35: Assembling T1 at Xi=2.087287e-01... 
01/28/15::18:54:35: Assembling BEM matrix block (0,0) 
01/28/15::18:54:45: Assembling T2 at Xi=2.087287e-01... 
01/28/15::18:54:45: Assembling BEM matrix block (1,1) 
01/28/15::19:41:24: LU-factorizing T1 at Xi=0.208729... 
01/28/15::19:41:24: LU-factorizing T2 at Xi=0.208729... 
01/28/15::19:41:52: Applying transform 1.58489... 
01/28/15::19:41:52:  Assembling U(0,1) 
01/28/15::19:41:52: Assembling BEM matrix block (0,1) 
01/28/15::19:48:27:   Computing ZForce... 
01/28/15::19:48:38: Computing Casimir integrand at Xi=0.312593
 
01/28/15::19:48:38: Assembling T1 at Xi=3.125930e-01... 
01/28/15::19:48:38: Assembling BEM matrix block (0,0) 
01/28/15::19:48:48: Assembling T2 at Xi=3.125930e-01... 
01/28/15::19:48:48: Assembling BEM matrix block (1,1) 
01/28/15::20:35:25: LU-factorizing T1 at Xi=0.312593... 
01/28/15::20:35:25: LU-factorizing T2 at Xi=0.312593... 
01/28/15::20:35:53: Applying transform 1.58489... 
01/28/15::20:35:53:  Assembling U(0,1) 
01/28/15::20:35:53: Assembling BEM matrix block (0,1) 
01/28/15::20:42:23:   Computing ZForce... 
01/28/15::20:42:34: Computing Casimir integrand at Xi=0.520322
 
01/28/15::20:42:34: Assembling T1 at Xi=5.203217e-01... 
01/28/15::20:42:34: Assembling BEM matrix block (0,0) 
01/28/15::20:42:44: Assembling T2 at Xi=5.203217e-01... 
01/28/15::20:42:44: Assembling BEM matrix block (1,1) 
01/28/15::21:29:01: LU-factorizing T1 at Xi=0.520322... 
01/28/15::21:29:01: LU-factorizing T2 at Xi=0.520322... 
01/28/15::21:29:30: Applying transform 1.58489... 
01/28/15::21:29:30:  Assembling U(0,1) 
01/28/15::21:29:30: Assembling BEM matrix block (0,1) 
01/28/15::21:36:01:   Computing ZForce... 
01/28/15::21:36:12: Computing Casimir integrand at Xi=0.72805
 
01/28/15::21:36:12: Assembling T1 at Xi=7.280504e-01... 
01/28/15::21:36:12: Assembling BEM matrix block (0,0) 
01/28/15::21:36:23: Assembling T2 at Xi=7.280504e-01... 
01/28/15::21:36:23: Assembling BEM matrix block (1,1) 
01/28/15::22:23:01: LU-factorizing T1 at Xi=0.72805... 
01/28/15::22:23:01: LU-factorizing T2 at Xi=0.72805... 
01/28/15::22:23:29: Applying transform 1.58489... 
01/28/15::22:23:29:  Assembling U(0,1) 
01/28/15::22:23:29: Assembling BEM matrix block (0,1) 
01/28/15::22:30:03:   Computing ZForce... 
01/28/15::22:30:13: Computing Casimir integrand at Xi=0.416457
 
01/28/15::22:30:13: Assembling T1 at Xi=4.164574e-01... 
01/28/15::22:30:13: Assembling BEM matrix block (0,0) 
01/28/15::22:30:24: Assembling T2 at Xi=4.164574e-01... 
01/28/15::22:30:24: Assembling BEM matrix block (1,1) 
01/28/15::23:16:32: LU-factorizing T1 at Xi=0.416457... 
01/28/15::23:16:32: LU-factorizing T2 at Xi=0.416457... 
01/28/15::23:17:01: Applying transform 1.58489... 
01/28/15::23:17:01:  Assembling U(0,1) 
01/28/15::23:17:01: Assembling BEM matrix block (0,1) 
01/28/15::23:23:31:   Computing ZForce... 
01/28/15::23:23:42: Computing Casimir integrand at Xi=0.624186
 
01/28/15::23:23:42: Assembling T1 at Xi=6.241861e-01... 
01/28/15::23:23:42: Assembling BEM matrix block (0,0) 
01/28/15::23:23:52: Assembling T2 at Xi=6.241861e-01... 
01/28/15::23:23:52: Assembling BEM matrix block (1,1) 
01/29/15::00:10:19: LU-factorizing T1 at Xi=0.624186... 
01/29/15::00:10:19: LU-factorizing T2 at Xi=0.624186... 
01/29/15::00:10:47: Applying transform 1.58489... 
01/29/15::00:10:47:  Assembling U(0,1) 
01/29/15::00:10:47: Assembling BEM matrix block (0,1) 
01/29/15::00:17:19:   Computing ZForce... 
01/29/15::00:17:29: Computing Casimir integrand at Xi=0.72805
 
01/29/15::00:17:29: Assembling T1 at Xi=7.280504e-01... 
01/29/15::00:17:29: Assembling BEM matrix block (0,0) 
01/29/15::00:17:41: Assembling T2 at Xi=7.280504e-01... 
01/29/15::00:17:41: Assembling BEM matrix block (1,1) 
01/29/15::01:04:16: LU-factorizing T1 at Xi=0.72805... 
01/29/15::01:04:16: LU-factorizing T2 at Xi=0.72805... 
01/29/15::01:04:44: Applying transform 1.58489... 
01/29/15::01:04:44:  Assembling U(0,1) 
01/29/15::01:04:44: Assembling BEM matrix block (0,1) 
01/29/15::01:11:17:   Computing ZForce... 
01/29/15::01:11:27: Computing Casimir integrand at Xi=0.831915
 
01/29/15::01:11:27: Assembling T1 at Xi=8.319148e-01... 
01/29/15::01:11:27: Assembling BEM matrix block (0,0) 
01/29/15::01:11:39: Assembling T2 at Xi=8.319148e-01... 
01/29/15::01:11:39: Assembling BEM matrix block (1,1) 
01/29/15::01:58:24: LU-factorizing T1 at Xi=0.831915... 
01/29/15::01:58:24: LU-factorizing T2 at Xi=0.831915... 
01/29/15::01:58:52: Applying transform 1.58489... 
01/29/15::01:58:52:  Assembling U(0,1) 
01/29/15::01:58:52: Assembling BEM matrix block (0,1) 
01/29/15::02:05:25:   Computing ZForce... 
01/29/15::02:05:36: Computing Casimir integrand at Xi=0.935779
 
01/29/15::02:05:36: Assembling T1 at Xi=9.357791e-01... 
01/29/15::02:05:36: Assembling BEM matrix block (0,0) 
01/29/15::02:05:49: Assembling T2 at Xi=9.357791e-01... 
01/29/15::02:05:49: Assembling BEM matrix block (1,1) 
01/29/15::03:28:58: LU-factorizing T1 at Xi=0.935779... 
01/29/15::03:28:59: LU-factorizing T2 at Xi=0.935779... 
01/29/15::03:29:27: Applying transform 1.58489... 
01/29/15::03:29:27:  Assembling U(0,1) 
01/29/15::03:29:27: Assembling BEM matrix block (0,1) 
01/29/15::03:35:55:   Computing ZForce... 
01/29/15::03:36:05: Computing Casimir integrand at Xi=1.03964
 
01/29/15::03:36:05: Assembling T1 at Xi=1.039643e+00... 
01/29/15::03:36:05: Assembling BEM matrix block (0,0) 
01/29/15::03:36:21: Assembling T2 at Xi=1.039643e+00... 
01/29/15::03:36:21: Assembling BEM matrix block (1,1) 
01/29/15::04:59:38: LU-factorizing T1 at Xi=1.03964... 
01/29/15::04:59:39: LU-factorizing T2 at Xi=1.03964... 
01/29/15::05:00:07: Applying transform 1.58489... 
01/29/15::05:00:07:  Assembling U(0,1) 
01/29/15::05:00:07: Assembling BEM matrix block (0,1) 
01/29/15::05:06:34:   Computing ZForce... 
01/29/15::05:06:45: Computing Casimir integrand at Xi=1.14351
 
01/29/15::05:06:45: Assembling T1 at Xi=1.143508e+00... 
01/29/15::05:06:45: Assembling BEM matrix block (0,0) 
01/29/15::05:07:11: Assembling T2 at Xi=1.143508e+00... 
01/29/15::05:07:11: Assembling BEM matrix block (1,1) 
01/29/15::06:30:30: LU-factorizing T1 at Xi=1.14351... 
01/29/15::06:30:30: LU-factorizing T2 at Xi=1.14351... 
01/29/15::06:30:59: Applying transform 1.58489... 
01/29/15::06:30:59:  Assembling U(0,1) 
01/29/15::06:30:59: Assembling BEM matrix block (0,1) 
01/29/15::06:37:25:   Computing ZForce... 
01/29/15::06:37:36: Computing Casimir integrand at Xi=1.24737
 
01/29/15::06:37:36: Assembling T1 at Xi=1.247372e+00... 
01/29/15::06:37:36: Assembling BEM matrix block (0,0) 
01/29/15::06:38:35: Assembling T2 at Xi=1.247372e+00... 
01/29/15::06:38:35: Assembling BEM matrix block (1,1) 
01/29/15::08:02:04: LU-factorizing T1 at Xi=1.24737... 
01/29/15::08:02:04: LU-factorizing T2 at Xi=1.24737... 
01/29/15::08:02:32: Applying transform 1.58489... 
01/29/15::08:02:32:  Assembling U(0,1) 
01/29/15::08:02:32: Assembling BEM matrix block (0,1) 
01/29/15::08:08:59:   Computing ZForce... 
01/29/15::08:09:10: Computing Casimir integrand at Xi=1.35124
 
01/29/15::08:09:10: Assembling T1 at Xi=1.351237e+00... 
01/29/15::08:09:10: Assembling BEM matrix block (0,0) 
01/29/15::08:10:50: Assembling T2 at Xi=1.351237e+00... 
01/29/15::08:10:50: Assembling BEM matrix block (1,1) 
01/29/15::09:34:31: LU-factorizing T1 at Xi=1.35124... 
01/29/15::09:34:31: LU-factorizing T2 at Xi=1.35124... 
01/29/15::09:34:59: Applying transform 1.58489... 
01/29/15::09:34:59:  Assembling U(0,1) 
01/29/15::09:34:59: Assembling BEM matrix block (0,1) 
01/29/15::09:41:26:   Computing ZForce... 
01/29/15::09:41:37: Computing Casimir integrand at Xi=1.4551
 
01/29/15::09:41:37: Assembling T1 at Xi=1.455101e+00... 
01/29/15::09:41:37: Assembling BEM matrix block (0,0) 
01/29/15::09:44:05: Assembling T2 at Xi=1.455101e+00... 
01/29/15::09:44:05: Assembling BEM matrix block (1,1) 
01/29/15::11:08:17: LU-factorizing T1 at Xi=1.4551... 
01/29/15::11:08:17: LU-factorizing T2 at Xi=1.4551... 
01/29/15::11:08:45: Applying transform 1.58489... 
01/29/15::11:08:45:  Assembling U(0,1) 
01/29/15::11:08:45: Assembling BEM matrix block (0,1) 
01/29/15::11:15:12:   Computing ZForce... 
01/29/15::11:15:22: Computing Casimir integrand at Xi=1.55897
 
01/29/15::11:15:22: Assembling T1 at Xi=1.558965e+00... 
01/29/15::11:15:22: Assembling BEM matrix block (0,0) 
01/29/15::11:18:24: Assembling T2 at Xi=1.558965e+00... 
01/29/15::11:18:24: Assembling BEM matrix block (1,1) 
01/29/15::12:43:45: LU-factorizing T1 at Xi=1.55897... 
01/29/15::12:43:45: LU-factorizing T2 at Xi=1.55897... 
01/29/15::12:44:14: Applying transform 1.58489... 
01/29/15::12:44:14:  Assembling U(0,1) 
01/29/15::12:44:14: Assembling BEM matrix block (0,1) 
01/29/15::12:50:39:   Computing ZForce... 
01/29/15::12:50:50: Computing Casimir integrand at Xi=1.76669
 
01/29/15::12:50:50: Assembling T1 at Xi=1.766694e+00... 
01/29/15::12:50:50: Assembling BEM matrix block (0,0) 
01/29/15::12:54:39: Assembling T2 at Xi=1.766694e+00... 
01/29/15::12:54:39: Assembling BEM matrix block (1,1) 
01/29/15::14:21:36: LU-factorizing T1 at Xi=1.76669... 
01/29/15::14:21:36: LU-factorizing T2 at Xi=1.76669... 
01/29/15::14:22:04: Applying transform 1.58489... 
01/29/15::14:22:04:  Assembling U(0,1) 
01/29/15::14:22:04: Assembling BEM matrix block (0,1) 
01/29/15::14:28:29:   Computing ZForce... 
01/29/15::14:28:39: Computing Casimir integrand at Xi=1.97442
 
01/29/15::14:28:39: Assembling T1 at Xi=1.974423e+00... 
01/29/15::14:28:39: Assembling BEM matrix block (0,0) 
01/29/15::14:32:36: Assembling T2 at Xi=1.974423e+00... 
01/29/15::14:32:36: Assembling BEM matrix block (1,1) 
01/29/15::16:00:14: LU-factorizing T1 at Xi=1.97442... 
01/29/15::16:00:14: LU-factorizing T2 at Xi=1.97442... 
01/29/15::16:00:43: Applying transform 1.58489... 
01/29/15::16:00:43:  Assembling U(0,1) 
01/29/15::16:00:43: Assembling BEM matrix block (0,1) 
01/29/15::16:07:07:   Computing ZForce... 
01/29/15::16:07:17: Computing Casimir integrand at Xi=1.66283
 
01/29/15::16:07:17: Assembling T1 at Xi=1.662830e+00... 
01/29/15::16:07:17: Assembling BEM matrix block (0,0) 
01/29/15::16:10:50: Assembling T2 at Xi=1.662830e+00... 
01/29/15::16:10:50: Assembling BEM matrix block (1,1) 
01/29/15::17:36:56: LU-factorizing T1 at Xi=1.66283... 
01/29/15::17:36:56: LU-factorizing T2 at Xi=1.66283... 
01/29/15::17:37:24: Applying transform 1.58489... 
01/29/15::17:37:24:  Assembling U(0,1) 
01/29/15::17:37:24: Assembling BEM matrix block (0,1) 
01/29/15::17:43:47:   Computing ZForce... 
01/29/15::17:43:58: Computing Casimir integrand at Xi=1.87056
 
01/29/15::17:43:58: Assembling T1 at Xi=1.870558e+00... 
01/29/15::17:43:58: Assembling BEM matrix block (0,0) 
01/29/15::17:47:53: Assembling T2 at Xi=1.870558e+00... 
01/29/15::17:47:53: Assembling BEM matrix block (1,1) 
01/29/15::19:15:18: LU-factorizing T1 at Xi=1.87056... 
01/29/15::19:15:18: LU-factorizing T2 at Xi=1.87056... 
01/29/15::19:15:47: Applying transform 1.58489... 
01/29/15::19:15:47:  Assembling U(0,1) 
01/29/15::19:15:47: Assembling BEM matrix block (0,1) 
01/29/15::19:22:11:   Computing ZForce... 
01/29/15::19:22:22: Computing Casimir integrand at Xi=1.97442
 
01/29/15::19:22:22: Assembling T1 at Xi=1.974423e+00... 
01/29/15::19:22:22: Assembling BEM matrix block (0,0) 
01/29/15::19:26:18: Assembling T2 at Xi=1.974423e+00... 
01/29/15::19:26:18: Assembling BEM matrix block (1,1) 
01/29/15::20:53:57: LU-factorizing T1 at Xi=1.97442... 
01/29/15::20:53:57: LU-factorizing T2 at Xi=1.97442... 
01/29/15::20:54:25: Applying transform 1.58489... 
01/29/15::20:54:25:  Assembling U(0,1) 
01/29/15::20:54:25: Assembling BEM matrix block (0,1) 
01/29/15::21:00:50:   Computing ZForce... 
01/29/15::21:01:01: Computing Casimir integrand at Xi=2.07829
 
01/29/15::21:01:01: Assembling T1 at Xi=2.078287e+00... 
01/29/15::21:01:01: Assembling BEM matrix block (0,0) 
01/29/15::21:04:59: Assembling T2 at Xi=2.078287e+00... 
01/29/15::21:04:59: Assembling BEM matrix block (1,1) 
01/29/15::22:32:44: LU-factorizing T1 at Xi=2.07829... 
01/29/15::22:32:44: LU-factorizing T2 at Xi=2.07829... 
01/29/15::22:33:12: Applying transform 1.58489... 
01/29/15::22:33:12:  Assembling U(0,1) 
01/29/15::22:33:12: Assembling BEM matrix block (0,1) 
01/29/15::22:39:37:   Computing ZForce... 
01/29/15::22:39:48: Computing Casimir integrand at Xi=2.18215
 
01/29/15::22:39:48: Assembling T1 at Xi=2.182151e+00... 
01/29/15::22:39:48: Assembling BEM matrix block (0,0) 
01/29/15::22:43:48: Assembling T2 at Xi=2.182151e+00... 
01/29/15::22:43:48: Assembling BEM matrix block (1,1) 
01/30/15::00:11:54: LU-factorizing T1 at Xi=2.18215... 
01/30/15::00:11:55: LU-factorizing T2 at Xi=2.18215... 
01/30/15::00:12:23: Applying transform 1.58489... 
01/30/15::00:12:23:  Assembling U(0,1) 
01/30/15::00:12:23: Assembling BEM matrix block (0,1) 
01/30/15::00:18:47:   Computing ZForce... 
01/30/15::00:18:58: Computing Casimir integrand at Xi=2.28602
 
01/30/15::00:18:58: Assembling T1 at Xi=2.286016e+00... 
01/30/15::00:18:58: Assembling BEM matrix block (0,0) 
01/30/15::00:22:58: Assembling T2 at Xi=2.286016e+00... 
01/30/15::00:22:58: Assembling BEM matrix block (1,1) 
01/30/15::01:51:08: LU-factorizing T1 at Xi=2.28602... 
01/30/15::01:51:08: LU-factorizing T2 at Xi=2.28602... 
01/30/15::01:51:36: Applying transform 1.58489... 
01/30/15::01:51:36:  Assembling U(0,1) 
01/30/15::01:51:36: Assembling BEM matrix block (0,1) 
01/30/15::01:58:01:   Computing ZForce... 
01/30/15::01:58:12: Computing Casimir integrand at Xi=2.38988
 
01/30/15::01:58:12: Assembling T1 at Xi=2.389880e+00... 
01/30/15::01:58:12: Assembling BEM matrix block (0,0) 
01/30/15::02:02:12: Assembling T2 at Xi=2.389880e+00... 
01/30/15::02:02:12: Assembling BEM matrix block (1,1) 
01/30/15::03:30:24: LU-factorizing T1 at Xi=2.38988... 
01/30/15::03:30:24: LU-factorizing T2 at Xi=2.38988... 
01/30/15::03:30:52: Applying transform 1.58489... 
01/30/15::03:30:52:  Assembling U(0,1) 
01/30/15::03:30:52: Assembling BEM matrix block (0,1) 
01/30/15::03:37:18:   Computing ZForce... 
01/30/15::03:37:28: Computing Casimir integrand at Xi=2.49374
 
01/30/15::03:37:28: Assembling T1 at Xi=2.493744e+00... 
01/30/15::03:37:28: Assembling BEM matrix block (0,0) 
01/30/15::03:41:29: Assembling T2 at Xi=2.493744e+00... 
01/30/15::03:41:29: Assembling BEM matrix block (1,1) 
01/30/15::05:09:43: LU-factorizing T1 at Xi=2.49374... 
01/30/15::05:09:43: LU-factorizing T2 at Xi=2.49374... 
01/30/15::05:10:12: Applying transform 1.58489... 
01/30/15::05:10:12:  Assembling U(0,1) 
01/30/15::05:10:12: Assembling BEM matrix block (0,1) 
01/30/15::05:16:37:   Computing ZForce... 
01/30/15::05:16:47: Computing Casimir integrand at Xi=2.59761
 
01/30/15::05:16:47: Assembling T1 at Xi=2.597609e+00... 
01/30/15::05:16:47: Assembling BEM matrix block (0,0) 
01/30/15::05:20:48: Assembling T2 at Xi=2.597609e+00... 
01/30/15::05:20:48: Assembling BEM matrix block (1,1) 
01/30/15::06:49:05: LU-factorizing T1 at Xi=2.59761... 
01/30/15::06:49:05: LU-factorizing T2 at Xi=2.59761... 
01/30/15::06:49:33: Applying transform 1.58489... 
01/30/15::06:49:33:  Assembling U(0,1) 
01/30/15::06:49:33: Assembling BEM matrix block (0,1) 
01/30/15::06:55:58:   Computing ZForce... 
01/30/15::06:56:09: Computing Casimir integrand at Xi=2.80534
 
01/30/15::06:56:09: Assembling T1 at Xi=2.805337e+00... 
01/30/15::06:56:09: Assembling BEM matrix block (0,0) 
01/30/15::07:00:10: Assembling T2 at Xi=2.805337e+00... 
01/30/15::07:00:10: Assembling BEM matrix block (1,1) 
01/30/15::08:28:34: LU-factorizing T1 at Xi=2.80534... 
01/30/15::08:28:34: LU-factorizing T2 at Xi=2.80534... 
01/30/15::08:29:02: Applying transform 1.58489... 
01/30/15::08:29:02:  Assembling U(0,1) 
01/30/15::08:29:02: Assembling BEM matrix block (0,1) 
01/30/15::08:35:27:   Computing ZForce... 
01/30/15::08:35:38: Computing Casimir integrand at Xi=3.01307
 
01/30/15::08:35:38: Assembling T1 at Xi=3.013066e+00... 
01/30/15::08:35:38: Assembling BEM matrix block (0,0) 
01/30/15::08:39:39: Assembling T2 at Xi=3.013066e+00... 
01/30/15::08:39:39: Assembling BEM matrix block (1,1) 
01/30/15::10:08:10: LU-factorizing T1 at Xi=3.01307... 
01/30/15::10:08:10: LU-factorizing T2 at Xi=3.01307... 
01/30/15::10:08:38: Applying transform 1.58489... 
01/30/15::10:08:38:  Assembling U(0,1) 
01/30/15::10:08:38: Assembling BEM matrix block (0,1) 
01/30/15::10:15:03:   Computing ZForce... 
01/30/15::10:15:14: Computing Casimir integrand at Xi=2.70147
 
01/30/15::10:15:14: Assembling T1 at Xi=2.701473e+00... 
01/30/15::10:15:14: Assembling BEM matrix block (0,0) 
01/30/15::10:19:14: Assembling T2 at Xi=2.701473e+00... 
01/30/15::10:19:14: Assembling BEM matrix block (1,1) 
01/30/15::11:47:34: LU-factorizing T1 at Xi=2.70147... 
01/30/15::11:47:34: LU-factorizing T2 at Xi=2.70147... 
01/30/15::11:48:03: Applying transform 1.58489... 
01/30/15::11:48:03:  Assembling U(0,1) 
01/30/15::11:48:03: Assembling BEM matrix block (0,1) 
01/30/15::11:54:27:   Computing ZForce... 
