03/23/15::08:10:49: scuff-cas3D running on fell0337 
03/23/15::08:10:49: Setting material properties of exterior region to VACUUM. 
03/23/15::08:10:49: Flipped 1740 panel normals to comport with region definitions. 
03/23/15::08:10:49: Computing full Matsubara-summed Casimir quantities at T=3.000000e+02 Kelvin. 
03/23/15::08:10:49: Read 1 geometrical transformations from file RatioBeadCubePEC_L-20.0_grid-0.5_T-300.trans. 
03/23/15::08:10:50: Beginning Matsubara sum at T=300 kelvin... 
03/23/15::08:10:50: Computing Casimir integrand at Xi=0.001
 
03/23/15::08:10:50: Assembling T1 at Xi=1.000000e-03... 
03/23/15::08:10:50: Assembling BEM matrix block (0,0) 
03/23/15::08:12:11: Assembling T2 at Xi=1.000000e-03... 
03/23/15::08:12:11: Assembling BEM matrix block (1,1) 
03/23/15::08:29:58: LU-factorizing T1 at Xi=0.001... 
03/23/15::08:29:58: LU-factorizing T2 at Xi=0.001... 
03/23/15::08:30:31: Applying transform 0... 
03/23/15::08:30:31:  Assembling U(0,1) 
03/23/15::08:30:31: Assembling BEM matrix block (0,1) 
03/23/15::08:33:14:   Computing ZForce... 
03/23/15::08:33:28: Computing Casimir integrand at Xi=0.823279
 
03/23/15::08:33:28: Assembling T1 at Xi=8.232789e-01... 
03/23/15::08:33:28: Assembling BEM matrix block (0,0) 
03/23/15::08:33:38: Assembling T2 at Xi=8.232789e-01... 
03/23/15::08:33:38: Assembling BEM matrix block (1,1) 
03/23/15::08:48:34: LU-factorizing T1 at Xi=0.823279... 
03/23/15::08:48:34: LU-factorizing T2 at Xi=0.823279... 
03/23/15::08:49:08: Applying transform 0... 
03/23/15::08:49:08:  Assembling U(0,1) 
03/23/15::08:49:08: Assembling BEM matrix block (0,1) 
03/23/15::08:51:54:   Computing ZForce... 
03/23/15::08:52:11: Computing Casimir integrand at Xi=1.64656
 
03/23/15::08:52:11: Assembling T1 at Xi=1.646558e+00... 
03/23/15::08:52:11: Assembling BEM matrix block (0,0) 
03/23/15::08:52:21: Assembling T2 at Xi=1.646558e+00... 
03/23/15::08:52:21: Assembling BEM matrix block (1,1) 
03/23/15::09:12:13: LU-factorizing T1 at Xi=1.64656... 
03/23/15::09:12:13: LU-factorizing T2 at Xi=1.64656... 
03/23/15::09:12:45: Applying transform 0... 
03/23/15::09:12:45:  Assembling U(0,1) 
03/23/15::09:12:45: Assembling BEM matrix block (0,1) 
03/23/15::09:15:25:   Computing ZForce... 
03/23/15::09:15:40: Matsubara sum converged after summing n=2 frequency points. 
