03/23/15::08:10:47: scuff-cas3D running on hequ0005 
03/23/15::08:10:47: Setting material properties of exterior region to VACUUM. 
03/23/15::08:10:47: Flipped 1740 panel normals to comport with region definitions. 
03/23/15::08:10:47: Computing full Matsubara-summed Casimir quantities at T=3.000000e+02 Kelvin. 
03/23/15::08:10:47: Read 1 geometrical transformations from file RatioBeadCubePEC_L-22.5_grid-0.5_T-300.trans. 
03/23/15::08:10:47: Beginning Matsubara sum at T=300 kelvin... 
03/23/15::08:10:47: Computing Casimir integrand at Xi=0.001
 
03/23/15::08:10:47: Assembling T1 at Xi=1.000000e-03... 
03/23/15::08:10:47: Assembling BEM matrix block (0,0) 
03/23/15::08:11:38: Assembling T2 at Xi=1.000000e-03... 
03/23/15::08:11:38: Assembling BEM matrix block (1,1) 
03/23/15::08:22:37: LU-factorizing T1 at Xi=0.001... 
03/23/15::08:22:38: LU-factorizing T2 at Xi=0.001... 
03/23/15::08:22:54: Applying transform 0... 
03/23/15::08:22:54:  Assembling U(0,1) 
03/23/15::08:22:54: Assembling BEM matrix block (0,1) 
03/23/15::08:24:34:   Computing ZForce... 
03/23/15::08:24:42: Computing Casimir integrand at Xi=0.823279
 
03/23/15::08:24:42: Assembling T1 at Xi=8.232789e-01... 
03/23/15::08:24:42: Assembling BEM matrix block (0,0) 
03/23/15::08:24:48: Assembling T2 at Xi=8.232789e-01... 
03/23/15::08:24:48: Assembling BEM matrix block (1,1) 
03/23/15::08:34:13: LU-factorizing T1 at Xi=0.823279... 
03/23/15::08:34:13: LU-factorizing T2 at Xi=0.823279... 
03/23/15::08:34:30: Applying transform 0... 
03/23/15::08:34:30:  Assembling U(0,1) 
03/23/15::08:34:30: Assembling BEM matrix block (0,1) 
03/23/15::08:36:10:   Computing ZForce... 
03/23/15::08:36:18: Computing Casimir integrand at Xi=1.64656
 
03/23/15::08:36:18: Assembling T1 at Xi=1.646558e+00... 
03/23/15::08:36:18: Assembling BEM matrix block (0,0) 
03/23/15::08:36:25: Assembling T2 at Xi=1.646558e+00... 
03/23/15::08:36:25: Assembling BEM matrix block (1,1) 
03/23/15::08:49:07: LU-factorizing T1 at Xi=1.64656... 
03/23/15::08:49:07: LU-factorizing T2 at Xi=1.64656... 
03/23/15::08:49:24: Applying transform 0... 
03/23/15::08:49:24:  Assembling U(0,1) 
03/23/15::08:49:24: Assembling BEM matrix block (0,1) 
03/23/15::08:51:04:   Computing ZForce... 
03/23/15::08:51:11: Matsubara sum converged after summing n=2 frequency points. 
