01/28/15::16:05:26: scuff-cas3D running on barley07.stanford.edu 
01/28/15::16:05:26: Setting material properties of exterior region to VACUUM. 
01/28/15::16:05:26: Flipped 514 panel normals to comport with region definitions. 
01/28/15::16:05:26: Computing full zero-temperature Casimir quantities. 
01/28/15::16:05:26: Read 1 geometrical transformations from file Bead_L-7.94328.trans. 
01/28/15::16:05:26: Minimum distance between surface points=8.043280e+00 
01/28/15::16:05:26: Computing Casimir integrand at Xi=0.001
 
01/28/15::16:05:26: Assembling T1 at Xi=1.000000e-03... 
01/28/15::16:05:26: Assembling BEM matrix block (0,0) 
01/28/15::16:06:15: Assembling T2 at Xi=1.000000e-03... 
01/28/15::16:06:15: Assembling BEM matrix block (1,1) 
01/28/15::16:58:44: LU-factorizing T1 at Xi=0.001... 
01/28/15::16:58:44: LU-factorizing T2 at Xi=0.001... 
01/28/15::16:59:14: Applying transform 7.94328... 
01/28/15::16:59:14:  Assembling U(0,1) 
01/28/15::16:59:14: Assembling BEM matrix block (0,1) 
01/28/15::17:01:25:   Computing ZForce... 
01/28/15::17:01:36: Computing Casimir integrand at Xi=0.0118786
 
01/28/15::17:01:36: Assembling T1 at Xi=1.187865e-02... 
01/28/15::17:01:36: Assembling BEM matrix block (0,0) 
01/28/15::17:01:47: Assembling T2 at Xi=1.187865e-02... 
01/28/15::17:01:47: Assembling BEM matrix block (1,1) 
01/28/15::17:48:01: LU-factorizing T1 at Xi=0.0118786... 
01/28/15::17:48:01: LU-factorizing T2 at Xi=0.0118786... 
01/28/15::17:48:31: Applying transform 7.94328... 
01/28/15::17:48:32:  Assembling U(0,1) 
01/28/15::17:48:32: Assembling BEM matrix block (0,1) 
01/28/15::17:50:38:   Computing ZForce... 
01/28/15::17:50:49: Computing Casimir integrand at Xi=0.0227573
 
01/28/15::17:50:49: Assembling T1 at Xi=2.275729e-02... 
01/28/15::17:50:49: Assembling BEM matrix block (0,0) 
01/28/15::17:51:01: Assembling T2 at Xi=2.275729e-02... 
01/28/15::17:51:01: Assembling BEM matrix block (1,1) 
01/28/15::18:37:35: LU-factorizing T1 at Xi=0.0227573... 
01/28/15::18:37:35: LU-factorizing T2 at Xi=0.0227573... 
01/28/15::18:38:05: Applying transform 7.94328... 
01/28/15::18:38:05:  Assembling U(0,1) 
01/28/15::18:38:05: Assembling BEM matrix block (0,1) 
01/28/15::18:40:12:   Computing ZForce... 
01/28/15::18:40:23: Computing Casimir integrand at Xi=0.0445146
 
01/28/15::18:40:23: Assembling T1 at Xi=4.451459e-02... 
01/28/15::18:40:23: Assembling BEM matrix block (0,0) 
01/28/15::18:40:38: Assembling T2 at Xi=4.451459e-02... 
01/28/15::18:40:38: Assembling BEM matrix block (1,1) 
01/28/15::19:27:12: LU-factorizing T1 at Xi=0.0445146... 
01/28/15::19:27:13: LU-factorizing T2 at Xi=0.0445146... 
01/28/15::19:27:43: Applying transform 7.94328... 
01/28/15::19:27:43:  Assembling U(0,1) 
01/28/15::19:27:43: Assembling BEM matrix block (0,1) 
01/28/15::19:29:49:   Computing ZForce... 
01/28/15::19:30:01: Computing Casimir integrand at Xi=0.0662719
 
01/28/15::19:30:01: Assembling T1 at Xi=6.627188e-02... 
01/28/15::19:30:01: Assembling BEM matrix block (0,0) 
01/28/15::19:30:11: Assembling T2 at Xi=6.627188e-02... 
01/28/15::19:30:11: Assembling BEM matrix block (1,1) 
01/28/15::20:16:48: LU-factorizing T1 at Xi=0.0662719... 
01/28/15::20:16:48: LU-factorizing T2 at Xi=0.0662719... 
01/28/15::20:17:18: Applying transform 7.94328... 
01/28/15::20:17:18:  Assembling U(0,1) 
01/28/15::20:17:18: Assembling BEM matrix block (0,1) 
01/28/15::20:19:25:   Computing ZForce... 
01/28/15::20:19:36: Computing Casimir integrand at Xi=0.109786
 
01/28/15::20:19:36: Assembling T1 at Xi=1.097865e-01... 
01/28/15::20:19:36: Assembling BEM matrix block (0,0) 
01/28/15::20:19:46: Assembling T2 at Xi=1.097865e-01... 
01/28/15::20:19:46: Assembling BEM matrix block (1,1) 
01/28/15::21:06:37: LU-factorizing T1 at Xi=0.109786... 
01/28/15::21:06:37: LU-factorizing T2 at Xi=0.109786... 
01/28/15::21:07:07: Applying transform 7.94328... 
01/28/15::21:07:07:  Assembling U(0,1) 
01/28/15::21:07:07: Assembling BEM matrix block (0,1) 
01/28/15::21:09:14:   Computing ZForce... 
01/28/15::21:09:26: Computing Casimir integrand at Xi=0.153301
 
01/28/15::21:09:26: Assembling T1 at Xi=1.533011e-01... 
01/28/15::21:09:26: Assembling BEM matrix block (0,0) 
01/28/15::21:09:35: Assembling T2 at Xi=1.533011e-01... 
01/28/15::21:09:35: Assembling BEM matrix block (1,1) 
01/28/15::21:56:06: LU-factorizing T1 at Xi=0.153301... 
01/28/15::21:56:06: LU-factorizing T2 at Xi=0.153301... 
01/28/15::21:56:35: Applying transform 7.94328... 
01/28/15::21:56:35:  Assembling U(0,1) 
01/28/15::21:56:35: Assembling BEM matrix block (0,1) 
01/28/15::21:58:41:   Computing ZForce... 
01/28/15::21:58:52: Computing Casimir integrand at Xi=0.24033
 
01/28/15::21:58:52: Assembling T1 at Xi=2.403302e-01... 
01/28/15::21:58:52: Assembling BEM matrix block (0,0) 
01/28/15::21:59:02: Assembling T2 at Xi=2.403302e-01... 
01/28/15::21:59:02: Assembling BEM matrix block (1,1) 
01/28/15::22:45:40: LU-factorizing T1 at Xi=0.24033... 
01/28/15::22:45:40: LU-factorizing T2 at Xi=0.24033... 
01/28/15::22:46:10: Applying transform 7.94328... 
01/28/15::22:46:10:  Assembling U(0,1) 
01/28/15::22:46:10: Assembling BEM matrix block (0,1) 
01/28/15::22:48:16:   Computing ZForce... 
01/28/15::22:48:27: Computing Casimir integrand at Xi=0.327359
 
01/28/15::22:48:27: Assembling T1 at Xi=3.273594e-01... 
01/28/15::22:48:27: Assembling BEM matrix block (0,0) 
01/28/15::22:48:37: Assembling T2 at Xi=3.273594e-01... 
01/28/15::22:48:37: Assembling BEM matrix block (1,1) 
01/28/15::23:35:21: LU-factorizing T1 at Xi=0.327359... 
01/28/15::23:35:21: LU-factorizing T2 at Xi=0.327359... 
01/28/15::23:35:50: Applying transform 7.94328... 
01/28/15::23:35:50:  Assembling U(0,1) 
01/28/15::23:35:50: Assembling BEM matrix block (0,1) 
01/28/15::23:37:56:   Computing ZForce... 
01/28/15::23:38:07: Computing Casimir integrand at Xi=0.196816
 
01/28/15::23:38:07: Assembling T1 at Xi=1.968156e-01... 
01/28/15::23:38:07: Assembling BEM matrix block (0,0) 
01/28/15::23:38:16: Assembling T2 at Xi=1.968156e-01... 
01/28/15::23:38:16: Assembling BEM matrix block (1,1) 
01/29/15::00:24:48: LU-factorizing T1 at Xi=0.196816... 
01/29/15::00:24:48: LU-factorizing T2 at Xi=0.196816... 
01/29/15::00:25:18: Applying transform 7.94328... 
01/29/15::00:25:18:  Assembling U(0,1) 
01/29/15::00:25:18: Assembling BEM matrix block (0,1) 
01/29/15::00:27:23:   Computing ZForce... 
01/29/15::00:27:34: Computing Casimir integrand at Xi=0.175058
 
01/29/15::00:27:34: Assembling T1 at Xi=1.750583e-01... 
01/29/15::00:27:34: Assembling BEM matrix block (0,0) 
01/29/15::00:27:44: Assembling T2 at Xi=1.750583e-01... 
01/29/15::00:27:44: Assembling BEM matrix block (1,1) 
01/29/15::01:14:13: LU-factorizing T1 at Xi=0.175058... 
01/29/15::01:14:13: LU-factorizing T2 at Xi=0.175058... 
01/29/15::01:14:43: Applying transform 7.94328... 
01/29/15::01:14:43:  Assembling U(0,1) 
01/29/15::01:14:43: Assembling BEM matrix block (0,1) 
01/29/15::01:16:48:   Computing ZForce... 
01/29/15::01:16:59: Computing Casimir integrand at Xi=0.24033
 
01/29/15::01:16:59: Assembling T1 at Xi=2.403302e-01... 
01/29/15::01:16:59: Assembling BEM matrix block (0,0) 
01/29/15::01:17:08: Assembling T2 at Xi=2.403302e-01... 
01/29/15::01:17:08: Assembling BEM matrix block (1,1) 
01/29/15::02:03:40: LU-factorizing T1 at Xi=0.24033... 
01/29/15::02:03:40: LU-factorizing T2 at Xi=0.24033... 
01/29/15::02:04:09: Applying transform 7.94328... 
01/29/15::02:04:09:  Assembling U(0,1) 
01/29/15::02:04:09: Assembling BEM matrix block (0,1) 
01/29/15::02:06:16:   Computing ZForce... 
01/29/15::02:06:27: Computing Casimir integrand at Xi=0.283845
 
01/29/15::02:06:27: Assembling T1 at Xi=2.838448e-01... 
01/29/15::02:06:27: Assembling BEM matrix block (0,0) 
01/29/15::02:06:36: Assembling T2 at Xi=2.838448e-01... 
01/29/15::02:06:36: Assembling BEM matrix block (1,1) 
01/29/15::02:53:13: LU-factorizing T1 at Xi=0.283845... 
01/29/15::02:53:13: LU-factorizing T2 at Xi=0.283845... 
01/29/15::02:53:43: Applying transform 7.94328... 
01/29/15::02:53:43:  Assembling U(0,1) 
01/29/15::02:53:43: Assembling BEM matrix block (0,1) 
01/29/15::02:55:49:   Computing ZForce... 
01/29/15::02:56:01: Computing Casimir integrand at Xi=0.218573
 
01/29/15::02:56:01: Assembling T1 at Xi=2.185729e-01... 
01/29/15::02:56:01: Assembling BEM matrix block (0,0) 
01/29/15::02:56:10: Assembling T2 at Xi=2.185729e-01... 
01/29/15::02:56:10: Assembling BEM matrix block (1,1) 
01/29/15::03:42:48: LU-factorizing T1 at Xi=0.218573... 
01/29/15::03:42:48: LU-factorizing T2 at Xi=0.218573... 
01/29/15::03:43:18: Applying transform 7.94328... 
01/29/15::03:43:18:  Assembling U(0,1) 
01/29/15::03:43:18: Assembling BEM matrix block (0,1) 
01/29/15::03:45:25:   Computing ZForce... 
01/29/15::03:45:36: Computing Casimir integrand at Xi=0.283845
 
01/29/15::03:45:36: Assembling T1 at Xi=2.838448e-01... 
01/29/15::03:45:36: Assembling BEM matrix block (0,0) 
01/29/15::03:45:46: Assembling T2 at Xi=2.838448e-01... 
01/29/15::03:45:46: Assembling BEM matrix block (1,1) 
01/29/15::04:32:34: LU-factorizing T1 at Xi=0.283845... 
01/29/15::04:32:35: LU-factorizing T2 at Xi=0.283845... 
01/29/15::04:33:04: Applying transform 7.94328... 
01/29/15::04:33:04:  Assembling U(0,1) 
01/29/15::04:33:04: Assembling BEM matrix block (0,1) 
01/29/15::04:35:11:   Computing ZForce... 
01/29/15::04:35:23: Computing Casimir integrand at Xi=0.327359
 
01/29/15::04:35:23: Assembling T1 at Xi=3.273594e-01... 
01/29/15::04:35:23: Assembling BEM matrix block (0,0) 
01/29/15::04:35:33: Assembling T2 at Xi=3.273594e-01... 
01/29/15::04:35:33: Assembling BEM matrix block (1,1) 
01/29/15::05:22:17: LU-factorizing T1 at Xi=0.327359... 
01/29/15::05:22:17: LU-factorizing T2 at Xi=0.327359... 
01/29/15::05:22:47: Applying transform 7.94328... 
01/29/15::05:22:47:  Assembling U(0,1) 
01/29/15::05:22:47: Assembling BEM matrix block (0,1) 
01/29/15::05:24:53:   Computing ZForce... 
01/29/15::05:25:04: Computing Casimir integrand at Xi=0.262088
 
01/29/15::05:25:04: Assembling T1 at Xi=2.620875e-01... 
01/29/15::05:25:04: Assembling BEM matrix block (0,0) 
01/29/15::05:25:14: Assembling T2 at Xi=2.620875e-01... 
01/29/15::05:25:14: Assembling BEM matrix block (1,1) 
01/29/15::06:11:53: LU-factorizing T1 at Xi=0.262088... 
01/29/15::06:11:53: LU-factorizing T2 at Xi=0.262088... 
01/29/15::06:12:23: Applying transform 7.94328... 
01/29/15::06:12:23:  Assembling U(0,1) 
01/29/15::06:12:23: Assembling BEM matrix block (0,1) 
01/29/15::06:14:29:   Computing ZForce... 
01/29/15::06:14:40: Computing Casimir integrand at Xi=0.327359
 
01/29/15::06:14:40: Assembling T1 at Xi=3.273594e-01... 
01/29/15::06:14:40: Assembling BEM matrix block (0,0) 
01/29/15::06:14:50: Assembling T2 at Xi=3.273594e-01... 
01/29/15::06:14:50: Assembling BEM matrix block (1,1) 
01/29/15::07:01:42: LU-factorizing T1 at Xi=0.327359... 
01/29/15::07:01:42: LU-factorizing T2 at Xi=0.327359... 
01/29/15::07:02:12: Applying transform 7.94328... 
01/29/15::07:02:12:  Assembling U(0,1) 
01/29/15::07:02:12: Assembling BEM matrix block (0,1) 
01/29/15::07:04:19:   Computing ZForce... 
01/29/15::07:04:30: Computing Casimir integrand at Xi=0.370874
 
01/29/15::07:04:30: Assembling T1 at Xi=3.708740e-01... 
01/29/15::07:04:30: Assembling BEM matrix block (0,0) 
01/29/15::07:04:40: Assembling T2 at Xi=3.708740e-01... 
01/29/15::07:04:40: Assembling BEM matrix block (1,1) 
01/29/15::07:51:36: LU-factorizing T1 at Xi=0.370874... 
01/29/15::07:51:36: LU-factorizing T2 at Xi=0.370874... 
01/29/15::07:52:06: Applying transform 7.94328... 
01/29/15::07:52:06:  Assembling U(0,1) 
01/29/15::07:52:06: Assembling BEM matrix block (0,1) 
01/29/15::07:54:12:   Computing ZForce... 
01/29/15::07:54:24: Computing Casimir integrand at Xi=0.305602
 
01/29/15::07:54:24: Assembling T1 at Xi=3.056021e-01... 
01/29/15::07:54:24: Assembling BEM matrix block (0,0) 
01/29/15::07:54:33: Assembling T2 at Xi=3.056021e-01... 
01/29/15::07:54:33: Assembling BEM matrix block (1,1) 
01/29/15::08:41:22: LU-factorizing T1 at Xi=0.305602... 
01/29/15::08:41:22: LU-factorizing T2 at Xi=0.305602... 
01/29/15::08:41:52: Applying transform 7.94328... 
01/29/15::08:41:52:  Assembling U(0,1) 
01/29/15::08:41:52: Assembling BEM matrix block (0,1) 
01/29/15::08:43:58:   Computing ZForce... 
01/29/15::08:44:09: Computing Casimir integrand at Xi=0.370874
 
01/29/15::08:44:09: Assembling T1 at Xi=3.708740e-01... 
01/29/15::08:44:09: Assembling BEM matrix block (0,0) 
01/29/15::08:44:19: Assembling T2 at Xi=3.708740e-01... 
01/29/15::08:44:19: Assembling BEM matrix block (1,1) 
01/29/15::09:31:06: LU-factorizing T1 at Xi=0.370874... 
01/29/15::09:31:06: LU-factorizing T2 at Xi=0.370874... 
01/29/15::09:31:36: Applying transform 7.94328... 
01/29/15::09:31:36:  Assembling U(0,1) 
01/29/15::09:31:36: Assembling BEM matrix block (0,1) 
01/29/15::09:33:42:   Computing ZForce... 
01/29/15::09:33:53: Computing Casimir integrand at Xi=0.414389
 
01/29/15::09:33:53: Assembling T1 at Xi=4.143886e-01... 
01/29/15::09:33:53: Assembling BEM matrix block (0,0) 
01/29/15::09:34:03: Assembling T2 at Xi=4.143886e-01... 
01/29/15::09:34:03: Assembling BEM matrix block (1,1) 
01/29/15::10:20:55: LU-factorizing T1 at Xi=0.414389... 
01/29/15::10:20:55: LU-factorizing T2 at Xi=0.414389... 
01/29/15::10:21:25: Applying transform 7.94328... 
01/29/15::10:21:25:  Assembling U(0,1) 
01/29/15::10:21:25: Assembling BEM matrix block (0,1) 
01/29/15::10:23:31:   Computing ZForce... 
01/29/15::10:23:42: Computing Casimir integrand at Xi=0.349117
 
01/29/15::10:23:42: Assembling T1 at Xi=3.491167e-01... 
01/29/15::10:23:42: Assembling BEM matrix block (0,0) 
01/29/15::10:23:52: Assembling T2 at Xi=3.491167e-01... 
01/29/15::10:23:52: Assembling BEM matrix block (1,1) 
01/29/15::11:10:44: LU-factorizing T1 at Xi=0.349117... 
01/29/15::11:10:44: LU-factorizing T2 at Xi=0.349117... 
01/29/15::11:11:14: Applying transform 7.94328... 
01/29/15::11:11:14:  Assembling U(0,1) 
01/29/15::11:11:14: Assembling BEM matrix block (0,1) 
01/29/15::11:13:20:   Computing ZForce... 
01/29/15::11:13:31: Computing Casimir integrand at Xi=0.414389
 
01/29/15::11:13:31: Assembling T1 at Xi=4.143886e-01... 
01/29/15::11:13:31: Assembling BEM matrix block (0,0) 
01/29/15::11:13:41: Assembling T2 at Xi=4.143886e-01... 
01/29/15::11:13:41: Assembling BEM matrix block (1,1) 
01/29/15::12:00:33: LU-factorizing T1 at Xi=0.414389... 
01/29/15::12:00:33: LU-factorizing T2 at Xi=0.414389... 
01/29/15::12:01:03: Applying transform 7.94328... 
01/29/15::12:01:03:  Assembling U(0,1) 
01/29/15::12:01:03: Assembling BEM matrix block (0,1) 
01/29/15::12:03:11:   Computing ZForce... 
01/29/15::12:03:22: Computing Casimir integrand at Xi=0.457903
 
01/29/15::12:03:22: Assembling T1 at Xi=4.579032e-01... 
01/29/15::12:03:22: Assembling BEM matrix block (0,0) 
01/29/15::12:03:32: Assembling T2 at Xi=4.579032e-01... 
01/29/15::12:03:32: Assembling BEM matrix block (1,1) 
01/29/15::12:50:36: LU-factorizing T1 at Xi=0.457903... 
01/29/15::12:50:36: LU-factorizing T2 at Xi=0.457903... 
01/29/15::12:51:05: Applying transform 7.94328... 
01/29/15::12:51:05:  Assembling U(0,1) 
01/29/15::12:51:05: Assembling BEM matrix block (0,1) 
01/29/15::12:53:11:   Computing ZForce... 
01/29/15::12:53:22: Computing Casimir integrand at Xi=0.392631
 
01/29/15::12:53:22: Assembling T1 at Xi=3.926313e-01... 
01/29/15::12:53:22: Assembling BEM matrix block (0,0) 
01/29/15::12:53:32: Assembling T2 at Xi=3.926313e-01... 
01/29/15::12:53:32: Assembling BEM matrix block (1,1) 
01/29/15::13:40:21: LU-factorizing T1 at Xi=0.392631... 
01/29/15::13:40:21: LU-factorizing T2 at Xi=0.392631... 
01/29/15::13:40:50: Applying transform 7.94328... 
01/29/15::13:40:50:  Assembling U(0,1) 
01/29/15::13:40:50: Assembling BEM matrix block (0,1) 
01/29/15::13:42:55:   Computing ZForce... 
01/29/15::13:43:06: Computing Casimir integrand at Xi=0.457903
 
01/29/15::13:43:06: Assembling T1 at Xi=4.579032e-01... 
01/29/15::13:43:06: Assembling BEM matrix block (0,0) 
01/29/15::13:43:16: Assembling T2 at Xi=4.579032e-01... 
01/29/15::13:43:16: Assembling BEM matrix block (1,1) 
01/29/15::14:30:06: LU-factorizing T1 at Xi=0.457903... 
01/29/15::14:30:06: LU-factorizing T2 at Xi=0.457903... 
01/29/15::14:30:35: Applying transform 7.94328... 
01/29/15::14:30:35:  Assembling U(0,1) 
01/29/15::14:30:35: Assembling BEM matrix block (0,1) 
01/29/15::14:32:40:   Computing ZForce... 
01/29/15::14:32:51: Computing Casimir integrand at Xi=0.501418
 
01/29/15::14:32:51: Assembling T1 at Xi=5.014177e-01... 
01/29/15::14:32:51: Assembling BEM matrix block (0,0) 
01/29/15::14:33:01: Assembling T2 at Xi=5.014177e-01... 
01/29/15::14:33:01: Assembling BEM matrix block (1,1) 
01/29/15::15:20:20: LU-factorizing T1 at Xi=0.501418... 
01/29/15::15:20:20: LU-factorizing T2 at Xi=0.501418... 
01/29/15::15:20:48: Applying transform 7.94328... 
01/29/15::15:20:48:  Assembling U(0,1) 
01/29/15::15:20:48: Assembling BEM matrix block (0,1) 
01/29/15::15:22:54:   Computing ZForce... 
01/29/15::15:23:04: Computing Casimir integrand at Xi=0.436146
 
01/29/15::15:23:04: Assembling T1 at Xi=4.361459e-01... 
01/29/15::15:23:04: Assembling BEM matrix block (0,0) 
01/29/15::15:23:15: Assembling T2 at Xi=4.361459e-01... 
01/29/15::15:23:15: Assembling BEM matrix block (1,1) 
01/29/15::16:10:04: LU-factorizing T1 at Xi=0.436146... 
01/29/15::16:10:04: LU-factorizing T2 at Xi=0.436146... 
01/29/15::16:10:33: Applying transform 7.94328... 
01/29/15::16:10:33:  Assembling U(0,1) 
01/29/15::16:10:33: Assembling BEM matrix block (0,1) 
01/29/15::16:12:38:   Computing ZForce... 
01/29/15::16:12:49: Computing Casimir integrand at Xi=0.501418
 
01/29/15::16:12:49: Assembling T1 at Xi=5.014177e-01... 
01/29/15::16:12:49: Assembling BEM matrix block (0,0) 
01/29/15::16:12:59: Assembling T2 at Xi=5.014177e-01... 
01/29/15::16:12:59: Assembling BEM matrix block (1,1) 
01/29/15::17:00:01: LU-factorizing T1 at Xi=0.501418... 
01/29/15::17:00:01: LU-factorizing T2 at Xi=0.501418... 
01/29/15::17:00:30: Applying transform 7.94328... 
01/29/15::17:00:30:  Assembling U(0,1) 
01/29/15::17:00:30: Assembling BEM matrix block (0,1) 
01/29/15::17:02:37:   Computing ZForce... 
01/29/15::17:02:48: Computing Casimir integrand at Xi=0.544932
 
01/29/15::17:02:48: Assembling T1 at Xi=5.449323e-01... 
01/29/15::17:02:48: Assembling BEM matrix block (0,0) 
01/29/15::17:02:59: Assembling T2 at Xi=5.449323e-01... 
01/29/15::17:02:59: Assembling BEM matrix block (1,1) 
01/29/15::17:49:58: LU-factorizing T1 at Xi=0.544932... 
01/29/15::17:49:58: LU-factorizing T2 at Xi=0.544932... 
01/29/15::17:50:27: Applying transform 7.94328... 
01/29/15::17:50:27:  Assembling U(0,1) 
01/29/15::17:50:27: Assembling BEM matrix block (0,1) 
01/29/15::17:52:32:   Computing ZForce... 
01/29/15::17:52:43: Computing Casimir integrand at Xi=0.47966
 
01/29/15::17:52:43: Assembling T1 at Xi=4.796604e-01... 
01/29/15::17:52:43: Assembling BEM matrix block (0,0) 
01/29/15::17:52:53: Assembling T2 at Xi=4.796604e-01... 
01/29/15::17:52:53: Assembling BEM matrix block (1,1) 
01/29/15::18:39:51: LU-factorizing T1 at Xi=0.47966... 
01/29/15::18:39:51: LU-factorizing T2 at Xi=0.47966... 
01/29/15::18:40:20: Applying transform 7.94328... 
01/29/15::18:40:20:  Assembling U(0,1) 
01/29/15::18:40:20: Assembling BEM matrix block (0,1) 
01/29/15::18:42:25:   Computing ZForce... 
01/29/15::18:42:36: Computing Casimir integrand at Xi=0.544932
 
01/29/15::18:42:36: Assembling T1 at Xi=5.449323e-01... 
01/29/15::18:42:36: Assembling BEM matrix block (0,0) 
01/29/15::18:42:47: Assembling T2 at Xi=5.449323e-01... 
01/29/15::18:42:47: Assembling BEM matrix block (1,1) 
01/29/15::19:29:47: LU-factorizing T1 at Xi=0.544932... 
01/29/15::19:29:47: LU-factorizing T2 at Xi=0.544932... 
01/29/15::19:30:16: Applying transform 7.94328... 
01/29/15::19:30:16:  Assembling U(0,1) 
01/29/15::19:30:16: Assembling BEM matrix block (0,1) 
01/29/15::19:32:21:   Computing ZForce... 
01/29/15::19:32:32: Computing Casimir integrand at Xi=0.588447
 
01/29/15::19:32:32: Assembling T1 at Xi=5.884469e-01... 
01/29/15::19:32:32: Assembling BEM matrix block (0,0) 
01/29/15::19:32:43: Assembling T2 at Xi=5.884469e-01... 
01/29/15::19:32:43: Assembling BEM matrix block (1,1) 
01/29/15::20:19:46: LU-factorizing T1 at Xi=0.588447... 
01/29/15::20:19:46: LU-factorizing T2 at Xi=0.588447... 
01/29/15::20:20:15: Applying transform 7.94328... 
01/29/15::20:20:15:  Assembling U(0,1) 
01/29/15::20:20:15: Assembling BEM matrix block (0,1) 
01/29/15::20:22:20:   Computing ZForce... 
01/29/15::20:22:31: Computing Casimir integrand at Xi=0.523175
 
01/29/15::20:22:31: Assembling T1 at Xi=5.231750e-01... 
01/29/15::20:22:31: Assembling BEM matrix block (0,0) 
01/29/15::20:22:42: Assembling T2 at Xi=5.231750e-01... 
01/29/15::20:22:42: Assembling BEM matrix block (1,1) 
01/29/15::21:09:40: LU-factorizing T1 at Xi=0.523175... 
01/29/15::21:09:40: LU-factorizing T2 at Xi=0.523175... 
01/29/15::21:10:09: Applying transform 7.94328... 
01/29/15::21:10:09:  Assembling U(0,1) 
01/29/15::21:10:09: Assembling BEM matrix block (0,1) 
01/29/15::21:12:13:   Computing ZForce... 
01/29/15::21:12:24: Computing Casimir integrand at Xi=0.588447
 
01/29/15::21:12:24: Assembling T1 at Xi=5.884469e-01... 
01/29/15::21:12:24: Assembling BEM matrix block (0,0) 
01/29/15::21:12:35: Assembling T2 at Xi=5.884469e-01... 
01/29/15::21:12:35: Assembling BEM matrix block (1,1) 
01/29/15::21:59:55: LU-factorizing T1 at Xi=0.588447... 
01/29/15::21:59:55: LU-factorizing T2 at Xi=0.588447... 
01/29/15::22:00:23: Applying transform 7.94328... 
01/29/15::22:00:23:  Assembling U(0,1) 
01/29/15::22:00:23: Assembling BEM matrix block (0,1) 
01/29/15::22:02:27:   Computing ZForce... 
01/29/15::22:02:38: Computing Casimir integrand at Xi=0.631961
 
01/29/15::22:02:38: Assembling T1 at Xi=6.319615e-01... 
01/29/15::22:02:38: Assembling BEM matrix block (0,0) 
01/29/15::22:02:49: Assembling T2 at Xi=6.319615e-01... 
01/29/15::22:02:49: Assembling BEM matrix block (1,1) 
01/29/15::22:49:59: LU-factorizing T1 at Xi=0.631961... 
01/29/15::22:49:59: LU-factorizing T2 at Xi=0.631961... 
01/29/15::22:50:28: Applying transform 7.94328... 
01/29/15::22:50:28:  Assembling U(0,1) 
01/29/15::22:50:28: Assembling BEM matrix block (0,1) 
01/29/15::22:52:32:   Computing ZForce... 
01/29/15::22:52:43: Computing Casimir integrand at Xi=0.56669
 
01/29/15::22:52:43: Assembling T1 at Xi=5.666896e-01... 
01/29/15::22:52:43: Assembling BEM matrix block (0,0) 
01/29/15::22:52:53: Assembling T2 at Xi=5.666896e-01... 
01/29/15::22:52:53: Assembling BEM matrix block (1,1) 
01/29/15::23:39:56: LU-factorizing T1 at Xi=0.56669... 
01/29/15::23:39:56: LU-factorizing T2 at Xi=0.56669... 
01/29/15::23:40:24: Applying transform 7.94328... 
01/29/15::23:40:24:  Assembling U(0,1) 
01/29/15::23:40:24: Assembling BEM matrix block (0,1) 
01/29/15::23:42:28:   Computing ZForce... 
01/29/15::23:42:39: Computing Casimir integrand at Xi=0.631961
 
01/29/15::23:42:39: Assembling T1 at Xi=6.319615e-01... 
01/29/15::23:42:39: Assembling BEM matrix block (0,0) 
01/29/15::23:42:50: Assembling T2 at Xi=6.319615e-01... 
01/29/15::23:42:50: Assembling BEM matrix block (1,1) 
01/30/15::00:30:00: LU-factorizing T1 at Xi=0.631961... 
01/30/15::00:30:00: LU-factorizing T2 at Xi=0.631961... 
01/30/15::00:30:28: Applying transform 7.94328... 
01/30/15::00:30:28:  Assembling U(0,1) 
01/30/15::00:30:28: Assembling BEM matrix block (0,1) 
01/30/15::00:32:33:   Computing ZForce... 
01/30/15::00:32:43: Computing Casimir integrand at Xi=0.675476
 
01/30/15::00:32:43: Assembling T1 at Xi=6.754761e-01... 
01/30/15::00:32:43: Assembling BEM matrix block (0,0) 
01/30/15::00:32:54: Assembling T2 at Xi=6.754761e-01... 
01/30/15::00:32:54: Assembling BEM matrix block (1,1) 
01/30/15::01:20:10: LU-factorizing T1 at Xi=0.675476... 
01/30/15::01:20:10: LU-factorizing T2 at Xi=0.675476... 
01/30/15::01:20:38: Applying transform 7.94328... 
01/30/15::01:20:38:  Assembling U(0,1) 
01/30/15::01:20:38: Assembling BEM matrix block (0,1) 
01/30/15::01:22:43:   Computing ZForce... 
01/30/15::01:22:53: Computing Casimir integrand at Xi=0.610204
 
01/30/15::01:22:53: Assembling T1 at Xi=6.102042e-01... 
01/30/15::01:22:53: Assembling BEM matrix block (0,0) 
01/30/15::01:23:04: Assembling T2 at Xi=6.102042e-01... 
01/30/15::01:23:04: Assembling BEM matrix block (1,1) 
01/30/15::02:10:11: LU-factorizing T1 at Xi=0.610204... 
01/30/15::02:10:11: LU-factorizing T2 at Xi=0.610204... 
01/30/15::02:10:39: Applying transform 7.94328... 
01/30/15::02:10:39:  Assembling U(0,1) 
01/30/15::02:10:39: Assembling BEM matrix block (0,1) 
01/30/15::02:12:43:   Computing ZForce... 
01/30/15::02:12:54: Computing Casimir integrand at Xi=0.675476
 
01/30/15::02:12:54: Assembling T1 at Xi=6.754761e-01... 
01/30/15::02:12:54: Assembling BEM matrix block (0,0) 
01/30/15::02:13:05: Assembling T2 at Xi=6.754761e-01... 
01/30/15::02:13:05: Assembling BEM matrix block (1,1) 
01/30/15::03:00:19: LU-factorizing T1 at Xi=0.675476... 
01/30/15::03:00:19: LU-factorizing T2 at Xi=0.675476... 
01/30/15::03:00:47: Applying transform 7.94328... 
01/30/15::03:00:47:  Assembling U(0,1) 
01/30/15::03:00:47: Assembling BEM matrix block (0,1) 
01/30/15::03:02:52:   Computing ZForce... 
01/30/15::03:03:03: Computing Casimir integrand at Xi=0.718991
 
01/30/15::03:03:03: Assembling T1 at Xi=7.189907e-01... 
01/30/15::03:03:03: Assembling BEM matrix block (0,0) 
01/30/15::03:03:14: Assembling T2 at Xi=7.189907e-01... 
01/30/15::03:03:14: Assembling BEM matrix block (1,1) 
01/30/15::03:50:33: LU-factorizing T1 at Xi=0.718991... 
01/30/15::03:50:33: LU-factorizing T2 at Xi=0.718991... 
01/30/15::03:51:01: Applying transform 7.94328... 
01/30/15::03:51:01:  Assembling U(0,1) 
01/30/15::03:51:01: Assembling BEM matrix block (0,1) 
01/30/15::03:53:06:   Computing ZForce... 
01/30/15::03:53:16: Computing Casimir integrand at Xi=0.653719
 
01/30/15::03:53:16: Assembling T1 at Xi=6.537188e-01... 
01/30/15::03:53:16: Assembling BEM matrix block (0,0) 
01/30/15::03:53:27: Assembling T2 at Xi=6.537188e-01... 
01/30/15::03:53:27: Assembling BEM matrix block (1,1) 
01/30/15::04:40:37: LU-factorizing T1 at Xi=0.653719... 
01/30/15::04:40:37: LU-factorizing T2 at Xi=0.653719... 
01/30/15::04:41:05: Applying transform 7.94328... 
01/30/15::04:41:05:  Assembling U(0,1) 
01/30/15::04:41:05: Assembling BEM matrix block (0,1) 
01/30/15::04:43:10:   Computing ZForce... 
