03/23/15::08:10:56: scuff-cas3D running on hequ0084 
03/23/15::08:10:56: Setting material properties of exterior region to VACUUM. 
03/23/15::08:10:56: Flipped 1740 panel normals to comport with region definitions. 
03/23/15::08:10:56: Computing full Matsubara-summed Casimir quantities at T=3.000000e+02 Kelvin. 
03/23/15::08:10:56: Read 1 geometrical transformations from file RatioBeadCube_L-27.5_grid-0.5_T-300.trans. 
03/23/15::08:10:56: Beginning Matsubara sum at T=300 kelvin... 
03/23/15::08:10:56: Computing Casimir integrand at Xi=0.001
 
03/23/15::08:10:56: Assembling T1 at Xi=1.000000e-03... 
03/23/15::08:10:56: Assembling BEM matrix block (0,0) 
03/23/15::08:12:03: Assembling T2 at Xi=1.000000e-03... 
03/23/15::08:12:03: Assembling BEM matrix block (1,1) 
03/23/15::08:42:29: LU-factorizing T1 at Xi=0.001... 
03/23/15::08:42:33: LU-factorizing T2 at Xi=0.001... 
03/23/15::08:48:37: Applying transform 1... 
03/23/15::08:48:37:  Assembling U(0,1) 
03/23/15::08:48:37: Assembling BEM matrix block (0,1) 
03/23/15::08:55:11:   Computing ZForce... 
03/23/15::08:56:19: Computing Casimir integrand at Xi=0.823279
 
03/23/15::08:56:19: Assembling T1 at Xi=8.232789e-01... 
03/23/15::08:56:19: Assembling BEM matrix block (0,0) 
03/23/15::08:56:37: Assembling T2 at Xi=8.232789e-01... 
03/23/15::08:56:37: Assembling BEM matrix block (1,1) 
03/23/15::09:34:42: LU-factorizing T1 at Xi=0.823279... 
03/23/15::09:34:43: LU-factorizing T2 at Xi=0.823279... 
03/23/15::09:36:50: Applying transform 1... 
03/23/15::09:36:50:  Assembling U(0,1) 
03/23/15::09:36:50: Assembling BEM matrix block (0,1) 
03/23/15::09:41:16:   Computing ZForce... 
03/23/15::09:42:22: Computing Casimir integrand at Xi=1.64656
 
03/23/15::09:42:22: Assembling T1 at Xi=1.646558e+00... 
03/23/15::09:42:22: Assembling BEM matrix block (0,0) 
03/23/15::09:43:30: Assembling T2 at Xi=1.646558e+00... 
03/23/15::09:43:30: Assembling BEM matrix block (1,1) 
03/23/15::10:24:28: LU-factorizing T1 at Xi=1.64656... 
03/23/15::10:24:30: LU-factorizing T2 at Xi=1.64656... 
03/23/15::10:28:34: Applying transform 1... 
03/23/15::10:28:34:  Assembling U(0,1) 
03/23/15::10:28:34: Assembling BEM matrix block (0,1) 
03/23/15::10:33:24:   Computing ZForce... 
03/23/15::10:34:31: Matsubara sum converged after summing n=2 frequency points. 
