01/28/15::16:05:26: scuff-cas3D running on barley07.stanford.edu 
01/28/15::16:05:26: Setting material properties of exterior region to VACUUM. 
01/28/15::16:05:26: Flipped 514 panel normals to comport with region definitions. 
01/28/15::16:05:26: Computing full zero-temperature Casimir quantities. 
01/28/15::16:05:26: Read 1 geometrical transformations from file Bead_L-0.316228.trans. 
01/28/15::16:05:27: Minimum distance between surface points=4.162280e-01 
01/28/15::16:05:27: Computing Casimir integrand at Xi=0.001
 
01/28/15::16:05:27: Assembling T1 at Xi=1.000000e-03... 
01/28/15::16:05:27: Assembling BEM matrix block (0,0) 
01/28/15::16:06:15: Assembling T2 at Xi=1.000000e-03... 
01/28/15::16:06:15: Assembling BEM matrix block (1,1) 
01/28/15::16:58:47: LU-factorizing T1 at Xi=0.001... 
01/28/15::16:58:47: LU-factorizing T2 at Xi=0.001... 
01/28/15::16:59:16: Applying transform 0.316228... 
01/28/15::16:59:16:  Assembling U(0,1) 
01/28/15::16:59:16: Assembling BEM matrix block (0,1) 
01/28/15::17:07:13:   Computing ZForce... 
01/28/15::17:07:24: Computing Casimir integrand at Xi=0.211221
 
01/28/15::17:07:24: Assembling T1 at Xi=2.112213e-01... 
01/28/15::17:07:24: Assembling BEM matrix block (0,0) 
01/28/15::17:07:33: Assembling T2 at Xi=2.112213e-01... 
01/28/15::17:07:33: Assembling BEM matrix block (1,1) 
01/28/15::17:53:49: LU-factorizing T1 at Xi=0.211221... 
01/28/15::17:53:49: LU-factorizing T2 at Xi=0.211221... 
01/28/15::17:54:18: Applying transform 0.316228... 
01/28/15::17:54:18:  Assembling U(0,1) 
01/28/15::17:54:18: Assembling BEM matrix block (0,1) 
01/28/15::18:01:47:   Computing ZForce... 
01/28/15::18:01:58: Computing Casimir integrand at Xi=0.421443
 
01/28/15::18:01:58: Assembling T1 at Xi=4.214426e-01... 
01/28/15::18:01:58: Assembling BEM matrix block (0,0) 
01/28/15::18:02:08: Assembling T2 at Xi=4.214426e-01... 
01/28/15::18:02:08: Assembling BEM matrix block (1,1) 
01/28/15::18:48:38: LU-factorizing T1 at Xi=0.421443... 
01/28/15::18:48:39: LU-factorizing T2 at Xi=0.421443... 
01/28/15::18:49:07: Applying transform 0.316228... 
01/28/15::18:49:07:  Assembling U(0,1) 
01/28/15::18:49:07: Assembling BEM matrix block (0,1) 
01/28/15::18:56:37:   Computing ZForce... 
01/28/15::18:56:48: Computing Casimir integrand at Xi=0.841885
 
01/28/15::18:56:48: Assembling T1 at Xi=8.418853e-01... 
01/28/15::18:56:48: Assembling BEM matrix block (0,0) 
01/28/15::18:57:00: Assembling T2 at Xi=8.418853e-01... 
01/28/15::18:57:00: Assembling BEM matrix block (1,1) 
01/28/15::19:44:13: LU-factorizing T1 at Xi=0.841885... 
01/28/15::19:44:13: LU-factorizing T2 at Xi=0.841885... 
01/28/15::19:44:42: Applying transform 0.316228... 
01/28/15::19:44:42:  Assembling U(0,1) 
01/28/15::19:44:42: Assembling BEM matrix block (0,1) 
01/28/15::19:52:14:   Computing ZForce... 
01/28/15::19:52:25: Computing Casimir integrand at Xi=1.26233
 
01/28/15::19:52:25: Assembling T1 at Xi=1.262328e+00... 
01/28/15::19:52:25: Assembling BEM matrix block (0,0) 
01/28/15::19:53:30: Assembling T2 at Xi=1.262328e+00... 
01/28/15::19:53:30: Assembling BEM matrix block (1,1) 
01/28/15::21:17:24: LU-factorizing T1 at Xi=1.26233... 
01/28/15::21:17:24: LU-factorizing T2 at Xi=1.26233... 
01/28/15::21:17:52: Applying transform 0.316228... 
01/28/15::21:17:52:  Assembling U(0,1) 
01/28/15::21:17:52: Assembling BEM matrix block (0,1) 
01/28/15::21:25:16:   Computing ZForce... 
01/28/15::21:25:27: Computing Casimir integrand at Xi=0.631664
 
01/28/15::21:25:27: Assembling T1 at Xi=6.316640e-01... 
01/28/15::21:25:27: Assembling BEM matrix block (0,0) 
01/28/15::21:25:37: Assembling T2 at Xi=6.316640e-01... 
01/28/15::21:25:37: Assembling BEM matrix block (1,1) 
01/28/15::22:12:34: LU-factorizing T1 at Xi=0.631664... 
01/28/15::22:12:34: LU-factorizing T2 at Xi=0.631664... 
01/28/15::22:13:02: Applying transform 0.316228... 
01/28/15::22:13:02:  Assembling U(0,1) 
01/28/15::22:13:02: Assembling BEM matrix block (0,1) 
01/28/15::22:20:32:   Computing ZForce... 
01/28/15::22:20:43: Computing Casimir integrand at Xi=1.05211
 
01/28/15::22:20:43: Assembling T1 at Xi=1.052107e+00... 
01/28/15::22:20:43: Assembling BEM matrix block (0,0) 
01/28/15::22:20:59: Assembling T2 at Xi=1.052107e+00... 
01/28/15::22:20:59: Assembling BEM matrix block (1,1) 
01/28/15::23:45:24: LU-factorizing T1 at Xi=1.05211... 
01/28/15::23:45:25: LU-factorizing T2 at Xi=1.05211... 
01/28/15::23:45:53: Applying transform 0.316228... 
01/28/15::23:45:53:  Assembling U(0,1) 
01/28/15::23:45:53: Assembling BEM matrix block (0,1) 
01/28/15::23:53:16:   Computing ZForce... 
01/28/15::23:53:27: Computing Casimir integrand at Xi=1.26233
 
01/28/15::23:53:27: Assembling T1 at Xi=1.262328e+00... 
01/28/15::23:53:27: Assembling BEM matrix block (0,0) 
01/28/15::23:54:32: Assembling T2 at Xi=1.262328e+00... 
01/28/15::23:54:32: Assembling BEM matrix block (1,1) 
01/29/15::01:18:50: LU-factorizing T1 at Xi=1.26233... 
01/29/15::01:18:50: LU-factorizing T2 at Xi=1.26233... 
01/29/15::01:19:18: Applying transform 0.316228... 
01/29/15::01:19:18:  Assembling U(0,1) 
01/29/15::01:19:18: Assembling BEM matrix block (0,1) 
01/29/15::01:26:42:   Computing ZForce... 
01/29/15::01:26:53: Computing Casimir integrand at Xi=1.47255
 
01/29/15::01:26:53: Assembling T1 at Xi=1.472549e+00... 
01/29/15::01:26:53: Assembling BEM matrix block (0,0) 
01/29/15::01:29:28: Assembling T2 at Xi=1.472549e+00... 
01/29/15::01:29:28: Assembling BEM matrix block (1,1) 
01/29/15::02:54:48: LU-factorizing T1 at Xi=1.47255... 
01/29/15::02:54:49: LU-factorizing T2 at Xi=1.47255... 
01/29/15::02:55:17: Applying transform 0.316228... 
01/29/15::02:55:17:  Assembling U(0,1) 
01/29/15::02:55:17: Assembling BEM matrix block (0,1) 
01/29/15::03:02:41:   Computing ZForce... 
01/29/15::03:02:52: Computing Casimir integrand at Xi=1.68277
 
01/29/15::03:02:52: Assembling T1 at Xi=1.682771e+00... 
01/29/15::03:02:52: Assembling BEM matrix block (0,0) 
01/29/15::03:06:29: Assembling T2 at Xi=1.682771e+00... 
01/29/15::03:06:29: Assembling BEM matrix block (1,1) 
01/29/15::04:34:00: LU-factorizing T1 at Xi=1.68277... 
01/29/15::04:34:00: LU-factorizing T2 at Xi=1.68277... 
01/29/15::04:34:28: Applying transform 0.316228... 
01/29/15::04:34:28:  Assembling U(0,1) 
01/29/15::04:34:28: Assembling BEM matrix block (0,1) 
01/29/15::04:41:48:   Computing ZForce... 
01/29/15::04:41:59: Computing Casimir integrand at Xi=2.10321
 
01/29/15::04:41:59: Assembling T1 at Xi=2.103213e+00... 
01/29/15::04:41:59: Assembling BEM matrix block (0,0) 
01/29/15::04:45:57: Assembling T2 at Xi=2.103213e+00... 
01/29/15::04:45:57: Assembling BEM matrix block (1,1) 
01/29/15::06:14:50: LU-factorizing T1 at Xi=2.10321... 
01/29/15::06:14:50: LU-factorizing T2 at Xi=2.10321... 
01/29/15::06:15:19: Applying transform 0.316228... 
01/29/15::06:15:19:  Assembling U(0,1) 
01/29/15::06:15:19: Assembling BEM matrix block (0,1) 
01/29/15::06:22:42:   Computing ZForce... 
01/29/15::06:22:53: Computing Casimir integrand at Xi=2.52366
 
01/29/15::06:22:53: Assembling T1 at Xi=2.523656e+00... 
01/29/15::06:22:53: Assembling BEM matrix block (0,0) 
01/29/15::06:26:53: Assembling T2 at Xi=2.523656e+00... 
01/29/15::06:26:53: Assembling BEM matrix block (1,1) 
01/29/15::07:56:13: LU-factorizing T1 at Xi=2.52366... 
01/29/15::07:56:14: LU-factorizing T2 at Xi=2.52366... 
01/29/15::07:56:42: Applying transform 0.316228... 
01/29/15::07:56:42:  Assembling U(0,1) 
01/29/15::07:56:42: Assembling BEM matrix block (0,1) 
01/29/15::08:04:04:   Computing ZForce... 
01/29/15::08:04:15: Computing Casimir integrand at Xi=1.89299
 
01/29/15::08:04:15: Assembling T1 at Xi=1.892992e+00... 
01/29/15::08:04:15: Assembling BEM matrix block (0,0) 
01/29/15::08:08:10: Assembling T2 at Xi=1.892992e+00... 
01/29/15::08:08:10: Assembling BEM matrix block (1,1) 
01/29/15::09:36:58: LU-factorizing T1 at Xi=1.89299... 
01/29/15::09:36:59: LU-factorizing T2 at Xi=1.89299... 
01/29/15::09:37:27: Applying transform 0.316228... 
01/29/15::09:37:27:  Assembling U(0,1) 
01/29/15::09:37:27: Assembling BEM matrix block (0,1) 
01/29/15::09:44:47:   Computing ZForce... 
01/29/15::09:44:57: Computing Casimir integrand at Xi=1.78788
 
01/29/15::09:44:57: Assembling T1 at Xi=1.787881e+00... 
01/29/15::09:44:57: Assembling BEM matrix block (0,0) 
01/29/15::09:48:49: Assembling T2 at Xi=1.787881e+00... 
01/29/15::09:48:49: Assembling BEM matrix block (1,1) 
01/29/15::11:17:05: LU-factorizing T1 at Xi=1.78788... 
01/29/15::11:17:05: LU-factorizing T2 at Xi=1.78788... 
01/29/15::11:17:34: Applying transform 0.316228... 
01/29/15::11:17:34:  Assembling U(0,1) 
01/29/15::11:17:34: Assembling BEM matrix block (0,1) 
01/29/15::11:24:54:   Computing ZForce... 
01/29/15::11:25:05: Computing Casimir integrand at Xi=1.73533
 
01/29/15::11:25:05: Assembling T1 at Xi=1.735326e+00... 
01/29/15::11:25:05: Assembling BEM matrix block (0,0) 
01/29/15::11:28:52: Assembling T2 at Xi=1.735326e+00... 
01/29/15::11:28:52: Assembling BEM matrix block (1,1) 
01/29/15::12:56:57: LU-factorizing T1 at Xi=1.73533... 
01/29/15::12:56:57: LU-factorizing T2 at Xi=1.73533... 
01/29/15::12:57:25: Applying transform 0.316228... 
01/29/15::12:57:25:  Assembling U(0,1) 
01/29/15::12:57:25: Assembling BEM matrix block (0,1) 
01/29/15::13:04:44:   Computing ZForce... 
01/29/15::13:04:55: Computing Casimir integrand at Xi=1.70905
 
01/29/15::13:04:55: Assembling T1 at Xi=1.709048e+00... 
01/29/15::13:04:55: Assembling BEM matrix block (0,0) 
01/29/15::13:08:39: Assembling T2 at Xi=1.709048e+00... 
01/29/15::13:08:39: Assembling BEM matrix block (1,1) 
01/29/15::14:36:24: LU-factorizing T1 at Xi=1.70905... 
01/29/15::14:36:24: LU-factorizing T2 at Xi=1.70905... 
01/29/15::14:36:52: Applying transform 0.316228... 
01/29/15::14:36:52:  Assembling U(0,1) 
01/29/15::14:36:52: Assembling BEM matrix block (0,1) 
01/29/15::14:44:15:   Computing ZForce... 
01/29/15::14:44:26: Computing Casimir integrand at Xi=1.69591
 
01/29/15::14:44:26: Assembling T1 at Xi=1.695909e+00... 
01/29/15::14:44:26: Assembling BEM matrix block (0,0) 
01/29/15::14:48:08: Assembling T2 at Xi=1.695909e+00... 
01/29/15::14:48:08: Assembling BEM matrix block (1,1) 
01/29/15::16:15:57: LU-factorizing T1 at Xi=1.69591... 
01/29/15::16:15:57: LU-factorizing T2 at Xi=1.69591... 
01/29/15::16:16:25: Applying transform 0.316228... 
01/29/15::16:16:25:  Assembling U(0,1) 
01/29/15::16:16:25: Assembling BEM matrix block (0,1) 
01/29/15::16:23:45:   Computing ZForce... 
01/29/15::16:23:55: Computing Casimir integrand at Xi=1.68934
 
01/29/15::16:23:55: Assembling T1 at Xi=1.689340e+00... 
01/29/15::16:23:55: Assembling BEM matrix block (0,0) 
01/29/15::16:27:36: Assembling T2 at Xi=1.689340e+00... 
01/29/15::16:27:36: Assembling BEM matrix block (1,1) 
01/29/15::17:55:16: LU-factorizing T1 at Xi=1.68934... 
01/29/15::17:55:16: LU-factorizing T2 at Xi=1.68934... 
01/29/15::17:55:45: Applying transform 0.316228... 
01/29/15::17:55:45:  Assembling U(0,1) 
01/29/15::17:55:45: Assembling BEM matrix block (0,1) 
01/29/15::18:03:06:   Computing ZForce... 
01/29/15::18:03:17: Computing Casimir integrand at Xi=1.70905
 
01/29/15::18:03:17: Assembling T1 at Xi=1.709048e+00... 
01/29/15::18:03:17: Assembling BEM matrix block (0,0) 
01/29/15::18:07:01: Assembling T2 at Xi=1.709048e+00... 
01/29/15::18:07:01: Assembling BEM matrix block (1,1) 
01/29/15::19:34:52: LU-factorizing T1 at Xi=1.70905... 
01/29/15::19:34:52: LU-factorizing T2 at Xi=1.70905... 
01/29/15::19:35:21: Applying transform 0.316228... 
01/29/15::19:35:21:  Assembling U(0,1) 
01/29/15::19:35:21: Assembling BEM matrix block (0,1) 
01/29/15::19:42:40:   Computing ZForce... 
01/29/15::19:42:51: Computing Casimir integrand at Xi=1.72219
 
01/29/15::19:42:51: Assembling T1 at Xi=1.722187e+00... 
01/29/15::19:42:51: Assembling BEM matrix block (0,0) 
01/29/15::19:46:38: Assembling T2 at Xi=1.722187e+00... 
01/29/15::19:46:38: Assembling BEM matrix block (1,1) 
01/29/15::21:14:42: LU-factorizing T1 at Xi=1.72219... 
01/29/15::21:14:42: LU-factorizing T2 at Xi=1.72219... 
01/29/15::21:15:11: Applying transform 0.316228... 
01/29/15::21:15:11:  Assembling U(0,1) 
01/29/15::21:15:11: Assembling BEM matrix block (0,1) 
01/29/15::21:22:30:   Computing ZForce... 
01/29/15::21:22:41: Computing Casimir integrand at Xi=1.70248
 
01/29/15::21:22:41: Assembling T1 at Xi=1.702479e+00... 
01/29/15::21:22:41: Assembling BEM matrix block (0,0) 
01/29/15::21:26:25: Assembling T2 at Xi=1.702479e+00... 
01/29/15::21:26:25: Assembling BEM matrix block (1,1) 
01/29/15::22:54:15: LU-factorizing T1 at Xi=1.70248... 
01/29/15::22:54:15: LU-factorizing T2 at Xi=1.70248... 
01/29/15::22:54:43: Applying transform 0.316228... 
01/29/15::22:54:43:  Assembling U(0,1) 
01/29/15::22:54:43: Assembling BEM matrix block (0,1) 
01/29/15::23:02:04:   Computing ZForce... 
01/29/15::23:02:14: Computing Casimir integrand at Xi=1.69919
 
01/29/15::23:02:14: Assembling T1 at Xi=1.699194e+00... 
01/29/15::23:02:14: Assembling BEM matrix block (0,0) 
01/29/15::23:05:58: Assembling T2 at Xi=1.699194e+00... 
01/29/15::23:05:58: Assembling BEM matrix block (1,1) 
01/30/15::00:33:47: LU-factorizing T1 at Xi=1.69919... 
01/30/15::00:33:47: LU-factorizing T2 at Xi=1.69919... 
01/30/15::00:34:15: Applying transform 0.316228... 
01/30/15::00:34:15:  Assembling U(0,1) 
01/30/15::00:34:15: Assembling BEM matrix block (0,1) 
01/30/15::00:41:36:   Computing ZForce... 
01/30/15::00:41:46: Computing Casimir integrand at Xi=1.70905
 
01/30/15::00:41:46: Assembling T1 at Xi=1.709048e+00... 
01/30/15::00:41:46: Assembling BEM matrix block (0,0) 
01/30/15::00:45:31: Assembling T2 at Xi=1.709048e+00... 
01/30/15::00:45:31: Assembling BEM matrix block (1,1) 
01/30/15::02:13:16: LU-factorizing T1 at Xi=1.70905... 
01/30/15::02:13:16: LU-factorizing T2 at Xi=1.70905... 
01/30/15::02:13:44: Applying transform 0.316228... 
01/30/15::02:13:44:  Assembling U(0,1) 
01/30/15::02:13:44: Assembling BEM matrix block (0,1) 
01/30/15::02:21:04:   Computing ZForce... 
01/30/15::02:21:15: Computing Casimir integrand at Xi=1.71562
 
01/30/15::02:21:15: Assembling T1 at Xi=1.715618e+00... 
01/30/15::02:21:15: Assembling BEM matrix block (0,0) 
01/30/15::02:25:00: Assembling T2 at Xi=1.715618e+00... 
01/30/15::02:25:00: Assembling BEM matrix block (1,1) 
01/30/15::03:53:02: LU-factorizing T1 at Xi=1.71562... 
01/30/15::03:53:02: LU-factorizing T2 at Xi=1.71562... 
01/30/15::03:53:30: Applying transform 0.316228... 
01/30/15::03:53:30:  Assembling U(0,1) 
01/30/15::03:53:30: Assembling BEM matrix block (0,1) 
01/30/15::04:00:50:   Computing ZForce... 
01/30/15::04:01:01: Computing Casimir integrand at Xi=1.70576
 
01/30/15::04:01:01: Assembling T1 at Xi=1.705764e+00... 
01/30/15::04:01:01: Assembling BEM matrix block (0,0) 
01/30/15::04:04:45: Assembling T2 at Xi=1.705764e+00... 
01/30/15::04:04:45: Assembling BEM matrix block (1,1) 
01/30/15::05:32:29: LU-factorizing T1 at Xi=1.70576... 
01/30/15::05:32:29: LU-factorizing T2 at Xi=1.70576... 
01/30/15::05:32:58: Applying transform 0.316228... 
01/30/15::05:32:58:  Assembling U(0,1) 
01/30/15::05:32:58: Assembling BEM matrix block (0,1) 
01/30/15::05:40:18:   Computing ZForce... 
01/30/15::05:40:28: Computing Casimir integrand at Xi=1.70412
 
01/30/15::05:40:28: Assembling T1 at Xi=1.704121e+00... 
01/30/15::05:40:28: Assembling BEM matrix block (0,0) 
01/30/15::05:44:13: Assembling T2 at Xi=1.704121e+00... 
01/30/15::05:44:13: Assembling BEM matrix block (1,1) 
01/30/15::07:12:00: LU-factorizing T1 at Xi=1.70412... 
01/30/15::07:12:00: LU-factorizing T2 at Xi=1.70412... 
01/30/15::07:12:28: Applying transform 0.316228... 
01/30/15::07:12:28:  Assembling U(0,1) 
01/30/15::07:12:28: Assembling BEM matrix block (0,1) 
01/30/15::07:19:48:   Computing ZForce... 
01/30/15::07:19:59: Computing Casimir integrand at Xi=1.70905
 
01/30/15::07:19:59: Assembling T1 at Xi=1.709048e+00... 
01/30/15::07:19:59: Assembling BEM matrix block (0,0) 
01/30/15::07:23:44: Assembling T2 at Xi=1.709048e+00... 
01/30/15::07:23:44: Assembling BEM matrix block (1,1) 
01/30/15::08:51:26: LU-factorizing T1 at Xi=1.70905... 
01/30/15::08:51:26: LU-factorizing T2 at Xi=1.70905... 
01/30/15::08:51:54: Applying transform 0.316228... 
01/30/15::08:51:54:  Assembling U(0,1) 
01/30/15::08:51:54: Assembling BEM matrix block (0,1) 
01/30/15::08:59:14:   Computing ZForce... 
01/30/15::08:59:25: Computing Casimir integrand at Xi=1.71233
 
01/30/15::08:59:25: Assembling T1 at Xi=1.712333e+00... 
01/30/15::08:59:25: Assembling BEM matrix block (0,0) 
01/30/15::09:03:10: Assembling T2 at Xi=1.712333e+00... 
01/30/15::09:03:10: Assembling BEM matrix block (1,1) 
01/30/15::10:31:08: LU-factorizing T1 at Xi=1.71233... 
01/30/15::10:31:08: LU-factorizing T2 at Xi=1.71233... 
01/30/15::10:31:36: Applying transform 0.316228... 
01/30/15::10:31:36:  Assembling U(0,1) 
01/30/15::10:31:36: Assembling BEM matrix block (0,1) 
01/30/15::10:38:56:   Computing ZForce... 
01/30/15::10:39:07: Computing Casimir integrand at Xi=1.70741
 
01/30/15::10:39:07: Assembling T1 at Xi=1.707406e+00... 
01/30/15::10:39:07: Assembling BEM matrix block (0,0) 
01/30/15::10:42:51: Assembling T2 at Xi=1.707406e+00... 
01/30/15::10:42:51: Assembling BEM matrix block (1,1) 
01/30/15::12:10:37: LU-factorizing T1 at Xi=1.70741... 
01/30/15::12:10:37: LU-factorizing T2 at Xi=1.70741... 
01/30/15::12:11:05: Applying transform 0.316228... 
01/30/15::12:11:05:  Assembling U(0,1) 
01/30/15::12:11:05: Assembling BEM matrix block (0,1) 
01/30/15::12:18:25:   Computing ZForce... 
01/30/15::12:18:36: Computing Casimir integrand at Xi=1.70658
 
01/30/15::12:18:36: Assembling T1 at Xi=1.706585e+00... 
01/30/15::12:18:36: Assembling BEM matrix block (0,0) 
01/30/15::12:22:20: Assembling T2 at Xi=1.706585e+00... 
01/30/15::12:22:20: Assembling BEM matrix block (1,1) 
01/30/15::13:50:11: LU-factorizing T1 at Xi=1.70658... 
01/30/15::13:50:11: LU-factorizing T2 at Xi=1.70658... 
01/30/15::13:50:40: Applying transform 0.316228... 
01/30/15::13:50:40:  Assembling U(0,1) 
01/30/15::13:50:40: Assembling BEM matrix block (0,1) 
01/30/15::13:58:00:   Computing ZForce... 
01/30/15::13:58:11: Computing Casimir integrand at Xi=1.70617
 
01/30/15::13:58:11: Assembling T1 at Xi=1.706174e+00... 
01/30/15::13:58:11: Assembling BEM matrix block (0,0) 
01/30/15::14:01:56: Assembling T2 at Xi=1.706174e+00... 
01/30/15::14:01:56: Assembling BEM matrix block (1,1) 
01/30/15::15:29:45: LU-factorizing T1 at Xi=1.70617... 
01/30/15::15:29:45: LU-factorizing T2 at Xi=1.70617... 
01/30/15::15:30:13: Applying transform 0.316228... 
01/30/15::15:30:13:  Assembling U(0,1) 
01/30/15::15:30:13: Assembling BEM matrix block (0,1) 
01/30/15::15:37:33:   Computing ZForce... 
01/30/15::15:37:44: Computing Casimir integrand at Xi=1.70741
 
01/30/15::15:37:44: Assembling T1 at Xi=1.707406e+00... 
01/30/15::15:37:44: Assembling BEM matrix block (0,0) 
01/30/15::15:41:28: Assembling T2 at Xi=1.707406e+00... 
01/30/15::15:41:28: Assembling BEM matrix block (1,1) 
