03/23/15::08:10:47: scuff-cas3D running on hequ0004 
03/23/15::08:10:47: Setting material properties of exterior region to VACUUM. 
03/23/15::08:10:47: Flipped 2683 panel normals to comport with region definitions. 
03/23/15::08:10:47: Computing full Matsubara-summed Casimir quantities at T=3.000000e+02 Kelvin. 
03/23/15::08:10:47: Read 1 geometrical transformations from file RatioBeadCubePEC_L-17.5_grid-0.4_T-300.trans. 
03/23/15::08:10:47: Beginning Matsubara sum at T=300 kelvin... 
03/23/15::08:10:47: Computing Casimir integrand at Xi=0.001
 
03/23/15::08:10:47: Assembling T1 at Xi=1.000000e-03... 
03/23/15::08:10:47: Assembling BEM matrix block (0,0) 
03/23/15::08:12:04: Assembling T2 at Xi=1.000000e-03... 
03/23/15::08:12:04: Assembling BEM matrix block (1,1) 
03/23/15::08:30:19: LU-factorizing T1 at Xi=0.001... 
03/23/15::08:30:19: LU-factorizing T2 at Xi=0.001... 
03/23/15::08:31:14: Applying transform 0... 
03/23/15::08:31:14:  Assembling U(0,1) 
03/23/15::08:31:14: Assembling BEM matrix block (0,1) 
03/23/15::08:35:33:   Computing ZForce... 
03/23/15::08:36:01: Computing Casimir integrand at Xi=0.823279
 
03/23/15::08:36:01: Assembling T1 at Xi=8.232789e-01... 
03/23/15::08:36:01: Assembling BEM matrix block (0,0) 
03/23/15::08:36:14: Assembling T2 at Xi=8.232789e-01... 
03/23/15::08:36:14: Assembling BEM matrix block (1,1) 
03/23/15::08:51:03: LU-factorizing T1 at Xi=0.823279... 
03/23/15::08:51:04: LU-factorizing T2 at Xi=0.823279... 
03/23/15::08:51:59: Applying transform 0... 
03/23/15::08:51:59:  Assembling U(0,1) 
03/23/15::08:51:59: Assembling BEM matrix block (0,1) 
03/23/15::08:56:27:   Computing ZForce... 
03/23/15::08:56:56: Computing Casimir integrand at Xi=1.64656
 
03/23/15::08:56:56: Assembling T1 at Xi=1.646558e+00... 
03/23/15::08:56:56: Assembling BEM matrix block (0,0) 
03/23/15::08:57:10: Assembling T2 at Xi=1.646558e+00... 
03/23/15::08:57:10: Assembling BEM matrix block (1,1) 
03/23/15::09:16:46: LU-factorizing T1 at Xi=1.64656... 
03/23/15::09:16:46: LU-factorizing T2 at Xi=1.64656... 
03/23/15::09:17:41: Applying transform 0... 
03/23/15::09:17:41:  Assembling U(0,1) 
03/23/15::09:17:41: Assembling BEM matrix block (0,1) 
03/23/15::09:22:00:   Computing ZForce... 
03/23/15::09:22:29: Matsubara sum converged after summing n=2 frequency points. 
