03/23/15::08:10:48: scuff-cas3D running on fell0146 
03/23/15::08:10:48: Setting material properties of exterior region to VACUUM. 
03/23/15::08:10:48: Flipped 2683 panel normals to comport with region definitions. 
03/23/15::08:10:48: Computing full Matsubara-summed Casimir quantities at T=3.000000e+02 Kelvin. 
03/23/15::08:10:48: Read 1 geometrical transformations from file RatioBeadCubePEC_L-22.5_grid-0.4_T-300.trans. 
03/23/15::08:10:54: Beginning Matsubara sum at T=300 kelvin... 
03/23/15::08:10:54: Computing Casimir integrand at Xi=0.001
 
03/23/15::08:10:54: Assembling T1 at Xi=1.000000e-03... 
03/23/15::08:10:54: Assembling BEM matrix block (0,0) 
03/23/15::08:13:06: Assembling T2 at Xi=1.000000e-03... 
03/23/15::08:13:06: Assembling BEM matrix block (1,1) 
03/23/15::08:45:01: LU-factorizing T1 at Xi=0.001... 
03/23/15::08:45:01: LU-factorizing T2 at Xi=0.001... 
03/23/15::08:46:51: Applying transform 0... 
03/23/15::08:46:51:  Assembling U(0,1) 
03/23/15::08:46:51: Assembling BEM matrix block (0,1) 
03/23/15::08:55:22:   Computing ZForce... 
03/23/15::08:56:36: Computing Casimir integrand at Xi=0.823279
 
03/23/15::08:56:36: Assembling T1 at Xi=8.232789e-01... 
03/23/15::08:56:36: Assembling BEM matrix block (0,0) 
03/23/15::08:56:59: Assembling T2 at Xi=8.232789e-01... 
03/23/15::08:56:59: Assembling BEM matrix block (1,1) 
03/23/15::09:22:31: LU-factorizing T1 at Xi=0.823279... 
03/23/15::09:22:32: LU-factorizing T2 at Xi=0.823279... 
03/23/15::09:25:00: Applying transform 0... 
03/23/15::09:25:00:  Assembling U(0,1) 
03/23/15::09:25:00: Assembling BEM matrix block (0,1) 
03/23/15::09:33:33:   Computing ZForce... 
03/23/15::09:34:45: Computing Casimir integrand at Xi=1.64656
 
03/23/15::09:34:45: Assembling T1 at Xi=1.646558e+00... 
03/23/15::09:34:45: Assembling BEM matrix block (0,0) 
03/23/15::09:35:10: Assembling T2 at Xi=1.646558e+00... 
03/23/15::09:35:10: Assembling BEM matrix block (1,1) 
03/23/15::10:07:51: LU-factorizing T1 at Xi=1.64656... 
03/23/15::10:07:52: LU-factorizing T2 at Xi=1.64656... 
03/23/15::10:10:41: Applying transform 0... 
03/23/15::10:10:41:  Assembling U(0,1) 
03/23/15::10:10:41: Assembling BEM matrix block (0,1) 
03/23/15::10:19:06:   Computing ZForce... 
03/23/15::10:20:07: Matsubara sum converged after summing n=2 frequency points. 
