01/28/15::16:05:26: scuff-cas3D running on barley07.stanford.edu 
01/28/15::16:05:26: Setting material properties of exterior region to VACUUM. 
01/28/15::16:05:26: Flipped 514 panel normals to comport with region definitions. 
01/28/15::16:05:26: Computing full zero-temperature Casimir quantities. 
01/28/15::16:05:26: Read 1 geometrical transformations from file Bead_L-1.trans. 
01/28/15::16:05:26: Minimum distance between surface points=1.100000e+00 
01/28/15::16:05:27: Computing Casimir integrand at Xi=0.001
 
01/28/15::16:05:27: Assembling T1 at Xi=1.000000e-03... 
01/28/15::16:05:27: Assembling BEM matrix block (0,0) 
01/28/15::16:06:15: Assembling T2 at Xi=1.000000e-03... 
01/28/15::16:06:15: Assembling BEM matrix block (1,1) 
01/28/15::16:58:58: LU-factorizing T1 at Xi=0.001... 
01/28/15::16:58:58: LU-factorizing T2 at Xi=0.001... 
01/28/15::16:59:27: Applying transform 1.0... 
01/28/15::16:59:27:  Assembling U(0,1) 
01/28/15::16:59:27: Assembling BEM matrix block (0,1) 
01/28/15::17:06:59:   Computing ZForce... 
01/28/15::17:07:10: Computing Casimir integrand at Xi=0.0805455
 
01/28/15::17:07:10: Assembling T1 at Xi=8.054545e-02... 
01/28/15::17:07:10: Assembling BEM matrix block (0,0) 
01/28/15::17:07:20: Assembling T2 at Xi=8.054545e-02... 
01/28/15::17:07:20: Assembling BEM matrix block (1,1) 
01/28/15::17:53:55: LU-factorizing T1 at Xi=0.0805455... 
01/28/15::17:53:55: LU-factorizing T2 at Xi=0.0805455... 
01/28/15::17:54:24: Applying transform 1.0... 
01/28/15::17:54:24:  Assembling U(0,1) 
01/28/15::17:54:24: Assembling BEM matrix block (0,1) 
01/28/15::18:01:32:   Computing ZForce... 
01/28/15::18:01:43: Computing Casimir integrand at Xi=0.160091
 
01/28/15::18:01:43: Assembling T1 at Xi=1.600909e-01... 
01/28/15::18:01:43: Assembling BEM matrix block (0,0) 
01/28/15::18:01:52: Assembling T2 at Xi=1.600909e-01... 
01/28/15::18:01:52: Assembling BEM matrix block (1,1) 
01/28/15::18:49:16: LU-factorizing T1 at Xi=0.160091... 
01/28/15::18:49:16: LU-factorizing T2 at Xi=0.160091... 
01/28/15::18:49:45: Applying transform 1.0... 
01/28/15::18:49:45:  Assembling U(0,1) 
01/28/15::18:49:45: Assembling BEM matrix block (0,1) 
01/28/15::18:56:51:   Computing ZForce... 
01/28/15::18:57:02: Computing Casimir integrand at Xi=0.319182
 
01/28/15::18:57:02: Assembling T1 at Xi=3.191818e-01... 
01/28/15::18:57:02: Assembling BEM matrix block (0,0) 
01/28/15::18:57:12: Assembling T2 at Xi=3.191818e-01... 
01/28/15::18:57:12: Assembling BEM matrix block (1,1) 
01/28/15::19:44:00: LU-factorizing T1 at Xi=0.319182... 
01/28/15::19:44:00: LU-factorizing T2 at Xi=0.319182... 
01/28/15::19:44:29: Applying transform 1.0... 
01/28/15::19:44:29:  Assembling U(0,1) 
01/28/15::19:44:29: Assembling BEM matrix block (0,1) 
01/28/15::19:51:36:   Computing ZForce... 
01/28/15::19:51:47: Computing Casimir integrand at Xi=0.478273
 
01/28/15::19:51:47: Assembling T1 at Xi=4.782727e-01... 
01/28/15::19:51:47: Assembling BEM matrix block (0,0) 
01/28/15::19:51:57: Assembling T2 at Xi=4.782727e-01... 
01/28/15::19:51:57: Assembling BEM matrix block (1,1) 
01/28/15::20:38:18: LU-factorizing T1 at Xi=0.478273... 
01/28/15::20:38:18: LU-factorizing T2 at Xi=0.478273... 
01/28/15::20:38:47: Applying transform 1.0... 
01/28/15::20:38:47:  Assembling U(0,1) 
01/28/15::20:38:47: Assembling BEM matrix block (0,1) 
01/28/15::20:45:49:   Computing ZForce... 
01/28/15::20:46:00: Computing Casimir integrand at Xi=0.796455
 
01/28/15::20:46:00: Assembling T1 at Xi=7.964545e-01... 
01/28/15::20:46:00: Assembling BEM matrix block (0,0) 
01/28/15::20:46:11: Assembling T2 at Xi=7.964545e-01... 
01/28/15::20:46:11: Assembling BEM matrix block (1,1) 
01/28/15::21:33:01: LU-factorizing T1 at Xi=0.796455... 
01/28/15::21:33:01: LU-factorizing T2 at Xi=0.796455... 
01/28/15::21:33:30: Applying transform 1.0... 
01/28/15::21:33:30:  Assembling U(0,1) 
01/28/15::21:33:30: Assembling BEM matrix block (0,1) 
01/28/15::21:40:33:   Computing ZForce... 
01/28/15::21:40:44: Computing Casimir integrand at Xi=1.11464
 
01/28/15::21:40:44: Assembling T1 at Xi=1.114636e+00... 
01/28/15::21:40:44: Assembling BEM matrix block (0,0) 
01/28/15::21:41:05: Assembling T2 at Xi=1.114636e+00... 
01/28/15::21:41:05: Assembling BEM matrix block (1,1) 
01/28/15::23:04:13: LU-factorizing T1 at Xi=1.11464... 
01/28/15::23:04:13: LU-factorizing T2 at Xi=1.11464... 
01/28/15::23:04:42: Applying transform 1.0... 
01/28/15::23:04:42:  Assembling U(0,1) 
01/28/15::23:04:42: Assembling BEM matrix block (0,1) 
01/28/15::23:11:38:   Computing ZForce... 
01/28/15::23:11:49: Computing Casimir integrand at Xi=0.637364
 
01/28/15::23:11:49: Assembling T1 at Xi=6.373636e-01... 
01/28/15::23:11:49: Assembling BEM matrix block (0,0) 
01/28/15::23:12:00: Assembling T2 at Xi=6.373636e-01... 
01/28/15::23:12:00: Assembling BEM matrix block (1,1) 
01/28/15::23:58:32: LU-factorizing T1 at Xi=0.637364... 
01/28/15::23:58:32: LU-factorizing T2 at Xi=0.637364... 
01/28/15::23:59:01: Applying transform 1.0... 
01/28/15::23:59:01:  Assembling U(0,1) 
01/28/15::23:59:01: Assembling BEM matrix block (0,1) 
01/29/15::00:06:03:   Computing ZForce... 
01/29/15::00:06:14: Computing Casimir integrand at Xi=0.955545
 
01/29/15::00:06:14: Assembling T1 at Xi=9.555455e-01... 
01/29/15::00:06:14: Assembling BEM matrix block (0,0) 
01/29/15::00:06:26: Assembling T2 at Xi=9.555455e-01... 
01/29/15::00:06:26: Assembling BEM matrix block (1,1) 
01/29/15::01:29:24: LU-factorizing T1 at Xi=0.955545... 
01/29/15::01:29:25: LU-factorizing T2 at Xi=0.955545... 
01/29/15::01:29:53: Applying transform 1.0... 
01/29/15::01:29:53:  Assembling U(0,1) 
01/29/15::01:29:53: Assembling BEM matrix block (0,1) 
01/29/15::01:36:47:   Computing ZForce... 
01/29/15::01:36:58: Computing Casimir integrand at Xi=1.11464
 
01/29/15::01:36:58: Assembling T1 at Xi=1.114636e+00... 
01/29/15::01:36:58: Assembling BEM matrix block (0,0) 
01/29/15::01:37:19: Assembling T2 at Xi=1.114636e+00... 
01/29/15::01:37:19: Assembling BEM matrix block (1,1) 
01/29/15::03:00:28: LU-factorizing T1 at Xi=1.11464... 
01/29/15::03:00:28: LU-factorizing T2 at Xi=1.11464... 
01/29/15::03:00:58: Applying transform 1.0... 
01/29/15::03:00:58:  Assembling U(0,1) 
01/29/15::03:00:58: Assembling BEM matrix block (0,1) 
01/29/15::03:07:57:   Computing ZForce... 
01/29/15::03:08:07: Computing Casimir integrand at Xi=1.27373
 
01/29/15::03:08:07: Assembling T1 at Xi=1.273727e+00... 
01/29/15::03:08:07: Assembling BEM matrix block (0,0) 
01/29/15::03:09:19: Assembling T2 at Xi=1.273727e+00... 
01/29/15::03:09:20: Assembling BEM matrix block (1,1) 
01/29/15::04:32:34: LU-factorizing T1 at Xi=1.27373... 
01/29/15::04:32:34: LU-factorizing T2 at Xi=1.27373... 
01/29/15::04:33:03: Applying transform 1.0... 
01/29/15::04:33:03:  Assembling U(0,1) 
01/29/15::04:33:03: Assembling BEM matrix block (0,1) 
01/29/15::04:40:01:   Computing ZForce... 
01/29/15::04:40:12: Computing Casimir integrand at Xi=1.43282
 
01/29/15::04:40:12: Assembling T1 at Xi=1.432818e+00... 
01/29/15::04:40:12: Assembling BEM matrix block (0,0) 
01/29/15::04:42:26: Assembling T2 at Xi=1.432818e+00... 
01/29/15::04:42:26: Assembling BEM matrix block (1,1) 
01/29/15::06:06:14: LU-factorizing T1 at Xi=1.43282... 
01/29/15::06:06:14: LU-factorizing T2 at Xi=1.43282... 
01/29/15::06:06:42: Applying transform 1.0... 
01/29/15::06:06:42:  Assembling U(0,1) 
01/29/15::06:06:42: Assembling BEM matrix block (0,1) 
01/29/15::06:13:39:   Computing ZForce... 
01/29/15::06:13:50: Computing Casimir integrand at Xi=1.19418
 
01/29/15::06:13:50: Assembling T1 at Xi=1.194182e+00... 
01/29/15::06:13:50: Assembling BEM matrix block (0,0) 
01/29/15::06:14:32: Assembling T2 at Xi=1.194182e+00... 
01/29/15::06:14:32: Assembling BEM matrix block (1,1) 
01/29/15::07:37:42: LU-factorizing T1 at Xi=1.19418... 
01/29/15::07:37:42: LU-factorizing T2 at Xi=1.19418... 
01/29/15::07:38:11: Applying transform 1.0... 
01/29/15::07:38:11:  Assembling U(0,1) 
01/29/15::07:38:11: Assembling BEM matrix block (0,1) 
01/29/15::07:45:16:   Computing ZForce... 
01/29/15::07:45:27: Computing Casimir integrand at Xi=1.43282
 
01/29/15::07:45:27: Assembling T1 at Xi=1.432818e+00... 
01/29/15::07:45:27: Assembling BEM matrix block (0,0) 
01/29/15::07:47:42: Assembling T2 at Xi=1.432818e+00... 
01/29/15::07:47:42: Assembling BEM matrix block (1,1) 
01/29/15::09:11:32: LU-factorizing T1 at Xi=1.43282... 
01/29/15::09:11:32: LU-factorizing T2 at Xi=1.43282... 
01/29/15::09:12:01: Applying transform 1.0... 
01/29/15::09:12:01:  Assembling U(0,1) 
01/29/15::09:12:01: Assembling BEM matrix block (0,1) 
01/29/15::09:18:58:   Computing ZForce... 
01/29/15::09:19:09: Computing Casimir integrand at Xi=1.59191
 
01/29/15::09:19:09: Assembling T1 at Xi=1.591909e+00... 
01/29/15::09:19:09: Assembling BEM matrix block (0,0) 
01/29/15::09:22:23: Assembling T2 at Xi=1.591909e+00... 
01/29/15::09:22:23: Assembling BEM matrix block (1,1) 
01/29/15::10:48:03: LU-factorizing T1 at Xi=1.59191... 
01/29/15::10:48:03: LU-factorizing T2 at Xi=1.59191... 
01/29/15::10:48:32: Applying transform 1.0... 
01/29/15::10:48:32:  Assembling U(0,1) 
01/29/15::10:48:32: Assembling BEM matrix block (0,1) 
01/29/15::10:55:28:   Computing ZForce... 
01/29/15::10:55:39: Computing Casimir integrand at Xi=1.91009
 
01/29/15::10:55:39: Assembling T1 at Xi=1.910091e+00... 
01/29/15::10:55:39: Assembling BEM matrix block (0,0) 
01/29/15::10:59:35: Assembling T2 at Xi=1.910091e+00... 
01/29/15::10:59:35: Assembling BEM matrix block (1,1) 
01/29/15::12:26:51: LU-factorizing T1 at Xi=1.91009... 
01/29/15::12:26:52: LU-factorizing T2 at Xi=1.91009... 
01/29/15::12:27:20: Applying transform 1.0... 
01/29/15::12:27:20:  Assembling U(0,1) 
01/29/15::12:27:20: Assembling BEM matrix block (0,1) 
01/29/15::12:34:16:   Computing ZForce... 
01/29/15::12:34:27: Computing Casimir integrand at Xi=2.22827
 
01/29/15::12:34:27: Assembling T1 at Xi=2.228273e+00... 
01/29/15::12:34:27: Assembling BEM matrix block (0,0) 
01/29/15::12:38:27: Assembling T2 at Xi=2.228273e+00... 
01/29/15::12:38:27: Assembling BEM matrix block (1,1) 
01/29/15::14:06:14: LU-factorizing T1 at Xi=2.22827... 
01/29/15::14:06:14: LU-factorizing T2 at Xi=2.22827... 
01/29/15::14:06:43: Applying transform 1.0... 
01/29/15::14:06:43:  Assembling U(0,1) 
01/29/15::14:06:43: Assembling BEM matrix block (0,1) 
01/29/15::14:13:35:   Computing ZForce... 
01/29/15::14:13:46: Computing Casimir integrand at Xi=1.751
 
01/29/15::14:13:46: Assembling T1 at Xi=1.751000e+00... 
01/29/15::14:13:46: Assembling BEM matrix block (0,0) 
01/29/15::14:17:34: Assembling T2 at Xi=1.751000e+00... 
01/29/15::14:17:34: Assembling BEM matrix block (1,1) 
01/29/15::15:44:28: LU-factorizing T1 at Xi=1.751... 
01/29/15::15:44:28: LU-factorizing T2 at Xi=1.751... 
01/29/15::15:44:57: Applying transform 1.0... 
01/29/15::15:44:57:  Assembling U(0,1) 
01/29/15::15:44:57: Assembling BEM matrix block (0,1) 
01/29/15::15:51:47:   Computing ZForce... 
01/29/15::15:51:58: Computing Casimir integrand at Xi=1.67145
 
01/29/15::15:51:58: Assembling T1 at Xi=1.671455e+00... 
01/29/15::15:51:58: Assembling BEM matrix block (0,0) 
01/29/15::15:55:32: Assembling T2 at Xi=1.671455e+00... 
01/29/15::15:55:32: Assembling BEM matrix block (1,1) 
01/29/15::17:21:48: LU-factorizing T1 at Xi=1.67145... 
01/29/15::17:21:48: LU-factorizing T2 at Xi=1.67145... 
01/29/15::17:22:16: Applying transform 1.0... 
01/29/15::17:22:16:  Assembling U(0,1) 
01/29/15::17:22:16: Assembling BEM matrix block (0,1) 
01/29/15::17:29:08:   Computing ZForce... 
01/29/15::17:29:19: Computing Casimir integrand at Xi=1.63168
 
01/29/15::17:29:19: Assembling T1 at Xi=1.631682e+00... 
01/29/15::17:29:19: Assembling BEM matrix block (0,0) 
01/29/15::17:32:44: Assembling T2 at Xi=1.631682e+00... 
01/29/15::17:32:45: Assembling BEM matrix block (1,1) 
01/29/15::18:58:32: LU-factorizing T1 at Xi=1.63168... 
01/29/15::18:58:32: LU-factorizing T2 at Xi=1.63168... 
01/29/15::18:59:01: Applying transform 1.0... 
01/29/15::18:59:01:  Assembling U(0,1) 
01/29/15::18:59:01: Assembling BEM matrix block (0,1) 
01/29/15::19:05:56:   Computing ZForce... 
01/29/15::19:06:06: Computing Casimir integrand at Xi=1.751
 
01/29/15::19:06:06: Assembling T1 at Xi=1.751000e+00... 
01/29/15::19:06:06: Assembling BEM matrix block (0,0) 
01/29/15::19:09:54: Assembling T2 at Xi=1.751000e+00... 
01/29/15::19:09:54: Assembling BEM matrix block (1,1) 
01/29/15::20:36:48: LU-factorizing T1 at Xi=1.751... 
01/29/15::20:36:49: LU-factorizing T2 at Xi=1.751... 
01/29/15::20:37:17: Applying transform 1.0... 
01/29/15::20:37:17:  Assembling U(0,1) 
01/29/15::20:37:17: Assembling BEM matrix block (0,1) 
01/29/15::20:44:08:   Computing ZForce... 
01/29/15::20:44:19: Computing Casimir integrand at Xi=1.83055
 
01/29/15::20:44:19: Assembling T1 at Xi=1.830545e+00... 
01/29/15::20:44:19: Assembling BEM matrix block (0,0) 
01/29/15::20:48:12: Assembling T2 at Xi=1.830545e+00... 
01/29/15::20:48:12: Assembling BEM matrix block (1,1) 
01/29/15::22:15:36: LU-factorizing T1 at Xi=1.83055... 
01/29/15::22:15:36: LU-factorizing T2 at Xi=1.83055... 
01/29/15::22:16:04: Applying transform 1.0... 
01/29/15::22:16:04:  Assembling U(0,1) 
01/29/15::22:16:04: Assembling BEM matrix block (0,1) 
01/29/15::22:22:57:   Computing ZForce... 
01/29/15::22:23:08: Computing Casimir integrand at Xi=1.71123
 
01/29/15::22:23:08: Assembling T1 at Xi=1.711227e+00... 
01/29/15::22:23:08: Assembling BEM matrix block (0,0) 
01/29/15::22:26:53: Assembling T2 at Xi=1.711227e+00... 
01/29/15::22:26:53: Assembling BEM matrix block (1,1) 
01/29/15::23:53:44: LU-factorizing T1 at Xi=1.71123... 
01/29/15::23:53:44: LU-factorizing T2 at Xi=1.71123... 
01/29/15::23:54:12: Applying transform 1.0... 
01/29/15::23:54:12:  Assembling U(0,1) 
01/29/15::23:54:12: Assembling BEM matrix block (0,1) 
01/30/15::00:01:05:   Computing ZForce... 
01/30/15::00:01:15: Computing Casimir integrand at Xi=1.69134
 
01/30/15::00:01:15: Assembling T1 at Xi=1.691341e+00... 
01/30/15::00:01:15: Assembling BEM matrix block (0,0) 
01/30/15::00:04:57: Assembling T2 at Xi=1.691341e+00... 
01/30/15::00:04:57: Assembling BEM matrix block (1,1) 
01/30/15::01:31:30: LU-factorizing T1 at Xi=1.69134... 
01/30/15::01:31:30: LU-factorizing T2 at Xi=1.69134... 
01/30/15::01:31:58: Applying transform 1.0... 
01/30/15::01:31:58:  Assembling U(0,1) 
01/30/15::01:31:58: Assembling BEM matrix block (0,1) 
01/30/15::01:38:50:   Computing ZForce... 
01/30/15::01:39:01: Computing Casimir integrand at Xi=1.6814
 
01/30/15::01:39:01: Assembling T1 at Xi=1.681398e+00... 
01/30/15::01:39:01: Assembling BEM matrix block (0,0) 
01/30/15::01:42:37: Assembling T2 at Xi=1.681398e+00... 
01/30/15::01:42:37: Assembling BEM matrix block (1,1) 
01/30/15::03:09:00: LU-factorizing T1 at Xi=1.6814... 
01/30/15::03:09:00: LU-factorizing T2 at Xi=1.6814... 
01/30/15::03:09:28: Applying transform 1.0... 
01/30/15::03:09:28:  Assembling U(0,1) 
01/30/15::03:09:28: Assembling BEM matrix block (0,1) 
01/30/15::03:16:20:   Computing ZForce... 
01/30/15::03:16:31: Computing Casimir integrand at Xi=1.71123
 
01/30/15::03:16:31: Assembling T1 at Xi=1.711227e+00... 
01/30/15::03:16:31: Assembling BEM matrix block (0,0) 
01/30/15::03:20:15: Assembling T2 at Xi=1.711227e+00... 
01/30/15::03:20:15: Assembling BEM matrix block (1,1) 
01/30/15::04:47:00: LU-factorizing T1 at Xi=1.71123... 
01/30/15::04:47:00: LU-factorizing T2 at Xi=1.71123... 
01/30/15::04:47:29: Applying transform 1.0... 
01/30/15::04:47:29:  Assembling U(0,1) 
01/30/15::04:47:29: Assembling BEM matrix block (0,1) 
01/30/15::04:54:20:   Computing ZForce... 
01/30/15::04:54:31: Computing Casimir integrand at Xi=1.73111
 
01/30/15::04:54:31: Assembling T1 at Xi=1.731114e+00... 
01/30/15::04:54:31: Assembling BEM matrix block (0,0) 
01/30/15::04:58:17: Assembling T2 at Xi=1.731114e+00... 
01/30/15::04:58:17: Assembling BEM matrix block (1,1) 
01/30/15::06:25:11: LU-factorizing T1 at Xi=1.73111... 
01/30/15::06:25:11: LU-factorizing T2 at Xi=1.73111... 
01/30/15::06:25:39: Applying transform 1.0... 
01/30/15::06:25:39:  Assembling U(0,1) 
01/30/15::06:25:39: Assembling BEM matrix block (0,1) 
01/30/15::06:32:30:   Computing ZForce... 
01/30/15::06:32:40: Computing Casimir integrand at Xi=1.70128
 
01/30/15::06:32:40: Assembling T1 at Xi=1.701284e+00... 
01/30/15::06:32:40: Assembling BEM matrix block (0,0) 
01/30/15::06:36:24: Assembling T2 at Xi=1.701284e+00... 
01/30/15::06:36:24: Assembling BEM matrix block (1,1) 
01/30/15::08:02:59: LU-factorizing T1 at Xi=1.70128... 
01/30/15::08:02:59: LU-factorizing T2 at Xi=1.70128... 
01/30/15::08:03:27: Applying transform 1.0... 
01/30/15::08:03:27:  Assembling U(0,1) 
01/30/15::08:03:27: Assembling BEM matrix block (0,1) 
01/30/15::08:10:19:   Computing ZForce... 
01/30/15::08:10:30: Computing Casimir integrand at Xi=1.69631
 
01/30/15::08:10:30: Assembling T1 at Xi=1.696312e+00... 
01/30/15::08:10:30: Assembling BEM matrix block (0,0) 
01/30/15::08:14:12: Assembling T2 at Xi=1.696312e+00... 
01/30/15::08:14:12: Assembling BEM matrix block (1,1) 
01/30/15::09:40:46: LU-factorizing T1 at Xi=1.69631... 
01/30/15::09:40:46: LU-factorizing T2 at Xi=1.69631... 
01/30/15::09:41:14: Applying transform 1.0... 
01/30/15::09:41:14:  Assembling U(0,1) 
01/30/15::09:41:14: Assembling BEM matrix block (0,1) 
01/30/15::09:48:06:   Computing ZForce... 
01/30/15::09:48:17: Computing Casimir integrand at Xi=1.71123
 
01/30/15::09:48:17: Assembling T1 at Xi=1.711227e+00... 
01/30/15::09:48:17: Assembling BEM matrix block (0,0) 
01/30/15::09:52:01: Assembling T2 at Xi=1.711227e+00... 
01/30/15::09:52:01: Assembling BEM matrix block (1,1) 
01/30/15::11:18:44: LU-factorizing T1 at Xi=1.71123... 
01/30/15::11:18:44: LU-factorizing T2 at Xi=1.71123... 
01/30/15::11:19:12: Applying transform 1.0... 
01/30/15::11:19:12:  Assembling U(0,1) 
01/30/15::11:19:12: Assembling BEM matrix block (0,1) 
01/30/15::11:26:04:   Computing ZForce... 
01/30/15::11:26:15: Computing Casimir integrand at Xi=1.72117
 
01/30/15::11:26:15: Assembling T1 at Xi=1.721170e+00... 
01/30/15::11:26:15: Assembling BEM matrix block (0,0) 
01/30/15::11:30:01: Assembling T2 at Xi=1.721170e+00... 
01/30/15::11:30:01: Assembling BEM matrix block (1,1) 
01/30/15::12:56:45: LU-factorizing T1 at Xi=1.72117... 
01/30/15::12:56:45: LU-factorizing T2 at Xi=1.72117... 
01/30/15::12:57:13: Applying transform 1.0... 
01/30/15::12:57:13:  Assembling U(0,1) 
01/30/15::12:57:13: Assembling BEM matrix block (0,1) 
01/30/15::13:04:05:   Computing ZForce... 
01/30/15::13:04:16: Computing Casimir integrand at Xi=1.70626
 
01/30/15::13:04:16: Assembling T1 at Xi=1.706256e+00... 
01/30/15::13:04:16: Assembling BEM matrix block (0,0) 
01/30/15::13:08:00: Assembling T2 at Xi=1.706256e+00... 
01/30/15::13:08:00: Assembling BEM matrix block (1,1) 
01/30/15::14:34:39: LU-factorizing T1 at Xi=1.70626... 
01/30/15::14:34:39: LU-factorizing T2 at Xi=1.70626... 
01/30/15::14:35:07: Applying transform 1.0... 
01/30/15::14:35:07:  Assembling U(0,1) 
01/30/15::14:35:07: Assembling BEM matrix block (0,1) 
01/30/15::14:41:59:   Computing ZForce... 
01/30/15::14:42:10: Computing Casimir integrand at Xi=1.70377
 
01/30/15::14:42:10: Assembling T1 at Xi=1.703770e+00... 
01/30/15::14:42:10: Assembling BEM matrix block (0,0) 
01/30/15::14:45:54: Assembling T2 at Xi=1.703770e+00... 
01/30/15::14:45:54: Assembling BEM matrix block (1,1) 
