01/28/15::16:05:26: scuff-cas3D running on barley07.stanford.edu 
01/28/15::16:05:26: Setting material properties of exterior region to VACUUM. 
01/28/15::16:05:26: Flipped 514 panel normals to comport with region definitions. 
01/28/15::16:05:26: Computing full zero-temperature Casimir quantities. 
01/28/15::16:05:26: Read 1 geometrical transformations from file Bead_L-10.trans. 
01/28/15::16:05:26: Minimum distance between surface points=1.010000e+01 
01/28/15::16:05:26: Computing Casimir integrand at Xi=0.001
 
01/28/15::16:05:26: Assembling T1 at Xi=1.000000e-03... 
01/28/15::16:05:26: Assembling BEM matrix block (0,0) 
01/28/15::16:06:15: Assembling T2 at Xi=1.000000e-03... 
01/28/15::16:06:15: Assembling BEM matrix block (1,1) 
01/28/15::16:58:22: LU-factorizing T1 at Xi=0.001... 
01/28/15::16:58:22: LU-factorizing T2 at Xi=0.001... 
01/28/15::16:58:51: Applying transform 10.0... 
01/28/15::16:58:51:  Assembling U(0,1) 
01/28/15::16:58:51: Assembling BEM matrix block (0,1) 
01/28/15::17:00:34:   Computing ZForce... 
01/28/15::17:00:45: Computing Casimir integrand at Xi=0.00966337
 
01/28/15::17:00:45: Assembling T1 at Xi=9.663366e-03... 
01/28/15::17:00:45: Assembling BEM matrix block (0,0) 
01/28/15::17:00:54: Assembling T2 at Xi=9.663366e-03... 
01/28/15::17:00:54: Assembling BEM matrix block (1,1) 
01/28/15::17:47:09: LU-factorizing T1 at Xi=0.00966337... 
01/28/15::17:47:09: LU-factorizing T2 at Xi=0.00966337... 
01/28/15::17:47:38: Applying transform 10.0... 
01/28/15::17:47:38:  Assembling U(0,1) 
01/28/15::17:47:38: Assembling BEM matrix block (0,1) 
01/28/15::17:49:19:   Computing ZForce... 
01/28/15::17:49:30: Computing Casimir integrand at Xi=0.0183267
 
01/28/15::17:49:30: Assembling T1 at Xi=1.832673e-02... 
01/28/15::17:49:30: Assembling BEM matrix block (0,0) 
01/28/15::17:49:42: Assembling T2 at Xi=1.832673e-02... 
01/28/15::17:49:42: Assembling BEM matrix block (1,1) 
01/28/15::18:36:13: LU-factorizing T1 at Xi=0.0183267... 
01/28/15::18:36:13: LU-factorizing T2 at Xi=0.0183267... 
01/28/15::18:36:42: Applying transform 10.0... 
01/28/15::18:36:42:  Assembling U(0,1) 
01/28/15::18:36:42: Assembling BEM matrix block (0,1) 
01/28/15::18:38:23:   Computing ZForce... 
01/28/15::18:38:34: Computing Casimir integrand at Xi=0.0356535
 
01/28/15::18:38:34: Assembling T1 at Xi=3.565347e-02... 
01/28/15::18:38:34: Assembling BEM matrix block (0,0) 
01/28/15::18:38:51: Assembling T2 at Xi=3.565347e-02... 
01/28/15::18:38:51: Assembling BEM matrix block (1,1) 
01/28/15::19:25:17: LU-factorizing T1 at Xi=0.0356535... 
01/28/15::19:25:17: LU-factorizing T2 at Xi=0.0356535... 
01/28/15::19:25:46: Applying transform 10.0... 
01/28/15::19:25:46:  Assembling U(0,1) 
01/28/15::19:25:46: Assembling BEM matrix block (0,1) 
01/28/15::19:27:27:   Computing ZForce... 
01/28/15::19:27:38: Computing Casimir integrand at Xi=0.0529802
 
01/28/15::19:27:38: Assembling T1 at Xi=5.298020e-02... 
01/28/15::19:27:38: Assembling BEM matrix block (0,0) 
01/28/15::19:27:50: Assembling T2 at Xi=5.298020e-02... 
01/28/15::19:27:50: Assembling BEM matrix block (1,1) 
01/28/15::20:14:17: LU-factorizing T1 at Xi=0.0529802... 
01/28/15::20:14:17: LU-factorizing T2 at Xi=0.0529802... 
01/28/15::20:14:46: Applying transform 10.0... 
01/28/15::20:14:46:  Assembling U(0,1) 
01/28/15::20:14:46: Assembling BEM matrix block (0,1) 
01/28/15::20:16:27:   Computing ZForce... 
01/28/15::20:16:38: Computing Casimir integrand at Xi=0.0876337
 
01/28/15::20:16:38: Assembling T1 at Xi=8.763366e-02... 
01/28/15::20:16:38: Assembling BEM matrix block (0,0) 
01/28/15::20:16:47: Assembling T2 at Xi=8.763366e-02... 
01/28/15::20:16:47: Assembling BEM matrix block (1,1) 
01/28/15::21:03:11: LU-factorizing T1 at Xi=0.0876337... 
01/28/15::21:03:11: LU-factorizing T2 at Xi=0.0876337... 
01/28/15::21:03:40: Applying transform 10.0... 
01/28/15::21:03:40:  Assembling U(0,1) 
01/28/15::21:03:40: Assembling BEM matrix block (0,1) 
01/28/15::21:05:21:   Computing ZForce... 
01/28/15::21:05:32: Computing Casimir integrand at Xi=0.122287
 
01/28/15::21:05:32: Assembling T1 at Xi=1.222871e-01... 
01/28/15::21:05:32: Assembling BEM matrix block (0,0) 
01/28/15::21:05:41: Assembling T2 at Xi=1.222871e-01... 
01/28/15::21:05:41: Assembling BEM matrix block (1,1) 
01/28/15::21:51:59: LU-factorizing T1 at Xi=0.122287... 
01/28/15::21:51:59: LU-factorizing T2 at Xi=0.122287... 
01/28/15::21:52:28: Applying transform 10.0... 
01/28/15::21:52:28:  Assembling U(0,1) 
01/28/15::21:52:28: Assembling BEM matrix block (0,1) 
01/28/15::21:54:09:   Computing ZForce... 
01/28/15::21:54:20: Computing Casimir integrand at Xi=0.191594
 
01/28/15::21:54:20: Assembling T1 at Xi=1.915941e-01... 
01/28/15::21:54:20: Assembling BEM matrix block (0,0) 
01/28/15::21:54:29: Assembling T2 at Xi=1.915941e-01... 
01/28/15::21:54:29: Assembling BEM matrix block (1,1) 
01/28/15::22:40:53: LU-factorizing T1 at Xi=0.191594... 
01/28/15::22:40:53: LU-factorizing T2 at Xi=0.191594... 
01/28/15::22:41:22: Applying transform 10.0... 
01/28/15::22:41:22:  Assembling U(0,1) 
01/28/15::22:41:22: Assembling BEM matrix block (0,1) 
01/28/15::22:43:03:   Computing ZForce... 
01/28/15::22:43:14: Computing Casimir integrand at Xi=0.260901
 
01/28/15::22:43:14: Assembling T1 at Xi=2.609010e-01... 
01/28/15::22:43:14: Assembling BEM matrix block (0,0) 
01/28/15::22:43:23: Assembling T2 at Xi=2.609010e-01... 
01/28/15::22:43:23: Assembling BEM matrix block (1,1) 
01/28/15::23:29:56: LU-factorizing T1 at Xi=0.260901... 
01/28/15::23:29:56: LU-factorizing T2 at Xi=0.260901... 
01/28/15::23:30:25: Applying transform 10.0... 
01/28/15::23:30:25:  Assembling U(0,1) 
01/28/15::23:30:25: Assembling BEM matrix block (0,1) 
01/28/15::23:32:06:   Computing ZForce... 
01/28/15::23:32:17: Computing Casimir integrand at Xi=0.156941
 
01/28/15::23:32:17: Assembling T1 at Xi=1.569406e-01... 
01/28/15::23:32:17: Assembling BEM matrix block (0,0) 
01/28/15::23:32:26: Assembling T2 at Xi=1.569406e-01... 
01/28/15::23:32:26: Assembling BEM matrix block (1,1) 
01/29/15::00:18:44: LU-factorizing T1 at Xi=0.156941... 
01/29/15::00:18:44: LU-factorizing T2 at Xi=0.156941... 
01/29/15::00:19:13: Applying transform 10.0... 
01/29/15::00:19:13:  Assembling U(0,1) 
01/29/15::00:19:13: Assembling BEM matrix block (0,1) 
01/29/15::00:20:53:   Computing ZForce... 
01/29/15::00:21:04: Computing Casimir integrand at Xi=0.226248
 
01/29/15::00:21:04: Assembling T1 at Xi=2.262475e-01... 
01/29/15::00:21:04: Assembling BEM matrix block (0,0) 
01/29/15::00:21:14: Assembling T2 at Xi=2.262475e-01... 
01/29/15::00:21:14: Assembling BEM matrix block (1,1) 
01/29/15::01:07:33: LU-factorizing T1 at Xi=0.226248... 
01/29/15::01:07:33: LU-factorizing T2 at Xi=0.226248... 
01/29/15::01:08:02: Applying transform 10.0... 
01/29/15::01:08:02:  Assembling U(0,1) 
01/29/15::01:08:02: Assembling BEM matrix block (0,1) 
01/29/15::01:09:42:   Computing ZForce... 
01/29/15::01:09:53: Computing Casimir integrand at Xi=0.260901
 
01/29/15::01:09:53: Assembling T1 at Xi=2.609010e-01... 
01/29/15::01:09:53: Assembling BEM matrix block (0,0) 
01/29/15::01:10:02: Assembling T2 at Xi=2.609010e-01... 
01/29/15::01:10:02: Assembling BEM matrix block (1,1) 
01/29/15::01:56:20: LU-factorizing T1 at Xi=0.260901... 
01/29/15::01:56:20: LU-factorizing T2 at Xi=0.260901... 
01/29/15::01:56:48: Applying transform 10.0... 
01/29/15::01:56:48:  Assembling U(0,1) 
01/29/15::01:56:48: Assembling BEM matrix block (0,1) 
01/29/15::01:58:28:   Computing ZForce... 
01/29/15::01:58:39: Computing Casimir integrand at Xi=0.208921
 
01/29/15::01:58:39: Assembling T1 at Xi=2.089208e-01... 
01/29/15::01:58:39: Assembling BEM matrix block (0,0) 
01/29/15::01:58:48: Assembling T2 at Xi=2.089208e-01... 
01/29/15::01:58:48: Assembling BEM matrix block (1,1) 
01/29/15::02:45:06: LU-factorizing T1 at Xi=0.208921... 
01/29/15::02:45:06: LU-factorizing T2 at Xi=0.208921... 
01/29/15::02:45:35: Applying transform 10.0... 
01/29/15::02:45:35:  Assembling U(0,1) 
01/29/15::02:45:35: Assembling BEM matrix block (0,1) 
01/29/15::02:47:16:   Computing ZForce... 
01/29/15::02:47:26: Computing Casimir integrand at Xi=0.260901
 
01/29/15::02:47:26: Assembling T1 at Xi=2.609010e-01... 
01/29/15::02:47:26: Assembling BEM matrix block (0,0) 
01/29/15::02:47:36: Assembling T2 at Xi=2.609010e-01... 
01/29/15::02:47:36: Assembling BEM matrix block (1,1) 
01/29/15::03:33:59: LU-factorizing T1 at Xi=0.260901... 
01/29/15::03:33:59: LU-factorizing T2 at Xi=0.260901... 
01/29/15::03:34:28: Applying transform 10.0... 
01/29/15::03:34:28:  Assembling U(0,1) 
01/29/15::03:34:28: Assembling BEM matrix block (0,1) 
01/29/15::03:36:09:   Computing ZForce... 
01/29/15::03:36:20: Computing Casimir integrand at Xi=0.295554
 
01/29/15::03:36:20: Assembling T1 at Xi=2.955545e-01... 
01/29/15::03:36:20: Assembling BEM matrix block (0,0) 
01/29/15::03:36:29: Assembling T2 at Xi=2.955545e-01... 
01/29/15::03:36:29: Assembling BEM matrix block (1,1) 
01/29/15::04:22:55: LU-factorizing T1 at Xi=0.295554... 
01/29/15::04:22:55: LU-factorizing T2 at Xi=0.295554... 
01/29/15::04:23:24: Applying transform 10.0... 
01/29/15::04:23:24:  Assembling U(0,1) 
01/29/15::04:23:24: Assembling BEM matrix block (0,1) 
01/29/15::04:25:05:   Computing ZForce... 
01/29/15::04:25:16: Computing Casimir integrand at Xi=0.243574
 
01/29/15::04:25:16: Assembling T1 at Xi=2.435743e-01... 
01/29/15::04:25:16: Assembling BEM matrix block (0,0) 
01/29/15::04:25:25: Assembling T2 at Xi=2.435743e-01... 
01/29/15::04:25:25: Assembling BEM matrix block (1,1) 
01/29/15::05:12:00: LU-factorizing T1 at Xi=0.243574... 
01/29/15::05:12:00: LU-factorizing T2 at Xi=0.243574... 
01/29/15::05:12:29: Applying transform 10.0... 
01/29/15::05:12:29:  Assembling U(0,1) 
01/29/15::05:12:29: Assembling BEM matrix block (0,1) 
01/29/15::05:14:10:   Computing ZForce... 
01/29/15::05:14:21: Computing Casimir integrand at Xi=0.295554
 
01/29/15::05:14:21: Assembling T1 at Xi=2.955545e-01... 
01/29/15::05:14:21: Assembling BEM matrix block (0,0) 
01/29/15::05:14:30: Assembling T2 at Xi=2.955545e-01... 
01/29/15::05:14:30: Assembling BEM matrix block (1,1) 
01/29/15::06:00:53: LU-factorizing T1 at Xi=0.295554... 
01/29/15::06:00:53: LU-factorizing T2 at Xi=0.295554... 
01/29/15::06:01:22: Applying transform 10.0... 
01/29/15::06:01:22:  Assembling U(0,1) 
01/29/15::06:01:22: Assembling BEM matrix block (0,1) 
01/29/15::06:03:03:   Computing ZForce... 
01/29/15::06:03:14: Computing Casimir integrand at Xi=0.330208
 
01/29/15::06:03:14: Assembling T1 at Xi=3.302079e-01... 
01/29/15::06:03:14: Assembling BEM matrix block (0,0) 
01/29/15::06:03:24: Assembling T2 at Xi=3.302079e-01... 
01/29/15::06:03:24: Assembling BEM matrix block (1,1) 
01/29/15::06:49:50: LU-factorizing T1 at Xi=0.330208... 
01/29/15::06:49:50: LU-factorizing T2 at Xi=0.330208... 
01/29/15::06:50:19: Applying transform 10.0... 
01/29/15::06:50:19:  Assembling U(0,1) 
01/29/15::06:50:19: Assembling BEM matrix block (0,1) 
01/29/15::06:52:00:   Computing ZForce... 
01/29/15::06:52:11: Computing Casimir integrand at Xi=0.278228
 
01/29/15::06:52:11: Assembling T1 at Xi=2.782277e-01... 
01/29/15::06:52:11: Assembling BEM matrix block (0,0) 
01/29/15::06:52:20: Assembling T2 at Xi=2.782277e-01... 
01/29/15::06:52:20: Assembling BEM matrix block (1,1) 
01/29/15::07:38:45: LU-factorizing T1 at Xi=0.278228... 
01/29/15::07:38:45: LU-factorizing T2 at Xi=0.278228... 
01/29/15::07:39:14: Applying transform 10.0... 
01/29/15::07:39:14:  Assembling U(0,1) 
01/29/15::07:39:14: Assembling BEM matrix block (0,1) 
01/29/15::07:40:56:   Computing ZForce... 
01/29/15::07:41:07: Computing Casimir integrand at Xi=0.330208
 
01/29/15::07:41:07: Assembling T1 at Xi=3.302079e-01... 
01/29/15::07:41:07: Assembling BEM matrix block (0,0) 
01/29/15::07:41:17: Assembling T2 at Xi=3.302079e-01... 
01/29/15::07:41:17: Assembling BEM matrix block (1,1) 
01/29/15::08:27:43: LU-factorizing T1 at Xi=0.330208... 
01/29/15::08:27:43: LU-factorizing T2 at Xi=0.330208... 
01/29/15::08:28:11: Applying transform 10.0... 
01/29/15::08:28:11:  Assembling U(0,1) 
01/29/15::08:28:11: Assembling BEM matrix block (0,1) 
01/29/15::08:29:53:   Computing ZForce... 
01/29/15::08:30:04: Computing Casimir integrand at Xi=0.364861
 
01/29/15::08:30:04: Assembling T1 at Xi=3.648614e-01... 
01/29/15::08:30:04: Assembling BEM matrix block (0,0) 
01/29/15::08:30:14: Assembling T2 at Xi=3.648614e-01... 
01/29/15::08:30:14: Assembling BEM matrix block (1,1) 
01/29/15::09:16:42: LU-factorizing T1 at Xi=0.364861... 
01/29/15::09:16:42: LU-factorizing T2 at Xi=0.364861... 
01/29/15::09:17:11: Applying transform 10.0... 
01/29/15::09:17:11:  Assembling U(0,1) 
01/29/15::09:17:11: Assembling BEM matrix block (0,1) 
01/29/15::09:18:53:   Computing ZForce... 
01/29/15::09:19:04: Computing Casimir integrand at Xi=0.312881
 
01/29/15::09:19:04: Assembling T1 at Xi=3.128812e-01... 
01/29/15::09:19:04: Assembling BEM matrix block (0,0) 
01/29/15::09:19:14: Assembling T2 at Xi=3.128812e-01... 
01/29/15::09:19:14: Assembling BEM matrix block (1,1) 
01/29/15::10:05:38: LU-factorizing T1 at Xi=0.312881... 
01/29/15::10:05:38: LU-factorizing T2 at Xi=0.312881... 
01/29/15::10:06:07: Applying transform 10.0... 
01/29/15::10:06:07:  Assembling U(0,1) 
01/29/15::10:06:07: Assembling BEM matrix block (0,1) 
01/29/15::10:07:48:   Computing ZForce... 
01/29/15::10:07:59: Computing Casimir integrand at Xi=0.364861
 
01/29/15::10:07:59: Assembling T1 at Xi=3.648614e-01... 
01/29/15::10:07:59: Assembling BEM matrix block (0,0) 
01/29/15::10:08:08: Assembling T2 at Xi=3.648614e-01... 
01/29/15::10:08:08: Assembling BEM matrix block (1,1) 
01/29/15::10:54:38: LU-factorizing T1 at Xi=0.364861... 
01/29/15::10:54:38: LU-factorizing T2 at Xi=0.364861... 
01/29/15::10:55:08: Applying transform 10.0... 
01/29/15::10:55:08:  Assembling U(0,1) 
01/29/15::10:55:08: Assembling BEM matrix block (0,1) 
01/29/15::10:56:48:   Computing ZForce... 
01/29/15::10:56:59: Computing Casimir integrand at Xi=0.399515
 
01/29/15::10:56:59: Assembling T1 at Xi=3.995149e-01... 
01/29/15::10:56:59: Assembling BEM matrix block (0,0) 
01/29/15::10:57:09: Assembling T2 at Xi=3.995149e-01... 
01/29/15::10:57:09: Assembling BEM matrix block (1,1) 
01/29/15::11:43:38: LU-factorizing T1 at Xi=0.399515... 
01/29/15::11:43:38: LU-factorizing T2 at Xi=0.399515... 
01/29/15::11:44:07: Applying transform 10.0... 
01/29/15::11:44:07:  Assembling U(0,1) 
01/29/15::11:44:07: Assembling BEM matrix block (0,1) 
01/29/15::11:45:48:   Computing ZForce... 
01/29/15::11:45:58: Computing Casimir integrand at Xi=0.347535
 
01/29/15::11:45:58: Assembling T1 at Xi=3.475347e-01... 
01/29/15::11:45:58: Assembling BEM matrix block (0,0) 
01/29/15::11:46:08: Assembling T2 at Xi=3.475347e-01... 
01/29/15::11:46:08: Assembling BEM matrix block (1,1) 
01/29/15::12:32:40: LU-factorizing T1 at Xi=0.347535... 
01/29/15::12:32:40: LU-factorizing T2 at Xi=0.347535... 
01/29/15::12:33:08: Applying transform 10.0... 
01/29/15::12:33:08:  Assembling U(0,1) 
01/29/15::12:33:08: Assembling BEM matrix block (0,1) 
01/29/15::12:34:49:   Computing ZForce... 
01/29/15::12:35:00: Computing Casimir integrand at Xi=0.399515
 
01/29/15::12:35:00: Assembling T1 at Xi=3.995149e-01... 
01/29/15::12:35:00: Assembling BEM matrix block (0,0) 
01/29/15::12:35:10: Assembling T2 at Xi=3.995149e-01... 
01/29/15::12:35:10: Assembling BEM matrix block (1,1) 
01/29/15::13:21:44: LU-factorizing T1 at Xi=0.399515... 
01/29/15::13:21:44: LU-factorizing T2 at Xi=0.399515... 
01/29/15::13:22:12: Applying transform 10.0... 
01/29/15::13:22:13:  Assembling U(0,1) 
01/29/15::13:22:13: Assembling BEM matrix block (0,1) 
01/29/15::13:23:53:   Computing ZForce... 
01/29/15::13:24:04: Computing Casimir integrand at Xi=0.434168
 
01/29/15::13:24:04: Assembling T1 at Xi=4.341683e-01... 
01/29/15::13:24:04: Assembling BEM matrix block (0,0) 
01/29/15::13:24:14: Assembling T2 at Xi=4.341683e-01... 
01/29/15::13:24:14: Assembling BEM matrix block (1,1) 
01/29/15::14:10:54: LU-factorizing T1 at Xi=0.434168... 
01/29/15::14:10:54: LU-factorizing T2 at Xi=0.434168... 
01/29/15::14:11:22: Applying transform 10.0... 
01/29/15::14:11:22:  Assembling U(0,1) 
01/29/15::14:11:22: Assembling BEM matrix block (0,1) 
01/29/15::14:13:02:   Computing ZForce... 
01/29/15::14:13:13: Computing Casimir integrand at Xi=0.382188
 
01/29/15::14:13:13: Assembling T1 at Xi=3.821881e-01... 
01/29/15::14:13:13: Assembling BEM matrix block (0,0) 
01/29/15::14:13:23: Assembling T2 at Xi=3.821881e-01... 
01/29/15::14:13:23: Assembling BEM matrix block (1,1) 
01/29/15::14:59:49: LU-factorizing T1 at Xi=0.382188... 
01/29/15::14:59:49: LU-factorizing T2 at Xi=0.382188... 
01/29/15::15:00:17: Applying transform 10.0... 
01/29/15::15:00:17:  Assembling U(0,1) 
01/29/15::15:00:17: Assembling BEM matrix block (0,1) 
01/29/15::15:01:57:   Computing ZForce... 
01/29/15::15:02:07: Computing Casimir integrand at Xi=0.434168
 
01/29/15::15:02:07: Assembling T1 at Xi=4.341683e-01... 
01/29/15::15:02:07: Assembling BEM matrix block (0,0) 
01/29/15::15:02:17: Assembling T2 at Xi=4.341683e-01... 
01/29/15::15:02:17: Assembling BEM matrix block (1,1) 
01/29/15::15:48:51: LU-factorizing T1 at Xi=0.434168... 
01/29/15::15:48:52: LU-factorizing T2 at Xi=0.434168... 
01/29/15::15:49:20: Applying transform 10.0... 
01/29/15::15:49:20:  Assembling U(0,1) 
01/29/15::15:49:20: Assembling BEM matrix block (0,1) 
01/29/15::15:50:59:   Computing ZForce... 
01/29/15::15:51:10: Computing Casimir integrand at Xi=0.468822
 
01/29/15::15:51:10: Assembling T1 at Xi=4.688218e-01... 
01/29/15::15:51:10: Assembling BEM matrix block (0,0) 
01/29/15::15:51:21: Assembling T2 at Xi=4.688218e-01... 
01/29/15::15:51:21: Assembling BEM matrix block (1,1) 
01/29/15::16:37:57: LU-factorizing T1 at Xi=0.468822... 
01/29/15::16:37:57: LU-factorizing T2 at Xi=0.468822... 
01/29/15::16:38:25: Applying transform 10.0... 
01/29/15::16:38:25:  Assembling U(0,1) 
01/29/15::16:38:25: Assembling BEM matrix block (0,1) 
01/29/15::16:40:05:   Computing ZForce... 
01/29/15::16:40:15: Computing Casimir integrand at Xi=0.416842
 
01/29/15::16:40:15: Assembling T1 at Xi=4.168416e-01... 
01/29/15::16:40:15: Assembling BEM matrix block (0,0) 
01/29/15::16:40:25: Assembling T2 at Xi=4.168416e-01... 
01/29/15::16:40:25: Assembling BEM matrix block (1,1) 
01/29/15::17:26:52: LU-factorizing T1 at Xi=0.416842... 
01/29/15::17:26:52: LU-factorizing T2 at Xi=0.416842... 
01/29/15::17:27:21: Applying transform 10.0... 
01/29/15::17:27:21:  Assembling U(0,1) 
01/29/15::17:27:21: Assembling BEM matrix block (0,1) 
01/29/15::17:29:01:   Computing ZForce... 
01/29/15::17:29:12: Computing Casimir integrand at Xi=0.468822
 
01/29/15::17:29:12: Assembling T1 at Xi=4.688218e-01... 
01/29/15::17:29:12: Assembling BEM matrix block (0,0) 
01/29/15::17:29:22: Assembling T2 at Xi=4.688218e-01... 
01/29/15::17:29:22: Assembling BEM matrix block (1,1) 
01/29/15::18:15:54: LU-factorizing T1 at Xi=0.468822... 
01/29/15::18:15:54: LU-factorizing T2 at Xi=0.468822... 
01/29/15::18:16:23: Applying transform 10.0... 
01/29/15::18:16:23:  Assembling U(0,1) 
01/29/15::18:16:23: Assembling BEM matrix block (0,1) 
01/29/15::18:18:03:   Computing ZForce... 
01/29/15::18:18:13: Computing Casimir integrand at Xi=0.503475
 
01/29/15::18:18:13: Assembling T1 at Xi=5.034752e-01... 
01/29/15::18:18:13: Assembling BEM matrix block (0,0) 
01/29/15::18:18:24: Assembling T2 at Xi=5.034752e-01... 
01/29/15::18:18:24: Assembling BEM matrix block (1,1) 
01/29/15::19:05:08: LU-factorizing T1 at Xi=0.503475... 
01/29/15::19:05:08: LU-factorizing T2 at Xi=0.503475... 
01/29/15::19:05:37: Applying transform 10.0... 
01/29/15::19:05:37:  Assembling U(0,1) 
01/29/15::19:05:37: Assembling BEM matrix block (0,1) 
01/29/15::19:07:16:   Computing ZForce... 
01/29/15::19:07:27: Computing Casimir integrand at Xi=0.451495
 
01/29/15::19:07:27: Assembling T1 at Xi=4.514950e-01... 
01/29/15::19:07:27: Assembling BEM matrix block (0,0) 
01/29/15::19:07:37: Assembling T2 at Xi=4.514950e-01... 
01/29/15::19:07:37: Assembling BEM matrix block (1,1) 
01/29/15::19:54:08: LU-factorizing T1 at Xi=0.451495... 
01/29/15::19:54:08: LU-factorizing T2 at Xi=0.451495... 
01/29/15::19:54:36: Applying transform 10.0... 
01/29/15::19:54:36:  Assembling U(0,1) 
01/29/15::19:54:36: Assembling BEM matrix block (0,1) 
01/29/15::19:56:16:   Computing ZForce... 
01/29/15::19:56:27: Computing Casimir integrand at Xi=0.503475
 
01/29/15::19:56:27: Assembling T1 at Xi=5.034752e-01... 
01/29/15::19:56:27: Assembling BEM matrix block (0,0) 
01/29/15::19:56:37: Assembling T2 at Xi=5.034752e-01... 
01/29/15::19:56:37: Assembling BEM matrix block (1,1) 
01/29/15::20:43:20: LU-factorizing T1 at Xi=0.503475... 
01/29/15::20:43:20: LU-factorizing T2 at Xi=0.503475... 
01/29/15::20:43:48: Applying transform 10.0... 
01/29/15::20:43:48:  Assembling U(0,1) 
01/29/15::20:43:48: Assembling BEM matrix block (0,1) 
01/29/15::20:45:28:   Computing ZForce... 
01/29/15::20:45:39: Computing Casimir integrand at Xi=0.538129
 
01/29/15::20:45:39: Assembling T1 at Xi=5.381287e-01... 
01/29/15::20:45:39: Assembling BEM matrix block (0,0) 
01/29/15::20:45:49: Assembling T2 at Xi=5.381287e-01... 
01/29/15::20:45:49: Assembling BEM matrix block (1,1) 
01/29/15::21:32:27: LU-factorizing T1 at Xi=0.538129... 
01/29/15::21:32:27: LU-factorizing T2 at Xi=0.538129... 
01/29/15::21:32:55: Applying transform 10.0... 
01/29/15::21:32:55:  Assembling U(0,1) 
01/29/15::21:32:55: Assembling BEM matrix block (0,1) 
01/29/15::21:34:35:   Computing ZForce... 
01/29/15::21:34:46: Computing Casimir integrand at Xi=0.486149
 
01/29/15::21:34:46: Assembling T1 at Xi=4.861485e-01... 
01/29/15::21:34:46: Assembling BEM matrix block (0,0) 
01/29/15::21:34:56: Assembling T2 at Xi=4.861485e-01... 
01/29/15::21:34:56: Assembling BEM matrix block (1,1) 
01/29/15::22:21:32: LU-factorizing T1 at Xi=0.486149... 
01/29/15::22:21:32: LU-factorizing T2 at Xi=0.486149... 
01/29/15::22:22:00: Applying transform 10.0... 
01/29/15::22:22:00:  Assembling U(0,1) 
01/29/15::22:22:00: Assembling BEM matrix block (0,1) 
01/29/15::22:23:40:   Computing ZForce... 
01/29/15::22:23:51: Computing Casimir integrand at Xi=0.538129
 
01/29/15::22:23:51: Assembling T1 at Xi=5.381287e-01... 
01/29/15::22:23:51: Assembling BEM matrix block (0,0) 
01/29/15::22:24:01: Assembling T2 at Xi=5.381287e-01... 
01/29/15::22:24:01: Assembling BEM matrix block (1,1) 
01/29/15::23:10:39: LU-factorizing T1 at Xi=0.538129... 
01/29/15::23:10:39: LU-factorizing T2 at Xi=0.538129... 
01/29/15::23:11:07: Applying transform 10.0... 
01/29/15::23:11:07:  Assembling U(0,1) 
01/29/15::23:11:07: Assembling BEM matrix block (0,1) 
01/29/15::23:12:48:   Computing ZForce... 
01/29/15::23:12:59: Computing Casimir integrand at Xi=0.572782
 
01/29/15::23:12:59: Assembling T1 at Xi=5.727822e-01... 
01/29/15::23:12:59: Assembling BEM matrix block (0,0) 
01/29/15::23:13:09: Assembling T2 at Xi=5.727822e-01... 
01/29/15::23:13:09: Assembling BEM matrix block (1,1) 
01/29/15::23:59:57: LU-factorizing T1 at Xi=0.572782... 
01/29/15::23:59:57: LU-factorizing T2 at Xi=0.572782... 
01/30/15::00:00:26: Applying transform 10.0... 
01/30/15::00:00:26:  Assembling U(0,1) 
01/30/15::00:00:26: Assembling BEM matrix block (0,1) 
01/30/15::00:02:06:   Computing ZForce... 
01/30/15::00:02:17: Computing Casimir integrand at Xi=0.520802
 
01/30/15::00:02:17: Assembling T1 at Xi=5.208020e-01... 
01/30/15::00:02:17: Assembling BEM matrix block (0,0) 
01/30/15::00:02:28: Assembling T2 at Xi=5.208020e-01... 
01/30/15::00:02:28: Assembling BEM matrix block (1,1) 
01/30/15::00:49:08: LU-factorizing T1 at Xi=0.520802... 
01/30/15::00:49:08: LU-factorizing T2 at Xi=0.520802... 
01/30/15::00:49:36: Applying transform 10.0... 
01/30/15::00:49:36:  Assembling U(0,1) 
01/30/15::00:49:36: Assembling BEM matrix block (0,1) 
01/30/15::00:51:17:   Computing ZForce... 
