03/23/15::08:10:44: scuff-cas3D running on fell0149 
03/23/15::08:10:44: Setting material properties of exterior region to VACUUM. 
03/23/15::08:10:44: Flipped 1740 panel normals to comport with region definitions. 
03/23/15::08:10:44: Computing full Matsubara-summed Casimir quantities at T=3.000000e+02 Kelvin. 
03/23/15::08:10:44: Read 1 geometrical transformations from file RatioBeadCubePEC_L-5.0_grid-0.5_T-300.trans. 
03/23/15::08:10:48: Beginning Matsubara sum at T=300 kelvin... 
03/23/15::08:10:48: Computing Casimir integrand at Xi=0.001
 
03/23/15::08:10:48: Assembling T1 at Xi=1.000000e-03... 
03/23/15::08:10:48: Assembling BEM matrix block (0,0) 
03/23/15::08:12:16: Assembling T2 at Xi=1.000000e-03... 
03/23/15::08:12:16: Assembling BEM matrix block (1,1) 
03/23/15::08:30:18: LU-factorizing T1 at Xi=0.001... 
03/23/15::08:30:19: LU-factorizing T2 at Xi=0.001... 
03/23/15::08:30:52: Applying transform 0... 
03/23/15::08:30:52:  Assembling U(0,1) 
03/23/15::08:30:52: Assembling BEM matrix block (0,1) 
03/23/15::08:33:35:   Computing ZForce... 
03/23/15::08:33:50: Computing Casimir integrand at Xi=0.823279
 
03/23/15::08:33:50: Assembling T1 at Xi=8.232789e-01... 
03/23/15::08:33:50: Assembling BEM matrix block (0,0) 
03/23/15::08:33:59: Assembling T2 at Xi=8.232789e-01... 
03/23/15::08:33:59: Assembling BEM matrix block (1,1) 
03/23/15::08:48:46: LU-factorizing T1 at Xi=0.823279... 
03/23/15::08:48:47: LU-factorizing T2 at Xi=0.823279... 
03/23/15::08:49:20: Applying transform 0... 
03/23/15::08:49:20:  Assembling U(0,1) 
03/23/15::08:49:20: Assembling BEM matrix block (0,1) 
03/23/15::08:52:05:   Computing ZForce... 
03/23/15::08:52:21: Computing Casimir integrand at Xi=1.64656
 
03/23/15::08:52:21: Assembling T1 at Xi=1.646558e+00... 
03/23/15::08:52:21: Assembling BEM matrix block (0,0) 
03/23/15::08:52:31: Assembling T2 at Xi=1.646558e+00... 
03/23/15::08:52:31: Assembling BEM matrix block (1,1) 
03/23/15::09:12:17: LU-factorizing T1 at Xi=1.64656... 
03/23/15::09:12:17: LU-factorizing T2 at Xi=1.64656... 
03/23/15::09:12:49: Applying transform 0... 
03/23/15::09:12:49:  Assembling U(0,1) 
03/23/15::09:12:49: Assembling BEM matrix block (0,1) 
03/23/15::09:15:31:   Computing ZForce... 
03/23/15::09:15:46: Computing Casimir integrand at Xi=2.46984
 
03/23/15::09:15:46: Assembling T1 at Xi=2.469837e+00... 
03/23/15::09:15:46: Assembling BEM matrix block (0,0) 
03/23/15::09:15:58: Assembling T2 at Xi=2.469837e+00... 
03/23/15::09:15:58: Assembling BEM matrix block (1,1) 
03/23/15::09:38:05: LU-factorizing T1 at Xi=2.46984... 
03/23/15::09:38:05: LU-factorizing T2 at Xi=2.46984... 
03/23/15::09:38:39: Applying transform 0... 
03/23/15::09:38:39:  Assembling U(0,1) 
03/23/15::09:38:39: Assembling BEM matrix block (0,1) 
03/23/15::09:41:25:   Computing ZForce... 
03/23/15::09:41:41: Computing Casimir integrand at Xi=3.29312
 
03/23/15::09:41:41: Assembling T1 at Xi=3.293115e+00... 
03/23/15::09:41:41: Assembling BEM matrix block (0,0) 
03/23/15::09:42:02: Assembling T2 at Xi=3.293115e+00... 
03/23/15::09:42:02: Assembling BEM matrix block (1,1) 
03/23/15::10:06:35: LU-factorizing T1 at Xi=3.29312... 
03/23/15::10:06:35: LU-factorizing T2 at Xi=3.29312... 
03/23/15::10:07:06: Applying transform 0... 
03/23/15::10:07:06:  Assembling U(0,1) 
03/23/15::10:07:06: Assembling BEM matrix block (0,1) 
03/23/15::10:09:49:   Computing ZForce... 
03/23/15::10:10:04: Matsubara sum converged after summing n=4 frequency points. 
