01/28/15::16:05:26: scuff-cas3D running on barley07.stanford.edu 
01/28/15::16:05:26: Setting material properties of exterior region to VACUUM. 
01/28/15::16:05:26: Flipped 514 panel normals to comport with region definitions. 
01/28/15::16:05:26: Computing full zero-temperature Casimir quantities. 
01/28/15::16:05:26: Read 1 geometrical transformations from file Bead_L-0.794328.trans. 
01/28/15::16:05:27: Minimum distance between surface points=8.943280e-01 
01/28/15::16:05:27: Computing Casimir integrand at Xi=0.001
 
01/28/15::16:05:27: Assembling T1 at Xi=1.000000e-03... 
01/28/15::16:05:27: Assembling BEM matrix block (0,0) 
01/28/15::16:06:15: Assembling T2 at Xi=1.000000e-03... 
01/28/15::16:06:15: Assembling BEM matrix block (1,1) 
01/28/15::16:59:22: LU-factorizing T1 at Xi=0.001... 
01/28/15::16:59:22: LU-factorizing T2 at Xi=0.001... 
01/28/15::16:59:51: Applying transform 0.794328... 
01/28/15::16:59:51:  Assembling U(0,1) 
01/28/15::16:59:51: Assembling BEM matrix block (0,1) 
01/28/15::17:07:35:   Computing ZForce... 
01/28/15::17:07:46: Computing Casimir integrand at Xi=0.0988388
 
01/28/15::17:07:46: Assembling T1 at Xi=9.883882e-02... 
01/28/15::17:07:46: Assembling BEM matrix block (0,0) 
01/28/15::17:07:55: Assembling T2 at Xi=9.883882e-02... 
01/28/15::17:07:55: Assembling BEM matrix block (1,1) 
01/28/15::17:54:44: LU-factorizing T1 at Xi=0.0988388... 
01/28/15::17:54:44: LU-factorizing T2 at Xi=0.0988388... 
01/28/15::17:55:13: Applying transform 0.794328... 
01/28/15::17:55:13:  Assembling U(0,1) 
01/28/15::17:55:13: Assembling BEM matrix block (0,1) 
01/28/15::18:02:31:   Computing ZForce... 
01/28/15::18:02:42: Computing Casimir integrand at Xi=0.196678
 
01/28/15::18:02:42: Assembling T1 at Xi=1.966776e-01... 
01/28/15::18:02:42: Assembling BEM matrix block (0,0) 
01/28/15::18:02:52: Assembling T2 at Xi=1.966776e-01... 
01/28/15::18:02:52: Assembling BEM matrix block (1,1) 
01/28/15::18:49:45: LU-factorizing T1 at Xi=0.196678... 
01/28/15::18:49:45: LU-factorizing T2 at Xi=0.196678... 
01/28/15::18:50:14: Applying transform 0.794328... 
01/28/15::18:50:14:  Assembling U(0,1) 
01/28/15::18:50:14: Assembling BEM matrix block (0,1) 
01/28/15::18:57:31:   Computing ZForce... 
01/28/15::18:57:42: Computing Casimir integrand at Xi=0.392355
 
01/28/15::18:57:42: Assembling T1 at Xi=3.923553e-01... 
01/28/15::18:57:42: Assembling BEM matrix block (0,0) 
01/28/15::18:57:52: Assembling T2 at Xi=3.923553e-01... 
01/28/15::18:57:52: Assembling BEM matrix block (1,1) 
01/28/15::19:44:59: LU-factorizing T1 at Xi=0.392355... 
01/28/15::19:44:59: LU-factorizing T2 at Xi=0.392355... 
01/28/15::19:45:28: Applying transform 0.794328... 
01/28/15::19:45:28:  Assembling U(0,1) 
01/28/15::19:45:28: Assembling BEM matrix block (0,1) 
01/28/15::19:52:47:   Computing ZForce... 
01/28/15::19:52:57: Computing Casimir integrand at Xi=0.588033
 
01/28/15::19:52:57: Assembling T1 at Xi=5.880329e-01... 
01/28/15::19:52:57: Assembling BEM matrix block (0,0) 
01/28/15::19:53:08: Assembling T2 at Xi=5.880329e-01... 
01/28/15::19:53:08: Assembling BEM matrix block (1,1) 
01/28/15::20:39:48: LU-factorizing T1 at Xi=0.588033... 
01/28/15::20:39:48: LU-factorizing T2 at Xi=0.588033... 
01/28/15::20:40:16: Applying transform 0.794328... 
01/28/15::20:40:16:  Assembling U(0,1) 
01/28/15::20:40:16: Assembling BEM matrix block (0,1) 
01/28/15::20:47:28:   Computing ZForce... 
01/28/15::20:47:39: Computing Casimir integrand at Xi=0.783711
 
01/28/15::20:47:39: Assembling T1 at Xi=7.837106e-01... 
01/28/15::20:47:39: Assembling BEM matrix block (0,0) 
01/28/15::20:47:50: Assembling T2 at Xi=7.837106e-01... 
01/28/15::20:47:50: Assembling BEM matrix block (1,1) 
01/28/15::21:35:24: LU-factorizing T1 at Xi=0.783711... 
01/28/15::21:35:24: LU-factorizing T2 at Xi=0.783711... 
01/28/15::21:35:53: Applying transform 0.794328... 
01/28/15::21:35:53:  Assembling U(0,1) 
01/28/15::21:35:53: Assembling BEM matrix block (0,1) 
01/28/15::21:43:06:   Computing ZForce... 
01/28/15::21:43:16: Computing Casimir integrand at Xi=0.979388
 
01/28/15::21:43:16: Assembling T1 at Xi=9.793882e-01... 
01/28/15::21:43:16: Assembling BEM matrix block (0,0) 
01/28/15::21:43:29: Assembling T2 at Xi=9.793882e-01... 
01/28/15::21:43:29: Assembling BEM matrix block (1,1) 
01/28/15::23:06:25: LU-factorizing T1 at Xi=0.979388... 
01/28/15::23:06:25: LU-factorizing T2 at Xi=0.979388... 
01/28/15::23:06:54: Applying transform 0.794328... 
01/28/15::23:06:54:  Assembling U(0,1) 
01/28/15::23:06:54: Assembling BEM matrix block (0,1) 
01/28/15::23:13:59:   Computing ZForce... 
01/28/15::23:14:10: Computing Casimir integrand at Xi=1.17507
 
01/28/15::23:14:10: Assembling T1 at Xi=1.175066e+00... 
01/28/15::23:14:10: Assembling BEM matrix block (0,0) 
01/28/15::23:14:44: Assembling T2 at Xi=1.175066e+00... 
01/28/15::23:14:44: Assembling BEM matrix block (1,1) 
01/29/15::00:37:47: LU-factorizing T1 at Xi=1.17507... 
01/29/15::00:37:47: LU-factorizing T2 at Xi=1.17507... 
01/29/15::00:38:16: Applying transform 0.794328... 
01/29/15::00:38:16:  Assembling U(0,1) 
01/29/15::00:38:16: Assembling BEM matrix block (0,1) 
01/29/15::00:45:21:   Computing ZForce... 
01/29/15::00:45:32: Computing Casimir integrand at Xi=1.37074
 
01/29/15::00:45:32: Assembling T1 at Xi=1.370744e+00... 
01/29/15::00:45:32: Assembling BEM matrix block (0,0) 
01/29/15::00:47:21: Assembling T2 at Xi=1.370744e+00... 
01/29/15::00:47:21: Assembling BEM matrix block (1,1) 
01/29/15::02:10:39: LU-factorizing T1 at Xi=1.37074... 
01/29/15::02:10:39: LU-factorizing T2 at Xi=1.37074... 
01/29/15::02:11:07: Applying transform 0.794328... 
01/29/15::02:11:07:  Assembling U(0,1) 
01/29/15::02:11:07: Assembling BEM matrix block (0,1) 
01/29/15::02:18:13:   Computing ZForce... 
01/29/15::02:18:23: Computing Casimir integrand at Xi=1.56642
 
01/29/15::02:18:23: Assembling T1 at Xi=1.566421e+00... 
01/29/15::02:18:23: Assembling BEM matrix block (0,0) 
01/29/15::02:21:30: Assembling T2 at Xi=1.566421e+00... 
01/29/15::02:21:30: Assembling BEM matrix block (1,1) 
01/29/15::03:46:36: LU-factorizing T1 at Xi=1.56642... 
01/29/15::03:46:36: LU-factorizing T2 at Xi=1.56642... 
01/29/15::03:47:05: Applying transform 0.794328... 
01/29/15::03:47:05:  Assembling U(0,1) 
01/29/15::03:47:05: Assembling BEM matrix block (0,1) 
01/29/15::03:54:09:   Computing ZForce... 
01/29/15::03:54:20: Computing Casimir integrand at Xi=1.7621
 
01/29/15::03:54:20: Assembling T1 at Xi=1.762099e+00... 
01/29/15::03:54:20: Assembling BEM matrix block (0,0) 
01/29/15::03:58:09: Assembling T2 at Xi=1.762099e+00... 
01/29/15::03:58:09: Assembling BEM matrix block (1,1) 
01/29/15::05:24:48: LU-factorizing T1 at Xi=1.7621... 
01/29/15::05:24:48: LU-factorizing T2 at Xi=1.7621... 
01/29/15::05:25:17: Applying transform 0.794328... 
01/29/15::05:25:17:  Assembling U(0,1) 
01/29/15::05:25:17: Assembling BEM matrix block (0,1) 
01/29/15::05:32:20:   Computing ZForce... 
01/29/15::05:32:31: Computing Casimir integrand at Xi=1.46858
 
01/29/15::05:32:31: Assembling T1 at Xi=1.468582e+00... 
01/29/15::05:32:31: Assembling BEM matrix block (0,0) 
01/29/15::05:35:03: Assembling T2 at Xi=1.468582e+00... 
01/29/15::05:35:03: Assembling BEM matrix block (1,1) 
01/29/15::06:59:02: LU-factorizing T1 at Xi=1.46858... 
01/29/15::06:59:03: LU-factorizing T2 at Xi=1.46858... 
01/29/15::06:59:31: Applying transform 0.794328... 
01/29/15::06:59:31:  Assembling U(0,1) 
01/29/15::06:59:31: Assembling BEM matrix block (0,1) 
01/29/15::07:06:38:   Computing ZForce... 
01/29/15::07:06:49: Computing Casimir integrand at Xi=1.7621
 
01/29/15::07:06:49: Assembling T1 at Xi=1.762099e+00... 
01/29/15::07:06:49: Assembling BEM matrix block (0,0) 
01/29/15::07:10:38: Assembling T2 at Xi=1.762099e+00... 
01/29/15::07:10:38: Assembling BEM matrix block (1,1) 
01/29/15::08:37:37: LU-factorizing T1 at Xi=1.7621... 
01/29/15::08:37:37: LU-factorizing T2 at Xi=1.7621... 
01/29/15::08:38:05: Applying transform 0.794328... 
01/29/15::08:38:05:  Assembling U(0,1) 
01/29/15::08:38:05: Assembling BEM matrix block (0,1) 
01/29/15::08:45:07:   Computing ZForce... 
01/29/15::08:45:18: Computing Casimir integrand at Xi=1.95778
 
01/29/15::08:45:18: Assembling T1 at Xi=1.957776e+00... 
01/29/15::08:45:18: Assembling BEM matrix block (0,0) 
01/29/15::08:49:15: Assembling T2 at Xi=1.957776e+00... 
01/29/15::08:49:15: Assembling BEM matrix block (1,1) 
01/29/15::10:16:26: LU-factorizing T1 at Xi=1.95778... 
01/29/15::10:16:26: LU-factorizing T2 at Xi=1.95778... 
01/29/15::10:16:54: Applying transform 0.794328... 
01/29/15::10:16:54:  Assembling U(0,1) 
01/29/15::10:16:54: Assembling BEM matrix block (0,1) 
01/29/15::10:23:57:   Computing ZForce... 
01/29/15::10:24:07: Computing Casimir integrand at Xi=1.66426
 
01/29/15::10:24:07: Assembling T1 at Xi=1.664260e+00... 
01/29/15::10:24:07: Assembling BEM matrix block (0,0) 
01/29/15::10:27:41: Assembling T2 at Xi=1.664260e+00... 
01/29/15::10:27:41: Assembling BEM matrix block (1,1) 
01/29/15::11:53:37: LU-factorizing T1 at Xi=1.66426... 
01/29/15::11:53:37: LU-factorizing T2 at Xi=1.66426... 
01/29/15::11:54:05: Applying transform 0.794328... 
01/29/15::11:54:05:  Assembling U(0,1) 
01/29/15::11:54:05: Assembling BEM matrix block (0,1) 
01/29/15::12:01:08:   Computing ZForce... 
01/29/15::12:01:19: Computing Casimir integrand at Xi=1.61534
 
01/29/15::12:01:19: Assembling T1 at Xi=1.615341e+00... 
01/29/15::12:01:19: Assembling BEM matrix block (0,0) 
01/29/15::12:04:40: Assembling T2 at Xi=1.615341e+00... 
01/29/15::12:04:40: Assembling BEM matrix block (1,1) 
01/29/15::13:29:59: LU-factorizing T1 at Xi=1.61534... 
01/29/15::13:29:59: LU-factorizing T2 at Xi=1.61534... 
01/29/15::13:30:28: Applying transform 0.794328... 
01/29/15::13:30:28:  Assembling U(0,1) 
01/29/15::13:30:28: Assembling BEM matrix block (0,1) 
01/29/15::13:37:32:   Computing ZForce... 
01/29/15::13:37:43: Computing Casimir integrand at Xi=1.71318
 
01/29/15::13:37:43: Assembling T1 at Xi=1.713179e+00... 
01/29/15::13:37:43: Assembling BEM matrix block (0,0) 
01/29/15::13:41:28: Assembling T2 at Xi=1.713179e+00... 
01/29/15::13:41:28: Assembling BEM matrix block (1,1) 
01/29/15::15:07:50: LU-factorizing T1 at Xi=1.71318... 
01/29/15::15:07:50: LU-factorizing T2 at Xi=1.71318... 
01/29/15::15:08:18: Applying transform 0.794328... 
01/29/15::15:08:18:  Assembling U(0,1) 
01/29/15::15:08:18: Assembling BEM matrix block (0,1) 
01/29/15::15:15:20:   Computing ZForce... 
01/29/15::15:15:31: Computing Casimir integrand at Xi=1.7621
 
01/29/15::15:15:31: Assembling T1 at Xi=1.762099e+00... 
01/29/15::15:15:31: Assembling BEM matrix block (0,0) 
01/29/15::15:19:20: Assembling T2 at Xi=1.762099e+00... 
01/29/15::15:19:20: Assembling BEM matrix block (1,1) 
01/29/15::16:45:54: LU-factorizing T1 at Xi=1.7621... 
01/29/15::16:45:54: LU-factorizing T2 at Xi=1.7621... 
01/29/15::16:46:23: Applying transform 0.794328... 
01/29/15::16:46:23:  Assembling U(0,1) 
01/29/15::16:46:23: Assembling BEM matrix block (0,1) 
01/29/15::16:53:24:   Computing ZForce... 
01/29/15::16:53:35: Computing Casimir integrand at Xi=1.68872
 
01/29/15::16:53:35: Assembling T1 at Xi=1.688720e+00... 
01/29/15::16:53:35: Assembling BEM matrix block (0,0) 
01/29/15::16:57:16: Assembling T2 at Xi=1.688720e+00... 
01/29/15::16:57:16: Assembling BEM matrix block (1,1) 
01/29/15::18:23:21: LU-factorizing T1 at Xi=1.68872... 
01/29/15::18:23:21: LU-factorizing T2 at Xi=1.68872... 
01/29/15::18:23:49: Applying transform 0.794328... 
01/29/15::18:23:49:  Assembling U(0,1) 
01/29/15::18:23:49: Assembling BEM matrix block (0,1) 
01/29/15::18:30:51:   Computing ZForce... 
01/29/15::18:31:02: Computing Casimir integrand at Xi=1.67649
 
01/29/15::18:31:02: Assembling T1 at Xi=1.676490e+00... 
01/29/15::18:31:02: Assembling BEM matrix block (0,0) 
01/29/15::18:34:38: Assembling T2 at Xi=1.676490e+00... 
01/29/15::18:34:38: Assembling BEM matrix block (1,1) 
01/29/15::20:00:47: LU-factorizing T1 at Xi=1.67649... 
01/29/15::20:00:47: LU-factorizing T2 at Xi=1.67649... 
01/29/15::20:01:16: Applying transform 0.794328... 
01/29/15::20:01:16:  Assembling U(0,1) 
01/29/15::20:01:16: Assembling BEM matrix block (0,1) 
01/29/15::20:08:18:   Computing ZForce... 
01/29/15::20:08:28: Computing Casimir integrand at Xi=1.71318
 
01/29/15::20:08:28: Assembling T1 at Xi=1.713179e+00... 
01/29/15::20:08:28: Assembling BEM matrix block (0,0) 
01/29/15::20:12:14: Assembling T2 at Xi=1.713179e+00... 
01/29/15::20:12:14: Assembling BEM matrix block (1,1) 
01/29/15::21:39:06: LU-factorizing T1 at Xi=1.71318... 
01/29/15::21:39:06: LU-factorizing T2 at Xi=1.71318... 
01/29/15::21:39:35: Applying transform 0.794328... 
01/29/15::21:39:35:  Assembling U(0,1) 
01/29/15::21:39:35: Assembling BEM matrix block (0,1) 
01/29/15::21:46:37:   Computing ZForce... 
01/29/15::21:46:47: Computing Casimir integrand at Xi=1.73764
 
01/29/15::21:46:47: Assembling T1 at Xi=1.737639e+00... 
01/29/15::21:46:47: Assembling BEM matrix block (0,0) 
01/29/15::21:50:36: Assembling T2 at Xi=1.737639e+00... 
01/29/15::21:50:36: Assembling BEM matrix block (1,1) 
01/29/15::23:17:07: LU-factorizing T1 at Xi=1.73764... 
01/29/15::23:17:07: LU-factorizing T2 at Xi=1.73764... 
01/29/15::23:17:35: Applying transform 0.794328... 
01/29/15::23:17:35:  Assembling U(0,1) 
01/29/15::23:17:35: Assembling BEM matrix block (0,1) 
01/29/15::23:24:38:   Computing ZForce... 
01/29/15::23:24:48: Computing Casimir integrand at Xi=1.70095
 
01/29/15::23:24:48: Assembling T1 at Xi=1.700950e+00... 
01/29/15::23:24:48: Assembling BEM matrix block (0,0) 
01/29/15::23:28:32: Assembling T2 at Xi=1.700950e+00... 
01/29/15::23:28:32: Assembling BEM matrix block (1,1) 
01/30/15::00:54:45: LU-factorizing T1 at Xi=1.70095... 
01/30/15::00:54:45: LU-factorizing T2 at Xi=1.70095... 
01/30/15::00:55:13: Applying transform 0.794328... 
01/30/15::00:55:13:  Assembling U(0,1) 
01/30/15::00:55:13: Assembling BEM matrix block (0,1) 
01/30/15::01:02:16:   Computing ZForce... 
01/30/15::01:02:26: Computing Casimir integrand at Xi=1.69483
 
01/30/15::01:02:26: Assembling T1 at Xi=1.694835e+00... 
01/30/15::01:02:26: Assembling BEM matrix block (0,0) 
01/30/15::01:06:09: Assembling T2 at Xi=1.694835e+00... 
01/30/15::01:06:09: Assembling BEM matrix block (1,1) 
01/30/15::02:32:24: LU-factorizing T1 at Xi=1.69483... 
01/30/15::02:32:24: LU-factorizing T2 at Xi=1.69483... 
01/30/15::02:32:52: Applying transform 0.794328... 
01/30/15::02:32:52:  Assembling U(0,1) 
01/30/15::02:32:52: Assembling BEM matrix block (0,1) 
01/30/15::02:39:54:   Computing ZForce... 
01/30/15::02:40:05: Computing Casimir integrand at Xi=1.71318
 
01/30/15::02:40:05: Assembling T1 at Xi=1.713179e+00... 
01/30/15::02:40:05: Assembling BEM matrix block (0,0) 
01/30/15::02:43:51: Assembling T2 at Xi=1.713179e+00... 
01/30/15::02:43:51: Assembling BEM matrix block (1,1) 
01/30/15::04:10:45: LU-factorizing T1 at Xi=1.71318... 
01/30/15::04:10:45: LU-factorizing T2 at Xi=1.71318... 
01/30/15::04:11:13: Applying transform 0.794328... 
01/30/15::04:11:13:  Assembling U(0,1) 
01/30/15::04:11:13: Assembling BEM matrix block (0,1) 
01/30/15::04:18:15:   Computing ZForce... 
01/30/15::04:18:26: Computing Casimir integrand at Xi=1.72541
 
01/30/15::04:18:26: Assembling T1 at Xi=1.725409e+00... 
01/30/15::04:18:26: Assembling BEM matrix block (0,0) 
01/30/15::04:22:13: Assembling T2 at Xi=1.725409e+00... 
01/30/15::04:22:13: Assembling BEM matrix block (1,1) 
01/30/15::05:48:40: LU-factorizing T1 at Xi=1.72541... 
01/30/15::05:48:40: LU-factorizing T2 at Xi=1.72541... 
01/30/15::05:49:08: Applying transform 0.794328... 
01/30/15::05:49:08:  Assembling U(0,1) 
01/30/15::05:49:08: Assembling BEM matrix block (0,1) 
01/30/15::05:56:10:   Computing ZForce... 
01/30/15::05:56:20: Computing Casimir integrand at Xi=1.70706
 
01/30/15::05:56:20: Assembling T1 at Xi=1.707064e+00... 
01/30/15::05:56:20: Assembling BEM matrix block (0,0) 
01/30/15::06:00:06: Assembling T2 at Xi=1.707064e+00... 
01/30/15::06:00:06: Assembling BEM matrix block (1,1) 
01/30/15::07:26:26: LU-factorizing T1 at Xi=1.70706... 
01/30/15::07:26:26: LU-factorizing T2 at Xi=1.70706... 
01/30/15::07:26:54: Applying transform 0.794328... 
01/30/15::07:26:54:  Assembling U(0,1) 
01/30/15::07:26:54: Assembling BEM matrix block (0,1) 
01/30/15::07:33:57:   Computing ZForce... 
01/30/15::07:34:08: Computing Casimir integrand at Xi=1.70401
 
01/30/15::07:34:08: Assembling T1 at Xi=1.704007e+00... 
01/30/15::07:34:08: Assembling BEM matrix block (0,0) 
01/30/15::07:37:52: Assembling T2 at Xi=1.704007e+00... 
01/30/15::07:37:52: Assembling BEM matrix block (1,1) 
01/30/15::09:04:10: LU-factorizing T1 at Xi=1.70401... 
01/30/15::09:04:10: LU-factorizing T2 at Xi=1.70401... 
01/30/15::09:04:39: Applying transform 0.794328... 
01/30/15::09:04:39:  Assembling U(0,1) 
01/30/15::09:04:39: Assembling BEM matrix block (0,1) 
01/30/15::09:11:41:   Computing ZForce... 
01/30/15::09:11:51: Computing Casimir integrand at Xi=1.70248
 
01/30/15::09:11:51: Assembling T1 at Xi=1.702478e+00... 
01/30/15::09:11:51: Assembling BEM matrix block (0,0) 
01/30/15::09:15:36: Assembling T2 at Xi=1.702478e+00... 
01/30/15::09:15:36: Assembling BEM matrix block (1,1) 
01/30/15::10:41:54: LU-factorizing T1 at Xi=1.70248... 
01/30/15::10:41:54: LU-factorizing T2 at Xi=1.70248... 
01/30/15::10:42:22: Applying transform 0.794328... 
01/30/15::10:42:22:  Assembling U(0,1) 
01/30/15::10:42:22: Assembling BEM matrix block (0,1) 
01/30/15::10:49:26:   Computing ZForce... 
01/30/15::10:49:36: Computing Casimir integrand at Xi=1.70706
 
01/30/15::10:49:36: Assembling T1 at Xi=1.707064e+00... 
01/30/15::10:49:36: Assembling BEM matrix block (0,0) 
01/30/15::10:53:22: Assembling T2 at Xi=1.707064e+00... 
01/30/15::10:53:22: Assembling BEM matrix block (1,1) 
01/30/15::12:19:42: LU-factorizing T1 at Xi=1.70706... 
01/30/15::12:19:42: LU-factorizing T2 at Xi=1.70706... 
01/30/15::12:20:10: Applying transform 0.794328... 
01/30/15::12:20:10:  Assembling U(0,1) 
01/30/15::12:20:10: Assembling BEM matrix block (0,1) 
01/30/15::12:27:12:   Computing ZForce... 
01/30/15::12:27:23: Computing Casimir integrand at Xi=1.71012
 
01/30/15::12:27:23: Assembling T1 at Xi=1.710122e+00... 
01/30/15::12:27:23: Assembling BEM matrix block (0,0) 
01/30/15::12:31:08: Assembling T2 at Xi=1.710122e+00... 
01/30/15::12:31:08: Assembling BEM matrix block (1,1) 
01/30/15::13:57:35: LU-factorizing T1 at Xi=1.71012... 
01/30/15::13:57:35: LU-factorizing T2 at Xi=1.71012... 
01/30/15::13:58:04: Applying transform 0.794328... 
01/30/15::13:58:04:  Assembling U(0,1) 
01/30/15::13:58:04: Assembling BEM matrix block (0,1) 
01/30/15::14:05:06:   Computing ZForce... 
01/30/15::14:05:17: Computing Casimir integrand at Xi=1.70554
 
01/30/15::14:05:17: Assembling T1 at Xi=1.705536e+00... 
01/30/15::14:05:17: Assembling BEM matrix block (0,0) 
01/30/15::14:09:02: Assembling T2 at Xi=1.705536e+00... 
01/30/15::14:09:02: Assembling BEM matrix block (1,1) 
01/30/15::15:35:19: LU-factorizing T1 at Xi=1.70554... 
01/30/15::15:35:19: LU-factorizing T2 at Xi=1.70554... 
01/30/15::15:35:48: Applying transform 0.794328... 
01/30/15::15:35:48:  Assembling U(0,1) 
01/30/15::15:35:48: Assembling BEM matrix block (0,1) 
01/30/15::15:42:50:   Computing ZForce... 
01/30/15::15:43:01: Computing Casimir integrand at Xi=1.70477
 
01/30/15::15:43:01: Assembling T1 at Xi=1.704771e+00... 
01/30/15::15:43:01: Assembling BEM matrix block (0,0) 
01/30/15::15:46:45: Assembling T2 at Xi=1.704771e+00... 
01/30/15::15:46:45: Assembling BEM matrix block (1,1) 
