03/23/15::08:10:45: scuff-cas3D running on hequ0055 
03/23/15::08:10:45: Setting material properties of exterior region to VACUUM. 
03/23/15::08:10:45: Flipped 2683 panel normals to comport with region definitions. 
03/23/15::08:10:45: Computing full Matsubara-summed Casimir quantities at T=3.000000e+02 Kelvin. 
03/23/15::08:10:45: Read 1 geometrical transformations from file RatioBeadCubePEC_L-15.0_grid-0.4_T-300.trans. 
03/23/15::08:10:46: Beginning Matsubara sum at T=300 kelvin... 
03/23/15::08:10:46: Computing Casimir integrand at Xi=0.001
 
03/23/15::08:10:46: Assembling T1 at Xi=1.000000e-03... 
03/23/15::08:10:46: Assembling BEM matrix block (0,0) 
03/23/15::08:12:06: Assembling T2 at Xi=1.000000e-03... 
03/23/15::08:12:06: Assembling BEM matrix block (1,1) 
03/23/15::08:30:43: LU-factorizing T1 at Xi=0.001... 
03/23/15::08:30:43: LU-factorizing T2 at Xi=0.001... 
03/23/15::08:31:41: Applying transform 0... 
03/23/15::08:31:41:  Assembling U(0,1) 
03/23/15::08:31:41: Assembling BEM matrix block (0,1) 
03/23/15::08:36:13:   Computing ZForce... 
03/23/15::08:36:43: Computing Casimir integrand at Xi=0.823279
 
03/23/15::08:36:43: Assembling T1 at Xi=8.232789e-01... 
03/23/15::08:36:43: Assembling BEM matrix block (0,0) 
03/23/15::08:36:57: Assembling T2 at Xi=8.232789e-01... 
03/23/15::08:36:57: Assembling BEM matrix block (1,1) 
03/23/15::08:52:10: LU-factorizing T1 at Xi=0.823279... 
03/23/15::08:52:10: LU-factorizing T2 at Xi=0.823279... 
03/23/15::08:53:10: Applying transform 0... 
03/23/15::08:53:10:  Assembling U(0,1) 
03/23/15::08:53:10: Assembling BEM matrix block (0,1) 
03/23/15::08:57:51:   Computing ZForce... 
03/23/15::08:58:21: Computing Casimir integrand at Xi=1.64656
 
03/23/15::08:58:21: Assembling T1 at Xi=1.646558e+00... 
03/23/15::08:58:21: Assembling BEM matrix block (0,0) 
03/23/15::08:58:35: Assembling T2 at Xi=1.646558e+00... 
03/23/15::08:58:35: Assembling BEM matrix block (1,1) 
03/23/15::09:19:05: LU-factorizing T1 at Xi=1.64656... 
03/23/15::09:19:05: LU-factorizing T2 at Xi=1.64656... 
03/23/15::09:20:09: Applying transform 0... 
03/23/15::09:20:09:  Assembling U(0,1) 
03/23/15::09:20:09: Assembling BEM matrix block (0,1) 
03/23/15::09:24:49:   Computing ZForce... 
03/23/15::09:25:22: Matsubara sum converged after summing n=2 frequency points. 
