01/28/15::16:05:26: scuff-cas3D running on barley07.stanford.edu 
01/28/15::16:05:26: Setting material properties of exterior region to VACUUM. 
01/28/15::16:05:26: Flipped 514 panel normals to comport with region definitions. 
01/28/15::16:05:26: Computing full zero-temperature Casimir quantities. 
01/28/15::16:05:26: Read 1 geometrical transformations from file Bead_L-1.25893.trans. 
01/28/15::16:05:27: Minimum distance between surface points=1.358930e+00 
01/28/15::16:05:27: Computing Casimir integrand at Xi=0.001
 
01/28/15::16:05:27: Assembling T1 at Xi=1.000000e-03... 
01/28/15::16:05:27: Assembling BEM matrix block (0,0) 
01/28/15::16:06:15: Assembling T2 at Xi=1.000000e-03... 
01/28/15::16:06:15: Assembling BEM matrix block (1,1) 
01/28/15::16:58:49: LU-factorizing T1 at Xi=0.001... 
01/28/15::16:58:49: LU-factorizing T2 at Xi=0.001... 
01/28/15::16:59:19: Applying transform 1.25893... 
01/28/15::16:59:19:  Assembling U(0,1) 
01/28/15::16:59:19: Assembling BEM matrix block (0,1) 
01/28/15::17:06:29:   Computing ZForce... 
01/28/15::17:06:40: Computing Casimir integrand at Xi=0.0653889
 
01/28/15::17:06:40: Assembling T1 at Xi=6.538889e-02... 
01/28/15::17:06:40: Assembling BEM matrix block (0,0) 
01/28/15::17:06:50: Assembling T2 at Xi=6.538889e-02... 
01/28/15::17:06:50: Assembling BEM matrix block (1,1) 
01/28/15::17:53:00: LU-factorizing T1 at Xi=0.0653889... 
01/28/15::17:53:00: LU-factorizing T2 at Xi=0.0653889... 
01/28/15::17:53:28: Applying transform 1.25893... 
01/28/15::17:53:28:  Assembling U(0,1) 
01/28/15::17:53:28: Assembling BEM matrix block (0,1) 
01/28/15::18:00:12:   Computing ZForce... 
01/28/15::18:00:23: Computing Casimir integrand at Xi=0.129778
 
01/28/15::18:00:23: Assembling T1 at Xi=1.297778e-01... 
01/28/15::18:00:23: Assembling BEM matrix block (0,0) 
01/28/15::18:00:32: Assembling T2 at Xi=1.297778e-01... 
01/28/15::18:00:32: Assembling BEM matrix block (1,1) 
01/28/15::18:46:43: LU-factorizing T1 at Xi=0.129778... 
01/28/15::18:46:43: LU-factorizing T2 at Xi=0.129778... 
01/28/15::18:47:11: Applying transform 1.25893... 
01/28/15::18:47:11:  Assembling U(0,1) 
01/28/15::18:47:11: Assembling BEM matrix block (0,1) 
01/28/15::18:53:55:   Computing ZForce... 
01/28/15::18:54:05: Computing Casimir integrand at Xi=0.258556
 
01/28/15::18:54:05: Assembling T1 at Xi=2.585556e-01... 
01/28/15::18:54:05: Assembling BEM matrix block (0,0) 
01/28/15::18:54:15: Assembling T2 at Xi=2.585556e-01... 
01/28/15::18:54:15: Assembling BEM matrix block (1,1) 
01/28/15::19:40:31: LU-factorizing T1 at Xi=0.258556... 
01/28/15::19:40:31: LU-factorizing T2 at Xi=0.258556... 
01/28/15::19:40:59: Applying transform 1.25893... 
01/28/15::19:40:59:  Assembling U(0,1) 
01/28/15::19:40:59: Assembling BEM matrix block (0,1) 
01/28/15::19:47:43:   Computing ZForce... 
01/28/15::19:47:54: Computing Casimir integrand at Xi=0.387333
 
01/28/15::19:47:54: Assembling T1 at Xi=3.873334e-01... 
01/28/15::19:47:54: Assembling BEM matrix block (0,0) 
01/28/15::19:48:04: Assembling T2 at Xi=3.873334e-01... 
01/28/15::19:48:04: Assembling BEM matrix block (1,1) 
01/28/15::20:34:34: LU-factorizing T1 at Xi=0.387333... 
01/28/15::20:34:34: LU-factorizing T2 at Xi=0.387333... 
01/28/15::20:35:02: Applying transform 1.25893... 
01/28/15::20:35:02:  Assembling U(0,1) 
01/28/15::20:35:02: Assembling BEM matrix block (0,1) 
01/28/15::20:41:48:   Computing ZForce... 
01/28/15::20:41:58: Computing Casimir integrand at Xi=0.644889
 
01/28/15::20:41:58: Assembling T1 at Xi=6.448889e-01... 
01/28/15::20:41:58: Assembling BEM matrix block (0,0) 
01/28/15::20:42:09: Assembling T2 at Xi=6.448889e-01... 
01/28/15::20:42:09: Assembling BEM matrix block (1,1) 
01/28/15::21:29:02: LU-factorizing T1 at Xi=0.644889... 
01/28/15::21:29:02: LU-factorizing T2 at Xi=0.644889... 
01/28/15::21:29:31: Applying transform 1.25893... 
01/28/15::21:29:31:  Assembling U(0,1) 
01/28/15::21:29:31: Assembling BEM matrix block (0,1) 
01/28/15::21:36:19:   Computing ZForce... 
01/28/15::21:36:29: Computing Casimir integrand at Xi=0.902445
 
01/28/15::21:36:29: Assembling T1 at Xi=9.024445e-01... 
01/28/15::21:36:29: Assembling BEM matrix block (0,0) 
01/28/15::21:36:42: Assembling T2 at Xi=9.024445e-01... 
01/28/15::21:36:42: Assembling BEM matrix block (1,1) 
01/28/15::22:24:04: LU-factorizing T1 at Xi=0.902445... 
01/28/15::22:24:04: LU-factorizing T2 at Xi=0.902445... 
01/28/15::22:24:32: Applying transform 1.25893... 
01/28/15::22:24:32:  Assembling U(0,1) 
01/28/15::22:24:32: Assembling BEM matrix block (0,1) 
01/28/15::22:31:24:   Computing ZForce... 
01/28/15::22:31:35: Computing Casimir integrand at Xi=0.516111
 
01/28/15::22:31:35: Assembling T1 at Xi=5.161112e-01... 
01/28/15::22:31:35: Assembling BEM matrix block (0,0) 
01/28/15::22:31:46: Assembling T2 at Xi=5.161112e-01... 
01/28/15::22:31:46: Assembling BEM matrix block (1,1) 
01/28/15::23:18:31: LU-factorizing T1 at Xi=0.516111... 
01/28/15::23:18:31: LU-factorizing T2 at Xi=0.516111... 
01/28/15::23:18:59: Applying transform 1.25893... 
01/28/15::23:18:59:  Assembling U(0,1) 
01/28/15::23:19:00: Assembling BEM matrix block (0,1) 
01/28/15::23:25:47:   Computing ZForce... 
01/28/15::23:25:57: Computing Casimir integrand at Xi=0.773667
 
01/28/15::23:25:57: Assembling T1 at Xi=7.736667e-01... 
01/28/15::23:25:57: Assembling BEM matrix block (0,0) 
01/28/15::23:26:09: Assembling T2 at Xi=7.736667e-01... 
01/28/15::23:26:09: Assembling BEM matrix block (1,1) 
01/29/15::00:13:12: LU-factorizing T1 at Xi=0.773667... 
01/29/15::00:13:12: LU-factorizing T2 at Xi=0.773667... 
01/29/15::00:13:40: Applying transform 1.25893... 
01/29/15::00:13:40:  Assembling U(0,1) 
01/29/15::00:13:40: Assembling BEM matrix block (0,1) 
01/29/15::00:20:28:   Computing ZForce... 
01/29/15::00:20:39: Computing Casimir integrand at Xi=0.902445
 
01/29/15::00:20:39: Assembling T1 at Xi=9.024445e-01... 
01/29/15::00:20:39: Assembling BEM matrix block (0,0) 
01/29/15::00:20:51: Assembling T2 at Xi=9.024445e-01... 
01/29/15::00:20:51: Assembling BEM matrix block (1,1) 
01/29/15::01:08:14: LU-factorizing T1 at Xi=0.902445... 
01/29/15::01:08:14: LU-factorizing T2 at Xi=0.902445... 
01/29/15::01:08:42: Applying transform 1.25893... 
01/29/15::01:08:42:  Assembling U(0,1) 
01/29/15::01:08:42: Assembling BEM matrix block (0,1) 
01/29/15::01:15:31:   Computing ZForce... 
01/29/15::01:15:41: Computing Casimir integrand at Xi=1.03122
 
01/29/15::01:15:41: Assembling T1 at Xi=1.031222e+00... 
01/29/15::01:15:41: Assembling BEM matrix block (0,0) 
01/29/15::01:15:57: Assembling T2 at Xi=1.031222e+00... 
01/29/15::01:15:57: Assembling BEM matrix block (1,1) 
01/29/15::02:40:01: LU-factorizing T1 at Xi=1.03122... 
01/29/15::02:40:01: LU-factorizing T2 at Xi=1.03122... 
01/29/15::02:40:29: Applying transform 1.25893... 
01/29/15::02:40:29:  Assembling U(0,1) 
01/29/15::02:40:29: Assembling BEM matrix block (0,1) 
01/29/15::02:47:11:   Computing ZForce... 
01/29/15::02:47:21: Computing Casimir integrand at Xi=1.16
 
01/29/15::02:47:21: Assembling T1 at Xi=1.160000e+00... 
01/29/15::02:47:21: Assembling BEM matrix block (0,0) 
01/29/15::02:47:50: Assembling T2 at Xi=1.160000e+00... 
01/29/15::02:47:50: Assembling BEM matrix block (1,1) 
01/29/15::04:12:19: LU-factorizing T1 at Xi=1.16... 
01/29/15::04:12:19: LU-factorizing T2 at Xi=1.16... 
01/29/15::04:12:48: Applying transform 1.25893... 
01/29/15::04:12:48:  Assembling U(0,1) 
01/29/15::04:12:48: Assembling BEM matrix block (0,1) 
01/29/15::04:19:30:   Computing ZForce... 
01/29/15::04:19:40: Computing Casimir integrand at Xi=1.28878
 
01/29/15::04:19:40: Assembling T1 at Xi=1.288778e+00... 
01/29/15::04:19:40: Assembling BEM matrix block (0,0) 
01/29/15::04:20:58: Assembling T2 at Xi=1.288778e+00... 
01/29/15::04:20:58: Assembling BEM matrix block (1,1) 
01/29/15::05:45:27: LU-factorizing T1 at Xi=1.28878... 
01/29/15::05:45:27: LU-factorizing T2 at Xi=1.28878... 
01/29/15::05:45:55: Applying transform 1.25893... 
01/29/15::05:45:55:  Assembling U(0,1) 
01/29/15::05:45:55: Assembling BEM matrix block (0,1) 
01/29/15::05:52:38:   Computing ZForce... 
01/29/15::05:52:49: Computing Casimir integrand at Xi=1.41756
 
01/29/15::05:52:49: Assembling T1 at Xi=1.417556e+00... 
01/29/15::05:52:49: Assembling BEM matrix block (0,0) 
01/29/15::05:54:57: Assembling T2 at Xi=1.417556e+00... 
01/29/15::05:54:57: Assembling BEM matrix block (1,1) 
01/29/15::07:19:58: LU-factorizing T1 at Xi=1.41756... 
01/29/15::07:19:58: LU-factorizing T2 at Xi=1.41756... 
01/29/15::07:20:26: Applying transform 1.25893... 
01/29/15::07:20:26:  Assembling U(0,1) 
01/29/15::07:20:26: Assembling BEM matrix block (0,1) 
01/29/15::07:27:08:   Computing ZForce... 
01/29/15::07:27:19: Computing Casimir integrand at Xi=1.22439
 
01/29/15::07:27:19: Assembling T1 at Xi=1.224389e+00... 
01/29/15::07:27:19: Assembling BEM matrix block (0,0) 
01/29/15::07:28:10: Assembling T2 at Xi=1.224389e+00... 
01/29/15::07:28:10: Assembling BEM matrix block (1,1) 
01/29/15::08:51:59: LU-factorizing T1 at Xi=1.22439... 
01/29/15::08:51:59: LU-factorizing T2 at Xi=1.22439... 
01/29/15::08:52:27: Applying transform 1.25893... 
01/29/15::08:52:27:  Assembling U(0,1) 
01/29/15::08:52:27: Assembling BEM matrix block (0,1) 
01/29/15::08:59:09:   Computing ZForce... 
01/29/15::08:59:19: Computing Casimir integrand at Xi=1.41756
 
01/29/15::08:59:19: Assembling T1 at Xi=1.417556e+00... 
01/29/15::08:59:19: Assembling BEM matrix block (0,0) 
01/29/15::09:01:27: Assembling T2 at Xi=1.417556e+00... 
01/29/15::09:01:27: Assembling BEM matrix block (1,1) 
01/29/15::10:26:05: LU-factorizing T1 at Xi=1.41756... 
01/29/15::10:26:05: LU-factorizing T2 at Xi=1.41756... 
01/29/15::10:26:33: Applying transform 1.25893... 
01/29/15::10:26:33:  Assembling U(0,1) 
01/29/15::10:26:33: Assembling BEM matrix block (0,1) 
01/29/15::10:33:16:   Computing ZForce... 
01/29/15::10:33:26: Computing Casimir integrand at Xi=1.54633
 
01/29/15::10:33:26: Assembling T1 at Xi=1.546333e+00... 
01/29/15::10:33:26: Assembling BEM matrix block (0,0) 
01/29/15::10:36:25: Assembling T2 at Xi=1.546333e+00... 
01/29/15::10:36:25: Assembling BEM matrix block (1,1) 
01/29/15::12:02:29: LU-factorizing T1 at Xi=1.54633... 
01/29/15::12:02:29: LU-factorizing T2 at Xi=1.54633... 
01/29/15::12:02:57: Applying transform 1.25893... 
01/29/15::12:02:57:  Assembling U(0,1) 
01/29/15::12:02:57: Assembling BEM matrix block (0,1) 
01/29/15::12:09:38:   Computing ZForce... 
01/29/15::12:09:49: Computing Casimir integrand at Xi=1.80389
 
01/29/15::12:09:49: Assembling T1 at Xi=1.803889e+00... 
01/29/15::12:09:49: Assembling BEM matrix block (0,0) 
01/29/15::12:13:41: Assembling T2 at Xi=1.803889e+00... 
01/29/15::12:13:41: Assembling BEM matrix block (1,1) 
01/29/15::13:41:16: LU-factorizing T1 at Xi=1.80389... 
01/29/15::13:41:16: LU-factorizing T2 at Xi=1.80389... 
01/29/15::13:41:44: Applying transform 1.25893... 
01/29/15::13:41:44:  Assembling U(0,1) 
01/29/15::13:41:44: Assembling BEM matrix block (0,1) 
01/29/15::13:48:22:   Computing ZForce... 
01/29/15::13:48:33: Computing Casimir integrand at Xi=2.06144
 
01/29/15::13:48:33: Assembling T1 at Xi=2.061445e+00... 
01/29/15::13:48:33: Assembling BEM matrix block (0,0) 
01/29/15::13:52:30: Assembling T2 at Xi=2.061445e+00... 
01/29/15::13:52:30: Assembling BEM matrix block (1,1) 
01/29/15::15:21:25: LU-factorizing T1 at Xi=2.06144... 
01/29/15::15:21:26: LU-factorizing T2 at Xi=2.06144... 
01/29/15::15:21:54: Applying transform 1.25893... 
01/29/15::15:21:54:  Assembling U(0,1) 
01/29/15::15:21:54: Assembling BEM matrix block (0,1) 
01/29/15::15:28:32:   Computing ZForce... 
01/29/15::15:28:43: Computing Casimir integrand at Xi=1.67511
 
01/29/15::15:28:43: Assembling T1 at Xi=1.675111e+00... 
01/29/15::15:28:43: Assembling BEM matrix block (0,0) 
01/29/15::15:32:18: Assembling T2 at Xi=1.675111e+00... 
01/29/15::15:32:18: Assembling BEM matrix block (1,1) 
01/29/15::16:59:19: LU-factorizing T1 at Xi=1.67511... 
01/29/15::16:59:19: LU-factorizing T2 at Xi=1.67511... 
01/29/15::16:59:48: Applying transform 1.25893... 
01/29/15::16:59:48:  Assembling U(0,1) 
01/29/15::16:59:48: Assembling BEM matrix block (0,1) 
01/29/15::17:06:27:   Computing ZForce... 
01/29/15::17:06:38: Computing Casimir integrand at Xi=1.61072
 
01/29/15::17:06:38: Assembling T1 at Xi=1.610722e+00... 
01/29/15::17:06:38: Assembling BEM matrix block (0,0) 
01/29/15::17:09:57: Assembling T2 at Xi=1.610722e+00... 
01/29/15::17:09:57: Assembling BEM matrix block (1,1) 
01/29/15::18:36:50: LU-factorizing T1 at Xi=1.61072... 
01/29/15::18:36:50: LU-factorizing T2 at Xi=1.61072... 
01/29/15::18:37:18: Applying transform 1.25893... 
01/29/15::18:37:18:  Assembling U(0,1) 
01/29/15::18:37:18: Assembling BEM matrix block (0,1) 
01/29/15::18:43:59:   Computing ZForce... 
01/29/15::18:44:09: Computing Casimir integrand at Xi=1.7395
 
01/29/15::18:44:09: Assembling T1 at Xi=1.739500e+00... 
01/29/15::18:44:09: Assembling BEM matrix block (0,0) 
01/29/15::18:47:57: Assembling T2 at Xi=1.739500e+00... 
01/29/15::18:47:57: Assembling BEM matrix block (1,1) 
01/29/15::20:15:50: LU-factorizing T1 at Xi=1.7395... 
01/29/15::20:15:50: LU-factorizing T2 at Xi=1.7395... 
01/29/15::20:16:19: Applying transform 1.25893... 
01/29/15::20:16:19:  Assembling U(0,1) 
01/29/15::20:16:19: Assembling BEM matrix block (0,1) 
01/29/15::20:22:56:   Computing ZForce... 
01/29/15::20:23:07: Computing Casimir integrand at Xi=1.80389
 
01/29/15::20:23:07: Assembling T1 at Xi=1.803889e+00... 
01/29/15::20:23:07: Assembling BEM matrix block (0,0) 
01/29/15::20:26:59: Assembling T2 at Xi=1.803889e+00... 
01/29/15::20:26:59: Assembling BEM matrix block (1,1) 
01/29/15::21:55:12: LU-factorizing T1 at Xi=1.80389... 
01/29/15::21:55:12: LU-factorizing T2 at Xi=1.80389... 
01/29/15::21:55:40: Applying transform 1.25893... 
01/29/15::21:55:40:  Assembling U(0,1) 
01/29/15::21:55:40: Assembling BEM matrix block (0,1) 
01/29/15::22:02:19:   Computing ZForce... 
01/29/15::22:02:30: Computing Casimir integrand at Xi=1.70731
 
01/29/15::22:02:30: Assembling T1 at Xi=1.707306e+00... 
01/29/15::22:02:30: Assembling BEM matrix block (0,0) 
01/29/15::22:06:14: Assembling T2 at Xi=1.707306e+00... 
01/29/15::22:06:14: Assembling BEM matrix block (1,1) 
01/29/15::23:33:58: LU-factorizing T1 at Xi=1.70731... 
01/29/15::23:33:58: LU-factorizing T2 at Xi=1.70731... 
01/29/15::23:34:27: Applying transform 1.25893... 
01/29/15::23:34:27:  Assembling U(0,1) 
01/29/15::23:34:27: Assembling BEM matrix block (0,1) 
01/29/15::23:41:05:   Computing ZForce... 
01/29/15::23:41:16: Computing Casimir integrand at Xi=1.69121
 
01/29/15::23:41:16: Assembling T1 at Xi=1.691208e+00... 
01/29/15::23:41:16: Assembling BEM matrix block (0,0) 
01/29/15::23:44:57: Assembling T2 at Xi=1.691208e+00... 
01/29/15::23:44:57: Assembling BEM matrix block (1,1) 
01/30/15::01:12:37: LU-factorizing T1 at Xi=1.69121... 
01/30/15::01:12:37: LU-factorizing T2 at Xi=1.69121... 
01/30/15::01:13:05: Applying transform 1.25893... 
01/30/15::01:13:05:  Assembling U(0,1) 
01/30/15::01:13:05: Assembling BEM matrix block (0,1) 
01/30/15::01:19:44:   Computing ZForce... 
01/30/15::01:19:54: Computing Casimir integrand at Xi=1.68316
 
01/30/15::01:19:54: Assembling T1 at Xi=1.683160e+00... 
01/30/15::01:19:54: Assembling BEM matrix block (0,0) 
01/30/15::01:23:31: Assembling T2 at Xi=1.683160e+00... 
01/30/15::01:23:31: Assembling BEM matrix block (1,1) 
01/30/15::02:51:03: LU-factorizing T1 at Xi=1.68316... 
01/30/15::02:51:03: LU-factorizing T2 at Xi=1.68316... 
01/30/15::02:51:31: Applying transform 1.25893... 
01/30/15::02:51:31:  Assembling U(0,1) 
01/30/15::02:51:31: Assembling BEM matrix block (0,1) 
01/30/15::02:58:10:   Computing ZForce... 
01/30/15::02:58:20: Computing Casimir integrand at Xi=1.70731
 
01/30/15::02:58:20: Assembling T1 at Xi=1.707306e+00... 
01/30/15::02:58:20: Assembling BEM matrix block (0,0) 
01/30/15::03:02:04: Assembling T2 at Xi=1.707306e+00... 
01/30/15::03:02:04: Assembling BEM matrix block (1,1) 
01/30/15::04:29:45: LU-factorizing T1 at Xi=1.70731... 
01/30/15::04:29:45: LU-factorizing T2 at Xi=1.70731... 
01/30/15::04:30:13: Applying transform 1.25893... 
01/30/15::04:30:13:  Assembling U(0,1) 
01/30/15::04:30:13: Assembling BEM matrix block (0,1) 
01/30/15::04:36:51:   Computing ZForce... 
01/30/15::04:37:02: Computing Casimir integrand at Xi=1.7234
 
01/30/15::04:37:02: Assembling T1 at Xi=1.723403e+00... 
01/30/15::04:37:02: Assembling BEM matrix block (0,0) 
01/30/15::04:40:48: Assembling T2 at Xi=1.723403e+00... 
01/30/15::04:40:48: Assembling BEM matrix block (1,1) 
01/30/15::06:08:58: LU-factorizing T1 at Xi=1.7234... 
01/30/15::06:08:58: LU-factorizing T2 at Xi=1.7234... 
01/30/15::06:09:26: Applying transform 1.25893... 
01/30/15::06:09:26:  Assembling U(0,1) 
01/30/15::06:09:26: Assembling BEM matrix block (0,1) 
01/30/15::06:16:04:   Computing ZForce... 
01/30/15::06:16:15: Computing Casimir integrand at Xi=1.69926
 
01/30/15::06:16:15: Assembling T1 at Xi=1.699257e+00... 
01/30/15::06:16:15: Assembling BEM matrix block (0,0) 
01/30/15::06:19:58: Assembling T2 at Xi=1.699257e+00... 
01/30/15::06:19:58: Assembling BEM matrix block (1,1) 
01/30/15::07:47:22: LU-factorizing T1 at Xi=1.69926... 
01/30/15::07:47:22: LU-factorizing T2 at Xi=1.69926... 
01/30/15::07:47:51: Applying transform 1.25893... 
01/30/15::07:47:51:  Assembling U(0,1) 
01/30/15::07:47:51: Assembling BEM matrix block (0,1) 
01/30/15::07:54:29:   Computing ZForce... 
01/30/15::07:54:40: Computing Casimir integrand at Xi=1.69523
 
01/30/15::07:54:40: Assembling T1 at Xi=1.695233e+00... 
01/30/15::07:54:40: Assembling BEM matrix block (0,0) 
01/30/15::07:58:22: Assembling T2 at Xi=1.695233e+00... 
01/30/15::07:58:22: Assembling BEM matrix block (1,1) 
01/30/15::09:25:52: LU-factorizing T1 at Xi=1.69523... 
01/30/15::09:25:52: LU-factorizing T2 at Xi=1.69523... 
01/30/15::09:26:20: Applying transform 1.25893... 
01/30/15::09:26:20:  Assembling U(0,1) 
01/30/15::09:26:20: Assembling BEM matrix block (0,1) 
01/30/15::09:32:59:   Computing ZForce... 
01/30/15::09:33:10: Computing Casimir integrand at Xi=1.70731
 
01/30/15::09:33:10: Assembling T1 at Xi=1.707306e+00... 
01/30/15::09:33:10: Assembling BEM matrix block (0,0) 
01/30/15::09:36:54: Assembling T2 at Xi=1.707306e+00... 
01/30/15::09:36:54: Assembling BEM matrix block (1,1) 
01/30/15::11:04:48: LU-factorizing T1 at Xi=1.70731... 
01/30/15::11:04:48: LU-factorizing T2 at Xi=1.70731... 
01/30/15::11:05:16: Applying transform 1.25893... 
01/30/15::11:05:16:  Assembling U(0,1) 
01/30/15::11:05:16: Assembling BEM matrix block (0,1) 
01/30/15::11:11:54:   Computing ZForce... 
01/30/15::11:12:05: Computing Casimir integrand at Xi=1.71535
 
01/30/15::11:12:05: Assembling T1 at Xi=1.715354e+00... 
01/30/15::11:12:05: Assembling BEM matrix block (0,0) 
01/30/15::11:15:50: Assembling T2 at Xi=1.715354e+00... 
01/30/15::11:15:50: Assembling BEM matrix block (1,1) 
01/30/15::12:43:45: LU-factorizing T1 at Xi=1.71535... 
01/30/15::12:43:46: LU-factorizing T2 at Xi=1.71535... 
01/30/15::12:44:14: Applying transform 1.25893... 
01/30/15::12:44:14:  Assembling U(0,1) 
01/30/15::12:44:14: Assembling BEM matrix block (0,1) 
01/30/15::12:50:52:   Computing ZForce... 
01/30/15::12:51:02: Computing Casimir integrand at Xi=1.70328
 
01/30/15::12:51:03: Assembling T1 at Xi=1.703281e+00... 
01/30/15::12:51:03: Assembling BEM matrix block (0,0) 
01/30/15::12:54:47: Assembling T2 at Xi=1.703281e+00... 
01/30/15::12:54:47: Assembling BEM matrix block (1,1) 
01/30/15::14:22:24: LU-factorizing T1 at Xi=1.70328... 
01/30/15::14:22:24: LU-factorizing T2 at Xi=1.70328... 
01/30/15::14:22:52: Applying transform 1.25893... 
01/30/15::14:22:52:  Assembling U(0,1) 
01/30/15::14:22:52: Assembling BEM matrix block (0,1) 
01/30/15::14:29:31:   Computing ZForce... 
01/30/15::14:29:41: Computing Casimir integrand at Xi=1.70127
 
01/30/15::14:29:41: Assembling T1 at Xi=1.701269e+00... 
01/30/15::14:29:41: Assembling BEM matrix block (0,0) 
01/30/15::14:33:24: Assembling T2 at Xi=1.701269e+00... 
01/30/15::14:33:24: Assembling BEM matrix block (1,1) 
01/30/15::16:01:01: LU-factorizing T1 at Xi=1.70127... 
01/30/15::16:01:01: LU-factorizing T2 at Xi=1.70127... 
01/30/15::16:01:30: Applying transform 1.25893... 
01/30/15::16:01:30:  Assembling U(0,1) 
01/30/15::16:01:30: Assembling BEM matrix block (0,1) 
