03/23/15::08:10:46: scuff-cas3D running on hequ0095 
03/23/15::08:10:46: Setting material properties of exterior region to VACUUM. 
03/23/15::08:10:46: Flipped 1740 panel normals to comport with region definitions. 
03/23/15::08:10:46: Computing full Matsubara-summed Casimir quantities at T=3.000000e+02 Kelvin. 
03/23/15::08:10:46: Read 1 geometrical transformations from file RatioBeadCubePEC_L-27.5_grid-0.5_T-300.trans. 
03/23/15::08:10:46: Beginning Matsubara sum at T=300 kelvin... 
03/23/15::08:10:46: Computing Casimir integrand at Xi=0.001
 
03/23/15::08:10:46: Assembling T1 at Xi=1.000000e-03... 
03/23/15::08:10:46: Assembling BEM matrix block (0,0) 
03/23/15::08:11:35: Assembling T2 at Xi=1.000000e-03... 
03/23/15::08:11:35: Assembling BEM matrix block (1,1) 
03/23/15::08:22:41: LU-factorizing T1 at Xi=0.001... 
03/23/15::08:22:41: LU-factorizing T2 at Xi=0.001... 
03/23/15::08:22:58: Applying transform 0... 
03/23/15::08:22:58:  Assembling U(0,1) 
03/23/15::08:22:58: Assembling BEM matrix block (0,1) 
03/23/15::08:24:40:   Computing ZForce... 
03/23/15::08:24:48: Computing Casimir integrand at Xi=0.823279
 
03/23/15::08:24:48: Assembling T1 at Xi=8.232789e-01... 
03/23/15::08:24:48: Assembling BEM matrix block (0,0) 
03/23/15::08:24:55: Assembling T2 at Xi=8.232789e-01... 
03/23/15::08:24:55: Assembling BEM matrix block (1,1) 
03/23/15::08:34:30: LU-factorizing T1 at Xi=0.823279... 
03/23/15::08:34:30: LU-factorizing T2 at Xi=0.823279... 
03/23/15::08:34:46: Applying transform 0... 
03/23/15::08:34:46:  Assembling U(0,1) 
03/23/15::08:34:46: Assembling BEM matrix block (0,1) 
03/23/15::08:36:26:   Computing ZForce... 
03/23/15::08:36:34: Computing Casimir integrand at Xi=1.64656
 
03/23/15::08:36:34: Assembling T1 at Xi=1.646558e+00... 
03/23/15::08:36:34: Assembling BEM matrix block (0,0) 
03/23/15::08:36:41: Assembling T2 at Xi=1.646558e+00... 
03/23/15::08:36:41: Assembling BEM matrix block (1,1) 
03/23/15::08:49:25: LU-factorizing T1 at Xi=1.64656... 
03/23/15::08:49:25: LU-factorizing T2 at Xi=1.64656... 
03/23/15::08:49:41: Applying transform 0... 
03/23/15::08:49:41:  Assembling U(0,1) 
03/23/15::08:49:41: Assembling BEM matrix block (0,1) 
03/23/15::08:51:21:   Computing ZForce... 
03/23/15::08:51:29: Matsubara sum converged after summing n=2 frequency points. 
