01/28/15::16:05:26: scuff-cas3D running on barley07.stanford.edu 
01/28/15::16:05:26: Setting material properties of exterior region to VACUUM. 
01/28/15::16:05:26: Flipped 514 panel normals to comport with region definitions. 
01/28/15::16:05:26: Computing full zero-temperature Casimir quantities. 
01/28/15::16:05:26: Read 1 geometrical transformations from file Bead_L-1.99526.trans. 
01/28/15::16:05:26: Minimum distance between surface points=2.095260e+00 
01/28/15::16:05:26: Computing Casimir integrand at Xi=0.001
 
01/28/15::16:05:26: Assembling T1 at Xi=1.000000e-03... 
01/28/15::16:05:26: Assembling BEM matrix block (0,0) 
01/28/15::16:06:15: Assembling T2 at Xi=1.000000e-03... 
01/28/15::16:06:15: Assembling BEM matrix block (1,1) 
01/28/15::16:58:54: LU-factorizing T1 at Xi=0.001... 
01/28/15::16:58:54: LU-factorizing T2 at Xi=0.001... 
01/28/15::16:59:24: Applying transform 1.99526... 
01/28/15::16:59:24:  Assembling U(0,1) 
01/28/15::16:59:24: Assembling BEM matrix block (0,1) 
01/28/15::17:05:52:   Computing ZForce... 
01/28/15::17:06:03: Computing Casimir integrand at Xi=0.0427609
 
01/28/15::17:06:03: Assembling T1 at Xi=4.276093e-02... 
01/28/15::17:06:03: Assembling BEM matrix block (0,0) 
01/28/15::17:06:18: Assembling T2 at Xi=4.276093e-02... 
01/28/15::17:06:18: Assembling BEM matrix block (1,1) 
01/28/15::17:52:46: LU-factorizing T1 at Xi=0.0427609... 
01/28/15::17:52:46: LU-factorizing T2 at Xi=0.0427609... 
01/28/15::17:53:15: Applying transform 1.99526... 
01/28/15::17:53:15:  Assembling U(0,1) 
01/28/15::17:53:15: Assembling BEM matrix block (0,1) 
01/28/15::17:59:24:   Computing ZForce... 
01/28/15::17:59:35: Computing Casimir integrand at Xi=0.0845219
 
01/28/15::17:59:35: Assembling T1 at Xi=8.452185e-02... 
01/28/15::17:59:35: Assembling BEM matrix block (0,0) 
01/28/15::17:59:45: Assembling T2 at Xi=8.452185e-02... 
01/28/15::17:59:45: Assembling BEM matrix block (1,1) 
01/28/15::18:46:10: LU-factorizing T1 at Xi=0.0845219... 
01/28/15::18:46:11: LU-factorizing T2 at Xi=0.0845219... 
01/28/15::18:46:39: Applying transform 1.99526... 
01/28/15::18:46:39:  Assembling U(0,1) 
01/28/15::18:46:39: Assembling BEM matrix block (0,1) 
01/28/15::18:52:48:   Computing ZForce... 
01/28/15::18:52:59: Computing Casimir integrand at Xi=0.168044
 
01/28/15::18:52:59: Assembling T1 at Xi=1.680437e-01... 
01/28/15::18:52:59: Assembling BEM matrix block (0,0) 
01/28/15::18:53:08: Assembling T2 at Xi=1.680437e-01... 
01/28/15::18:53:08: Assembling BEM matrix block (1,1) 
01/28/15::19:39:32: LU-factorizing T1 at Xi=0.168044... 
01/28/15::19:39:32: LU-factorizing T2 at Xi=0.168044... 
01/28/15::19:40:01: Applying transform 1.99526... 
01/28/15::19:40:01:  Assembling U(0,1) 
01/28/15::19:40:01: Assembling BEM matrix block (0,1) 
01/28/15::19:46:10:   Computing ZForce... 
01/28/15::19:46:21: Computing Casimir integrand at Xi=0.251566
 
01/28/15::19:46:21: Assembling T1 at Xi=2.515656e-01... 
01/28/15::19:46:21: Assembling BEM matrix block (0,0) 
01/28/15::19:46:30: Assembling T2 at Xi=2.515656e-01... 
01/28/15::19:46:30: Assembling BEM matrix block (1,1) 
01/28/15::20:32:55: LU-factorizing T1 at Xi=0.251566... 
01/28/15::20:32:55: LU-factorizing T2 at Xi=0.251566... 
01/28/15::20:33:24: Applying transform 1.99526... 
01/28/15::20:33:24:  Assembling U(0,1) 
01/28/15::20:33:24: Assembling BEM matrix block (0,1) 
01/28/15::20:39:35:   Computing ZForce... 
01/28/15::20:39:46: Computing Casimir integrand at Xi=0.418609
 
01/28/15::20:39:46: Assembling T1 at Xi=4.186093e-01... 
01/28/15::20:39:46: Assembling BEM matrix block (0,0) 
01/28/15::20:39:56: Assembling T2 at Xi=4.186093e-01... 
01/28/15::20:39:56: Assembling BEM matrix block (1,1) 
01/28/15::21:26:26: LU-factorizing T1 at Xi=0.418609... 
01/28/15::21:26:26: LU-factorizing T2 at Xi=0.418609... 
01/28/15::21:26:54: Applying transform 1.99526... 
01/28/15::21:26:54:  Assembling U(0,1) 
01/28/15::21:26:54: Assembling BEM matrix block (0,1) 
01/28/15::21:33:05:   Computing ZForce... 
01/28/15::21:33:15: Computing Casimir integrand at Xi=0.585653
 
01/28/15::21:33:15: Assembling T1 at Xi=5.856530e-01... 
01/28/15::21:33:15: Assembling BEM matrix block (0,0) 
01/28/15::21:33:26: Assembling T2 at Xi=5.856530e-01... 
01/28/15::21:33:26: Assembling BEM matrix block (1,1) 
01/28/15::22:20:18: LU-factorizing T1 at Xi=0.585653... 
01/28/15::22:20:18: LU-factorizing T2 at Xi=0.585653... 
01/28/15::22:20:47: Applying transform 1.99526... 
01/28/15::22:20:47:  Assembling U(0,1) 
01/28/15::22:20:47: Assembling BEM matrix block (0,1) 
01/28/15::22:26:58:   Computing ZForce... 
01/28/15::22:27:09: Computing Casimir integrand at Xi=0.335087
 
01/28/15::22:27:09: Assembling T1 at Xi=3.350874e-01... 
01/28/15::22:27:09: Assembling BEM matrix block (0,0) 
01/28/15::22:27:19: Assembling T2 at Xi=3.350874e-01... 
01/28/15::22:27:19: Assembling BEM matrix block (1,1) 
01/28/15::23:13:49: LU-factorizing T1 at Xi=0.335087... 
01/28/15::23:13:49: LU-factorizing T2 at Xi=0.335087... 
01/28/15::23:14:18: Applying transform 1.99526... 
01/28/15::23:14:18:  Assembling U(0,1) 
01/28/15::23:14:18: Assembling BEM matrix block (0,1) 
01/28/15::23:20:28:   Computing ZForce... 
01/28/15::23:20:38: Computing Casimir integrand at Xi=0.585653
 
01/28/15::23:20:38: Assembling T1 at Xi=5.856530e-01... 
01/28/15::23:20:38: Assembling BEM matrix block (0,0) 
01/28/15::23:20:49: Assembling T2 at Xi=5.856530e-01... 
01/28/15::23:20:49: Assembling BEM matrix block (1,1) 
01/29/15::00:07:37: LU-factorizing T1 at Xi=0.585653... 
01/29/15::00:07:37: LU-factorizing T2 at Xi=0.585653... 
01/29/15::00:08:06: Applying transform 1.99526... 
01/29/15::00:08:06:  Assembling U(0,1) 
01/29/15::00:08:06: Assembling BEM matrix block (0,1) 
01/29/15::00:14:18:   Computing ZForce... 
01/29/15::00:14:29: Computing Casimir integrand at Xi=0.752697
 
01/29/15::00:14:29: Assembling T1 at Xi=7.526967e-01... 
01/29/15::00:14:29: Assembling BEM matrix block (0,0) 
01/29/15::00:14:40: Assembling T2 at Xi=7.526967e-01... 
01/29/15::00:14:40: Assembling BEM matrix block (1,1) 
01/29/15::01:01:54: LU-factorizing T1 at Xi=0.752697... 
01/29/15::01:01:54: LU-factorizing T2 at Xi=0.752697... 
01/29/15::01:02:23: Applying transform 1.99526... 
01/29/15::01:02:23:  Assembling U(0,1) 
01/29/15::01:02:23: Assembling BEM matrix block (0,1) 
01/29/15::01:08:36:   Computing ZForce... 
01/29/15::01:08:47: Computing Casimir integrand at Xi=0.502131
 
01/29/15::01:08:47: Assembling T1 at Xi=5.021311e-01... 
01/29/15::01:08:47: Assembling BEM matrix block (0,0) 
01/29/15::01:08:57: Assembling T2 at Xi=5.021311e-01... 
01/29/15::01:08:57: Assembling BEM matrix block (1,1) 
01/29/15::01:56:17: LU-factorizing T1 at Xi=0.502131... 
01/29/15::01:56:17: LU-factorizing T2 at Xi=0.502131... 
01/29/15::01:56:46: Applying transform 1.99526... 
01/29/15::01:56:46:  Assembling U(0,1) 
01/29/15::01:56:46: Assembling BEM matrix block (0,1) 
01/29/15::02:02:56:   Computing ZForce... 
01/29/15::02:03:07: Computing Casimir integrand at Xi=0.669175
 
01/29/15::02:03:07: Assembling T1 at Xi=6.691748e-01... 
01/29/15::02:03:07: Assembling BEM matrix block (0,0) 
01/29/15::02:03:18: Assembling T2 at Xi=6.691748e-01... 
01/29/15::02:03:18: Assembling BEM matrix block (1,1) 
01/29/15::02:50:23: LU-factorizing T1 at Xi=0.669175... 
01/29/15::02:50:23: LU-factorizing T2 at Xi=0.669175... 
01/29/15::02:50:52: Applying transform 1.99526... 
01/29/15::02:50:52:  Assembling U(0,1) 
01/29/15::02:50:52: Assembling BEM matrix block (0,1) 
01/29/15::02:57:04:   Computing ZForce... 
01/29/15::02:57:15: Computing Casimir integrand at Xi=0.752697
 
01/29/15::02:57:15: Assembling T1 at Xi=7.526967e-01... 
01/29/15::02:57:15: Assembling BEM matrix block (0,0) 
01/29/15::02:57:26: Assembling T2 at Xi=7.526967e-01... 
01/29/15::02:57:26: Assembling BEM matrix block (1,1) 
01/29/15::03:44:44: LU-factorizing T1 at Xi=0.752697... 
01/29/15::03:44:44: LU-factorizing T2 at Xi=0.752697... 
01/29/15::03:45:12: Applying transform 1.99526... 
01/29/15::03:45:12:  Assembling U(0,1) 
01/29/15::03:45:12: Assembling BEM matrix block (0,1) 
01/29/15::03:51:24:   Computing ZForce... 
01/29/15::03:51:35: Computing Casimir integrand at Xi=0.836219
 
01/29/15::03:51:35: Assembling T1 at Xi=8.362185e-01... 
01/29/15::03:51:35: Assembling BEM matrix block (0,0) 
01/29/15::03:51:47: Assembling T2 at Xi=8.362185e-01... 
01/29/15::03:51:47: Assembling BEM matrix block (1,1) 
01/29/15::04:39:14: LU-factorizing T1 at Xi=0.836219... 
01/29/15::04:39:14: LU-factorizing T2 at Xi=0.836219... 
01/29/15::04:39:43: Applying transform 1.99526... 
01/29/15::04:39:43:  Assembling U(0,1) 
01/29/15::04:39:43: Assembling BEM matrix block (0,1) 
01/29/15::04:45:56:   Computing ZForce... 
01/29/15::04:46:07: Computing Casimir integrand at Xi=0.91974
 
01/29/15::04:46:07: Assembling T1 at Xi=9.197404e-01... 
01/29/15::04:46:07: Assembling BEM matrix block (0,0) 
01/29/15::04:46:20: Assembling T2 at Xi=9.197404e-01... 
01/29/15::04:46:20: Assembling BEM matrix block (1,1) 
01/29/15::06:09:59: LU-factorizing T1 at Xi=0.91974... 
01/29/15::06:09:59: LU-factorizing T2 at Xi=0.91974... 
01/29/15::06:10:28: Applying transform 1.99526... 
01/29/15::06:10:28:  Assembling U(0,1) 
01/29/15::06:10:28: Assembling BEM matrix block (0,1) 
01/29/15::06:16:35:   Computing ZForce... 
01/29/15::06:16:46: Computing Casimir integrand at Xi=1.00326
 
01/29/15::06:16:46: Assembling T1 at Xi=1.003262e+00... 
01/29/15::06:16:46: Assembling BEM matrix block (0,0) 
01/29/15::06:16:59: Assembling T2 at Xi=1.003262e+00... 
01/29/15::06:16:59: Assembling BEM matrix block (1,1) 
01/29/15::07:41:09: LU-factorizing T1 at Xi=1.00326... 
01/29/15::07:41:09: LU-factorizing T2 at Xi=1.00326... 
01/29/15::07:41:38: Applying transform 1.99526... 
01/29/15::07:41:38:  Assembling U(0,1) 
01/29/15::07:41:38: Assembling BEM matrix block (0,1) 
01/29/15::07:47:46:   Computing ZForce... 
01/29/15::07:47:56: Computing Casimir integrand at Xi=1.08678
 
01/29/15::07:47:56: Assembling T1 at Xi=1.086784e+00... 
01/29/15::07:47:56: Assembling BEM matrix block (0,0) 
01/29/15::07:48:15: Assembling T2 at Xi=1.086784e+00... 
01/29/15::07:48:15: Assembling BEM matrix block (1,1) 
01/29/15::09:11:58: LU-factorizing T1 at Xi=1.08678... 
01/29/15::09:11:58: LU-factorizing T2 at Xi=1.08678... 
01/29/15::09:12:27: Applying transform 1.99526... 
01/29/15::09:12:27:  Assembling U(0,1) 
01/29/15::09:12:27: Assembling BEM matrix block (0,1) 
01/29/15::09:18:35:   Computing ZForce... 
01/29/15::09:18:46: Computing Casimir integrand at Xi=1.17031
 
01/29/15::09:18:46: Assembling T1 at Xi=1.170306e+00... 
01/29/15::09:18:46: Assembling BEM matrix block (0,0) 
01/29/15::09:19:18: Assembling T2 at Xi=1.170306e+00... 
01/29/15::09:19:18: Assembling BEM matrix block (1,1) 
01/29/15::10:43:06: LU-factorizing T1 at Xi=1.17031... 
01/29/15::10:43:06: LU-factorizing T2 at Xi=1.17031... 
01/29/15::10:43:35: Applying transform 1.99526... 
01/29/15::10:43:35:  Assembling U(0,1) 
01/29/15::10:43:35: Assembling BEM matrix block (0,1) 
01/29/15::10:49:42:   Computing ZForce... 
01/29/15::10:49:53: Computing Casimir integrand at Xi=1.25383
 
01/29/15::10:49:53: Assembling T1 at Xi=1.253828e+00... 
01/29/15::10:49:53: Assembling BEM matrix block (0,0) 
01/29/15::10:50:53: Assembling T2 at Xi=1.253828e+00... 
01/29/15::10:50:53: Assembling BEM matrix block (1,1) 
01/29/15::12:15:00: LU-factorizing T1 at Xi=1.25383... 
01/29/15::12:15:00: LU-factorizing T2 at Xi=1.25383... 
01/29/15::12:15:29: Applying transform 1.99526... 
01/29/15::12:15:29:  Assembling U(0,1) 
01/29/15::12:15:29: Assembling BEM matrix block (0,1) 
01/29/15::12:21:38:   Computing ZForce... 
01/29/15::12:21:49: Computing Casimir integrand at Xi=1.33735
 
01/29/15::12:21:49: Assembling T1 at Xi=1.337350e+00... 
01/29/15::12:21:49: Assembling BEM matrix block (0,0) 
01/29/15::12:23:25: Assembling T2 at Xi=1.337350e+00... 
01/29/15::12:23:25: Assembling BEM matrix block (1,1) 
01/29/15::13:47:32: LU-factorizing T1 at Xi=1.33735... 
01/29/15::13:47:32: LU-factorizing T2 at Xi=1.33735... 
01/29/15::13:48:01: Applying transform 1.99526... 
01/29/15::13:48:01:  Assembling U(0,1) 
01/29/15::13:48:01: Assembling BEM matrix block (0,1) 
01/29/15::13:54:08:   Computing ZForce... 
01/29/15::13:54:19: Computing Casimir integrand at Xi=1.42087
 
01/29/15::13:54:19: Assembling T1 at Xi=1.420872e+00... 
01/29/15::13:54:19: Assembling BEM matrix block (0,0) 
01/29/15::13:56:27: Assembling T2 at Xi=1.420872e+00... 
01/29/15::13:56:27: Assembling BEM matrix block (1,1) 
01/29/15::15:21:26: LU-factorizing T1 at Xi=1.42087... 
01/29/15::15:21:26: LU-factorizing T2 at Xi=1.42087... 
01/29/15::15:21:55: Applying transform 1.99526... 
01/29/15::15:21:55:  Assembling U(0,1) 
01/29/15::15:21:55: Assembling BEM matrix block (0,1) 
01/29/15::15:28:01:   Computing ZForce... 
01/29/15::15:28:11: Computing Casimir integrand at Xi=1.29559
 
01/29/15::15:28:11: Assembling T1 at Xi=1.295589e+00... 
01/29/15::15:28:11: Assembling BEM matrix block (0,0) 
01/29/15::15:29:31: Assembling T2 at Xi=1.295589e+00... 
01/29/15::15:29:31: Assembling BEM matrix block (1,1) 
01/29/15::16:53:51: LU-factorizing T1 at Xi=1.29559... 
01/29/15::16:53:51: LU-factorizing T2 at Xi=1.29559... 
01/29/15::16:54:20: Applying transform 1.99526... 
01/29/15::16:54:20:  Assembling U(0,1) 
01/29/15::16:54:20: Assembling BEM matrix block (0,1) 
01/29/15::17:00:26:   Computing ZForce... 
01/29/15::17:00:37: Computing Casimir integrand at Xi=1.42087
 
01/29/15::17:00:37: Assembling T1 at Xi=1.420872e+00... 
01/29/15::17:00:37: Assembling BEM matrix block (0,0) 
01/29/15::17:02:45: Assembling T2 at Xi=1.420872e+00... 
01/29/15::17:02:45: Assembling BEM matrix block (1,1) 
01/29/15::18:27:35: LU-factorizing T1 at Xi=1.42087... 
01/29/15::18:27:35: LU-factorizing T2 at Xi=1.42087... 
01/29/15::18:28:03: Applying transform 1.99526... 
01/29/15::18:28:03:  Assembling U(0,1) 
01/29/15::18:28:03: Assembling BEM matrix block (0,1) 
01/29/15::18:34:09:   Computing ZForce... 
01/29/15::18:34:20: Computing Casimir integrand at Xi=1.50439
 
01/29/15::18:34:20: Assembling T1 at Xi=1.504393e+00... 
01/29/15::18:34:20: Assembling BEM matrix block (0,0) 
01/29/15::18:37:08: Assembling T2 at Xi=1.504393e+00... 
01/29/15::18:37:08: Assembling BEM matrix block (1,1) 
01/29/15::20:02:56: LU-factorizing T1 at Xi=1.50439... 
01/29/15::20:02:56: LU-factorizing T2 at Xi=1.50439... 
01/29/15::20:03:24: Applying transform 1.99526... 
01/29/15::20:03:24:  Assembling U(0,1) 
01/29/15::20:03:24: Assembling BEM matrix block (0,1) 
01/29/15::20:09:30:   Computing ZForce... 
01/29/15::20:09:40: Computing Casimir integrand at Xi=1.67144
 
01/29/15::20:09:40: Assembling T1 at Xi=1.671437e+00... 
01/29/15::20:09:40: Assembling BEM matrix block (0,0) 
01/29/15::20:13:15: Assembling T2 at Xi=1.671437e+00... 
01/29/15::20:13:15: Assembling BEM matrix block (1,1) 
01/29/15::21:40:50: LU-factorizing T1 at Xi=1.67144... 
01/29/15::21:40:50: LU-factorizing T2 at Xi=1.67144... 
01/29/15::21:41:18: Applying transform 1.99526... 
01/29/15::21:41:18:  Assembling U(0,1) 
01/29/15::21:41:18: Assembling BEM matrix block (0,1) 
01/29/15::21:47:23:   Computing ZForce... 
01/29/15::21:47:34: Computing Casimir integrand at Xi=1.83848
 
01/29/15::21:47:34: Assembling T1 at Xi=1.838481e+00... 
01/29/15::21:47:34: Assembling BEM matrix block (0,0) 
01/29/15::21:51:27: Assembling T2 at Xi=1.838481e+00... 
01/29/15::21:51:27: Assembling BEM matrix block (1,1) 
01/29/15::23:19:48: LU-factorizing T1 at Xi=1.83848... 
01/29/15::23:19:48: LU-factorizing T2 at Xi=1.83848... 
01/29/15::23:20:16: Applying transform 1.99526... 
01/29/15::23:20:16:  Assembling U(0,1) 
01/29/15::23:20:16: Assembling BEM matrix block (0,1) 
01/29/15::23:26:20:   Computing ZForce... 
01/29/15::23:26:30: Computing Casimir integrand at Xi=1.58792
 
01/29/15::23:26:30: Assembling T1 at Xi=1.587915e+00... 
01/29/15::23:26:30: Assembling BEM matrix block (0,0) 
01/29/15::23:29:46: Assembling T2 at Xi=1.587915e+00... 
01/29/15::23:29:46: Assembling BEM matrix block (1,1) 
01/30/15::00:56:27: LU-factorizing T1 at Xi=1.58792... 
01/30/15::00:56:27: LU-factorizing T2 at Xi=1.58792... 
01/30/15::00:56:55: Applying transform 1.99526... 
01/30/15::00:56:55:  Assembling U(0,1) 
01/30/15::00:56:55: Assembling BEM matrix block (0,1) 
01/30/15::01:03:01:   Computing ZForce... 
01/30/15::01:03:12: Computing Casimir integrand at Xi=1.75496
 
01/30/15::01:03:12: Assembling T1 at Xi=1.754959e+00... 
01/30/15::01:03:12: Assembling BEM matrix block (0,0) 
01/30/15::01:07:01: Assembling T2 at Xi=1.754959e+00... 
01/30/15::01:07:01: Assembling BEM matrix block (1,1) 
01/30/15::02:35:05: LU-factorizing T1 at Xi=1.75496... 
01/30/15::02:35:05: LU-factorizing T2 at Xi=1.75496... 
01/30/15::02:35:34: Applying transform 1.99526... 
01/30/15::02:35:34:  Assembling U(0,1) 
01/30/15::02:35:34: Assembling BEM matrix block (0,1) 
01/30/15::02:41:38:   Computing ZForce... 
01/30/15::02:41:49: Computing Casimir integrand at Xi=1.83848
 
01/30/15::02:41:49: Assembling T1 at Xi=1.838481e+00... 
01/30/15::02:41:49: Assembling BEM matrix block (0,0) 
01/30/15::02:45:42: Assembling T2 at Xi=1.838481e+00... 
01/30/15::02:45:42: Assembling BEM matrix block (1,1) 
01/30/15::04:14:02: LU-factorizing T1 at Xi=1.83848... 
01/30/15::04:14:02: LU-factorizing T2 at Xi=1.83848... 
01/30/15::04:14:30: Applying transform 1.99526... 
01/30/15::04:14:30:  Assembling U(0,1) 
01/30/15::04:14:30: Assembling BEM matrix block (0,1) 
01/30/15::04:20:34:   Computing ZForce... 
01/30/15::04:20:45: Computing Casimir integrand at Xi=1.7132
 
01/30/15::04:20:45: Assembling T1 at Xi=1.713198e+00... 
01/30/15::04:20:45: Assembling BEM matrix block (0,0) 
01/30/15::04:24:31: Assembling T2 at Xi=1.713198e+00... 
01/30/15::04:24:31: Assembling BEM matrix block (1,1) 
01/30/15::05:52:16: LU-factorizing T1 at Xi=1.7132... 
01/30/15::05:52:16: LU-factorizing T2 at Xi=1.7132... 
01/30/15::05:52:44: Applying transform 1.99526... 
01/30/15::05:52:44:  Assembling U(0,1) 
01/30/15::05:52:44: Assembling BEM matrix block (0,1) 
01/30/15::05:58:48:   Computing ZForce... 
01/30/15::05:58:59: Computing Casimir integrand at Xi=1.69232
 
01/30/15::05:58:59: Assembling T1 at Xi=1.692318e+00... 
01/30/15::05:58:59: Assembling BEM matrix block (0,0) 
01/30/15::06:02:42: Assembling T2 at Xi=1.692318e+00... 
01/30/15::06:02:42: Assembling BEM matrix block (1,1) 
01/30/15::07:30:22: LU-factorizing T1 at Xi=1.69232... 
01/30/15::07:30:22: LU-factorizing T2 at Xi=1.69232... 
01/30/15::07:30:51: Applying transform 1.99526... 
01/30/15::07:30:51:  Assembling U(0,1) 
01/30/15::07:30:51: Assembling BEM matrix block (0,1) 
01/30/15::07:36:55:   Computing ZForce... 
01/30/15::07:37:06: Computing Casimir integrand at Xi=1.68188
 
01/30/15::07:37:06: Assembling T1 at Xi=1.681877e+00... 
01/30/15::07:37:06: Assembling BEM matrix block (0,0) 
01/30/15::07:40:44: Assembling T2 at Xi=1.681877e+00... 
01/30/15::07:40:44: Assembling BEM matrix block (1,1) 
01/30/15::09:08:15: LU-factorizing T1 at Xi=1.68188... 
01/30/15::09:08:15: LU-factorizing T2 at Xi=1.68188... 
01/30/15::09:08:43: Applying transform 1.99526... 
01/30/15::09:08:43:  Assembling U(0,1) 
01/30/15::09:08:43: Assembling BEM matrix block (0,1) 
01/30/15::09:14:48:   Computing ZForce... 
01/30/15::09:14:58: Computing Casimir integrand at Xi=1.7132
 
01/30/15::09:14:58: Assembling T1 at Xi=1.713198e+00... 
01/30/15::09:14:58: Assembling BEM matrix block (0,0) 
01/30/15::09:18:44: Assembling T2 at Xi=1.713198e+00... 
01/30/15::09:18:44: Assembling BEM matrix block (1,1) 
01/30/15::10:46:16: LU-factorizing T1 at Xi=1.7132... 
01/30/15::10:46:16: LU-factorizing T2 at Xi=1.7132... 
01/30/15::10:46:45: Applying transform 1.99526... 
01/30/15::10:46:45:  Assembling U(0,1) 
01/30/15::10:46:45: Assembling BEM matrix block (0,1) 
01/30/15::10:52:53:   Computing ZForce... 
01/30/15::10:53:03: Computing Casimir integrand at Xi=1.73408
 
01/30/15::10:53:03: Assembling T1 at Xi=1.734078e+00... 
01/30/15::10:53:03: Assembling BEM matrix block (0,0) 
01/30/15::10:56:51: Assembling T2 at Xi=1.734078e+00... 
01/30/15::10:56:51: Assembling BEM matrix block (1,1) 
01/30/15::12:24:32: LU-factorizing T1 at Xi=1.73408... 
01/30/15::12:24:32: LU-factorizing T2 at Xi=1.73408... 
01/30/15::12:25:01: Applying transform 1.99526... 
01/30/15::12:25:01:  Assembling U(0,1) 
01/30/15::12:25:01: Assembling BEM matrix block (0,1) 
01/30/15::12:31:05:   Computing ZForce... 
01/30/15::12:31:16: Computing Casimir integrand at Xi=1.70276
 
01/30/15::12:31:16: Assembling T1 at Xi=1.702758e+00... 
01/30/15::12:31:16: Assembling BEM matrix block (0,0) 
01/30/15::12:35:01: Assembling T2 at Xi=1.702758e+00... 
01/30/15::12:35:01: Assembling BEM matrix block (1,1) 
01/30/15::14:02:42: LU-factorizing T1 at Xi=1.70276... 
01/30/15::14:02:42: LU-factorizing T2 at Xi=1.70276... 
01/30/15::14:03:10: Applying transform 1.99526... 
01/30/15::14:03:10:  Assembling U(0,1) 
01/30/15::14:03:10: Assembling BEM matrix block (0,1) 
01/30/15::14:09:15:   Computing ZForce... 
01/30/15::14:09:26: Computing Casimir integrand at Xi=1.69754
 
01/30/15::14:09:26: Assembling T1 at Xi=1.697538e+00... 
01/30/15::14:09:26: Assembling BEM matrix block (0,0) 
01/30/15::14:13:09: Assembling T2 at Xi=1.697538e+00... 
01/30/15::14:13:09: Assembling BEM matrix block (1,1) 
01/30/15::15:40:48: LU-factorizing T1 at Xi=1.69754... 
01/30/15::15:40:48: LU-factorizing T2 at Xi=1.69754... 
01/30/15::15:41:16: Applying transform 1.99526... 
01/30/15::15:41:16:  Assembling U(0,1) 
01/30/15::15:41:16: Assembling BEM matrix block (0,1) 
01/30/15::15:47:21:   Computing ZForce... 
01/30/15::15:47:32: Computing Casimir integrand at Xi=1.7132
 
01/30/15::15:47:32: Assembling T1 at Xi=1.713198e+00... 
01/30/15::15:47:32: Assembling BEM matrix block (0,0) 
01/30/15::15:51:18: Assembling T2 at Xi=1.713198e+00... 
01/30/15::15:51:18: Assembling BEM matrix block (1,1) 
