01/28/15::16:05:26: scuff-cas3D running on barley07.stanford.edu 
01/28/15::16:05:26: Setting material properties of exterior region to VACUUM. 
01/28/15::16:05:26: Flipped 514 panel normals to comport with region definitions. 
01/28/15::16:05:26: Computing full zero-temperature Casimir quantities. 
01/28/15::16:05:26: Read 1 geometrical transformations from file Bead_L-0.398107.trans. 
01/28/15::16:05:27: Minimum distance between surface points=4.981070e-01 
01/28/15::16:05:27: Computing Casimir integrand at Xi=0.001
 
01/28/15::16:05:27: Assembling T1 at Xi=1.000000e-03... 
01/28/15::16:05:27: Assembling BEM matrix block (0,0) 
01/28/15::16:06:15: Assembling T2 at Xi=1.000000e-03... 
01/28/15::16:06:15: Assembling BEM matrix block (1,1) 
01/28/15::16:57:53: LU-factorizing T1 at Xi=0.001... 
01/28/15::16:57:53: LU-factorizing T2 at Xi=0.001... 
01/28/15::16:58:22: Applying transform 0.398107... 
01/28/15::16:58:22:  Assembling U(0,1) 
01/28/15::16:58:22: Assembling BEM matrix block (0,1) 
01/28/15::17:06:18:   Computing ZForce... 
01/28/15::17:06:29: Computing Casimir integrand at Xi=0.176665
 
01/28/15::17:06:29: Assembling T1 at Xi=1.766651e-01... 
01/28/15::17:06:29: Assembling BEM matrix block (0,0) 
01/28/15::17:06:38: Assembling T2 at Xi=1.766651e-01... 
01/28/15::17:06:38: Assembling BEM matrix block (1,1) 
01/28/15::17:52:57: LU-factorizing T1 at Xi=0.176665... 
01/28/15::17:52:57: LU-factorizing T2 at Xi=0.176665... 
01/28/15::17:53:25: Applying transform 0.398107... 
01/28/15::17:53:25:  Assembling U(0,1) 
01/28/15::17:53:25: Assembling BEM matrix block (0,1) 
01/28/15::18:00:49:   Computing ZForce... 
01/28/15::18:01:00: Computing Casimir integrand at Xi=0.35233
 
01/28/15::18:01:00: Assembling T1 at Xi=3.523301e-01... 
01/28/15::18:01:00: Assembling BEM matrix block (0,0) 
01/28/15::18:01:10: Assembling T2 at Xi=3.523301e-01... 
01/28/15::18:01:10: Assembling BEM matrix block (1,1) 
01/28/15::18:47:54: LU-factorizing T1 at Xi=0.35233... 
01/28/15::18:47:54: LU-factorizing T2 at Xi=0.35233... 
01/28/15::18:48:23: Applying transform 0.398107... 
01/28/15::18:48:23:  Assembling U(0,1) 
01/28/15::18:48:23: Assembling BEM matrix block (0,1) 
01/28/15::18:55:48:   Computing ZForce... 
01/28/15::18:55:59: Computing Casimir integrand at Xi=0.70366
 
01/28/15::18:55:59: Assembling T1 at Xi=7.036603e-01... 
01/28/15::18:55:59: Assembling BEM matrix block (0,0) 
01/28/15::18:56:10: Assembling T2 at Xi=7.036603e-01... 
01/28/15::18:56:10: Assembling BEM matrix block (1,1) 
01/28/15::19:43:12: LU-factorizing T1 at Xi=0.70366... 
01/28/15::19:43:12: LU-factorizing T2 at Xi=0.70366... 
01/28/15::19:43:40: Applying transform 0.398107... 
01/28/15::19:43:40:  Assembling U(0,1) 
01/28/15::19:43:40: Assembling BEM matrix block (0,1) 
01/28/15::19:51:07:   Computing ZForce... 
01/28/15::19:51:18: Computing Casimir integrand at Xi=1.05499
 
01/28/15::19:51:18: Assembling T1 at Xi=1.054990e+00... 
01/28/15::19:51:18: Assembling BEM matrix block (0,0) 
01/28/15::19:51:34: Assembling T2 at Xi=1.054990e+00... 
01/28/15::19:51:34: Assembling BEM matrix block (1,1) 
01/28/15::21:15:00: LU-factorizing T1 at Xi=1.05499... 
01/28/15::21:15:00: LU-factorizing T2 at Xi=1.05499... 
01/28/15::21:15:29: Applying transform 0.398107... 
01/28/15::21:15:29:  Assembling U(0,1) 
01/28/15::21:15:29: Assembling BEM matrix block (0,1) 
01/28/15::21:22:49:   Computing ZForce... 
01/28/15::21:22:59: Computing Casimir integrand at Xi=0.527995
 
01/28/15::21:22:59: Assembling T1 at Xi=5.279952e-01... 
01/28/15::21:22:59: Assembling BEM matrix block (0,0) 
01/28/15::21:23:10: Assembling T2 at Xi=5.279952e-01... 
01/28/15::21:23:10: Assembling BEM matrix block (1,1) 
01/28/15::22:09:49: LU-factorizing T1 at Xi=0.527995... 
01/28/15::22:09:49: LU-factorizing T2 at Xi=0.527995... 
01/28/15::22:10:18: Applying transform 0.398107... 
01/28/15::22:10:18:  Assembling U(0,1) 
01/28/15::22:10:18: Assembling BEM matrix block (0,1) 
01/28/15::22:17:42:   Computing ZForce... 
01/28/15::22:17:53: Computing Casimir integrand at Xi=1.05499
 
01/28/15::22:17:53: Assembling T1 at Xi=1.054990e+00... 
01/28/15::22:17:53: Assembling BEM matrix block (0,0) 
01/28/15::22:18:09: Assembling T2 at Xi=1.054990e+00... 
01/28/15::22:18:09: Assembling BEM matrix block (1,1) 
01/28/15::23:41:28: LU-factorizing T1 at Xi=1.05499... 
01/28/15::23:41:28: LU-factorizing T2 at Xi=1.05499... 
01/28/15::23:41:57: Applying transform 0.398107... 
01/28/15::23:41:57:  Assembling U(0,1) 
01/28/15::23:41:57: Assembling BEM matrix block (0,1) 
01/28/15::23:49:17:   Computing ZForce... 
01/28/15::23:49:27: Computing Casimir integrand at Xi=1.40632
 
01/28/15::23:49:27: Assembling T1 at Xi=1.406321e+00... 
01/28/15::23:49:27: Assembling BEM matrix block (0,0) 
01/28/15::23:51:30: Assembling T2 at Xi=1.406321e+00... 
01/28/15::23:51:30: Assembling BEM matrix block (1,1) 
01/29/15::01:15:44: LU-factorizing T1 at Xi=1.40632... 
01/29/15::01:15:44: LU-factorizing T2 at Xi=1.40632... 
01/29/15::01:16:12: Applying transform 0.398107... 
01/29/15::01:16:12:  Assembling U(0,1) 
01/29/15::01:16:12: Assembling BEM matrix block (0,1) 
01/29/15::01:23:32:   Computing ZForce... 
01/29/15::01:23:43: Computing Casimir integrand at Xi=0.879325
 
01/29/15::01:23:43: Assembling T1 at Xi=8.793253e-01... 
01/29/15::01:23:43: Assembling BEM matrix block (0,0) 
01/29/15::01:23:55: Assembling T2 at Xi=8.793253e-01... 
01/29/15::01:23:55: Assembling BEM matrix block (1,1) 
01/29/15::02:11:12: LU-factorizing T1 at Xi=0.879325... 
01/29/15::02:11:12: LU-factorizing T2 at Xi=0.879325... 
01/29/15::02:11:41: Applying transform 0.398107... 
01/29/15::02:11:41:  Assembling U(0,1) 
01/29/15::02:11:41: Assembling BEM matrix block (0,1) 
01/29/15::02:19:10:   Computing ZForce... 
01/29/15::02:19:21: Computing Casimir integrand at Xi=1.40632
 
01/29/15::02:19:21: Assembling T1 at Xi=1.406321e+00... 
01/29/15::02:19:21: Assembling BEM matrix block (0,0) 
01/29/15::02:21:24: Assembling T2 at Xi=1.406321e+00... 
01/29/15::02:21:24: Assembling BEM matrix block (1,1) 
01/29/15::03:45:42: LU-factorizing T1 at Xi=1.40632... 
01/29/15::03:45:42: LU-factorizing T2 at Xi=1.40632... 
01/29/15::03:46:10: Applying transform 0.398107... 
01/29/15::03:46:10:  Assembling U(0,1) 
01/29/15::03:46:10: Assembling BEM matrix block (0,1) 
01/29/15::03:53:30:   Computing ZForce... 
01/29/15::03:53:41: Computing Casimir integrand at Xi=1.75765
 
01/29/15::03:53:41: Assembling T1 at Xi=1.757651e+00... 
01/29/15::03:53:41: Assembling BEM matrix block (0,0) 
01/29/15::03:57:28: Assembling T2 at Xi=1.757651e+00... 
01/29/15::03:57:28: Assembling BEM matrix block (1,1) 
01/29/15::05:24:35: LU-factorizing T1 at Xi=1.75765... 
01/29/15::05:24:35: LU-factorizing T2 at Xi=1.75765... 
01/29/15::05:25:03: Applying transform 0.398107... 
01/29/15::05:25:03:  Assembling U(0,1) 
01/29/15::05:25:03: Assembling BEM matrix block (0,1) 
01/29/15::05:32:26:   Computing ZForce... 
01/29/15::05:32:37: Computing Casimir integrand at Xi=1.23066
 
01/29/15::05:32:37: Assembling T1 at Xi=1.230655e+00... 
01/29/15::05:32:37: Assembling BEM matrix block (0,0) 
01/29/15::05:33:27: Assembling T2 at Xi=1.230655e+00... 
01/29/15::05:33:27: Assembling BEM matrix block (1,1) 
01/29/15::06:57:12: LU-factorizing T1 at Xi=1.23066... 
01/29/15::06:57:12: LU-factorizing T2 at Xi=1.23066... 
01/29/15::06:57:40: Applying transform 0.398107... 
01/29/15::06:57:40:  Assembling U(0,1) 
01/29/15::06:57:40: Assembling BEM matrix block (0,1) 
01/29/15::07:05:03:   Computing ZForce... 
01/29/15::07:05:14: Computing Casimir integrand at Xi=1.58199
 
01/29/15::07:05:14: Assembling T1 at Xi=1.581986e+00... 
01/29/15::07:05:14: Assembling BEM matrix block (0,0) 
01/29/15::07:08:26: Assembling T2 at Xi=1.581986e+00... 
01/29/15::07:08:26: Assembling BEM matrix block (1,1) 
01/29/15::08:34:39: LU-factorizing T1 at Xi=1.58199... 
01/29/15::08:34:39: LU-factorizing T2 at Xi=1.58199... 
01/29/15::08:35:08: Applying transform 0.398107... 
01/29/15::08:35:08:  Assembling U(0,1) 
01/29/15::08:35:08: Assembling BEM matrix block (0,1) 
01/29/15::08:42:36:   Computing ZForce... 
01/29/15::08:42:46: Computing Casimir integrand at Xi=1.75765
 
01/29/15::08:42:46: Assembling T1 at Xi=1.757651e+00... 
01/29/15::08:42:46: Assembling BEM matrix block (0,0) 
01/29/15::08:46:33: Assembling T2 at Xi=1.757651e+00... 
01/29/15::08:46:33: Assembling BEM matrix block (1,1) 
01/29/15::10:13:45: LU-factorizing T1 at Xi=1.75765... 
01/29/15::10:13:45: LU-factorizing T2 at Xi=1.75765... 
01/29/15::10:14:13: Applying transform 0.398107... 
01/29/15::10:14:13:  Assembling U(0,1) 
01/29/15::10:14:13: Assembling BEM matrix block (0,1) 
01/29/15::10:21:36:   Computing ZForce... 
01/29/15::10:21:47: Computing Casimir integrand at Xi=1.49415
 
01/29/15::10:21:47: Assembling T1 at Xi=1.494153e+00... 
01/29/15::10:21:47: Assembling BEM matrix block (0,0) 
01/29/15::10:24:26: Assembling T2 at Xi=1.494153e+00... 
01/29/15::10:24:26: Assembling BEM matrix block (1,1) 
01/29/15::11:49:16: LU-factorizing T1 at Xi=1.49415... 
01/29/15::11:49:16: LU-factorizing T2 at Xi=1.49415... 
01/29/15::11:49:44: Applying transform 0.398107... 
01/29/15::11:49:44:  Assembling U(0,1) 
01/29/15::11:49:44: Assembling BEM matrix block (0,1) 
01/29/15::11:57:05:   Computing ZForce... 
01/29/15::11:57:16: Computing Casimir integrand at Xi=1.75765
 
01/29/15::11:57:16: Assembling T1 at Xi=1.757651e+00... 
01/29/15::11:57:16: Assembling BEM matrix block (0,0) 
01/29/15::12:01:03: Assembling T2 at Xi=1.757651e+00... 
01/29/15::12:01:03: Assembling BEM matrix block (1,1) 
01/29/15::13:28:07: LU-factorizing T1 at Xi=1.75765... 
01/29/15::13:28:07: LU-factorizing T2 at Xi=1.75765... 
01/29/15::13:28:35: Applying transform 0.398107... 
01/29/15::13:28:35:  Assembling U(0,1) 
01/29/15::13:28:35: Assembling BEM matrix block (0,1) 
01/29/15::13:35:52:   Computing ZForce... 
01/29/15::13:36:03: Computing Casimir integrand at Xi=1.93332
 
01/29/15::13:36:03: Assembling T1 at Xi=1.933316e+00... 
01/29/15::13:36:03: Assembling BEM matrix block (0,0) 
01/29/15::13:39:58: Assembling T2 at Xi=1.933316e+00... 
01/29/15::13:39:58: Assembling BEM matrix block (1,1) 
01/29/15::15:07:29: LU-factorizing T1 at Xi=1.93332... 
01/29/15::15:07:29: LU-factorizing T2 at Xi=1.93332... 
01/29/15::15:07:57: Applying transform 0.398107... 
01/29/15::15:07:57:  Assembling U(0,1) 
01/29/15::15:07:57: Assembling BEM matrix block (0,1) 
01/29/15::15:15:16:   Computing ZForce... 
01/29/15::15:15:27: Computing Casimir integrand at Xi=1.66982
 
01/29/15::15:15:27: Assembling T1 at Xi=1.669818e+00... 
01/29/15::15:15:27: Assembling BEM matrix block (0,0) 
01/29/15::15:18:59: Assembling T2 at Xi=1.669818e+00... 
01/29/15::15:18:59: Assembling BEM matrix block (1,1) 
01/29/15::16:45:31: LU-factorizing T1 at Xi=1.66982... 
01/29/15::16:45:31: LU-factorizing T2 at Xi=1.66982... 
01/29/15::16:45:59: Applying transform 0.398107... 
01/29/15::16:45:59:  Assembling U(0,1) 
01/29/15::16:45:59: Assembling BEM matrix block (0,1) 
01/29/15::16:53:20:   Computing ZForce... 
01/29/15::16:53:31: Computing Casimir integrand at Xi=1.6259
 
01/29/15::16:53:31: Assembling T1 at Xi=1.625902e+00... 
01/29/15::16:53:31: Assembling BEM matrix block (0,0) 
01/29/15::16:56:54: Assembling T2 at Xi=1.625902e+00... 
01/29/15::16:56:54: Assembling BEM matrix block (1,1) 
01/29/15::18:22:49: LU-factorizing T1 at Xi=1.6259... 
01/29/15::18:22:49: LU-factorizing T2 at Xi=1.6259... 
01/29/15::18:23:17: Applying transform 0.398107... 
01/29/15::18:23:17:  Assembling U(0,1) 
01/29/15::18:23:17: Assembling BEM matrix block (0,1) 
01/29/15::18:30:36:   Computing ZForce... 
01/29/15::18:30:47: Computing Casimir integrand at Xi=1.75765
 
01/29/15::18:30:47: Assembling T1 at Xi=1.757651e+00... 
01/29/15::18:30:47: Assembling BEM matrix block (0,0) 
01/29/15::18:34:34: Assembling T2 at Xi=1.757651e+00... 
01/29/15::18:34:34: Assembling BEM matrix block (1,1) 
01/29/15::20:01:41: LU-factorizing T1 at Xi=1.75765... 
01/29/15::20:01:41: LU-factorizing T2 at Xi=1.75765... 
01/29/15::20:02:09: Applying transform 0.398107... 
01/29/15::20:02:09:  Assembling U(0,1) 
01/29/15::20:02:09: Assembling BEM matrix block (0,1) 
01/29/15::20:09:26:   Computing ZForce... 
01/29/15::20:09:37: Computing Casimir integrand at Xi=1.84548
 
01/29/15::20:09:37: Assembling T1 at Xi=1.845483e+00... 
01/29/15::20:09:37: Assembling BEM matrix block (0,0) 
01/29/15::20:13:29: Assembling T2 at Xi=1.845483e+00... 
01/29/15::20:13:29: Assembling BEM matrix block (1,1) 
01/29/15::21:40:54: LU-factorizing T1 at Xi=1.84548... 
01/29/15::21:40:54: LU-factorizing T2 at Xi=1.84548... 
01/29/15::21:41:23: Applying transform 0.398107... 
01/29/15::21:41:23:  Assembling U(0,1) 
01/29/15::21:41:23: Assembling BEM matrix block (0,1) 
01/29/15::21:48:41:   Computing ZForce... 
01/29/15::21:48:52: Computing Casimir integrand at Xi=1.71373
 
01/29/15::21:48:52: Assembling T1 at Xi=1.713734e+00... 
01/29/15::21:48:52: Assembling BEM matrix block (0,0) 
01/29/15::21:52:35: Assembling T2 at Xi=1.713734e+00... 
01/29/15::21:52:35: Assembling BEM matrix block (1,1) 
01/29/15::23:19:33: LU-factorizing T1 at Xi=1.71373... 
01/29/15::23:19:33: LU-factorizing T2 at Xi=1.71373... 
01/29/15::23:20:01: Applying transform 0.398107... 
01/29/15::23:20:01:  Assembling U(0,1) 
01/29/15::23:20:01: Assembling BEM matrix block (0,1) 
01/29/15::23:27:20:   Computing ZForce... 
01/29/15::23:27:31: Computing Casimir integrand at Xi=1.69178
 
01/29/15::23:27:31: Assembling T1 at Xi=1.691776e+00... 
01/29/15::23:27:31: Assembling BEM matrix block (0,0) 
01/29/15::23:31:11: Assembling T2 at Xi=1.691776e+00... 
01/29/15::23:31:11: Assembling BEM matrix block (1,1) 
01/30/15::00:57:52: LU-factorizing T1 at Xi=1.69178... 
01/30/15::00:57:52: LU-factorizing T2 at Xi=1.69178... 
01/30/15::00:58:21: Applying transform 0.398107... 
01/30/15::00:58:21:  Assembling U(0,1) 
01/30/15::00:58:21: Assembling BEM matrix block (0,1) 
01/30/15::01:05:38:   Computing ZForce... 
01/30/15::01:05:49: Computing Casimir integrand at Xi=1.6808
 
01/30/15::01:05:49: Assembling T1 at Xi=1.680797e+00... 
01/30/15::01:05:49: Assembling BEM matrix block (0,0) 
01/30/15::01:09:24: Assembling T2 at Xi=1.680797e+00... 
01/30/15::01:09:24: Assembling BEM matrix block (1,1) 
01/30/15::02:35:53: LU-factorizing T1 at Xi=1.6808... 
01/30/15::02:35:53: LU-factorizing T2 at Xi=1.6808... 
01/30/15::02:36:21: Applying transform 0.398107... 
01/30/15::02:36:21:  Assembling U(0,1) 
01/30/15::02:36:21: Assembling BEM matrix block (0,1) 
01/30/15::02:43:39:   Computing ZForce... 
01/30/15::02:43:49: Computing Casimir integrand at Xi=1.71373
 
01/30/15::02:43:49: Assembling T1 at Xi=1.713734e+00... 
01/30/15::02:43:49: Assembling BEM matrix block (0,0) 
01/30/15::02:47:33: Assembling T2 at Xi=1.713734e+00... 
01/30/15::02:47:33: Assembling BEM matrix block (1,1) 
01/30/15::04:14:27: LU-factorizing T1 at Xi=1.71373... 
01/30/15::04:14:27: LU-factorizing T2 at Xi=1.71373... 
01/30/15::04:14:55: Applying transform 0.398107... 
01/30/15::04:14:55:  Assembling U(0,1) 
01/30/15::04:14:55: Assembling BEM matrix block (0,1) 
01/30/15::04:22:17:   Computing ZForce... 
01/30/15::04:22:28: Computing Casimir integrand at Xi=1.73569
 
01/30/15::04:22:28: Assembling T1 at Xi=1.735693e+00... 
01/30/15::04:22:28: Assembling BEM matrix block (0,0) 
01/30/15::04:26:13: Assembling T2 at Xi=1.735693e+00... 
01/30/15::04:26:13: Assembling BEM matrix block (1,1) 
01/30/15::05:53:15: LU-factorizing T1 at Xi=1.73569... 
01/30/15::05:53:15: LU-factorizing T2 at Xi=1.73569... 
01/30/15::05:53:43: Applying transform 0.398107... 
01/30/15::05:53:43:  Assembling U(0,1) 
01/30/15::05:53:43: Assembling BEM matrix block (0,1) 
01/30/15::06:01:00:   Computing ZForce... 
01/30/15::06:01:11: Computing Casimir integrand at Xi=1.70276
 
01/30/15::06:01:11: Assembling T1 at Xi=1.702755e+00... 
01/30/15::06:01:11: Assembling BEM matrix block (0,0) 
01/30/15::06:04:53: Assembling T2 at Xi=1.702755e+00... 
01/30/15::06:04:53: Assembling BEM matrix block (1,1) 
01/30/15::07:31:30: LU-factorizing T1 at Xi=1.70276... 
01/30/15::07:31:31: LU-factorizing T2 at Xi=1.70276... 
01/30/15::07:31:59: Applying transform 0.398107... 
01/30/15::07:31:59:  Assembling U(0,1) 
01/30/15::07:31:59: Assembling BEM matrix block (0,1) 
01/30/15::07:39:18:   Computing ZForce... 
01/30/15::07:39:29: Computing Casimir integrand at Xi=1.69727
 
01/30/15::07:39:29: Assembling T1 at Xi=1.697266e+00... 
01/30/15::07:39:29: Assembling BEM matrix block (0,0) 
01/30/15::07:43:10: Assembling T2 at Xi=1.697266e+00... 
01/30/15::07:43:10: Assembling BEM matrix block (1,1) 
01/30/15::09:09:51: LU-factorizing T1 at Xi=1.69727... 
01/30/15::09:09:51: LU-factorizing T2 at Xi=1.69727... 
01/30/15::09:10:19: Applying transform 0.398107... 
01/30/15::09:10:19:  Assembling U(0,1) 
01/30/15::09:10:19: Assembling BEM matrix block (0,1) 
01/30/15::09:17:38:   Computing ZForce... 
01/30/15::09:17:49: Computing Casimir integrand at Xi=1.71373
 
01/30/15::09:17:49: Assembling T1 at Xi=1.713734e+00... 
01/30/15::09:17:49: Assembling BEM matrix block (0,0) 
01/30/15::09:21:33: Assembling T2 at Xi=1.713734e+00... 
01/30/15::09:21:33: Assembling BEM matrix block (1,1) 
01/30/15::10:48:27: LU-factorizing T1 at Xi=1.71373... 
01/30/15::10:48:27: LU-factorizing T2 at Xi=1.71373... 
01/30/15::10:48:55: Applying transform 0.398107... 
01/30/15::10:48:55:  Assembling U(0,1) 
01/30/15::10:48:55: Assembling BEM matrix block (0,1) 
01/30/15::10:56:12:   Computing ZForce... 
01/30/15::10:56:23: Computing Casimir integrand at Xi=1.72471
 
01/30/15::10:56:23: Assembling T1 at Xi=1.724713e+00... 
01/30/15::10:56:23: Assembling BEM matrix block (0,0) 
01/30/15::11:00:07: Assembling T2 at Xi=1.724713e+00... 
01/30/15::11:00:07: Assembling BEM matrix block (1,1) 
01/30/15::12:26:53: LU-factorizing T1 at Xi=1.72471... 
01/30/15::12:26:53: LU-factorizing T2 at Xi=1.72471... 
01/30/15::12:27:21: Applying transform 0.398107... 
01/30/15::12:27:21:  Assembling U(0,1) 
01/30/15::12:27:21: Assembling BEM matrix block (0,1) 
01/30/15::12:34:38:   Computing ZForce... 
01/30/15::12:34:48: Computing Casimir integrand at Xi=1.70824
 
01/30/15::12:34:48: Assembling T1 at Xi=1.708245e+00... 
01/30/15::12:34:48: Assembling BEM matrix block (0,0) 
01/30/15::12:38:31: Assembling T2 at Xi=1.708245e+00... 
01/30/15::12:38:31: Assembling BEM matrix block (1,1) 
01/30/15::14:05:26: LU-factorizing T1 at Xi=1.70824... 
01/30/15::14:05:26: LU-factorizing T2 at Xi=1.70824... 
01/30/15::14:05:54: Applying transform 0.398107... 
01/30/15::14:05:54:  Assembling U(0,1) 
01/30/15::14:05:54: Assembling BEM matrix block (0,1) 
01/30/15::14:13:11:   Computing ZForce... 
01/30/15::14:13:21: Computing Casimir integrand at Xi=1.7055
 
01/30/15::14:13:21: Assembling T1 at Xi=1.705500e+00... 
01/30/15::14:13:21: Assembling BEM matrix block (0,0) 
01/30/15::14:17:04: Assembling T2 at Xi=1.705500e+00... 
01/30/15::14:17:04: Assembling BEM matrix block (1,1) 
01/30/15::15:43:50: LU-factorizing T1 at Xi=1.7055... 
01/30/15::15:43:50: LU-factorizing T2 at Xi=1.7055... 
01/30/15::15:44:18: Applying transform 0.398107... 
01/30/15::15:44:18:  Assembling U(0,1) 
01/30/15::15:44:18: Assembling BEM matrix block (0,1) 
01/30/15::15:51:34:   Computing ZForce... 
01/30/15::15:51:45: Computing Casimir integrand at Xi=1.70413
 
01/30/15::15:51:45: Assembling T1 at Xi=1.704128e+00... 
01/30/15::15:51:45: Assembling BEM matrix block (0,0) 
01/30/15::15:55:28: Assembling T2 at Xi=1.704128e+00... 
01/30/15::15:55:28: Assembling BEM matrix block (1,1) 
