03/23/15::08:10:47: scuff-cas3D running on hequ0005 
03/23/15::08:10:47: Setting material properties of exterior region to VACUUM. 
03/23/15::08:10:47: Flipped 1740 panel normals to comport with region definitions. 
03/23/15::08:10:47: Computing full Matsubara-summed Casimir quantities at T=3.000000e+02 Kelvin. 
03/23/15::08:10:47: Read 1 geometrical transformations from file RatioBeadCubePEC_L-25.0_grid-0.5_T-300.trans. 
03/23/15::08:10:47: Beginning Matsubara sum at T=300 kelvin... 
03/23/15::08:10:47: Computing Casimir integrand at Xi=0.001
 
03/23/15::08:10:47: Assembling T1 at Xi=1.000000e-03... 
03/23/15::08:10:47: Assembling BEM matrix block (0,0) 
03/23/15::08:11:36: Assembling T2 at Xi=1.000000e-03... 
03/23/15::08:11:36: Assembling BEM matrix block (1,1) 
03/23/15::08:22:25: LU-factorizing T1 at Xi=0.001... 
03/23/15::08:22:25: LU-factorizing T2 at Xi=0.001... 
03/23/15::08:22:41: Applying transform 0... 
03/23/15::08:22:41:  Assembling U(0,1) 
03/23/15::08:22:41: Assembling BEM matrix block (0,1) 
03/23/15::08:24:20:   Computing ZForce... 
03/23/15::08:24:28: Computing Casimir integrand at Xi=0.823279
 
03/23/15::08:24:28: Assembling T1 at Xi=8.232789e-01... 
03/23/15::08:24:28: Assembling BEM matrix block (0,0) 
03/23/15::08:24:34: Assembling T2 at Xi=8.232789e-01... 
03/23/15::08:24:34: Assembling BEM matrix block (1,1) 
03/23/15::08:34:04: LU-factorizing T1 at Xi=0.823279... 
03/23/15::08:34:04: LU-factorizing T2 at Xi=0.823279... 
03/23/15::08:34:20: Applying transform 0... 
03/23/15::08:34:20:  Assembling U(0,1) 
03/23/15::08:34:20: Assembling BEM matrix block (0,1) 
03/23/15::08:35:59:   Computing ZForce... 
03/23/15::08:36:07: Computing Casimir integrand at Xi=1.64656
 
03/23/15::08:36:07: Assembling T1 at Xi=1.646558e+00... 
03/23/15::08:36:07: Assembling BEM matrix block (0,0) 
03/23/15::08:36:14: Assembling T2 at Xi=1.646558e+00... 
03/23/15::08:36:14: Assembling BEM matrix block (1,1) 
03/23/15::08:48:58: LU-factorizing T1 at Xi=1.64656... 
03/23/15::08:48:58: LU-factorizing T2 at Xi=1.64656... 
03/23/15::08:49:15: Applying transform 0... 
03/23/15::08:49:15:  Assembling U(0,1) 
03/23/15::08:49:15: Assembling BEM matrix block (0,1) 
03/23/15::08:50:53:   Computing ZForce... 
03/23/15::08:51:01: Matsubara sum converged after summing n=2 frequency points. 
