01/28/15::17:17:29: scuff-cas3D running on barley09.stanford.edu 
01/28/15::17:17:29: Setting material properties of exterior region to VACUUM. 
01/28/15::17:17:29: Flipped 514 panel normals to comport with region definitions. 
01/28/15::17:17:29: Computing full zero-temperature Casimir quantities. 
01/28/15::17:17:29: Read 1 geometrical transformations from file Bead_L-0.trans. 
01/28/15::17:17:34: Minimum distance between surface points=1.000000e-01 
01/28/15::17:17:34: Computing Casimir integrand at Xi=0.001
 
01/28/15::17:17:34: Assembling T1 at Xi=1.000000e-03... 
01/28/15::17:17:34: Assembling BEM matrix block (0,0) 
01/28/15::17:18:30: Assembling T2 at Xi=1.000000e-03... 
01/28/15::17:18:30: Assembling BEM matrix block (1,1) 
01/28/15::18:11:04: LU-factorizing T1 at Xi=0.001... 
01/28/15::18:11:04: LU-factorizing T2 at Xi=0.001... 
01/28/15::18:11:36: Applying transform 0.0... 
01/28/15::18:11:36:  Assembling U(0,1) 
01/28/15::18:11:36: Assembling BEM matrix block (0,1) 
01/28/15::18:19:56:   Computing ZForce... 
01/28/15::18:20:07: Computing Casimir integrand at Xi=0.876
 
01/28/15::18:20:07: Assembling T1 at Xi=8.760000e-01... 
01/28/15::18:20:07: Assembling BEM matrix block (0,0) 
01/28/15::18:20:20: Assembling T2 at Xi=8.760000e-01... 
01/28/15::18:20:20: Assembling BEM matrix block (1,1) 
01/28/15::19:08:07: LU-factorizing T1 at Xi=0.876... 
01/28/15::19:08:07: LU-factorizing T2 at Xi=0.876... 
01/28/15::19:08:37: Applying transform 0.0... 
01/28/15::19:08:37:  Assembling U(0,1) 
01/28/15::19:08:37: Assembling BEM matrix block (0,1) 
01/28/15::19:16:30:   Computing ZForce... 
01/28/15::19:16:42: Computing Casimir integrand at Xi=1.751
 
01/28/15::19:16:42: Assembling T1 at Xi=1.751000e+00... 
01/28/15::19:16:42: Assembling BEM matrix block (0,0) 
01/28/15::19:20:30: Assembling T2 at Xi=1.751000e+00... 
01/28/15::19:20:30: Assembling BEM matrix block (1,1) 
01/28/15::20:47:27: LU-factorizing T1 at Xi=1.751... 
01/28/15::20:47:27: LU-factorizing T2 at Xi=1.751... 
01/28/15::20:48:00: Applying transform 0.0... 
01/28/15::20:48:00:  Assembling U(0,1) 
01/28/15::20:48:01: Assembling BEM matrix block (0,1) 
01/28/15::20:55:41:   Computing ZForce... 
01/28/15::20:55:52: Computing Casimir integrand at Xi=0.4385
 
01/28/15::20:55:52: Assembling T1 at Xi=4.385000e-01... 
01/28/15::20:55:52: Assembling BEM matrix block (0,0) 
01/28/15::20:56:02: Assembling T2 at Xi=4.385000e-01... 
01/28/15::20:56:02: Assembling BEM matrix block (1,1) 
01/28/15::21:42:40: LU-factorizing T1 at Xi=0.4385... 
01/28/15::21:42:40: LU-factorizing T2 at Xi=0.4385... 
01/28/15::21:43:11: Applying transform 0.0... 
01/28/15::21:43:11:  Assembling U(0,1) 
01/28/15::21:43:11: Assembling BEM matrix block (0,1) 
01/28/15::21:50:55:   Computing ZForce... 
01/28/15::21:51:06: Computing Casimir integrand at Xi=0.21975
 
01/28/15::21:51:06: Assembling T1 at Xi=2.197500e-01... 
01/28/15::21:51:06: Assembling BEM matrix block (0,0) 
01/28/15::21:51:15: Assembling T2 at Xi=2.197500e-01... 
01/28/15::21:51:15: Assembling BEM matrix block (1,1) 
01/28/15::22:37:16: LU-factorizing T1 at Xi=0.21975... 
01/28/15::22:37:16: LU-factorizing T2 at Xi=0.21975... 
01/28/15::22:37:45: Applying transform 0.0... 
01/28/15::22:37:45:  Assembling U(0,1) 
01/28/15::22:37:45: Assembling BEM matrix block (0,1) 
01/28/15::22:45:23:   Computing ZForce... 
01/28/15::22:45:34: Computing Casimir integrand at Xi=0.876
 
01/28/15::22:45:34: Assembling T1 at Xi=8.760000e-01... 
01/28/15::22:45:34: Assembling BEM matrix block (0,0) 
01/28/15::22:45:46: Assembling T2 at Xi=8.760000e-01... 
01/28/15::22:45:46: Assembling BEM matrix block (1,1) 
01/28/15::23:32:46: LU-factorizing T1 at Xi=0.876... 
01/28/15::23:32:46: LU-factorizing T2 at Xi=0.876... 
01/28/15::23:33:14: Applying transform 0.0... 
01/28/15::23:33:14:  Assembling U(0,1) 
01/28/15::23:33:14: Assembling BEM matrix block (0,1) 
01/28/15::23:40:58:   Computing ZForce... 
01/28/15::23:41:09: Computing Casimir integrand at Xi=1.3135
 
01/28/15::23:41:09: Assembling T1 at Xi=1.313500e+00... 
01/28/15::23:41:09: Assembling BEM matrix block (0,0) 
01/28/15::23:42:28: Assembling T2 at Xi=1.313500e+00... 
01/28/15::23:42:28: Assembling BEM matrix block (1,1) 
01/29/15::01:05:48: LU-factorizing T1 at Xi=1.3135... 
01/29/15::01:05:48: LU-factorizing T2 at Xi=1.3135... 
01/29/15::01:06:16: Applying transform 0.0... 
01/29/15::01:06:16:  Assembling U(0,1) 
01/29/15::01:06:16: Assembling BEM matrix block (0,1) 
01/29/15::01:13:52:   Computing ZForce... 
01/29/15::01:14:03: Computing Casimir integrand at Xi=0.65725
 
01/29/15::01:14:03: Assembling T1 at Xi=6.572500e-01... 
01/29/15::01:14:03: Assembling BEM matrix block (0,0) 
01/29/15::01:14:14: Assembling T2 at Xi=6.572500e-01... 
01/29/15::01:14:14: Assembling BEM matrix block (1,1) 
01/29/15::02:00:48: LU-factorizing T1 at Xi=0.65725... 
01/29/15::02:00:48: LU-factorizing T2 at Xi=0.65725... 
01/29/15::02:01:16: Applying transform 0.0... 
01/29/15::02:01:16:  Assembling U(0,1) 
01/29/15::02:01:16: Assembling BEM matrix block (0,1) 
01/29/15::02:08:59:   Computing ZForce... 
01/29/15::02:09:10: Computing Casimir integrand at Xi=1.3135
 
01/29/15::02:09:10: Assembling T1 at Xi=1.313500e+00... 
01/29/15::02:09:10: Assembling BEM matrix block (0,0) 
01/29/15::02:10:29: Assembling T2 at Xi=1.313500e+00... 
01/29/15::02:10:29: Assembling BEM matrix block (1,1) 
01/29/15::03:33:47: LU-factorizing T1 at Xi=1.3135... 
01/29/15::03:33:47: LU-factorizing T2 at Xi=1.3135... 
01/29/15::03:34:15: Applying transform 0.0... 
01/29/15::03:34:15:  Assembling U(0,1) 
01/29/15::03:34:15: Assembling BEM matrix block (0,1) 
01/29/15::03:41:51:   Computing ZForce... 
01/29/15::03:42:02: Computing Casimir integrand at Xi=1.751
 
01/29/15::03:42:02: Assembling T1 at Xi=1.751000e+00... 
01/29/15::03:42:02: Assembling BEM matrix block (0,0) 
01/29/15::03:45:49: Assembling T2 at Xi=1.751000e+00... 
01/29/15::03:45:49: Assembling BEM matrix block (1,1) 
01/29/15::05:12:26: LU-factorizing T1 at Xi=1.751... 
01/29/15::05:12:26: LU-factorizing T2 at Xi=1.751... 
01/29/15::05:12:54: Applying transform 0.0... 
01/29/15::05:12:54:  Assembling U(0,1) 
01/29/15::05:12:54: Assembling BEM matrix block (0,1) 
01/29/15::05:20:29:   Computing ZForce... 
01/29/15::05:20:40: Computing Casimir integrand at Xi=1.09475
 
01/29/15::05:20:40: Assembling T1 at Xi=1.094750e+00... 
01/29/15::05:20:40: Assembling BEM matrix block (0,0) 
01/29/15::05:20:59: Assembling T2 at Xi=1.094750e+00... 
01/29/15::05:20:59: Assembling BEM matrix block (1,1) 
01/29/15::06:44:04: LU-factorizing T1 at Xi=1.09475... 
01/29/15::06:44:04: LU-factorizing T2 at Xi=1.09475... 
01/29/15::06:44:33: Applying transform 0.0... 
01/29/15::06:44:33:  Assembling U(0,1) 
01/29/15::06:44:33: Assembling BEM matrix block (0,1) 
01/29/15::06:52:10:   Computing ZForce... 
01/29/15::06:52:20: Computing Casimir integrand at Xi=1.751
 
01/29/15::06:52:20: Assembling T1 at Xi=1.751000e+00... 
01/29/15::06:52:20: Assembling BEM matrix block (0,0) 
01/29/15::06:56:07: Assembling T2 at Xi=1.751000e+00... 
01/29/15::06:56:07: Assembling BEM matrix block (1,1) 
01/29/15::08:22:48: LU-factorizing T1 at Xi=1.751... 
01/29/15::08:22:48: LU-factorizing T2 at Xi=1.751... 
01/29/15::08:23:16: Applying transform 0.0... 
01/29/15::08:23:16:  Assembling U(0,1) 
01/29/15::08:23:16: Assembling BEM matrix block (0,1) 
01/29/15::08:30:50:   Computing ZForce... 
01/29/15::08:31:01: Computing Casimir integrand at Xi=2.1885
 
01/29/15::08:31:01: Assembling T1 at Xi=2.188500e+00... 
01/29/15::08:31:01: Assembling BEM matrix block (0,0) 
01/29/15::08:35:00: Assembling T2 at Xi=2.188500e+00... 
01/29/15::08:35:00: Assembling BEM matrix block (1,1) 
01/29/15::10:02:31: LU-factorizing T1 at Xi=2.1885... 
01/29/15::10:02:31: LU-factorizing T2 at Xi=2.1885... 
01/29/15::10:02:59: Applying transform 0.0... 
01/29/15::10:02:59:  Assembling U(0,1) 
01/29/15::10:02:59: Assembling BEM matrix block (0,1) 
01/29/15::10:10:31:   Computing ZForce... 
01/29/15::10:10:42: Computing Casimir integrand at Xi=1.53225
 
01/29/15::10:10:42: Assembling T1 at Xi=1.532250e+00... 
01/29/15::10:10:42: Assembling BEM matrix block (0,0) 
01/29/15::10:13:36: Assembling T2 at Xi=1.532250e+00... 
01/29/15::10:13:36: Assembling BEM matrix block (1,1) 
01/29/15::11:38:31: LU-factorizing T1 at Xi=1.53225... 
01/29/15::11:38:31: LU-factorizing T2 at Xi=1.53225... 
01/29/15::11:38:59: Applying transform 0.0... 
01/29/15::11:38:59:  Assembling U(0,1) 
01/29/15::11:38:59: Assembling BEM matrix block (0,1) 
01/29/15::11:46:36:   Computing ZForce... 
01/29/15::11:46:47: Computing Casimir integrand at Xi=1.42287
 
01/29/15::11:46:47: Assembling T1 at Xi=1.422875e+00... 
01/29/15::11:46:47: Assembling BEM matrix block (0,0) 
01/29/15::11:48:55: Assembling T2 at Xi=1.422875e+00... 
01/29/15::11:48:55: Assembling BEM matrix block (1,1) 
01/29/15::13:12:32: LU-factorizing T1 at Xi=1.42287... 
01/29/15::13:12:32: LU-factorizing T2 at Xi=1.42287... 
01/29/15::13:13:00: Applying transform 0.0... 
01/29/15::13:13:00:  Assembling U(0,1) 
01/29/15::13:13:00: Assembling BEM matrix block (0,1) 
01/29/15::13:20:36:   Computing ZForce... 
01/29/15::13:20:47: Computing Casimir integrand at Xi=1.751
 
01/29/15::13:20:47: Assembling T1 at Xi=1.751000e+00... 
01/29/15::13:20:47: Assembling BEM matrix block (0,0) 
01/29/15::13:24:34: Assembling T2 at Xi=1.751000e+00... 
01/29/15::13:24:34: Assembling BEM matrix block (1,1) 
01/29/15::14:51:02: LU-factorizing T1 at Xi=1.751... 
01/29/15::14:51:02: LU-factorizing T2 at Xi=1.751... 
01/29/15::14:51:30: Applying transform 0.0... 
01/29/15::14:51:30:  Assembling U(0,1) 
01/29/15::14:51:30: Assembling BEM matrix block (0,1) 
01/29/15::14:59:07:   Computing ZForce... 
01/29/15::14:59:18: Computing Casimir integrand at Xi=1.96975
 
01/29/15::14:59:18: Assembling T1 at Xi=1.969750e+00... 
01/29/15::14:59:18: Assembling BEM matrix block (0,0) 
01/29/15::15:03:14: Assembling T2 at Xi=1.969750e+00... 
01/29/15::15:03:14: Assembling BEM matrix block (1,1) 
01/29/15::16:30:23: LU-factorizing T1 at Xi=1.96975... 
01/29/15::16:30:23: LU-factorizing T2 at Xi=1.96975... 
01/29/15::16:30:52: Applying transform 0.0... 
01/29/15::16:30:52:  Assembling U(0,1) 
01/29/15::16:30:52: Assembling BEM matrix block (0,1) 
01/29/15::16:38:25:   Computing ZForce... 
01/29/15::16:38:35: Computing Casimir integrand at Xi=1.64162
 
01/29/15::16:38:35: Assembling T1 at Xi=1.641625e+00... 
01/29/15::16:38:35: Assembling BEM matrix block (0,0) 
01/29/15::16:42:00: Assembling T2 at Xi=1.641625e+00... 
01/29/15::16:42:00: Assembling BEM matrix block (1,1) 
01/29/15::18:07:44: LU-factorizing T1 at Xi=1.64162... 
01/29/15::18:07:44: LU-factorizing T2 at Xi=1.64162... 
01/29/15::18:08:12: Applying transform 0.0... 
01/29/15::18:08:12:  Assembling U(0,1) 
01/29/15::18:08:12: Assembling BEM matrix block (0,1) 
01/29/15::18:15:45:   Computing ZForce... 
01/29/15::18:15:56: Computing Casimir integrand at Xi=1.58694
 
01/29/15::18:15:56: Assembling T1 at Xi=1.586937e+00... 
01/29/15::18:15:56: Assembling BEM matrix block (0,0) 
01/29/15::18:19:10: Assembling T2 at Xi=1.586937e+00... 
01/29/15::18:19:10: Assembling BEM matrix block (1,1) 
01/29/15::19:44:18: LU-factorizing T1 at Xi=1.58694... 
01/29/15::19:44:18: LU-factorizing T2 at Xi=1.58694... 
01/29/15::19:44:47: Applying transform 0.0... 
01/29/15::19:44:47:  Assembling U(0,1) 
01/29/15::19:44:47: Assembling BEM matrix block (0,1) 
01/29/15::19:52:20:   Computing ZForce... 
01/29/15::19:52:31: Computing Casimir integrand at Xi=1.69631
 
01/29/15::19:52:31: Assembling T1 at Xi=1.696312e+00... 
01/29/15::19:52:31: Assembling BEM matrix block (0,0) 
01/29/15::19:56:13: Assembling T2 at Xi=1.696312e+00... 
01/29/15::19:56:13: Assembling BEM matrix block (1,1) 
01/29/15::21:22:34: LU-factorizing T1 at Xi=1.69631... 
01/29/15::21:22:34: LU-factorizing T2 at Xi=1.69631... 
01/29/15::21:23:02: Applying transform 0.0... 
01/29/15::21:23:02:  Assembling U(0,1) 
01/29/15::21:23:02: Assembling BEM matrix block (0,1) 
01/29/15::21:30:33:   Computing ZForce... 
01/29/15::21:30:44: Computing Casimir integrand at Xi=1.751
 
01/29/15::21:30:44: Assembling T1 at Xi=1.751000e+00... 
01/29/15::21:30:44: Assembling BEM matrix block (0,0) 
01/29/15::21:34:31: Assembling T2 at Xi=1.751000e+00... 
01/29/15::21:34:31: Assembling BEM matrix block (1,1) 
01/29/15::23:01:02: LU-factorizing T1 at Xi=1.751... 
01/29/15::23:01:02: LU-factorizing T2 at Xi=1.751... 
01/29/15::23:01:30: Applying transform 0.0... 
01/29/15::23:01:30:  Assembling U(0,1) 
01/29/15::23:01:30: Assembling BEM matrix block (0,1) 
01/29/15::23:09:01:   Computing ZForce... 
01/29/15::23:09:11: Computing Casimir integrand at Xi=1.66897
 
01/29/15::23:09:11: Assembling T1 at Xi=1.668969e+00... 
01/29/15::23:09:11: Assembling BEM matrix block (0,0) 
01/29/15::23:12:44: Assembling T2 at Xi=1.668969e+00... 
01/29/15::23:12:44: Assembling BEM matrix block (1,1) 
01/30/15::00:38:48: LU-factorizing T1 at Xi=1.66897... 
01/30/15::00:38:49: LU-factorizing T2 at Xi=1.66897... 
01/30/15::00:39:17: Applying transform 0.0... 
01/30/15::00:39:17:  Assembling U(0,1) 
01/30/15::00:39:17: Assembling BEM matrix block (0,1) 
01/30/15::00:46:48:   Computing ZForce... 
01/30/15::00:46:59: Computing Casimir integrand at Xi=1.751
 
01/30/15::00:46:59: Assembling T1 at Xi=1.751000e+00... 
01/30/15::00:46:59: Assembling BEM matrix block (0,0) 
01/30/15::00:50:45: Assembling T2 at Xi=1.751000e+00... 
01/30/15::00:50:45: Assembling BEM matrix block (1,1) 
01/30/15::02:17:18: LU-factorizing T1 at Xi=1.751... 
01/30/15::02:17:18: LU-factorizing T2 at Xi=1.751... 
01/30/15::02:17:46: Applying transform 0.0... 
01/30/15::02:17:46:  Assembling U(0,1) 
01/30/15::02:17:46: Assembling BEM matrix block (0,1) 
01/30/15::02:25:17:   Computing ZForce... 
01/30/15::02:25:28: Computing Casimir integrand at Xi=1.80569
 
01/30/15::02:25:28: Assembling T1 at Xi=1.805687e+00... 
01/30/15::02:25:28: Assembling BEM matrix block (0,0) 
01/30/15::02:29:19: Assembling T2 at Xi=1.805687e+00... 
01/30/15::02:29:19: Assembling BEM matrix block (1,1) 
01/30/15::03:56:16: LU-factorizing T1 at Xi=1.80569... 
01/30/15::03:56:16: LU-factorizing T2 at Xi=1.80569... 
01/30/15::03:56:44: Applying transform 0.0... 
01/30/15::03:56:44:  Assembling U(0,1) 
01/30/15::03:56:44: Assembling BEM matrix block (0,1) 
01/30/15::04:04:17:   Computing ZForce... 
01/30/15::04:04:28: Computing Casimir integrand at Xi=1.72366
 
01/30/15::04:04:28: Assembling T1 at Xi=1.723656e+00... 
01/30/15::04:04:28: Assembling BEM matrix block (0,0) 
01/30/15::04:08:12: Assembling T2 at Xi=1.723656e+00... 
01/30/15::04:08:12: Assembling BEM matrix block (1,1) 
01/30/15::05:34:42: LU-factorizing T1 at Xi=1.72366... 
01/30/15::05:34:42: LU-factorizing T2 at Xi=1.72366... 
01/30/15::05:35:11: Applying transform 0.0... 
01/30/15::05:35:11:  Assembling U(0,1) 
01/30/15::05:35:11: Assembling BEM matrix block (0,1) 
01/30/15::05:42:42:   Computing ZForce... 
01/30/15::05:42:52: Computing Casimir integrand at Xi=1.70998
 
01/30/15::05:42:52: Assembling T1 at Xi=1.709984e+00... 
01/30/15::05:42:52: Assembling BEM matrix block (0,0) 
01/30/15::05:46:35: Assembling T2 at Xi=1.709984e+00... 
01/30/15::05:46:35: Assembling BEM matrix block (1,1) 
01/30/15::07:13:04: LU-factorizing T1 at Xi=1.70998... 
01/30/15::07:13:04: LU-factorizing T2 at Xi=1.70998... 
01/30/15::07:13:33: Applying transform 0.0... 
01/30/15::07:13:33:  Assembling U(0,1) 
01/30/15::07:13:33: Assembling BEM matrix block (0,1) 
01/30/15::07:21:04:   Computing ZForce... 
01/30/15::07:21:14: Computing Casimir integrand at Xi=1.70315
 
01/30/15::07:21:14: Assembling T1 at Xi=1.703148e+00... 
01/30/15::07:21:14: Assembling BEM matrix block (0,0) 
01/30/15::07:24:57: Assembling T2 at Xi=1.703148e+00... 
01/30/15::07:24:57: Assembling BEM matrix block (1,1) 
01/30/15::08:51:13: LU-factorizing T1 at Xi=1.70315... 
01/30/15::08:51:13: LU-factorizing T2 at Xi=1.70315... 
01/30/15::08:51:41: Applying transform 0.0... 
01/30/15::08:51:41:  Assembling U(0,1) 
01/30/15::08:51:41: Assembling BEM matrix block (0,1) 
01/30/15::08:59:13:   Computing ZForce... 
01/30/15::08:59:23: Computing Casimir integrand at Xi=1.69973
 
01/30/15::08:59:23: Assembling T1 at Xi=1.699730e+00... 
01/30/15::08:59:23: Assembling BEM matrix block (0,0) 
01/30/15::09:03:05: Assembling T2 at Xi=1.699730e+00... 
01/30/15::09:03:05: Assembling BEM matrix block (1,1) 
01/30/15::10:29:26: LU-factorizing T1 at Xi=1.69973... 
01/30/15::10:29:26: LU-factorizing T2 at Xi=1.69973... 
01/30/15::10:29:55: Applying transform 0.0... 
01/30/15::10:29:55:  Assembling U(0,1) 
01/30/15::10:29:55: Assembling BEM matrix block (0,1) 
01/30/15::10:37:26:   Computing ZForce... 
01/30/15::10:37:37: Computing Casimir integrand at Xi=1.70998
 
01/30/15::10:37:37: Assembling T1 at Xi=1.709984e+00... 
01/30/15::10:37:37: Assembling BEM matrix block (0,0) 
01/30/15::10:41:19: Assembling T2 at Xi=1.709984e+00... 
01/30/15::10:41:19: Assembling BEM matrix block (1,1) 
01/30/15::12:07:46: LU-factorizing T1 at Xi=1.70998... 
01/30/15::12:07:46: LU-factorizing T2 at Xi=1.70998... 
01/30/15::12:08:14: Applying transform 0.0... 
01/30/15::12:08:14:  Assembling U(0,1) 
01/30/15::12:08:14: Assembling BEM matrix block (0,1) 
01/30/15::12:15:45:   Computing ZForce... 
01/30/15::12:15:56: Computing Casimir integrand at Xi=1.71682
 
01/30/15::12:15:56: Assembling T1 at Xi=1.716820e+00... 
01/30/15::12:15:56: Assembling BEM matrix block (0,0) 
01/30/15::12:19:39: Assembling T2 at Xi=1.716820e+00... 
01/30/15::12:19:39: Assembling BEM matrix block (1,1) 
01/30/15::13:46:08: LU-factorizing T1 at Xi=1.71682... 
01/30/15::13:46:08: LU-factorizing T2 at Xi=1.71682... 
01/30/15::13:46:37: Applying transform 0.0... 
01/30/15::13:46:37:  Assembling U(0,1) 
01/30/15::13:46:37: Assembling BEM matrix block (0,1) 
01/30/15::13:54:08:   Computing ZForce... 
01/30/15::13:54:18: Computing Casimir integrand at Xi=1.70657
 
01/30/15::13:54:18: Assembling T1 at Xi=1.706566e+00... 
01/30/15::13:54:18: Assembling BEM matrix block (0,0) 
01/30/15::13:58:01: Assembling T2 at Xi=1.706566e+00... 
01/30/15::13:58:01: Assembling BEM matrix block (1,1) 
01/30/15::15:24:27: LU-factorizing T1 at Xi=1.70657... 
01/30/15::15:24:27: LU-factorizing T2 at Xi=1.70657... 
01/30/15::15:24:55: Applying transform 0.0... 
01/30/15::15:24:55:  Assembling U(0,1) 
01/30/15::15:24:55: Assembling BEM matrix block (0,1) 
01/30/15::15:32:26:   Computing ZForce... 
01/30/15::15:32:37: Computing Casimir integrand at Xi=1.70486
 
01/30/15::15:32:37: Assembling T1 at Xi=1.704857e+00... 
01/30/15::15:32:37: Assembling BEM matrix block (0,0) 
01/30/15::15:36:20: Assembling T2 at Xi=1.704857e+00... 
01/30/15::15:36:20: Assembling BEM matrix block (1,1) 
