01/28/15::16:05:26: scuff-cas3D running on barley07.stanford.edu 
01/28/15::16:05:26: Setting material properties of exterior region to VACUUM. 
01/28/15::16:05:26: Flipped 514 panel normals to comport with region definitions. 
01/28/15::16:05:26: Computing full zero-temperature Casimir quantities. 
01/28/15::16:05:26: Read 1 geometrical transformations from file Bead_L-0.125893.trans. 
01/28/15::16:05:27: Minimum distance between surface points=2.258930e-01 
01/28/15::16:05:27: Computing Casimir integrand at Xi=0.001
 
01/28/15::16:05:27: Assembling T1 at Xi=1.000000e-03... 
01/28/15::16:05:27: Assembling BEM matrix block (0,0) 
01/28/15::16:06:15: Assembling T2 at Xi=1.000000e-03... 
01/28/15::16:06:15: Assembling BEM matrix block (1,1) 
01/28/15::16:58:42: LU-factorizing T1 at Xi=0.001... 
01/28/15::16:58:42: LU-factorizing T2 at Xi=0.001... 
01/28/15::16:59:11: Applying transform 0.125893... 
01/28/15::16:59:11:  Assembling U(0,1) 
01/28/15::16:59:11: Assembling BEM matrix block (0,1) 
01/28/15::17:07:21:   Computing ZForce... 
01/28/15::17:07:32: Computing Casimir integrand at Xi=0.388352
 
01/28/15::17:07:32: Assembling T1 at Xi=3.883515e-01... 
01/28/15::17:07:32: Assembling BEM matrix block (0,0) 
01/28/15::17:07:42: Assembling T2 at Xi=3.883515e-01... 
01/28/15::17:07:42: Assembling BEM matrix block (1,1) 
01/28/15::17:54:33: LU-factorizing T1 at Xi=0.388352... 
01/28/15::17:54:33: LU-factorizing T2 at Xi=0.388352... 
01/28/15::17:55:02: Applying transform 0.125893... 
01/28/15::17:55:02:  Assembling U(0,1) 
01/28/15::17:55:02: Assembling BEM matrix block (0,1) 
01/28/15::18:02:43:   Computing ZForce... 
01/28/15::18:02:54: Computing Casimir integrand at Xi=0.775703
 
01/28/15::18:02:54: Assembling T1 at Xi=7.757031e-01... 
01/28/15::18:02:54: Assembling BEM matrix block (0,0) 
01/28/15::18:03:06: Assembling T2 at Xi=7.757031e-01... 
01/28/15::18:03:06: Assembling BEM matrix block (1,1) 
01/28/15::18:50:36: LU-factorizing T1 at Xi=0.775703... 
01/28/15::18:50:36: LU-factorizing T2 at Xi=0.775703... 
01/28/15::18:51:04: Applying transform 0.125893... 
01/28/15::18:51:04:  Assembling U(0,1) 
01/28/15::18:51:04: Assembling BEM matrix block (0,1) 
01/28/15::18:58:48:   Computing ZForce... 
01/28/15::18:58:59: Computing Casimir integrand at Xi=1.16305
 
01/28/15::18:58:59: Assembling T1 at Xi=1.163055e+00... 
01/28/15::18:58:59: Assembling BEM matrix block (0,0) 
01/28/15::18:59:30: Assembling T2 at Xi=1.163055e+00... 
01/28/15::18:59:30: Assembling BEM matrix block (1,1) 
01/28/15::20:23:50: LU-factorizing T1 at Xi=1.16305... 
01/28/15::20:23:50: LU-factorizing T2 at Xi=1.16305... 
01/28/15::20:24:18: Applying transform 0.125893... 
01/28/15::20:24:18:  Assembling U(0,1) 
01/28/15::20:24:18: Assembling BEM matrix block (0,1) 
01/28/15::20:31:59:   Computing ZForce... 
01/28/15::20:32:10: Computing Casimir integrand at Xi=1.55041
 
01/28/15::20:32:10: Assembling T1 at Xi=1.550406e+00... 
01/28/15::20:32:10: Assembling BEM matrix block (0,0) 
01/28/15::20:35:11: Assembling T2 at Xi=1.550406e+00... 
01/28/15::20:35:11: Assembling BEM matrix block (1,1) 
01/28/15::22:01:37: LU-factorizing T1 at Xi=1.55041... 
01/28/15::22:01:37: LU-factorizing T2 at Xi=1.55041... 
01/28/15::22:02:05: Applying transform 0.125893... 
01/28/15::22:02:05:  Assembling U(0,1) 
01/28/15::22:02:05: Assembling BEM matrix block (0,1) 
01/28/15::22:09:41:   Computing ZForce... 
01/28/15::22:09:52: Computing Casimir integrand at Xi=0.969379
 
01/28/15::22:09:52: Assembling T1 at Xi=9.693788e-01... 
01/28/15::22:09:52: Assembling BEM matrix block (0,0) 
01/28/15::22:10:05: Assembling T2 at Xi=9.693788e-01... 
01/28/15::22:10:05: Assembling BEM matrix block (1,1) 
01/28/15::23:34:23: LU-factorizing T1 at Xi=0.969379... 
01/28/15::23:34:24: LU-factorizing T2 at Xi=0.969379... 
01/28/15::23:34:52: Applying transform 0.125893... 
01/28/15::23:34:52:  Assembling U(0,1) 
01/28/15::23:34:52: Assembling BEM matrix block (0,1) 
01/28/15::23:42:30:   Computing ZForce... 
01/28/15::23:42:41: Computing Casimir integrand at Xi=1.55041
 
01/28/15::23:42:41: Assembling T1 at Xi=1.550406e+00... 
01/28/15::23:42:41: Assembling BEM matrix block (0,0) 
01/28/15::23:45:42: Assembling T2 at Xi=1.550406e+00... 
01/28/15::23:45:42: Assembling BEM matrix block (1,1) 
01/29/15::01:12:09: LU-factorizing T1 at Xi=1.55041... 
01/29/15::01:12:09: LU-factorizing T2 at Xi=1.55041... 
01/29/15::01:12:37: Applying transform 0.125893... 
01/29/15::01:12:37:  Assembling U(0,1) 
01/29/15::01:12:37: Assembling BEM matrix block (0,1) 
01/29/15::01:20:16:   Computing ZForce... 
01/29/15::01:20:27: Computing Casimir integrand at Xi=1.93776
 
01/29/15::01:20:27: Assembling T1 at Xi=1.937758e+00... 
01/29/15::01:20:27: Assembling BEM matrix block (0,0) 
01/29/15::01:24:24: Assembling T2 at Xi=1.937758e+00... 
01/29/15::01:24:24: Assembling BEM matrix block (1,1) 
01/29/15::02:53:01: LU-factorizing T1 at Xi=1.93776... 
01/29/15::02:53:01: LU-factorizing T2 at Xi=1.93776... 
01/29/15::02:53:29: Applying transform 0.125893... 
01/29/15::02:53:29:  Assembling U(0,1) 
01/29/15::02:53:29: Assembling BEM matrix block (0,1) 
01/29/15::03:01:10:   Computing ZForce... 
01/29/15::03:01:20: Computing Casimir integrand at Xi=1.35673
 
01/29/15::03:01:20: Assembling T1 at Xi=1.356730e+00... 
01/29/15::03:01:20: Assembling BEM matrix block (0,0) 
01/29/15::03:03:03: Assembling T2 at Xi=1.356730e+00... 
01/29/15::03:03:03: Assembling BEM matrix block (1,1) 
01/29/15::04:27:54: LU-factorizing T1 at Xi=1.35673... 
01/29/15::04:27:54: LU-factorizing T2 at Xi=1.35673... 
01/29/15::04:28:22: Applying transform 0.125893... 
01/29/15::04:28:22:  Assembling U(0,1) 
01/29/15::04:28:22: Assembling BEM matrix block (0,1) 
01/29/15::04:36:04:   Computing ZForce... 
01/29/15::04:36:15: Computing Casimir integrand at Xi=1.74408
 
01/29/15::04:36:15: Assembling T1 at Xi=1.744082e+00... 
01/29/15::04:36:15: Assembling BEM matrix block (0,0) 
01/29/15::04:40:03: Assembling T2 at Xi=1.744082e+00... 
01/29/15::04:40:03: Assembling BEM matrix block (1,1) 
01/29/15::06:08:03: LU-factorizing T1 at Xi=1.74408... 
01/29/15::06:08:03: LU-factorizing T2 at Xi=1.74408... 
01/29/15::06:08:31: Applying transform 0.125893... 
01/29/15::06:08:31:  Assembling U(0,1) 
01/29/15::06:08:31: Assembling BEM matrix block (0,1) 
01/29/15::06:16:11:   Computing ZForce... 
01/29/15::06:16:21: Computing Casimir integrand at Xi=1.93776
 
01/29/15::06:16:21: Assembling T1 at Xi=1.937758e+00... 
01/29/15::06:16:21: Assembling BEM matrix block (0,0) 
01/29/15::06:20:19: Assembling T2 at Xi=1.937758e+00... 
01/29/15::06:20:19: Assembling BEM matrix block (1,1) 
01/29/15::07:49:12: LU-factorizing T1 at Xi=1.93776... 
01/29/15::07:49:12: LU-factorizing T2 at Xi=1.93776... 
01/29/15::07:49:40: Applying transform 0.125893... 
01/29/15::07:49:40:  Assembling U(0,1) 
01/29/15::07:49:40: Assembling BEM matrix block (0,1) 
01/29/15::07:57:20:   Computing ZForce... 
01/29/15::07:57:31: Computing Casimir integrand at Xi=1.64724
 
01/29/15::07:57:31: Assembling T1 at Xi=1.647244e+00... 
01/29/15::07:57:31: Assembling BEM matrix block (0,0) 
01/29/15::08:01:02: Assembling T2 at Xi=1.647244e+00... 
01/29/15::08:01:02: Assembling BEM matrix block (1,1) 
01/29/15::09:28:19: LU-factorizing T1 at Xi=1.64724... 
01/29/15::09:28:19: LU-factorizing T2 at Xi=1.64724... 
01/29/15::09:28:47: Applying transform 0.125893... 
01/29/15::09:28:47:  Assembling U(0,1) 
01/29/15::09:28:47: Assembling BEM matrix block (0,1) 
01/29/15::09:36:25:   Computing ZForce... 
01/29/15::09:36:36: Computing Casimir integrand at Xi=1.59883
 
01/29/15::09:36:36: Assembling T1 at Xi=1.598825e+00... 
01/29/15::09:36:36: Assembling BEM matrix block (0,0) 
01/29/15::09:39:53: Assembling T2 at Xi=1.598825e+00... 
01/29/15::09:39:53: Assembling BEM matrix block (1,1) 
01/29/15::11:06:50: LU-factorizing T1 at Xi=1.59883... 
01/29/15::11:06:50: LU-factorizing T2 at Xi=1.59883... 
01/29/15::11:07:19: Applying transform 0.125893... 
01/29/15::11:07:19:  Assembling U(0,1) 
01/29/15::11:07:19: Assembling BEM matrix block (0,1) 
01/29/15::11:14:58:   Computing ZForce... 
01/29/15::11:15:09: Computing Casimir integrand at Xi=1.74408
 
01/29/15::11:15:09: Assembling T1 at Xi=1.744082e+00... 
01/29/15::11:15:09: Assembling BEM matrix block (0,0) 
01/29/15::11:18:58: Assembling T2 at Xi=1.744082e+00... 
01/29/15::11:18:58: Assembling BEM matrix block (1,1) 
01/29/15::12:47:02: LU-factorizing T1 at Xi=1.74408... 
01/29/15::12:47:02: LU-factorizing T2 at Xi=1.74408... 
01/29/15::12:47:30: Applying transform 0.125893... 
01/29/15::12:47:30:  Assembling U(0,1) 
01/29/15::12:47:30: Assembling BEM matrix block (0,1) 
01/29/15::12:55:07:   Computing ZForce... 
01/29/15::12:55:18: Computing Casimir integrand at Xi=1.84092
 
01/29/15::12:55:18: Assembling T1 at Xi=1.840920e+00... 
01/29/15::12:55:18: Assembling BEM matrix block (0,0) 
01/29/15::12:59:12: Assembling T2 at Xi=1.840920e+00... 
01/29/15::12:59:12: Assembling BEM matrix block (1,1) 
01/29/15::14:27:37: LU-factorizing T1 at Xi=1.84092... 
01/29/15::14:27:37: LU-factorizing T2 at Xi=1.84092... 
01/29/15::14:28:06: Applying transform 0.125893... 
01/29/15::14:28:06:  Assembling U(0,1) 
01/29/15::14:28:06: Assembling BEM matrix block (0,1) 
01/29/15::14:35:43:   Computing ZForce... 
01/29/15::14:35:54: Computing Casimir integrand at Xi=1.69566
 
01/29/15::14:35:54: Assembling T1 at Xi=1.695663e+00... 
01/29/15::14:35:54: Assembling BEM matrix block (0,0) 
01/29/15::14:39:37: Assembling T2 at Xi=1.695663e+00... 
01/29/15::14:39:37: Assembling BEM matrix block (1,1) 
01/29/15::16:07:18: LU-factorizing T1 at Xi=1.69566... 
01/29/15::16:07:18: LU-factorizing T2 at Xi=1.69566... 
01/29/15::16:07:46: Applying transform 0.125893... 
01/29/15::16:07:46:  Assembling U(0,1) 
01/29/15::16:07:46: Assembling BEM matrix block (0,1) 
01/29/15::16:15:22:   Computing ZForce... 
01/29/15::16:15:33: Computing Casimir integrand at Xi=1.67145
 
01/29/15::16:15:33: Assembling T1 at Xi=1.671453e+00... 
01/29/15::16:15:33: Assembling BEM matrix block (0,0) 
01/29/15::16:19:08: Assembling T2 at Xi=1.671453e+00... 
01/29/15::16:19:08: Assembling BEM matrix block (1,1) 
01/29/15::17:46:38: LU-factorizing T1 at Xi=1.67145... 
01/29/15::17:46:38: LU-factorizing T2 at Xi=1.67145... 
01/29/15::17:47:06: Applying transform 0.125893... 
01/29/15::17:47:06:  Assembling U(0,1) 
01/29/15::17:47:06: Assembling BEM matrix block (0,1) 
01/29/15::17:54:45:   Computing ZForce... 
01/29/15::17:54:56: Computing Casimir integrand at Xi=1.74408
 
01/29/15::17:54:56: Assembling T1 at Xi=1.744082e+00... 
01/29/15::17:54:56: Assembling BEM matrix block (0,0) 
01/29/15::17:58:44: Assembling T2 at Xi=1.744082e+00... 
01/29/15::17:58:44: Assembling BEM matrix block (1,1) 
01/29/15::19:26:50: LU-factorizing T1 at Xi=1.74408... 
01/29/15::19:26:50: LU-factorizing T2 at Xi=1.74408... 
01/29/15::19:27:18: Applying transform 0.125893... 
01/29/15::19:27:18:  Assembling U(0,1) 
01/29/15::19:27:18: Assembling BEM matrix block (0,1) 
01/29/15::19:34:58:   Computing ZForce... 
01/29/15::19:35:09: Computing Casimir integrand at Xi=1.7925
 
01/29/15::19:35:09: Assembling T1 at Xi=1.792501e+00... 
01/29/15::19:35:09: Assembling BEM matrix block (0,0) 
01/29/15::19:39:02: Assembling T2 at Xi=1.792501e+00... 
01/29/15::19:39:02: Assembling BEM matrix block (1,1) 
01/29/15::21:07:27: LU-factorizing T1 at Xi=1.7925... 
01/29/15::21:07:27: LU-factorizing T2 at Xi=1.7925... 
01/29/15::21:07:55: Applying transform 0.125893... 
01/29/15::21:07:55:  Assembling U(0,1) 
01/29/15::21:07:55: Assembling BEM matrix block (0,1) 
01/29/15::21:15:36:   Computing ZForce... 
01/29/15::21:15:46: Computing Casimir integrand at Xi=1.71987
 
01/29/15::21:15:46: Assembling T1 at Xi=1.719872e+00... 
01/29/15::21:15:46: Assembling BEM matrix block (0,0) 
01/29/15::21:19:33: Assembling T2 at Xi=1.719872e+00... 
01/29/15::21:19:33: Assembling BEM matrix block (1,1) 
01/29/15::22:47:38: LU-factorizing T1 at Xi=1.71987... 
01/29/15::22:47:38: LU-factorizing T2 at Xi=1.71987... 
01/29/15::22:48:06: Applying transform 0.125893... 
01/29/15::22:48:06:  Assembling U(0,1) 
01/29/15::22:48:06: Assembling BEM matrix block (0,1) 
01/29/15::22:55:46:   Computing ZForce... 
01/29/15::22:55:56: Computing Casimir integrand at Xi=1.70777
 
01/29/15::22:55:56: Assembling T1 at Xi=1.707768e+00... 
01/29/15::22:55:56: Assembling BEM matrix block (0,0) 
01/29/15::22:59:42: Assembling T2 at Xi=1.707768e+00... 
01/29/15::22:59:42: Assembling BEM matrix block (1,1) 
01/30/15::00:27:42: LU-factorizing T1 at Xi=1.70777... 
01/30/15::00:27:42: LU-factorizing T2 at Xi=1.70777... 
01/30/15::00:28:10: Applying transform 0.125893... 
01/30/15::00:28:10:  Assembling U(0,1) 
01/30/15::00:28:10: Assembling BEM matrix block (0,1) 
01/30/15::00:35:50:   Computing ZForce... 
01/30/15::00:36:01: Computing Casimir integrand at Xi=1.70172
 
01/30/15::00:36:01: Assembling T1 at Xi=1.701715e+00... 
01/30/15::00:36:01: Assembling BEM matrix block (0,0) 
01/30/15::00:39:46: Assembling T2 at Xi=1.701715e+00... 
01/30/15::00:39:46: Assembling BEM matrix block (1,1) 
01/30/15::02:07:37: LU-factorizing T1 at Xi=1.70172... 
01/30/15::02:07:37: LU-factorizing T2 at Xi=1.70172... 
01/30/15::02:08:05: Applying transform 0.125893... 
01/30/15::02:08:05:  Assembling U(0,1) 
01/30/15::02:08:05: Assembling BEM matrix block (0,1) 
01/30/15::02:15:46:   Computing ZForce... 
01/30/15::02:15:56: Computing Casimir integrand at Xi=1.69869
 
01/30/15::02:15:56: Assembling T1 at Xi=1.698689e+00... 
01/30/15::02:15:56: Assembling BEM matrix block (0,0) 
01/30/15::02:19:40: Assembling T2 at Xi=1.698689e+00... 
01/30/15::02:19:40: Assembling BEM matrix block (1,1) 
01/30/15::03:47:28: LU-factorizing T1 at Xi=1.69869... 
01/30/15::03:47:28: LU-factorizing T2 at Xi=1.69869... 
01/30/15::03:47:56: Applying transform 0.125893... 
01/30/15::03:47:56:  Assembling U(0,1) 
01/30/15::03:47:56: Assembling BEM matrix block (0,1) 
01/30/15::03:55:36:   Computing ZForce... 
01/30/15::03:55:47: Computing Casimir integrand at Xi=1.70777
 
01/30/15::03:55:47: Assembling T1 at Xi=1.707768e+00... 
01/30/15::03:55:47: Assembling BEM matrix block (0,0) 
01/30/15::03:59:33: Assembling T2 at Xi=1.707768e+00... 
01/30/15::03:59:33: Assembling BEM matrix block (1,1) 
01/30/15::05:27:29: LU-factorizing T1 at Xi=1.70777... 
01/30/15::05:27:29: LU-factorizing T2 at Xi=1.70777... 
01/30/15::05:27:57: Applying transform 0.125893... 
01/30/15::05:27:57:  Assembling U(0,1) 
01/30/15::05:27:57: Assembling BEM matrix block (0,1) 
01/30/15::05:35:37:   Computing ZForce... 
01/30/15::05:35:48: Computing Casimir integrand at Xi=1.71382
 
01/30/15::05:35:48: Assembling T1 at Xi=1.713820e+00... 
01/30/15::05:35:48: Assembling BEM matrix block (0,0) 
01/30/15::05:39:34: Assembling T2 at Xi=1.713820e+00... 
01/30/15::05:39:34: Assembling BEM matrix block (1,1) 
01/30/15::07:07:39: LU-factorizing T1 at Xi=1.71382... 
01/30/15::07:07:39: LU-factorizing T2 at Xi=1.71382... 
01/30/15::07:08:07: Applying transform 0.125893... 
01/30/15::07:08:07:  Assembling U(0,1) 
01/30/15::07:08:07: Assembling BEM matrix block (0,1) 
01/30/15::07:15:47:   Computing ZForce... 
01/30/15::07:15:58: Computing Casimir integrand at Xi=1.70474
 
01/30/15::07:15:58: Assembling T1 at Xi=1.704742e+00... 
01/30/15::07:15:58: Assembling BEM matrix block (0,0) 
01/30/15::07:19:43: Assembling T2 at Xi=1.704742e+00... 
01/30/15::07:19:43: Assembling BEM matrix block (1,1) 
01/30/15::08:47:38: LU-factorizing T1 at Xi=1.70474... 
01/30/15::08:47:38: LU-factorizing T2 at Xi=1.70474... 
01/30/15::08:48:07: Applying transform 0.125893... 
01/30/15::08:48:07:  Assembling U(0,1) 
01/30/15::08:48:07: Assembling BEM matrix block (0,1) 
01/30/15::08:55:47:   Computing ZForce... 
01/30/15::08:55:57: Computing Casimir integrand at Xi=1.70323
 
01/30/15::08:55:57: Assembling T1 at Xi=1.703228e+00... 
01/30/15::08:55:57: Assembling BEM matrix block (0,0) 
01/30/15::08:59:43: Assembling T2 at Xi=1.703228e+00... 
01/30/15::08:59:43: Assembling BEM matrix block (1,1) 
01/30/15::10:27:34: LU-factorizing T1 at Xi=1.70323... 
01/30/15::10:27:34: LU-factorizing T2 at Xi=1.70323... 
01/30/15::10:28:02: Applying transform 0.125893... 
01/30/15::10:28:02:  Assembling U(0,1) 
01/30/15::10:28:02: Assembling BEM matrix block (0,1) 
01/30/15::10:35:44:   Computing ZForce... 
01/30/15::10:35:54: Computing Casimir integrand at Xi=1.70777
 
01/30/15::10:35:54: Assembling T1 at Xi=1.707768e+00... 
01/30/15::10:35:54: Assembling BEM matrix block (0,0) 
01/30/15::10:39:40: Assembling T2 at Xi=1.707768e+00... 
01/30/15::10:39:40: Assembling BEM matrix block (1,1) 
01/30/15::12:07:34: LU-factorizing T1 at Xi=1.70777... 
01/30/15::12:07:34: LU-factorizing T2 at Xi=1.70777... 
01/30/15::12:08:03: Applying transform 0.125893... 
01/30/15::12:08:03:  Assembling U(0,1) 
01/30/15::12:08:03: Assembling BEM matrix block (0,1) 
01/30/15::12:15:41:   Computing ZForce... 
01/30/15::12:15:52: Computing Casimir integrand at Xi=1.71079
 
01/30/15::12:15:52: Assembling T1 at Xi=1.710794e+00... 
01/30/15::12:15:52: Assembling BEM matrix block (0,0) 
01/30/15::12:19:37: Assembling T2 at Xi=1.710794e+00... 
01/30/15::12:19:37: Assembling BEM matrix block (1,1) 
01/30/15::13:47:37: LU-factorizing T1 at Xi=1.71079... 
01/30/15::13:47:37: LU-factorizing T2 at Xi=1.71079... 
01/30/15::13:48:05: Applying transform 0.125893... 
01/30/15::13:48:05:  Assembling U(0,1) 
01/30/15::13:48:05: Assembling BEM matrix block (0,1) 
01/30/15::13:55:44:   Computing ZForce... 
01/30/15::13:55:55: Computing Casimir integrand at Xi=1.70625
 
01/30/15::13:55:55: Assembling T1 at Xi=1.706255e+00... 
01/30/15::13:55:55: Assembling BEM matrix block (0,0) 
01/30/15::13:59:40: Assembling T2 at Xi=1.706255e+00... 
01/30/15::13:59:40: Assembling BEM matrix block (1,1) 
01/30/15::15:27:34: LU-factorizing T1 at Xi=1.70625... 
01/30/15::15:27:34: LU-factorizing T2 at Xi=1.70625... 
01/30/15::15:28:02: Applying transform 0.125893... 
01/30/15::15:28:02:  Assembling U(0,1) 
01/30/15::15:28:02: Assembling BEM matrix block (0,1) 
01/30/15::15:35:39:   Computing ZForce... 
01/30/15::15:35:49: Computing Casimir integrand at Xi=1.7055
 
01/30/15::15:35:49: Assembling T1 at Xi=1.705498e+00... 
01/30/15::15:35:49: Assembling BEM matrix block (0,0) 
01/30/15::15:39:35: Assembling T2 at Xi=1.705498e+00... 
01/30/15::15:39:35: Assembling BEM matrix block (1,1) 
